/itet-stor/trachsele/net_scratch/conda/lib/python3.12/site-packages/conda/base/context.py:982: FutureWarning: Adding 'defaults' to the channel list implicitly is deprecated and will be removed in 25.3. 

To remove this warning, please choose a default channel explicitly via 'conda config --add channels <name>', e.g. 'conda config --add channels defaults'.
  deprecated.topic(
12:54:26   Random seed: 1024
12:54:26   Config file: config/transductive/inference.yaml
12:54:26   {'checkpoint': '/itet-stor/trachsele/net_scratch/tl4rec/ckpts/ultra_4g.pth',
 'dataset': {'class': 'MovieLens100k', 'root': '~/git/ULTRA/kg-datasets/'},
 'model': {'class': 'Ultra',
           'entity_model': {'aggregate_func': 'sum',
                            'class': 'EntityNBFNet',
                            'hidden_dims': [64, 64, 64, 64, 64, 64],
                            'input_dim': 64,
                            'layer_norm': True,
                            'message_func': 'distmult',
                            'short_cut': True},
           'relation_model': {'aggregate_func': 'sum',
                              'class': 'RelNBFNet',
                              'hidden_dims': [64, 64, 64, 64, 64, 64],
                              'input_dim': 64,
                              'layer_norm': True,
                              'message_func': 'distmult',
                              'short_cut': True}},
 'optimizer': {'class': 'AdamW', 'lr': 0.0005},
 'output_dir': '~/git/ULTRA/output',
 'task': {'adversarial_temperature': 1,
          'metric': ['mr', 'mrr', 'hits@1', 'hits@3', 'hits@10'],
          'name': 'TransductiveInference',
          'num_negative': 256,
          'strict_negative': True},
 'train': {'batch_per_epoch': None,
           'batch_size': 8,
           'gpus': [0],
           'log_interval': 100,
           'num_epoch': 0}}
wandb: Using wandb-core as the SDK backend. Please refer to https://wandb.me/wandb-core for more information.
wandb: Currently logged in as: pitri (pitri-eth-z-rich). Use `wandb login --relogin` to force relogin
wandb: Tracking run with wandb version 0.18.5
wandb: Run data is saved locally in /home/trachsele/git/ULTRA/output/Ultra/MovieLens100k/2024-10-20-12-54-26/wandb/run-20241020_125427-jfqhocb6
wandb: Run `wandb offline` to turn off syncing.
wandb: Syncing run run-MovieLens100k-2024-10-20_12-54
wandb: ⭐️ View project at https://wandb.ai/pitri-eth-z-rich/tl4rec
wandb: 🚀 View run at https://wandb.ai/pitri-eth-z-rich/tl4rec/runs/jfqhocb6
/usr/itetnas04/data-scratch-01/trachsele/data/tl4rec/ultra/tasks.py:194: UserWarning: Sparse CSR tensor support is in beta state. If you miss a functionality in the sparse tensor support, please submit a feature request to https://github.com/pytorch/pytorch/issues. (Triggered internally at /opt/conda/conda-bld/pytorch_1695392022560/work/aten/src/ATen/SparseCsrTensorImpl.cpp:53.)
  Ahh = torch.sparse.mm(EhT, Eh).coalesce()
12:54:31   MovieLens100k dataset
12:54:31   #train: 64000, #valid: 8000, #test: 8000
12:54:31   >>>>>>>>>>>>>>>>>>>>>>>>>>>>>>
12:54:31   Evaluate on valid
12:54:35   Note: NumExpr detected 28 cores but "NUMEXPR_MAX_THREADS" not set, so enforcing safe limit of 8.
12:54:35   NumExpr defaulting to 8 threads.
12:55:24   mr: 204.833
12:55:24   mrr: 0.0520594
12:55:24   hits@1: 0.0203125
12:55:24   hits@3: 0.0455
12:55:24   hits@10: 0.107125
12:55:24   >>>>>>>>>>>>>>>>>>>>>>>>>>>>>>
12:55:24   Evaluate on test
12:56:17   mr: 201.8
12:56:17   mrr: 0.052182
12:56:17   hits@1: 0.0205625
12:56:17   hits@3: 0.04525
12:56:17   hits@10: 0.107
