/itet-stor/trachsele/net_scratch/conda/lib/python3.12/site-packages/conda/base/context.py:982: FutureWarning: Adding 'defaults' to the channel list implicitly is deprecated and will be removed in 25.3. 

To remove this warning, please choose a default channel explicitly via 'conda config --add channels <name>', e.g. 'conda config --add channels defaults'.
  deprecated.topic(
12:35:30   Random seed: 1024
12:35:30   Config file: config/transductive/inference.yaml
12:35:30   {'checkpoint': None,
 'dataset': {'class': 'MovieLens100k', 'root': '~/git/ULTRA/kg-datasets/'},
 'model': {'class': 'Ultra',
           'entity_model': {'aggregate_func': 'sum',
                            'class': 'EntityNBFNet',
                            'hidden_dims': [64, 64, 64, 64, 64, 64],
                            'input_dim': 64,
                            'layer_norm': True,
                            'message_func': 'distmult',
                            'short_cut': True},
           'relation_model': {'aggregate_func': 'sum',
                              'class': 'RelNBFNet',
                              'hidden_dims': [64, 64, 64, 64, 64, 64],
                              'input_dim': 64,
                              'layer_norm': True,
                              'message_func': 'distmult',
                              'short_cut': True}},
 'optimizer': {'class': 'AdamW', 'lr': 0.0005},
 'output_dir': '~/git/ULTRA/output',
 'task': {'adversarial_temperature': 1,
          'metric': ['mr', 'mrr', 'hits@1', 'hits@3', 'hits@10'],
          'name': 'TransductiveInference',
          'num_negative': 256,
          'strict_negative': True},
 'train': {'batch_per_epoch': 10000,
           'batch_size': 8,
           'gpus': [[0]],
           'log_interval': 100,
           'num_epoch': 10}}
wandb: Using wandb-core as the SDK backend. Please refer to https://wandb.me/wandb-core for more information.
wandb: Currently logged in as: pitri (pitri-eth-z-rich). Use `wandb login --relogin` to force relogin
wandb: Tracking run with wandb version 0.18.5
wandb: Run data is saved locally in /home/trachsele/git/ULTRA/output/Ultra/MovieLens100k/2024-10-22-12-35-30/wandb/run-20241022_123531-f1cttom7
wandb: Run `wandb offline` to turn off syncing.
wandb: Syncing run run-MovieLens100k-2024-10-22_12-35
wandb: ⭐️ View project at https://wandb.ai/pitri-eth-z-rich/tl4rec
wandb: 🚀 View run at https://wandb.ai/pitri-eth-z-rich/tl4rec/runs/f1cttom7
/usr/itetnas04/data-scratch-01/trachsele/data/tl4rec/ultra/tasks.py:194: UserWarning: Sparse CSR tensor support is in beta state. If you miss a functionality in the sparse tensor support, please submit a feature request to https://github.com/pytorch/pytorch/issues. (Triggered internally at /opt/conda/conda-bld/pytorch_1695392022560/work/aten/src/ATen/SparseCsrTensorImpl.cpp:53.)
  Ahh = torch.sparse.mm(EhT, Eh).coalesce()
12:35:34   MovieLens100k dataset
12:35:34   #train: 64000, #valid: 8000, #test: 8000
Traceback (most recent call last):
  File "/usr/itetnas04/data-scratch-01/trachsele/data/tl4rec/script/run.py", line 256, in <module>
    device = util.get_device(cfg)
  File "/usr/itetnas04/data-scratch-01/trachsele/data/tl4rec/ultra/util.py", line 107, in get_device
    device = torch.device(cfg.train.gpus[get_rank()])
TypeError: device() received an invalid combination of arguments - got (list), but expected one of:
 * (torch.device device)
      didn't match because some of the arguments have invalid types: (!list of [int]!)
 * (str type, int index)

