/itet-stor/trachsele/net_scratch/conda/lib/python3.12/site-packages/conda/base/context.py:982: FutureWarning: Adding 'defaults' to the channel list implicitly is deprecated and will be removed in 25.3. 

To remove this warning, please choose a default channel explicitly via 'conda config --add channels <name>', e.g. 'conda config --add channels defaults'.
  deprecated.topic(
12:46:41   Random seed: 1024
12:46:41   Config file: config/transductive/inference.yaml
12:46:41   {'checkpoint': None,
 'dataset': {'class': 'MovieLens100k', 'root': '~/git/ULTRA/kg-datasets/'},
 'model': {'class': 'Ultra',
           'entity_model': {'aggregate_func': 'sum',
                            'class': 'EntityNBFNet',
                            'hidden_dims': [64, 64, 64, 64, 64, 64],
                            'input_dim': 64,
                            'layer_norm': True,
                            'message_func': 'distmult',
                            'short_cut': True},
           'relation_model': {'aggregate_func': 'sum',
                              'class': 'RelNBFNet',
                              'hidden_dims': [64, 64, 64, 64, 64, 64],
                              'input_dim': 64,
                              'layer_norm': True,
                              'message_func': 'distmult',
                              'short_cut': True}},
 'optimizer': {'class': 'AdamW', 'lr': 0.0005},
 'output_dir': '~/git/ULTRA/output',
 'task': {'adversarial_temperature': 1,
          'metric': ['mr', 'mrr', 'hits@1', 'hits@3', 'hits@10'],
          'name': 'TransductiveInference',
          'num_negative': 256,
          'strict_negative': True},
 'train': {'batch_per_epoch': 8000,
           'batch_size': 8,
           'gpus': [0],
           'log_interval': 100,
           'num_epoch': 10}}
wandb: Using wandb-core as the SDK backend. Please refer to https://wandb.me/wandb-core for more information.
wandb: Currently logged in as: pitri (pitri-eth-z-rich). Use `wandb login --relogin` to force relogin
wandb: Tracking run with wandb version 0.18.5
wandb: Run data is saved locally in /home/trachsele/git/ULTRA/output/Ultra/MovieLens100k/2024-10-22-12-46-41/wandb/run-20241022_124642-2kfdu4h3
wandb: Run `wandb offline` to turn off syncing.
wandb: Syncing run run-MovieLens100k-2024-10-22_12-46
wandb: ⭐️ View project at https://wandb.ai/pitri-eth-z-rich/tl4rec
wandb: 🚀 View run at https://wandb.ai/pitri-eth-z-rich/tl4rec/runs/2kfdu4h3
/usr/itetnas04/data-scratch-01/trachsele/data/tl4rec/ultra/tasks.py:194: UserWarning: Sparse CSR tensor support is in beta state. If you miss a functionality in the sparse tensor support, please submit a feature request to https://github.com/pytorch/pytorch/issues. (Triggered internally at /opt/conda/conda-bld/pytorch_1695392022560/work/aten/src/ATen/SparseCsrTensorImpl.cpp:53.)
  Ahh = torch.sparse.mm(EhT, Eh).coalesce()
12:46:46   MovieLens100k dataset
12:46:46   #train: 64000, #valid: 8000, #test: 8000
12:46:46   ------------------------------
12:46:46   Number of parameters: 168705
12:46:46   >>>>>>>>>>>>>>>>>>>>>>>>>>>>>>
12:46:46   Epoch 0 begin
12:46:51   >>>>>>>>>>>>>>>>>>>>>>>>>>>>>>
12:46:51   binary cross entropy: 0.705895
12:47:01   Note: NumExpr detected 28 cores but "NUMEXPR_MAX_THREADS" not set, so enforcing safe limit of 8.
12:47:01   NumExpr defaulting to 8 threads.
12:47:02   >>>>>>>>>>>>>>>>>>>>>>>>>>>>>>
12:47:02   binary cross entropy: 0.605626
12:47:11   >>>>>>>>>>>>>>>>>>>>>>>>>>>>>>
12:47:11   binary cross entropy: 0.646827
12:47:20   >>>>>>>>>>>>>>>>>>>>>>>>>>>>>>
12:47:21   binary cross entropy: 0.549441
12:47:30   >>>>>>>>>>>>>>>>>>>>>>>>>>>>>>
12:47:30   binary cross entropy: 0.657662
12:47:39   >>>>>>>>>>>>>>>>>>>>>>>>>>>>>>
12:47:39   binary cross entropy: 0.565989
12:47:49   >>>>>>>>>>>>>>>>>>>>>>>>>>>>>>
12:47:49   binary cross entropy: 0.518568
12:47:58   >>>>>>>>>>>>>>>>>>>>>>>>>>>>>>
12:47:58   binary cross entropy: 0.590989
12:48:08   >>>>>>>>>>>>>>>>>>>>>>>>>>>>>>
12:48:08   binary cross entropy: 0.602866
12:48:17   >>>>>>>>>>>>>>>>>>>>>>>>>>>>>>
12:48:17   binary cross entropy: 0.683139
12:48:27   >>>>>>>>>>>>>>>>>>>>>>>>>>>>>>
12:48:27   binary cross entropy: 0.591843
12:48:36   >>>>>>>>>>>>>>>>>>>>>>>>>>>>>>
12:48:36   binary cross entropy: 0.700493
12:48:46   >>>>>>>>>>>>>>>>>>>>>>>>>>>>>>
12:48:46   binary cross entropy: 0.51497
12:48:55   >>>>>>>>>>>>>>>>>>>>>>>>>>>>>>
12:48:55   binary cross entropy: 0.652516
12:49:05   >>>>>>>>>>>>>>>>>>>>>>>>>>>>>>
12:49:05   binary cross entropy: 0.559741
12:49:14   >>>>>>>>>>>>>>>>>>>>>>>>>>>>>>
12:49:14   binary cross entropy: 0.583646
12:49:24   >>>>>>>>>>>>>>>>>>>>>>>>>>>>>>
12:49:24   binary cross entropy: 0.582994
12:49:33   >>>>>>>>>>>>>>>>>>>>>>>>>>>>>>
12:49:33   binary cross entropy: 0.551467
12:49:43   >>>>>>>>>>>>>>>>>>>>>>>>>>>>>>
12:49:43   binary cross entropy: 0.601956
12:49:52   >>>>>>>>>>>>>>>>>>>>>>>>>>>>>>
12:49:52   binary cross entropy: 0.633194
12:50:02   >>>>>>>>>>>>>>>>>>>>>>>>>>>>>>
12:50:02   binary cross entropy: 0.558287
12:50:11   >>>>>>>>>>>>>>>>>>>>>>>>>>>>>>
12:50:11   binary cross entropy: 0.602423
12:50:21   >>>>>>>>>>>>>>>>>>>>>>>>>>>>>>
12:50:21   binary cross entropy: 0.555879
12:50:30   >>>>>>>>>>>>>>>>>>>>>>>>>>>>>>
12:50:30   binary cross entropy: 0.587118
12:50:39   >>>>>>>>>>>>>>>>>>>>>>>>>>>>>>
12:50:39   binary cross entropy: 0.592751
12:50:49   >>>>>>>>>>>>>>>>>>>>>>>>>>>>>>
12:50:49   binary cross entropy: 0.55349
12:50:58   >>>>>>>>>>>>>>>>>>>>>>>>>>>>>>
12:50:58   binary cross entropy: 0.574445
12:51:08   >>>>>>>>>>>>>>>>>>>>>>>>>>>>>>
12:51:08   binary cross entropy: 0.579596
12:51:17   >>>>>>>>>>>>>>>>>>>>>>>>>>>>>>
12:51:17   binary cross entropy: 0.603723
12:51:27   >>>>>>>>>>>>>>>>>>>>>>>>>>>>>>
12:51:27   binary cross entropy: 0.658616
12:51:36   >>>>>>>>>>>>>>>>>>>>>>>>>>>>>>
12:51:36   binary cross entropy: 0.548393
12:51:46   >>>>>>>>>>>>>>>>>>>>>>>>>>>>>>
12:51:46   binary cross entropy: 0.676518
12:51:55   >>>>>>>>>>>>>>>>>>>>>>>>>>>>>>
12:51:55   binary cross entropy: 0.569138
12:52:04   >>>>>>>>>>>>>>>>>>>>>>>>>>>>>>
12:52:05   binary cross entropy: 0.538399
12:52:14   >>>>>>>>>>>>>>>>>>>>>>>>>>>>>>
12:52:14   binary cross entropy: 0.640123
12:52:23   >>>>>>>>>>>>>>>>>>>>>>>>>>>>>>
12:52:23   binary cross entropy: 0.623456
12:52:33   >>>>>>>>>>>>>>>>>>>>>>>>>>>>>>
12:52:33   binary cross entropy: 0.656576
12:52:42   >>>>>>>>>>>>>>>>>>>>>>>>>>>>>>
12:52:42   binary cross entropy: 0.6594
12:52:52   >>>>>>>>>>>>>>>>>>>>>>>>>>>>>>
12:52:52   binary cross entropy: 0.714343
12:53:01   >>>>>>>>>>>>>>>>>>>>>>>>>>>>>>
12:53:01   binary cross entropy: 0.599486
12:53:11   >>>>>>>>>>>>>>>>>>>>>>>>>>>>>>
12:53:11   binary cross entropy: 0.6427
12:53:20   >>>>>>>>>>>>>>>>>>>>>>>>>>>>>>
12:53:20   binary cross entropy: 0.689696
12:53:29   >>>>>>>>>>>>>>>>>>>>>>>>>>>>>>
12:53:29   binary cross entropy: 0.657406
12:53:39   >>>>>>>>>>>>>>>>>>>>>>>>>>>>>>
12:53:39   binary cross entropy: 0.631791
12:53:48   >>>>>>>>>>>>>>>>>>>>>>>>>>>>>>
12:53:48   binary cross entropy: 0.526033
12:53:58   >>>>>>>>>>>>>>>>>>>>>>>>>>>>>>
12:53:58   binary cross entropy: 0.614135
12:54:07   >>>>>>>>>>>>>>>>>>>>>>>>>>>>>>
12:54:07   binary cross entropy: 0.673444
12:54:17   >>>>>>>>>>>>>>>>>>>>>>>>>>>>>>
12:54:17   binary cross entropy: 0.595186
12:54:26   >>>>>>>>>>>>>>>>>>>>>>>>>>>>>>
12:54:26   binary cross entropy: 0.545227
12:54:36   >>>>>>>>>>>>>>>>>>>>>>>>>>>>>>
12:54:36   binary cross entropy: 0.702237
12:54:45   >>>>>>>>>>>>>>>>>>>>>>>>>>>>>>
12:54:45   binary cross entropy: 0.702836
12:54:54   >>>>>>>>>>>>>>>>>>>>>>>>>>>>>>
12:54:54   binary cross entropy: 0.750989
12:55:04   >>>>>>>>>>>>>>>>>>>>>>>>>>>>>>
12:55:04   binary cross entropy: 0.638831
12:55:13   >>>>>>>>>>>>>>>>>>>>>>>>>>>>>>
12:55:13   binary cross entropy: 0.739782
12:55:23   >>>>>>>>>>>>>>>>>>>>>>>>>>>>>>
12:55:23   binary cross entropy: 0.635989
12:55:32   >>>>>>>>>>>>>>>>>>>>>>>>>>>>>>
12:55:32   binary cross entropy: 0.640845
12:55:42   >>>>>>>>>>>>>>>>>>>>>>>>>>>>>>
12:55:42   binary cross entropy: 0.615886
12:55:51   >>>>>>>>>>>>>>>>>>>>>>>>>>>>>>
12:55:51   binary cross entropy: 0.552619
12:56:01   >>>>>>>>>>>>>>>>>>>>>>>>>>>>>>
12:56:01   binary cross entropy: 0.624052
12:56:10   >>>>>>>>>>>>>>>>>>>>>>>>>>>>>>
12:56:10   binary cross entropy: 0.578589
12:56:19   >>>>>>>>>>>>>>>>>>>>>>>>>>>>>>
12:56:19   binary cross entropy: 0.646963
12:56:29   >>>>>>>>>>>>>>>>>>>>>>>>>>>>>>
12:56:29   binary cross entropy: 0.591319
12:56:38   >>>>>>>>>>>>>>>>>>>>>>>>>>>>>>
12:56:38   binary cross entropy: 0.620432
12:56:48   >>>>>>>>>>>>>>>>>>>>>>>>>>>>>>
12:56:48   binary cross entropy: 0.597153
12:56:57   >>>>>>>>>>>>>>>>>>>>>>>>>>>>>>
12:56:57   binary cross entropy: 0.763115
12:57:07   >>>>>>>>>>>>>>>>>>>>>>>>>>>>>>
12:57:07   binary cross entropy: 0.623169
12:57:16   >>>>>>>>>>>>>>>>>>>>>>>>>>>>>>
12:57:16   binary cross entropy: 0.602447
12:57:25   >>>>>>>>>>>>>>>>>>>>>>>>>>>>>>
12:57:26   binary cross entropy: 0.652205
12:57:35   >>>>>>>>>>>>>>>>>>>>>>>>>>>>>>
12:57:35   binary cross entropy: 0.548071
12:57:44   >>>>>>>>>>>>>>>>>>>>>>>>>>>>>>
12:57:45   binary cross entropy: 0.67955
12:57:54   >>>>>>>>>>>>>>>>>>>>>>>>>>>>>>
12:57:54   binary cross entropy: 0.596432
12:58:03   >>>>>>>>>>>>>>>>>>>>>>>>>>>>>>
12:58:04   binary cross entropy: 0.579117
12:58:13   >>>>>>>>>>>>>>>>>>>>>>>>>>>>>>
12:58:13   binary cross entropy: 0.616664
12:58:22   >>>>>>>>>>>>>>>>>>>>>>>>>>>>>>
12:58:23   binary cross entropy: 0.581574
12:58:32   >>>>>>>>>>>>>>>>>>>>>>>>>>>>>>
12:58:32   binary cross entropy: 0.541099
12:58:42   >>>>>>>>>>>>>>>>>>>>>>>>>>>>>>
12:58:42   binary cross entropy: 0.624882
12:58:51   >>>>>>>>>>>>>>>>>>>>>>>>>>>>>>
12:58:51   binary cross entropy: 0.598244
12:59:01   >>>>>>>>>>>>>>>>>>>>>>>>>>>>>>
12:59:01   binary cross entropy: 0.735306
12:59:10   >>>>>>>>>>>>>>>>>>>>>>>>>>>>>>
12:59:10   binary cross entropy: 0.622985
12:59:20   >>>>>>>>>>>>>>>>>>>>>>>>>>>>>>
12:59:20   binary cross entropy: 0.666594
12:59:29   >>>>>>>>>>>>>>>>>>>>>>>>>>>>>>
12:59:29   Epoch 0 end
12:59:29   ------------------------------
12:59:29   average binary cross entropy: 0.620488
12:59:29   Save checkpoint to model_epoch_1.pth
12:59:29   >>>>>>>>>>>>>>>>>>>>>>>>>>>>>>
12:59:29   Evaluate on valid
13:00:19   mr: 124.322
13:00:19   mrr: 0.0890156
13:00:19   hits@1: 0.0353125
13:00:19   hits@3: 0.0826875
13:00:19   hits@10: 0.1855
13:00:19   >>>>>>>>>>>>>>>>>>>>>>>>>>>>>>
13:00:19   Epoch 1 begin
13:00:19   >>>>>>>>>>>>>>>>>>>>>>>>>>>>>>
13:00:20   binary cross entropy: 0.61486
13:00:29   >>>>>>>>>>>>>>>>>>>>>>>>>>>>>>
13:00:29   binary cross entropy: 0.614988
13:00:39   >>>>>>>>>>>>>>>>>>>>>>>>>>>>>>
13:00:39   binary cross entropy: 0.666384
13:00:48   >>>>>>>>>>>>>>>>>>>>>>>>>>>>>>
13:00:48   binary cross entropy: 0.592895
13:00:58   >>>>>>>>>>>>>>>>>>>>>>>>>>>>>>
13:00:58   binary cross entropy: 0.530355
13:01:07   >>>>>>>>>>>>>>>>>>>>>>>>>>>>>>
13:01:07   binary cross entropy: 0.714495
13:01:17   >>>>>>>>>>>>>>>>>>>>>>>>>>>>>>
13:01:17   binary cross entropy: 0.57211
13:01:26   >>>>>>>>>>>>>>>>>>>>>>>>>>>>>>
13:01:26   binary cross entropy: 0.647148
13:01:36   >>>>>>>>>>>>>>>>>>>>>>>>>>>>>>
13:01:36   binary cross entropy: 0.703424
13:01:45   >>>>>>>>>>>>>>>>>>>>>>>>>>>>>>
13:01:45   binary cross entropy: 0.587229
13:01:55   >>>>>>>>>>>>>>>>>>>>>>>>>>>>>>
13:01:55   binary cross entropy: 0.554468
13:02:05   >>>>>>>>>>>>>>>>>>>>>>>>>>>>>>
13:02:05   binary cross entropy: 0.578
13:02:14   >>>>>>>>>>>>>>>>>>>>>>>>>>>>>>
13:02:14   binary cross entropy: 0.750044
13:02:24   >>>>>>>>>>>>>>>>>>>>>>>>>>>>>>
13:02:24   binary cross entropy: 0.66226
13:02:33   >>>>>>>>>>>>>>>>>>>>>>>>>>>>>>
13:02:33   binary cross entropy: 0.626175
13:02:43   >>>>>>>>>>>>>>>>>>>>>>>>>>>>>>
13:02:43   binary cross entropy: 0.634727
13:02:52   >>>>>>>>>>>>>>>>>>>>>>>>>>>>>>
13:02:52   binary cross entropy: 0.64018
13:03:02   >>>>>>>>>>>>>>>>>>>>>>>>>>>>>>
13:03:02   binary cross entropy: 0.592719
13:03:11   >>>>>>>>>>>>>>>>>>>>>>>>>>>>>>
13:03:11   binary cross entropy: 0.528945
13:03:21   >>>>>>>>>>>>>>>>>>>>>>>>>>>>>>
13:03:21   binary cross entropy: 0.691325
13:03:31   >>>>>>>>>>>>>>>>>>>>>>>>>>>>>>
13:03:31   binary cross entropy: 0.532628
13:03:40   >>>>>>>>>>>>>>>>>>>>>>>>>>>>>>
13:03:40   binary cross entropy: 0.653315
13:03:50   >>>>>>>>>>>>>>>>>>>>>>>>>>>>>>
13:03:50   binary cross entropy: 0.560203
13:03:59   >>>>>>>>>>>>>>>>>>>>>>>>>>>>>>
13:03:59   binary cross entropy: 0.643725
13:04:09   >>>>>>>>>>>>>>>>>>>>>>>>>>>>>>
13:04:09   binary cross entropy: 0.686196
13:04:18   >>>>>>>>>>>>>>>>>>>>>>>>>>>>>>
13:04:18   binary cross entropy: 0.651042
13:04:28   >>>>>>>>>>>>>>>>>>>>>>>>>>>>>>
13:04:28   binary cross entropy: 0.598597
13:04:37   >>>>>>>>>>>>>>>>>>>>>>>>>>>>>>
13:04:37   binary cross entropy: 0.584778
13:04:47   >>>>>>>>>>>>>>>>>>>>>>>>>>>>>>
13:04:47   binary cross entropy: 0.69736
13:04:56   >>>>>>>>>>>>>>>>>>>>>>>>>>>>>>
13:04:57   binary cross entropy: 0.645861
13:05:06   >>>>>>>>>>>>>>>>>>>>>>>>>>>>>>
13:05:06   binary cross entropy: 0.671946
13:05:16   >>>>>>>>>>>>>>>>>>>>>>>>>>>>>>
13:05:16   binary cross entropy: 0.561673
13:05:25   >>>>>>>>>>>>>>>>>>>>>>>>>>>>>>
13:05:25   binary cross entropy: 0.643941
13:05:35   >>>>>>>>>>>>>>>>>>>>>>>>>>>>>>
13:05:35   binary cross entropy: 0.571168
13:05:44   >>>>>>>>>>>>>>>>>>>>>>>>>>>>>>
13:05:44   binary cross entropy: 0.609375
13:05:54   >>>>>>>>>>>>>>>>>>>>>>>>>>>>>>
13:05:54   binary cross entropy: 0.592608
13:06:03   >>>>>>>>>>>>>>>>>>>>>>>>>>>>>>
13:06:03   binary cross entropy: 0.68448
13:06:13   >>>>>>>>>>>>>>>>>>>>>>>>>>>>>>
13:06:13   binary cross entropy: 0.617919
13:06:23   >>>>>>>>>>>>>>>>>>>>>>>>>>>>>>
13:06:23   binary cross entropy: 0.81117
13:06:32   >>>>>>>>>>>>>>>>>>>>>>>>>>>>>>
13:06:32   binary cross entropy: 0.621443
13:06:42   >>>>>>>>>>>>>>>>>>>>>>>>>>>>>>
13:06:42   binary cross entropy: 0.582275
13:06:51   >>>>>>>>>>>>>>>>>>>>>>>>>>>>>>
13:06:51   binary cross entropy: 0.600085
13:07:01   >>>>>>>>>>>>>>>>>>>>>>>>>>>>>>
13:07:01   binary cross entropy: 0.573437
13:07:10   >>>>>>>>>>>>>>>>>>>>>>>>>>>>>>
13:07:10   binary cross entropy: 0.565545
13:07:20   >>>>>>>>>>>>>>>>>>>>>>>>>>>>>>
13:07:20   binary cross entropy: 0.633256
13:07:29   >>>>>>>>>>>>>>>>>>>>>>>>>>>>>>
13:07:29   binary cross entropy: 0.779923
13:07:39   >>>>>>>>>>>>>>>>>>>>>>>>>>>>>>
13:07:39   binary cross entropy: 0.699078
13:07:49   >>>>>>>>>>>>>>>>>>>>>>>>>>>>>>
13:07:49   binary cross entropy: 0.571353
13:07:58   >>>>>>>>>>>>>>>>>>>>>>>>>>>>>>
13:07:58   binary cross entropy: 0.705653
13:08:08   >>>>>>>>>>>>>>>>>>>>>>>>>>>>>>
13:08:08   binary cross entropy: 0.639313
13:08:17   >>>>>>>>>>>>>>>>>>>>>>>>>>>>>>
13:08:17   binary cross entropy: 0.527187
13:08:27   >>>>>>>>>>>>>>>>>>>>>>>>>>>>>>
13:08:27   binary cross entropy: 0.56341
13:08:36   >>>>>>>>>>>>>>>>>>>>>>>>>>>>>>
13:08:36   binary cross entropy: 0.642528
13:08:46   >>>>>>>>>>>>>>>>>>>>>>>>>>>>>>
13:08:46   binary cross entropy: 0.562251
13:08:55   >>>>>>>>>>>>>>>>>>>>>>>>>>>>>>
13:08:56   binary cross entropy: 0.676289
13:09:05   >>>>>>>>>>>>>>>>>>>>>>>>>>>>>>
13:09:05   binary cross entropy: 0.655883
13:09:15   >>>>>>>>>>>>>>>>>>>>>>>>>>>>>>
13:09:15   binary cross entropy: 0.57474
13:09:24   >>>>>>>>>>>>>>>>>>>>>>>>>>>>>>
13:09:24   binary cross entropy: 0.682157
13:09:34   >>>>>>>>>>>>>>>>>>>>>>>>>>>>>>
13:09:34   binary cross entropy: 0.548516
13:09:43   >>>>>>>>>>>>>>>>>>>>>>>>>>>>>>
13:09:43   binary cross entropy: 0.603495
13:09:53   >>>>>>>>>>>>>>>>>>>>>>>>>>>>>>
13:09:53   binary cross entropy: 0.591651
13:10:02   >>>>>>>>>>>>>>>>>>>>>>>>>>>>>>
13:10:02   binary cross entropy: 0.512011
13:10:12   >>>>>>>>>>>>>>>>>>>>>>>>>>>>>>
13:10:12   binary cross entropy: 0.651363
13:10:21   >>>>>>>>>>>>>>>>>>>>>>>>>>>>>>
13:10:22   binary cross entropy: 0.609219
13:10:31   >>>>>>>>>>>>>>>>>>>>>>>>>>>>>>
13:10:31   binary cross entropy: 0.562152
13:10:41   >>>>>>>>>>>>>>>>>>>>>>>>>>>>>>
13:10:41   binary cross entropy: 0.604364
13:10:50   >>>>>>>>>>>>>>>>>>>>>>>>>>>>>>
13:10:50   binary cross entropy: 0.559613
13:11:00   >>>>>>>>>>>>>>>>>>>>>>>>>>>>>>
13:11:00   binary cross entropy: 0.620494
13:11:09   >>>>>>>>>>>>>>>>>>>>>>>>>>>>>>
13:11:09   binary cross entropy: 0.669178
13:11:19   >>>>>>>>>>>>>>>>>>>>>>>>>>>>>>
13:11:19   binary cross entropy: 0.695383
13:11:28   >>>>>>>>>>>>>>>>>>>>>>>>>>>>>>
13:11:28   binary cross entropy: 0.585737
13:11:38   >>>>>>>>>>>>>>>>>>>>>>>>>>>>>>
13:11:38   binary cross entropy: 0.556214
13:11:47   >>>>>>>>>>>>>>>>>>>>>>>>>>>>>>
13:11:47   binary cross entropy: 0.761433
13:11:57   >>>>>>>>>>>>>>>>>>>>>>>>>>>>>>
13:11:57   binary cross entropy: 0.721334
13:12:07   >>>>>>>>>>>>>>>>>>>>>>>>>>>>>>
13:12:07   binary cross entropy: 0.594914
13:12:16   >>>>>>>>>>>>>>>>>>>>>>>>>>>>>>
13:12:16   binary cross entropy: 0.549645
13:12:26   >>>>>>>>>>>>>>>>>>>>>>>>>>>>>>
13:12:26   binary cross entropy: 0.624613
13:12:35   >>>>>>>>>>>>>>>>>>>>>>>>>>>>>>
13:12:35   binary cross entropy: 0.736461
13:12:45   >>>>>>>>>>>>>>>>>>>>>>>>>>>>>>
13:12:45   binary cross entropy: 0.564544
13:12:54   >>>>>>>>>>>>>>>>>>>>>>>>>>>>>>
13:12:54   binary cross entropy: 0.567389
13:13:04   >>>>>>>>>>>>>>>>>>>>>>>>>>>>>>
13:13:04   Epoch 1 end
13:13:04   ------------------------------
13:13:04   average binary cross entropy: 0.619753
13:13:04   Save checkpoint to model_epoch_2.pth
13:13:04   >>>>>>>>>>>>>>>>>>>>>>>>>>>>>>
13:13:04   Evaluate on valid
13:13:54   mr: 121.459
13:13:54   mrr: 0.0914741
13:13:54   hits@1: 0.0370625
13:13:54   hits@3: 0.0843125
13:13:54   hits@10: 0.192688
13:13:54   >>>>>>>>>>>>>>>>>>>>>>>>>>>>>>
13:13:54   Epoch 2 begin
13:13:54   >>>>>>>>>>>>>>>>>>>>>>>>>>>>>>
13:13:54   binary cross entropy: 0.533688
13:14:04   >>>>>>>>>>>>>>>>>>>>>>>>>>>>>>
13:14:04   binary cross entropy: 0.584482
13:14:13   >>>>>>>>>>>>>>>>>>>>>>>>>>>>>>
13:14:13   binary cross entropy: 0.640879
13:14:23   >>>>>>>>>>>>>>>>>>>>>>>>>>>>>>
13:14:23   binary cross entropy: 0.605188
13:14:32   >>>>>>>>>>>>>>>>>>>>>>>>>>>>>>
13:14:32   binary cross entropy: 0.657384
13:14:42   >>>>>>>>>>>>>>>>>>>>>>>>>>>>>>
13:14:42   binary cross entropy: 0.610927
13:14:51   >>>>>>>>>>>>>>>>>>>>>>>>>>>>>>
13:14:51   binary cross entropy: 0.505363
13:15:01   >>>>>>>>>>>>>>>>>>>>>>>>>>>>>>
13:15:01   binary cross entropy: 0.536146
13:15:10   >>>>>>>>>>>>>>>>>>>>>>>>>>>>>>
13:15:10   binary cross entropy: 0.755941
13:15:20   >>>>>>>>>>>>>>>>>>>>>>>>>>>>>>
13:15:20   binary cross entropy: 0.595536
13:15:29   >>>>>>>>>>>>>>>>>>>>>>>>>>>>>>
13:15:29   binary cross entropy: 0.652707
13:15:39   >>>>>>>>>>>>>>>>>>>>>>>>>>>>>>
13:15:39   binary cross entropy: 0.583603
13:15:48   >>>>>>>>>>>>>>>>>>>>>>>>>>>>>>
13:15:48   binary cross entropy: 0.570897
13:15:57   >>>>>>>>>>>>>>>>>>>>>>>>>>>>>>
13:15:58   binary cross entropy: 0.651343
13:16:07   >>>>>>>>>>>>>>>>>>>>>>>>>>>>>>
13:16:07   binary cross entropy: 0.651316
13:16:16   >>>>>>>>>>>>>>>>>>>>>>>>>>>>>>
13:16:16   binary cross entropy: 0.646065
13:16:26   >>>>>>>>>>>>>>>>>>>>>>>>>>>>>>
13:16:26   binary cross entropy: 0.521724
13:16:35   >>>>>>>>>>>>>>>>>>>>>>>>>>>>>>
13:16:35   binary cross entropy: 0.611701
13:16:45   >>>>>>>>>>>>>>>>>>>>>>>>>>>>>>
13:16:45   binary cross entropy: 0.565609
13:16:54   >>>>>>>>>>>>>>>>>>>>>>>>>>>>>>
13:16:54   binary cross entropy: 0.549373
13:17:04   >>>>>>>>>>>>>>>>>>>>>>>>>>>>>>
13:17:04   binary cross entropy: 0.5865
13:17:13   >>>>>>>>>>>>>>>>>>>>>>>>>>>>>>
13:17:13   binary cross entropy: 0.649598
13:17:23   >>>>>>>>>>>>>>>>>>>>>>>>>>>>>>
13:17:23   binary cross entropy: 0.681785
13:17:32   >>>>>>>>>>>>>>>>>>>>>>>>>>>>>>
13:17:32   binary cross entropy: 0.627935
13:17:42   >>>>>>>>>>>>>>>>>>>>>>>>>>>>>>
13:17:42   binary cross entropy: 0.668962
13:17:51   >>>>>>>>>>>>>>>>>>>>>>>>>>>>>>
13:17:51   binary cross entropy: 0.718561
13:18:01   >>>>>>>>>>>>>>>>>>>>>>>>>>>>>>
13:18:01   binary cross entropy: 0.696
13:18:10   >>>>>>>>>>>>>>>>>>>>>>>>>>>>>>
13:18:10   binary cross entropy: 0.757883
13:18:20   >>>>>>>>>>>>>>>>>>>>>>>>>>>>>>
13:18:20   binary cross entropy: 0.578873
13:18:29   >>>>>>>>>>>>>>>>>>>>>>>>>>>>>>
13:18:29   binary cross entropy: 0.512392
13:18:39   >>>>>>>>>>>>>>>>>>>>>>>>>>>>>>
13:18:39   binary cross entropy: 0.654734
13:18:48   >>>>>>>>>>>>>>>>>>>>>>>>>>>>>>
13:18:48   binary cross entropy: 0.630359
13:18:58   >>>>>>>>>>>>>>>>>>>>>>>>>>>>>>
13:18:58   binary cross entropy: 0.571912
13:19:07   >>>>>>>>>>>>>>>>>>>>>>>>>>>>>>
13:19:07   binary cross entropy: 0.57053
13:19:17   >>>>>>>>>>>>>>>>>>>>>>>>>>>>>>
13:19:17   binary cross entropy: 0.615083
13:19:26   >>>>>>>>>>>>>>>>>>>>>>>>>>>>>>
13:19:26   binary cross entropy: 0.603557
13:19:36   >>>>>>>>>>>>>>>>>>>>>>>>>>>>>>
13:19:36   binary cross entropy: 0.60193
13:19:45   >>>>>>>>>>>>>>>>>>>>>>>>>>>>>>
13:19:45   binary cross entropy: 0.770384
13:19:54   >>>>>>>>>>>>>>>>>>>>>>>>>>>>>>
13:19:55   binary cross entropy: 0.590578
13:20:04   >>>>>>>>>>>>>>>>>>>>>>>>>>>>>>
13:20:04   binary cross entropy: 0.536393
13:20:13   >>>>>>>>>>>>>>>>>>>>>>>>>>>>>>
13:20:14   binary cross entropy: 0.550842
13:20:23   >>>>>>>>>>>>>>>>>>>>>>>>>>>>>>
13:20:23   binary cross entropy: 0.641863
13:20:32   >>>>>>>>>>>>>>>>>>>>>>>>>>>>>>
13:20:32   binary cross entropy: 0.55711
13:20:42   >>>>>>>>>>>>>>>>>>>>>>>>>>>>>>
13:20:42   binary cross entropy: 0.569923
13:20:51   >>>>>>>>>>>>>>>>>>>>>>>>>>>>>>
13:20:51   binary cross entropy: 0.60918
13:21:01   >>>>>>>>>>>>>>>>>>>>>>>>>>>>>>
13:21:01   binary cross entropy: 0.653123
13:21:10   >>>>>>>>>>>>>>>>>>>>>>>>>>>>>>
13:21:10   binary cross entropy: 0.554366
13:21:20   >>>>>>>>>>>>>>>>>>>>>>>>>>>>>>
13:21:20   binary cross entropy: 0.669754
13:21:29   >>>>>>>>>>>>>>>>>>>>>>>>>>>>>>
13:21:29   binary cross entropy: 0.601067
13:21:39   >>>>>>>>>>>>>>>>>>>>>>>>>>>>>>
13:21:39   binary cross entropy: 0.52885
13:21:48   >>>>>>>>>>>>>>>>>>>>>>>>>>>>>>
13:21:48   binary cross entropy: 0.554698
13:21:58   >>>>>>>>>>>>>>>>>>>>>>>>>>>>>>
13:21:58   binary cross entropy: 0.605663
13:22:07   >>>>>>>>>>>>>>>>>>>>>>>>>>>>>>
13:22:07   binary cross entropy: 0.599039
13:22:17   >>>>>>>>>>>>>>>>>>>>>>>>>>>>>>
13:22:17   binary cross entropy: 0.547961
13:22:26   >>>>>>>>>>>>>>>>>>>>>>>>>>>>>>
13:22:26   binary cross entropy: 0.598979
13:22:36   >>>>>>>>>>>>>>>>>>>>>>>>>>>>>>
13:22:36   binary cross entropy: 0.58861
13:22:45   >>>>>>>>>>>>>>>>>>>>>>>>>>>>>>
13:22:45   binary cross entropy: 0.579791
13:22:55   >>>>>>>>>>>>>>>>>>>>>>>>>>>>>>
13:22:55   binary cross entropy: 0.690095
13:23:04   >>>>>>>>>>>>>>>>>>>>>>>>>>>>>>
13:23:04   binary cross entropy: 0.642605
13:23:14   >>>>>>>>>>>>>>>>>>>>>>>>>>>>>>
13:23:14   binary cross entropy: 0.756158
13:23:23   >>>>>>>>>>>>>>>>>>>>>>>>>>>>>>
13:23:23   binary cross entropy: 0.56007
13:23:33   >>>>>>>>>>>>>>>>>>>>>>>>>>>>>>
13:23:33   binary cross entropy: 0.726602
13:23:42   >>>>>>>>>>>>>>>>>>>>>>>>>>>>>>
13:23:42   binary cross entropy: 0.793868
13:23:52   >>>>>>>>>>>>>>>>>>>>>>>>>>>>>>
13:23:52   binary cross entropy: 0.532656
13:24:01   >>>>>>>>>>>>>>>>>>>>>>>>>>>>>>
13:24:01   binary cross entropy: 0.581445
13:24:10   >>>>>>>>>>>>>>>>>>>>>>>>>>>>>>
13:24:11   binary cross entropy: 0.647722
13:24:20   >>>>>>>>>>>>>>>>>>>>>>>>>>>>>>
13:24:20   binary cross entropy: 0.718728
13:24:29   >>>>>>>>>>>>>>>>>>>>>>>>>>>>>>
13:24:30   binary cross entropy: 0.729714
13:24:39   >>>>>>>>>>>>>>>>>>>>>>>>>>>>>>
13:24:39   binary cross entropy: 0.772699
13:24:48   >>>>>>>>>>>>>>>>>>>>>>>>>>>>>>
13:24:48   binary cross entropy: 0.685702
13:24:58   >>>>>>>>>>>>>>>>>>>>>>>>>>>>>>
13:24:58   binary cross entropy: 0.669863
13:25:07   >>>>>>>>>>>>>>>>>>>>>>>>>>>>>>
13:25:07   binary cross entropy: 0.55344
13:25:17   >>>>>>>>>>>>>>>>>>>>>>>>>>>>>>
13:25:17   binary cross entropy: 0.613634
13:25:26   >>>>>>>>>>>>>>>>>>>>>>>>>>>>>>
13:25:26   binary cross entropy: 0.615585
13:25:36   >>>>>>>>>>>>>>>>>>>>>>>>>>>>>>
13:25:36   binary cross entropy: 0.568015
13:25:45   >>>>>>>>>>>>>>>>>>>>>>>>>>>>>>
13:25:45   binary cross entropy: 0.601616
13:25:55   >>>>>>>>>>>>>>>>>>>>>>>>>>>>>>
13:25:55   binary cross entropy: 0.665163
13:26:04   >>>>>>>>>>>>>>>>>>>>>>>>>>>>>>
13:26:04   binary cross entropy: 0.662644
13:26:14   >>>>>>>>>>>>>>>>>>>>>>>>>>>>>>
13:26:14   binary cross entropy: 0.648093
13:26:23   >>>>>>>>>>>>>>>>>>>>>>>>>>>>>>
13:26:23   binary cross entropy: 0.589581
13:26:33   >>>>>>>>>>>>>>>>>>>>>>>>>>>>>>
13:26:33   Epoch 2 end
13:26:33   ------------------------------
13:26:33   average binary cross entropy: 0.621639
13:26:33   Save checkpoint to model_epoch_3.pth
13:26:33   >>>>>>>>>>>>>>>>>>>>>>>>>>>>>>
13:26:33   Evaluate on valid
13:27:23   mr: 120.697
13:27:23   mrr: 0.0920793
13:27:23   hits@1: 0.037125
13:27:23   hits@3: 0.0856875
13:27:23   hits@10: 0.195188
13:27:23   >>>>>>>>>>>>>>>>>>>>>>>>>>>>>>
13:27:23   Epoch 3 begin
13:27:23   >>>>>>>>>>>>>>>>>>>>>>>>>>>>>>
13:27:23   binary cross entropy: 0.635538
13:27:33   >>>>>>>>>>>>>>>>>>>>>>>>>>>>>>
13:27:33   binary cross entropy: 0.670491
13:27:42   >>>>>>>>>>>>>>>>>>>>>>>>>>>>>>
13:27:42   binary cross entropy: 0.60486
13:27:52   >>>>>>>>>>>>>>>>>>>>>>>>>>>>>>
13:27:52   binary cross entropy: 0.531373
13:28:01   >>>>>>>>>>>>>>>>>>>>>>>>>>>>>>
13:28:01   binary cross entropy: 0.562532
13:28:11   >>>>>>>>>>>>>>>>>>>>>>>>>>>>>>
13:28:11   binary cross entropy: 0.631021
13:28:21   >>>>>>>>>>>>>>>>>>>>>>>>>>>>>>
13:28:21   binary cross entropy: 0.653346
13:28:30   >>>>>>>>>>>>>>>>>>>>>>>>>>>>>>
13:28:30   binary cross entropy: 0.696752
13:28:40   >>>>>>>>>>>>>>>>>>>>>>>>>>>>>>
13:28:40   binary cross entropy: 0.700377
13:28:49   >>>>>>>>>>>>>>>>>>>>>>>>>>>>>>
13:28:49   binary cross entropy: 0.570955
13:28:59   >>>>>>>>>>>>>>>>>>>>>>>>>>>>>>
13:28:59   binary cross entropy: 0.609231
13:29:08   >>>>>>>>>>>>>>>>>>>>>>>>>>>>>>
13:29:08   binary cross entropy: 0.559318
13:29:18   >>>>>>>>>>>>>>>>>>>>>>>>>>>>>>
13:29:18   binary cross entropy: 0.652548
13:29:28   >>>>>>>>>>>>>>>>>>>>>>>>>>>>>>
13:29:28   binary cross entropy: 0.696373
13:29:37   >>>>>>>>>>>>>>>>>>>>>>>>>>>>>>
13:29:37   binary cross entropy: 0.61824
13:29:47   >>>>>>>>>>>>>>>>>>>>>>>>>>>>>>
13:29:47   binary cross entropy: 0.584903
13:29:56   >>>>>>>>>>>>>>>>>>>>>>>>>>>>>>
13:29:56   binary cross entropy: 0.644429
13:30:06   >>>>>>>>>>>>>>>>>>>>>>>>>>>>>>
13:30:06   binary cross entropy: 0.666542
13:30:15   >>>>>>>>>>>>>>>>>>>>>>>>>>>>>>
13:30:15   binary cross entropy: 0.60206
13:30:25   >>>>>>>>>>>>>>>>>>>>>>>>>>>>>>
13:30:25   binary cross entropy: 0.657516
13:30:34   >>>>>>>>>>>>>>>>>>>>>>>>>>>>>>
13:30:35   binary cross entropy: 0.682026
13:30:44   >>>>>>>>>>>>>>>>>>>>>>>>>>>>>>
13:30:44   binary cross entropy: 0.7037
13:30:54   >>>>>>>>>>>>>>>>>>>>>>>>>>>>>>
13:30:54   binary cross entropy: 0.625303
13:31:03   >>>>>>>>>>>>>>>>>>>>>>>>>>>>>>
13:31:03   binary cross entropy: 0.624982
13:31:13   >>>>>>>>>>>>>>>>>>>>>>>>>>>>>>
13:31:13   binary cross entropy: 0.641308
13:31:22   >>>>>>>>>>>>>>>>>>>>>>>>>>>>>>
13:31:22   binary cross entropy: 0.818503
13:31:32   >>>>>>>>>>>>>>>>>>>>>>>>>>>>>>
13:31:32   binary cross entropy: 0.616533
13:31:41   >>>>>>>>>>>>>>>>>>>>>>>>>>>>>>
13:31:41   binary cross entropy: 0.647265
13:31:51   >>>>>>>>>>>>>>>>>>>>>>>>>>>>>>
13:31:51   binary cross entropy: 0.605795
13:32:01   >>>>>>>>>>>>>>>>>>>>>>>>>>>>>>
13:32:01   binary cross entropy: 0.673062
13:32:10   >>>>>>>>>>>>>>>>>>>>>>>>>>>>>>
13:32:10   binary cross entropy: 0.779339
13:32:20   >>>>>>>>>>>>>>>>>>>>>>>>>>>>>>
13:32:20   binary cross entropy: 0.59585
13:32:29   >>>>>>>>>>>>>>>>>>>>>>>>>>>>>>
13:32:29   binary cross entropy: 0.636935
13:32:39   >>>>>>>>>>>>>>>>>>>>>>>>>>>>>>
13:32:39   binary cross entropy: 0.678776
13:32:48   >>>>>>>>>>>>>>>>>>>>>>>>>>>>>>
13:32:48   binary cross entropy: 0.563858
13:32:58   >>>>>>>>>>>>>>>>>>>>>>>>>>>>>>
13:32:58   binary cross entropy: 0.549557
13:33:07   >>>>>>>>>>>>>>>>>>>>>>>>>>>>>>
13:33:07   binary cross entropy: 0.525764
13:33:17   >>>>>>>>>>>>>>>>>>>>>>>>>>>>>>
13:33:17   binary cross entropy: 0.680251
13:33:27   >>>>>>>>>>>>>>>>>>>>>>>>>>>>>>
13:33:27   binary cross entropy: 0.590129
13:33:36   >>>>>>>>>>>>>>>>>>>>>>>>>>>>>>
13:33:36   binary cross entropy: 0.663534
13:33:46   >>>>>>>>>>>>>>>>>>>>>>>>>>>>>>
13:33:46   binary cross entropy: 0.712802
13:33:55   >>>>>>>>>>>>>>>>>>>>>>>>>>>>>>
13:33:55   binary cross entropy: 0.571288
13:34:05   >>>>>>>>>>>>>>>>>>>>>>>>>>>>>>
13:34:05   binary cross entropy: 0.724612
13:34:14   >>>>>>>>>>>>>>>>>>>>>>>>>>>>>>
13:34:14   binary cross entropy: 0.632411
13:34:24   >>>>>>>>>>>>>>>>>>>>>>>>>>>>>>
13:34:24   binary cross entropy: 0.57012
13:34:34   >>>>>>>>>>>>>>>>>>>>>>>>>>>>>>
13:34:34   binary cross entropy: 0.548335
13:34:43   >>>>>>>>>>>>>>>>>>>>>>>>>>>>>>
13:34:43   binary cross entropy: 0.61045
13:34:53   >>>>>>>>>>>>>>>>>>>>>>>>>>>>>>
13:34:53   binary cross entropy: 0.664652
13:35:02   >>>>>>>>>>>>>>>>>>>>>>>>>>>>>>
13:35:02   binary cross entropy: 0.678527
13:35:12   >>>>>>>>>>>>>>>>>>>>>>>>>>>>>>
13:35:12   binary cross entropy: 0.501822
13:35:21   >>>>>>>>>>>>>>>>>>>>>>>>>>>>>>
13:35:21   binary cross entropy: 0.589583
13:35:31   >>>>>>>>>>>>>>>>>>>>>>>>>>>>>>
13:35:31   binary cross entropy: 0.607317
13:35:40   >>>>>>>>>>>>>>>>>>>>>>>>>>>>>>
13:35:41   binary cross entropy: 0.563698
13:35:50   >>>>>>>>>>>>>>>>>>>>>>>>>>>>>>
13:35:50   binary cross entropy: 0.535019
13:36:00   >>>>>>>>>>>>>>>>>>>>>>>>>>>>>>
13:36:00   binary cross entropy: 0.514424
13:36:09   >>>>>>>>>>>>>>>>>>>>>>>>>>>>>>
13:36:09   binary cross entropy: 0.608968
13:36:19   >>>>>>>>>>>>>>>>>>>>>>>>>>>>>>
13:36:19   binary cross entropy: 0.574294
13:36:28   >>>>>>>>>>>>>>>>>>>>>>>>>>>>>>
13:36:28   binary cross entropy: 0.547977
13:36:38   >>>>>>>>>>>>>>>>>>>>>>>>>>>>>>
13:36:38   binary cross entropy: 0.563868
13:36:47   >>>>>>>>>>>>>>>>>>>>>>>>>>>>>>
13:36:47   binary cross entropy: 0.619547
13:36:57   >>>>>>>>>>>>>>>>>>>>>>>>>>>>>>
13:36:57   binary cross entropy: 0.55824
13:37:07   >>>>>>>>>>>>>>>>>>>>>>>>>>>>>>
13:37:07   binary cross entropy: 0.669756
13:37:16   >>>>>>>>>>>>>>>>>>>>>>>>>>>>>>
13:37:16   binary cross entropy: 0.645112
13:37:26   >>>>>>>>>>>>>>>>>>>>>>>>>>>>>>
13:37:26   binary cross entropy: 0.603363
13:37:35   >>>>>>>>>>>>>>>>>>>>>>>>>>>>>>
13:37:35   binary cross entropy: 0.573743
13:37:45   >>>>>>>>>>>>>>>>>>>>>>>>>>>>>>
13:37:45   binary cross entropy: 0.570771
13:37:54   >>>>>>>>>>>>>>>>>>>>>>>>>>>>>>
13:37:54   binary cross entropy: 0.621657
13:38:04   >>>>>>>>>>>>>>>>>>>>>>>>>>>>>>
13:38:04   binary cross entropy: 0.616991
13:38:14   >>>>>>>>>>>>>>>>>>>>>>>>>>>>>>
13:38:14   binary cross entropy: 0.567794
13:38:23   >>>>>>>>>>>>>>>>>>>>>>>>>>>>>>
13:38:23   binary cross entropy: 0.555532
13:38:33   >>>>>>>>>>>>>>>>>>>>>>>>>>>>>>
13:38:33   binary cross entropy: 0.62197
13:38:42   >>>>>>>>>>>>>>>>>>>>>>>>>>>>>>
13:38:42   binary cross entropy: 0.562699
13:38:52   >>>>>>>>>>>>>>>>>>>>>>>>>>>>>>
13:38:52   binary cross entropy: 0.564698
13:39:01   >>>>>>>>>>>>>>>>>>>>>>>>>>>>>>
13:39:01   binary cross entropy: 0.561545
13:39:11   >>>>>>>>>>>>>>>>>>>>>>>>>>>>>>
13:39:11   binary cross entropy: 0.580218
13:39:20   >>>>>>>>>>>>>>>>>>>>>>>>>>>>>>
13:39:21   binary cross entropy: 0.5971
13:39:30   >>>>>>>>>>>>>>>>>>>>>>>>>>>>>>
13:39:30   binary cross entropy: 0.666815
13:39:40   >>>>>>>>>>>>>>>>>>>>>>>>>>>>>>
13:39:40   binary cross entropy: 0.622129
13:39:49   >>>>>>>>>>>>>>>>>>>>>>>>>>>>>>
13:39:49   binary cross entropy: 0.660994
13:39:59   >>>>>>>>>>>>>>>>>>>>>>>>>>>>>>
13:39:59   binary cross entropy: 0.588651
13:40:08   >>>>>>>>>>>>>>>>>>>>>>>>>>>>>>
13:40:08   Epoch 3 end
13:40:08   ------------------------------
13:40:08   average binary cross entropy: 0.621683
13:40:08   Save checkpoint to model_epoch_4.pth
13:40:08   >>>>>>>>>>>>>>>>>>>>>>>>>>>>>>
13:40:08   Evaluate on valid
13:40:59   mr: 120.757
13:40:59   mrr: 0.0932372
13:40:59   hits@1: 0.03775
13:40:59   hits@3: 0.086875
13:40:59   hits@10: 0.196125
13:40:59   >>>>>>>>>>>>>>>>>>>>>>>>>>>>>>
13:40:59   Epoch 4 begin
13:40:59   >>>>>>>>>>>>>>>>>>>>>>>>>>>>>>
13:40:59   binary cross entropy: 0.656202
13:41:08   >>>>>>>>>>>>>>>>>>>>>>>>>>>>>>
13:41:08   binary cross entropy: 0.611567
13:41:18   >>>>>>>>>>>>>>>>>>>>>>>>>>>>>>
13:41:18   binary cross entropy: 0.577289
13:41:27   >>>>>>>>>>>>>>>>>>>>>>>>>>>>>>
13:41:27   binary cross entropy: 0.651683
13:41:37   >>>>>>>>>>>>>>>>>>>>>>>>>>>>>>
13:41:37   binary cross entropy: 0.684814
13:41:47   >>>>>>>>>>>>>>>>>>>>>>>>>>>>>>
13:41:47   binary cross entropy: 0.637175
13:41:56   >>>>>>>>>>>>>>>>>>>>>>>>>>>>>>
13:41:56   binary cross entropy: 0.606478
13:42:06   >>>>>>>>>>>>>>>>>>>>>>>>>>>>>>
13:42:06   binary cross entropy: 0.542217
13:42:15   >>>>>>>>>>>>>>>>>>>>>>>>>>>>>>
13:42:15   binary cross entropy: 0.598982
13:42:25   >>>>>>>>>>>>>>>>>>>>>>>>>>>>>>
13:42:25   binary cross entropy: 0.586256
13:42:34   >>>>>>>>>>>>>>>>>>>>>>>>>>>>>>
13:42:34   binary cross entropy: 0.627699
13:42:44   >>>>>>>>>>>>>>>>>>>>>>>>>>>>>>
13:42:44   binary cross entropy: 0.602714
13:42:53   >>>>>>>>>>>>>>>>>>>>>>>>>>>>>>
13:42:54   binary cross entropy: 0.578569
13:43:03   >>>>>>>>>>>>>>>>>>>>>>>>>>>>>>
13:43:03   binary cross entropy: 0.661727
13:43:13   >>>>>>>>>>>>>>>>>>>>>>>>>>>>>>
13:43:13   binary cross entropy: 0.771064
13:43:22   >>>>>>>>>>>>>>>>>>>>>>>>>>>>>>
13:43:22   binary cross entropy: 0.552408
13:43:32   >>>>>>>>>>>>>>>>>>>>>>>>>>>>>>
13:43:32   binary cross entropy: 0.702029
13:43:41   >>>>>>>>>>>>>>>>>>>>>>>>>>>>>>
13:43:41   binary cross entropy: 0.534002
13:43:51   >>>>>>>>>>>>>>>>>>>>>>>>>>>>>>
13:43:51   binary cross entropy: 0.656529
13:44:01   >>>>>>>>>>>>>>>>>>>>>>>>>>>>>>
13:44:01   binary cross entropy: 0.671711
13:44:10   >>>>>>>>>>>>>>>>>>>>>>>>>>>>>>
13:44:10   binary cross entropy: 0.677159
13:44:20   >>>>>>>>>>>>>>>>>>>>>>>>>>>>>>
13:44:20   binary cross entropy: 0.56478
13:44:29   >>>>>>>>>>>>>>>>>>>>>>>>>>>>>>
13:44:29   binary cross entropy: 0.574952
13:44:39   >>>>>>>>>>>>>>>>>>>>>>>>>>>>>>
13:44:39   binary cross entropy: 0.636144
13:44:48   >>>>>>>>>>>>>>>>>>>>>>>>>>>>>>
13:44:48   binary cross entropy: 0.615291
13:44:58   >>>>>>>>>>>>>>>>>>>>>>>>>>>>>>
13:44:58   binary cross entropy: 0.558864
13:45:07   >>>>>>>>>>>>>>>>>>>>>>>>>>>>>>
13:45:08   binary cross entropy: 0.627922
13:45:17   >>>>>>>>>>>>>>>>>>>>>>>>>>>>>>
13:45:17   binary cross entropy: 0.595445
13:45:27   >>>>>>>>>>>>>>>>>>>>>>>>>>>>>>
13:45:27   binary cross entropy: 0.654693
13:45:36   >>>>>>>>>>>>>>>>>>>>>>>>>>>>>>
13:45:36   binary cross entropy: 0.642061
13:45:46   >>>>>>>>>>>>>>>>>>>>>>>>>>>>>>
13:45:46   binary cross entropy: 0.637003
13:45:55   >>>>>>>>>>>>>>>>>>>>>>>>>>>>>>
13:45:55   binary cross entropy: 0.594714
13:46:05   >>>>>>>>>>>>>>>>>>>>>>>>>>>>>>
13:46:05   binary cross entropy: 0.540743
13:46:14   >>>>>>>>>>>>>>>>>>>>>>>>>>>>>>
13:46:14   binary cross entropy: 0.648038
13:46:24   >>>>>>>>>>>>>>>>>>>>>>>>>>>>>>
13:46:24   binary cross entropy: 0.621946
13:46:33   >>>>>>>>>>>>>>>>>>>>>>>>>>>>>>
13:46:34   binary cross entropy: 0.534535
13:46:43   >>>>>>>>>>>>>>>>>>>>>>>>>>>>>>
13:46:43   binary cross entropy: 0.557784
13:46:53   >>>>>>>>>>>>>>>>>>>>>>>>>>>>>>
13:46:53   binary cross entropy: 0.583316
13:47:02   >>>>>>>>>>>>>>>>>>>>>>>>>>>>>>
13:47:02   binary cross entropy: 0.623022
13:47:12   >>>>>>>>>>>>>>>>>>>>>>>>>>>>>>
13:47:12   binary cross entropy: 0.586519
13:47:21   >>>>>>>>>>>>>>>>>>>>>>>>>>>>>>
13:47:21   binary cross entropy: 0.594559
13:47:31   >>>>>>>>>>>>>>>>>>>>>>>>>>>>>>
13:47:31   binary cross entropy: 0.747912
13:47:40   >>>>>>>>>>>>>>>>>>>>>>>>>>>>>>
13:47:40   binary cross entropy: 0.633364
13:47:50   >>>>>>>>>>>>>>>>>>>>>>>>>>>>>>
13:47:50   binary cross entropy: 0.585425
13:48:00   >>>>>>>>>>>>>>>>>>>>>>>>>>>>>>
13:48:00   binary cross entropy: 0.640211
13:48:09   >>>>>>>>>>>>>>>>>>>>>>>>>>>>>>
13:48:09   binary cross entropy: 0.555503
13:48:19   >>>>>>>>>>>>>>>>>>>>>>>>>>>>>>
13:48:19   binary cross entropy: 0.585155
13:48:28   >>>>>>>>>>>>>>>>>>>>>>>>>>>>>>
13:48:28   binary cross entropy: 0.549361
13:48:38   >>>>>>>>>>>>>>>>>>>>>>>>>>>>>>
13:48:38   binary cross entropy: 0.592051
13:48:47   >>>>>>>>>>>>>>>>>>>>>>>>>>>>>>
13:48:47   binary cross entropy: 0.635238
13:48:57   >>>>>>>>>>>>>>>>>>>>>>>>>>>>>>
13:48:57   binary cross entropy: 0.556595
13:49:07   >>>>>>>>>>>>>>>>>>>>>>>>>>>>>>
13:49:07   binary cross entropy: 0.559897
13:49:16   >>>>>>>>>>>>>>>>>>>>>>>>>>>>>>
13:49:16   binary cross entropy: 0.608093
13:49:26   >>>>>>>>>>>>>>>>>>>>>>>>>>>>>>
13:49:26   binary cross entropy: 0.737981
13:49:35   >>>>>>>>>>>>>>>>>>>>>>>>>>>>>>
13:49:35   binary cross entropy: 0.564476
13:49:45   >>>>>>>>>>>>>>>>>>>>>>>>>>>>>>
13:49:45   binary cross entropy: 0.538213
13:49:54   >>>>>>>>>>>>>>>>>>>>>>>>>>>>>>
13:49:54   binary cross entropy: 0.737317
13:50:04   >>>>>>>>>>>>>>>>>>>>>>>>>>>>>>
13:50:04   binary cross entropy: 0.540668
13:50:13   >>>>>>>>>>>>>>>>>>>>>>>>>>>>>>
13:50:14   binary cross entropy: 0.637791
13:50:23   >>>>>>>>>>>>>>>>>>>>>>>>>>>>>>
13:50:23   binary cross entropy: 0.747854
13:50:33   >>>>>>>>>>>>>>>>>>>>>>>>>>>>>>
13:50:33   binary cross entropy: 0.62773
13:50:42   >>>>>>>>>>>>>>>>>>>>>>>>>>>>>>
13:50:42   binary cross entropy: 0.504701
13:50:52   >>>>>>>>>>>>>>>>>>>>>>>>>>>>>>
13:50:52   binary cross entropy: 0.548684
13:51:01   >>>>>>>>>>>>>>>>>>>>>>>>>>>>>>
13:51:01   binary cross entropy: 0.621156
13:51:11   >>>>>>>>>>>>>>>>>>>>>>>>>>>>>>
13:51:11   binary cross entropy: 0.614377
13:51:20   >>>>>>>>>>>>>>>>>>>>>>>>>>>>>>
13:51:20   binary cross entropy: 0.692964
13:51:30   >>>>>>>>>>>>>>>>>>>>>>>>>>>>>>
13:51:30   binary cross entropy: 0.594367
13:51:39   >>>>>>>>>>>>>>>>>>>>>>>>>>>>>>
13:51:39   binary cross entropy: 0.642817
13:51:49   >>>>>>>>>>>>>>>>>>>>>>>>>>>>>>
13:51:49   binary cross entropy: 0.612294
13:51:59   >>>>>>>>>>>>>>>>>>>>>>>>>>>>>>
13:51:59   binary cross entropy: 0.625634
13:52:08   >>>>>>>>>>>>>>>>>>>>>>>>>>>>>>
13:52:08   binary cross entropy: 0.702278
13:52:18   >>>>>>>>>>>>>>>>>>>>>>>>>>>>>>
13:52:18   binary cross entropy: 0.613587
13:52:27   >>>>>>>>>>>>>>>>>>>>>>>>>>>>>>
13:52:27   binary cross entropy: 0.612795
13:52:37   >>>>>>>>>>>>>>>>>>>>>>>>>>>>>>
13:52:37   binary cross entropy: 0.663396
13:52:46   >>>>>>>>>>>>>>>>>>>>>>>>>>>>>>
13:52:46   binary cross entropy: 0.648046
13:52:56   >>>>>>>>>>>>>>>>>>>>>>>>>>>>>>
13:52:56   binary cross entropy: 0.672167
13:53:05   >>>>>>>>>>>>>>>>>>>>>>>>>>>>>>
13:53:05   binary cross entropy: 0.59841
13:53:15   >>>>>>>>>>>>>>>>>>>>>>>>>>>>>>
13:53:15   binary cross entropy: 0.599598
13:53:24   >>>>>>>>>>>>>>>>>>>>>>>>>>>>>>
13:53:25   binary cross entropy: 0.539703
13:53:34   >>>>>>>>>>>>>>>>>>>>>>>>>>>>>>
13:53:34   binary cross entropy: 0.66497
13:53:44   >>>>>>>>>>>>>>>>>>>>>>>>>>>>>>
13:53:44   Epoch 4 end
13:53:44   ------------------------------
13:53:44   average binary cross entropy: 0.621523
13:53:44   Save checkpoint to model_epoch_5.pth
13:53:44   >>>>>>>>>>>>>>>>>>>>>>>>>>>>>>
13:53:44   Evaluate on valid
13:54:34   mr: 119.952
13:54:34   mrr: 0.0926789
13:54:34   hits@1: 0.036625
13:54:34   hits@3: 0.0886875
13:54:34   hits@10: 0.194563
13:54:34   >>>>>>>>>>>>>>>>>>>>>>>>>>>>>>
13:54:34   Epoch 5 begin
13:54:34   >>>>>>>>>>>>>>>>>>>>>>>>>>>>>>
13:54:34   binary cross entropy: 0.641954
13:54:43   >>>>>>>>>>>>>>>>>>>>>>>>>>>>>>
13:54:44   binary cross entropy: 0.567421
13:54:53   >>>>>>>>>>>>>>>>>>>>>>>>>>>>>>
13:54:53   binary cross entropy: 0.569847
13:55:02   >>>>>>>>>>>>>>>>>>>>>>>>>>>>>>
13:55:02   binary cross entropy: 0.612225
13:55:12   >>>>>>>>>>>>>>>>>>>>>>>>>>>>>>
13:55:12   binary cross entropy: 0.674766
13:55:21   >>>>>>>>>>>>>>>>>>>>>>>>>>>>>>
13:55:21   binary cross entropy: 0.560974
13:55:31   >>>>>>>>>>>>>>>>>>>>>>>>>>>>>>
13:55:31   binary cross entropy: 0.569624
13:55:40   >>>>>>>>>>>>>>>>>>>>>>>>>>>>>>
13:55:40   binary cross entropy: 0.57443
13:55:50   >>>>>>>>>>>>>>>>>>>>>>>>>>>>>>
13:55:50   binary cross entropy: 0.679824
13:55:59   >>>>>>>>>>>>>>>>>>>>>>>>>>>>>>
13:55:59   binary cross entropy: 0.700123
13:56:09   >>>>>>>>>>>>>>>>>>>>>>>>>>>>>>
13:56:09   binary cross entropy: 0.588625
13:56:18   >>>>>>>>>>>>>>>>>>>>>>>>>>>>>>
13:56:18   binary cross entropy: 0.681759
13:56:28   >>>>>>>>>>>>>>>>>>>>>>>>>>>>>>
13:56:28   binary cross entropy: 0.596158
13:56:37   >>>>>>>>>>>>>>>>>>>>>>>>>>>>>>
13:56:37   binary cross entropy: 0.657314
13:56:47   >>>>>>>>>>>>>>>>>>>>>>>>>>>>>>
13:56:47   binary cross entropy: 0.696179
13:56:56   >>>>>>>>>>>>>>>>>>>>>>>>>>>>>>
13:56:56   binary cross entropy: 0.5737
13:57:06   >>>>>>>>>>>>>>>>>>>>>>>>>>>>>>
13:57:06   binary cross entropy: 0.567799
13:57:15   >>>>>>>>>>>>>>>>>>>>>>>>>>>>>>
13:57:15   binary cross entropy: 0.586432
13:57:25   >>>>>>>>>>>>>>>>>>>>>>>>>>>>>>
13:57:25   binary cross entropy: 0.702426
13:57:34   >>>>>>>>>>>>>>>>>>>>>>>>>>>>>>
13:57:34   binary cross entropy: 0.665713
13:57:44   >>>>>>>>>>>>>>>>>>>>>>>>>>>>>>
13:57:44   binary cross entropy: 0.58368
13:57:53   >>>>>>>>>>>>>>>>>>>>>>>>>>>>>>
13:57:53   binary cross entropy: 0.581252
13:58:03   >>>>>>>>>>>>>>>>>>>>>>>>>>>>>>
13:58:03   binary cross entropy: 0.660912
13:58:12   >>>>>>>>>>>>>>>>>>>>>>>>>>>>>>
13:58:12   binary cross entropy: 0.593994
13:58:22   >>>>>>>>>>>>>>>>>>>>>>>>>>>>>>
13:58:22   binary cross entropy: 0.571876
13:58:31   >>>>>>>>>>>>>>>>>>>>>>>>>>>>>>
13:58:31   binary cross entropy: 0.638087
13:58:40   >>>>>>>>>>>>>>>>>>>>>>>>>>>>>>
13:58:41   binary cross entropy: 0.644441
13:58:50   >>>>>>>>>>>>>>>>>>>>>>>>>>>>>>
13:58:50   binary cross entropy: 0.609709
13:58:59   >>>>>>>>>>>>>>>>>>>>>>>>>>>>>>
13:59:00   binary cross entropy: 0.625351
13:59:09   >>>>>>>>>>>>>>>>>>>>>>>>>>>>>>
13:59:09   binary cross entropy: 0.551871
13:59:18   >>>>>>>>>>>>>>>>>>>>>>>>>>>>>>
13:59:18   binary cross entropy: 0.78718
13:59:28   >>>>>>>>>>>>>>>>>>>>>>>>>>>>>>
13:59:28   binary cross entropy: 0.622897
13:59:37   >>>>>>>>>>>>>>>>>>>>>>>>>>>>>>
13:59:37   binary cross entropy: 0.612632
13:59:47   >>>>>>>>>>>>>>>>>>>>>>>>>>>>>>
13:59:47   binary cross entropy: 0.610081
13:59:56   >>>>>>>>>>>>>>>>>>>>>>>>>>>>>>
13:59:56   binary cross entropy: 0.641219
14:00:06   >>>>>>>>>>>>>>>>>>>>>>>>>>>>>>
14:00:06   binary cross entropy: 0.603209
14:00:15   >>>>>>>>>>>>>>>>>>>>>>>>>>>>>>
14:00:15   binary cross entropy: 0.494835
14:00:25   >>>>>>>>>>>>>>>>>>>>>>>>>>>>>>
14:00:25   binary cross entropy: 0.640062
14:00:34   >>>>>>>>>>>>>>>>>>>>>>>>>>>>>>
14:00:34   binary cross entropy: 0.615887
14:00:44   >>>>>>>>>>>>>>>>>>>>>>>>>>>>>>
14:00:44   binary cross entropy: 0.626084
14:00:53   >>>>>>>>>>>>>>>>>>>>>>>>>>>>>>
14:00:53   binary cross entropy: 0.656708
14:01:03   >>>>>>>>>>>>>>>>>>>>>>>>>>>>>>
14:01:03   binary cross entropy: 0.582178
14:01:12   >>>>>>>>>>>>>>>>>>>>>>>>>>>>>>
14:01:12   binary cross entropy: 0.517077
14:01:22   >>>>>>>>>>>>>>>>>>>>>>>>>>>>>>
14:01:22   binary cross entropy: 0.603585
14:01:31   >>>>>>>>>>>>>>>>>>>>>>>>>>>>>>
14:01:31   binary cross entropy: 0.571904
14:01:41   >>>>>>>>>>>>>>>>>>>>>>>>>>>>>>
14:01:41   binary cross entropy: 0.674423
14:01:50   >>>>>>>>>>>>>>>>>>>>>>>>>>>>>>
14:01:50   binary cross entropy: 0.647589
14:02:00   >>>>>>>>>>>>>>>>>>>>>>>>>>>>>>
14:02:00   binary cross entropy: 0.575534
14:02:09   >>>>>>>>>>>>>>>>>>>>>>>>>>>>>>
14:02:09   binary cross entropy: 0.623379
14:02:19   >>>>>>>>>>>>>>>>>>>>>>>>>>>>>>
14:02:19   binary cross entropy: 0.686333
14:02:28   >>>>>>>>>>>>>>>>>>>>>>>>>>>>>>
14:02:28   binary cross entropy: 0.733337
14:02:38   >>>>>>>>>>>>>>>>>>>>>>>>>>>>>>
14:02:38   binary cross entropy: 0.608491
14:02:47   >>>>>>>>>>>>>>>>>>>>>>>>>>>>>>
14:02:47   binary cross entropy: 0.665442
14:02:56   >>>>>>>>>>>>>>>>>>>>>>>>>>>>>>
14:02:56   binary cross entropy: 0.655282
14:03:06   >>>>>>>>>>>>>>>>>>>>>>>>>>>>>>
14:03:06   binary cross entropy: 0.653008
14:03:15   >>>>>>>>>>>>>>>>>>>>>>>>>>>>>>
14:03:15   binary cross entropy: 0.590037
14:03:25   >>>>>>>>>>>>>>>>>>>>>>>>>>>>>>
14:03:25   binary cross entropy: 0.688039
14:03:34   >>>>>>>>>>>>>>>>>>>>>>>>>>>>>>
14:03:34   binary cross entropy: 0.5373
14:03:44   >>>>>>>>>>>>>>>>>>>>>>>>>>>>>>
14:03:44   binary cross entropy: 0.802717
14:03:53   >>>>>>>>>>>>>>>>>>>>>>>>>>>>>>
14:03:53   binary cross entropy: 0.623548
14:04:03   >>>>>>>>>>>>>>>>>>>>>>>>>>>>>>
14:04:03   binary cross entropy: 0.654684
14:04:12   >>>>>>>>>>>>>>>>>>>>>>>>>>>>>>
14:04:12   binary cross entropy: 0.519795
14:04:22   >>>>>>>>>>>>>>>>>>>>>>>>>>>>>>
14:04:22   binary cross entropy: 0.605991
14:04:31   >>>>>>>>>>>>>>>>>>>>>>>>>>>>>>
14:04:31   binary cross entropy: 0.668113
14:04:41   >>>>>>>>>>>>>>>>>>>>>>>>>>>>>>
14:04:41   binary cross entropy: 0.587237
14:04:50   >>>>>>>>>>>>>>>>>>>>>>>>>>>>>>
14:04:50   binary cross entropy: 0.563638
14:05:00   >>>>>>>>>>>>>>>>>>>>>>>>>>>>>>
14:05:00   binary cross entropy: 0.558645
14:05:09   >>>>>>>>>>>>>>>>>>>>>>>>>>>>>>
14:05:09   binary cross entropy: 0.744455
14:05:19   >>>>>>>>>>>>>>>>>>>>>>>>>>>>>>
14:05:19   binary cross entropy: 0.566442
14:05:28   >>>>>>>>>>>>>>>>>>>>>>>>>>>>>>
14:05:28   binary cross entropy: 0.564866
14:05:38   >>>>>>>>>>>>>>>>>>>>>>>>>>>>>>
14:05:38   binary cross entropy: 0.656393
14:05:47   >>>>>>>>>>>>>>>>>>>>>>>>>>>>>>
14:05:47   binary cross entropy: 0.694711
14:05:57   >>>>>>>>>>>>>>>>>>>>>>>>>>>>>>
14:05:57   binary cross entropy: 0.649564
14:06:06   >>>>>>>>>>>>>>>>>>>>>>>>>>>>>>
14:06:06   binary cross entropy: 0.696809
14:06:16   >>>>>>>>>>>>>>>>>>>>>>>>>>>>>>
14:06:16   binary cross entropy: 0.562938
14:06:25   >>>>>>>>>>>>>>>>>>>>>>>>>>>>>>
14:06:25   binary cross entropy: 0.611075
14:06:35   >>>>>>>>>>>>>>>>>>>>>>>>>>>>>>
14:06:35   binary cross entropy: 0.552839
14:06:44   >>>>>>>>>>>>>>>>>>>>>>>>>>>>>>
14:06:44   binary cross entropy: 0.560293
14:06:53   >>>>>>>>>>>>>>>>>>>>>>>>>>>>>>
14:06:54   binary cross entropy: 0.595
14:07:03   >>>>>>>>>>>>>>>>>>>>>>>>>>>>>>
14:07:03   binary cross entropy: 0.655544
14:07:12   >>>>>>>>>>>>>>>>>>>>>>>>>>>>>>
14:07:12   Epoch 5 end
14:07:12   ------------------------------
14:07:12   average binary cross entropy: 0.621422
14:07:12   Save checkpoint to model_epoch_6.pth
14:07:12   >>>>>>>>>>>>>>>>>>>>>>>>>>>>>>
14:07:12   Evaluate on valid
14:08:03   mr: 119.16
14:08:03   mrr: 0.0941513
14:08:03   hits@1: 0.038125
14:08:03   hits@3: 0.0890625
14:08:03   hits@10: 0.197688
14:08:03   >>>>>>>>>>>>>>>>>>>>>>>>>>>>>>
14:08:03   Epoch 6 begin
14:08:03   >>>>>>>>>>>>>>>>>>>>>>>>>>>>>>
14:08:03   binary cross entropy: 0.553962
14:08:12   >>>>>>>>>>>>>>>>>>>>>>>>>>>>>>
14:08:12   binary cross entropy: 0.631886
14:08:22   >>>>>>>>>>>>>>>>>>>>>>>>>>>>>>
14:08:22   binary cross entropy: 0.629425
14:08:31   >>>>>>>>>>>>>>>>>>>>>>>>>>>>>>
14:08:31   binary cross entropy: 0.547798
14:08:40   >>>>>>>>>>>>>>>>>>>>>>>>>>>>>>
14:08:40   binary cross entropy: 0.622533
14:08:50   >>>>>>>>>>>>>>>>>>>>>>>>>>>>>>
14:08:50   binary cross entropy: 0.559919
14:08:59   >>>>>>>>>>>>>>>>>>>>>>>>>>>>>>
14:08:59   binary cross entropy: 0.556891
14:09:09   >>>>>>>>>>>>>>>>>>>>>>>>>>>>>>
14:09:09   binary cross entropy: 0.534426
14:09:18   >>>>>>>>>>>>>>>>>>>>>>>>>>>>>>
14:09:18   binary cross entropy: 0.664149
14:09:27   >>>>>>>>>>>>>>>>>>>>>>>>>>>>>>
14:09:27   binary cross entropy: 0.655882
14:09:37   >>>>>>>>>>>>>>>>>>>>>>>>>>>>>>
14:09:37   binary cross entropy: 0.562646
14:09:46   >>>>>>>>>>>>>>>>>>>>>>>>>>>>>>
14:09:46   binary cross entropy: 0.587658
14:09:55   >>>>>>>>>>>>>>>>>>>>>>>>>>>>>>
14:09:55   binary cross entropy: 0.635291
14:10:05   >>>>>>>>>>>>>>>>>>>>>>>>>>>>>>
14:10:05   binary cross entropy: 0.630334
14:10:14   >>>>>>>>>>>>>>>>>>>>>>>>>>>>>>
14:10:14   binary cross entropy: 0.542974
14:10:23   >>>>>>>>>>>>>>>>>>>>>>>>>>>>>>
14:10:24   binary cross entropy: 0.627338
14:10:33   >>>>>>>>>>>>>>>>>>>>>>>>>>>>>>
14:10:33   binary cross entropy: 0.493358
14:10:42   >>>>>>>>>>>>>>>>>>>>>>>>>>>>>>
14:10:42   binary cross entropy: 0.611993
14:10:52   >>>>>>>>>>>>>>>>>>>>>>>>>>>>>>
14:10:52   binary cross entropy: 0.563329
14:11:01   >>>>>>>>>>>>>>>>>>>>>>>>>>>>>>
14:11:01   binary cross entropy: 0.648858
14:11:10   >>>>>>>>>>>>>>>>>>>>>>>>>>>>>>
14:11:10   binary cross entropy: 0.556463
14:11:20   >>>>>>>>>>>>>>>>>>>>>>>>>>>>>>
14:11:20   binary cross entropy: 0.642251
14:11:29   >>>>>>>>>>>>>>>>>>>>>>>>>>>>>>
14:11:29   binary cross entropy: 0.563916
14:11:38   >>>>>>>>>>>>>>>>>>>>>>>>>>>>>>
14:11:38   binary cross entropy: 0.603217
14:11:48   >>>>>>>>>>>>>>>>>>>>>>>>>>>>>>
14:11:48   binary cross entropy: 0.650751
14:11:57   >>>>>>>>>>>>>>>>>>>>>>>>>>>>>>
14:11:57   binary cross entropy: 0.590948
14:12:07   >>>>>>>>>>>>>>>>>>>>>>>>>>>>>>
14:12:07   binary cross entropy: 0.595844
14:12:16   >>>>>>>>>>>>>>>>>>>>>>>>>>>>>>
14:12:16   binary cross entropy: 0.64619
14:12:25   >>>>>>>>>>>>>>>>>>>>>>>>>>>>>>
14:12:25   binary cross entropy: 0.725075
14:12:35   >>>>>>>>>>>>>>>>>>>>>>>>>>>>>>
14:12:35   binary cross entropy: 0.659094
14:12:44   >>>>>>>>>>>>>>>>>>>>>>>>>>>>>>
14:12:44   binary cross entropy: 0.595182
14:12:53   >>>>>>>>>>>>>>>>>>>>>>>>>>>>>>
14:12:53   binary cross entropy: 0.554915
14:13:03   >>>>>>>>>>>>>>>>>>>>>>>>>>>>>>
14:13:03   binary cross entropy: 0.567852
14:13:12   >>>>>>>>>>>>>>>>>>>>>>>>>>>>>>
14:13:12   binary cross entropy: 0.603709
14:13:21   >>>>>>>>>>>>>>>>>>>>>>>>>>>>>>
14:13:22   binary cross entropy: 0.630915
14:13:31   >>>>>>>>>>>>>>>>>>>>>>>>>>>>>>
14:13:31   binary cross entropy: 0.659757
14:13:40   >>>>>>>>>>>>>>>>>>>>>>>>>>>>>>
14:13:40   binary cross entropy: 0.677684
14:13:50   >>>>>>>>>>>>>>>>>>>>>>>>>>>>>>
14:13:50   binary cross entropy: 0.589421
14:13:59   >>>>>>>>>>>>>>>>>>>>>>>>>>>>>>
14:13:59   binary cross entropy: 0.58582
14:14:08   >>>>>>>>>>>>>>>>>>>>>>>>>>>>>>
14:14:08   binary cross entropy: 0.692848
14:14:18   >>>>>>>>>>>>>>>>>>>>>>>>>>>>>>
14:14:18   binary cross entropy: 0.519238
14:14:27   >>>>>>>>>>>>>>>>>>>>>>>>>>>>>>
14:14:27   binary cross entropy: 0.649621
14:14:36   >>>>>>>>>>>>>>>>>>>>>>>>>>>>>>
14:14:36   binary cross entropy: 0.575921
14:14:46   >>>>>>>>>>>>>>>>>>>>>>>>>>>>>>
14:14:46   binary cross entropy: 0.707969
14:14:55   >>>>>>>>>>>>>>>>>>>>>>>>>>>>>>
14:14:55   binary cross entropy: 0.57395
14:15:05   >>>>>>>>>>>>>>>>>>>>>>>>>>>>>>
14:15:05   binary cross entropy: 0.69767
14:15:14   >>>>>>>>>>>>>>>>>>>>>>>>>>>>>>
14:15:14   binary cross entropy: 0.601964
14:15:23   >>>>>>>>>>>>>>>>>>>>>>>>>>>>>>
14:15:23   binary cross entropy: 0.514201
14:15:33   >>>>>>>>>>>>>>>>>>>>>>>>>>>>>>
14:15:33   binary cross entropy: 0.550578
14:15:42   >>>>>>>>>>>>>>>>>>>>>>>>>>>>>>
14:15:42   binary cross entropy: 0.601523
14:15:51   >>>>>>>>>>>>>>>>>>>>>>>>>>>>>>
14:15:51   binary cross entropy: 0.608396
14:16:01   >>>>>>>>>>>>>>>>>>>>>>>>>>>>>>
14:16:01   binary cross entropy: 0.569943
14:16:10   >>>>>>>>>>>>>>>>>>>>>>>>>>>>>>
14:16:10   binary cross entropy: 0.60674
14:16:19   >>>>>>>>>>>>>>>>>>>>>>>>>>>>>>
14:16:20   binary cross entropy: 0.575417
14:16:29   >>>>>>>>>>>>>>>>>>>>>>>>>>>>>>
14:16:29   binary cross entropy: 0.559956
14:16:38   >>>>>>>>>>>>>>>>>>>>>>>>>>>>>>
14:16:38   binary cross entropy: 0.567683
14:16:48   >>>>>>>>>>>>>>>>>>>>>>>>>>>>>>
14:16:48   binary cross entropy: 0.550826
14:16:57   >>>>>>>>>>>>>>>>>>>>>>>>>>>>>>
14:16:57   binary cross entropy: 0.657762
14:17:06   >>>>>>>>>>>>>>>>>>>>>>>>>>>>>>
14:17:06   binary cross entropy: 0.607836
14:17:16   >>>>>>>>>>>>>>>>>>>>>>>>>>>>>>
14:17:16   binary cross entropy: 0.496046
14:17:25   >>>>>>>>>>>>>>>>>>>>>>>>>>>>>>
14:17:25   binary cross entropy: 0.615808
14:17:34   >>>>>>>>>>>>>>>>>>>>>>>>>>>>>>
14:17:35   binary cross entropy: 0.675238
14:17:44   >>>>>>>>>>>>>>>>>>>>>>>>>>>>>>
14:17:44   binary cross entropy: 0.611792
14:17:53   >>>>>>>>>>>>>>>>>>>>>>>>>>>>>>
14:17:53   binary cross entropy: 0.607774
14:18:03   >>>>>>>>>>>>>>>>>>>>>>>>>>>>>>
14:18:03   binary cross entropy: 0.63474
14:18:12   >>>>>>>>>>>>>>>>>>>>>>>>>>>>>>
14:18:12   binary cross entropy: 0.572023
14:18:21   >>>>>>>>>>>>>>>>>>>>>>>>>>>>>>
14:18:21   binary cross entropy: 0.648705
14:18:31   >>>>>>>>>>>>>>>>>>>>>>>>>>>>>>
14:18:31   binary cross entropy: 0.66085
14:18:40   >>>>>>>>>>>>>>>>>>>>>>>>>>>>>>
14:18:40   binary cross entropy: 0.607941
14:18:49   >>>>>>>>>>>>>>>>>>>>>>>>>>>>>>
14:18:50   binary cross entropy: 0.671544
14:18:59   >>>>>>>>>>>>>>>>>>>>>>>>>>>>>>
14:18:59   binary cross entropy: 0.660255
14:19:08   >>>>>>>>>>>>>>>>>>>>>>>>>>>>>>
14:19:08   binary cross entropy: 0.584822
14:19:18   >>>>>>>>>>>>>>>>>>>>>>>>>>>>>>
14:19:18   binary cross entropy: 0.668865
14:19:27   >>>>>>>>>>>>>>>>>>>>>>>>>>>>>>
14:19:27   binary cross entropy: 0.576559
14:19:36   >>>>>>>>>>>>>>>>>>>>>>>>>>>>>>
14:19:36   binary cross entropy: 0.643427
14:19:46   >>>>>>>>>>>>>>>>>>>>>>>>>>>>>>
14:19:46   binary cross entropy: 0.804401
14:19:55   >>>>>>>>>>>>>>>>>>>>>>>>>>>>>>
14:19:55   binary cross entropy: 0.600067
14:20:04   >>>>>>>>>>>>>>>>>>>>>>>>>>>>>>
14:20:04   binary cross entropy: 0.645805
14:20:14   >>>>>>>>>>>>>>>>>>>>>>>>>>>>>>
14:20:14   binary cross entropy: 0.622324
14:20:23   >>>>>>>>>>>>>>>>>>>>>>>>>>>>>>
14:20:23   binary cross entropy: 0.620176
14:20:32   >>>>>>>>>>>>>>>>>>>>>>>>>>>>>>
14:20:32   Epoch 6 end
14:20:32   ------------------------------
14:20:32   average binary cross entropy: 0.621701
14:20:32   Save checkpoint to model_epoch_7.pth
14:20:32   >>>>>>>>>>>>>>>>>>>>>>>>>>>>>>
14:20:32   Evaluate on valid
14:21:23   mr: 119.356
14:21:23   mrr: 0.0931534
14:21:23   hits@1: 0.038125
14:21:23   hits@3: 0.08625
14:21:23   hits@10: 0.19575
14:21:23   >>>>>>>>>>>>>>>>>>>>>>>>>>>>>>
14:21:23   Epoch 7 begin
14:21:23   >>>>>>>>>>>>>>>>>>>>>>>>>>>>>>
14:21:23   binary cross entropy: 0.692142
14:21:32   >>>>>>>>>>>>>>>>>>>>>>>>>>>>>>
14:21:32   binary cross entropy: 0.667715
14:21:42   >>>>>>>>>>>>>>>>>>>>>>>>>>>>>>
14:21:42   binary cross entropy: 0.562495
14:21:51   >>>>>>>>>>>>>>>>>>>>>>>>>>>>>>
14:21:51   binary cross entropy: 0.689873
14:22:01   >>>>>>>>>>>>>>>>>>>>>>>>>>>>>>
14:22:01   binary cross entropy: 0.599697
14:22:10   >>>>>>>>>>>>>>>>>>>>>>>>>>>>>>
14:22:10   binary cross entropy: 0.532457
14:22:19   >>>>>>>>>>>>>>>>>>>>>>>>>>>>>>
14:22:19   binary cross entropy: 0.589718
14:22:29   >>>>>>>>>>>>>>>>>>>>>>>>>>>>>>
14:22:29   binary cross entropy: 0.624763
14:22:38   >>>>>>>>>>>>>>>>>>>>>>>>>>>>>>
14:22:38   binary cross entropy: 0.564743
14:22:48   >>>>>>>>>>>>>>>>>>>>>>>>>>>>>>
14:22:48   binary cross entropy: 0.686824
14:22:57   >>>>>>>>>>>>>>>>>>>>>>>>>>>>>>
14:22:57   binary cross entropy: 0.660824
14:23:06   >>>>>>>>>>>>>>>>>>>>>>>>>>>>>>
14:23:06   binary cross entropy: 0.693901
14:23:16   >>>>>>>>>>>>>>>>>>>>>>>>>>>>>>
14:23:16   binary cross entropy: 0.632553
14:23:25   >>>>>>>>>>>>>>>>>>>>>>>>>>>>>>
14:23:25   binary cross entropy: 0.595399
14:23:35   >>>>>>>>>>>>>>>>>>>>>>>>>>>>>>
14:23:35   binary cross entropy: 0.484461
14:23:44   >>>>>>>>>>>>>>>>>>>>>>>>>>>>>>
14:23:44   binary cross entropy: 0.581339
14:23:53   >>>>>>>>>>>>>>>>>>>>>>>>>>>>>>
14:23:53   binary cross entropy: 0.608784
14:24:03   >>>>>>>>>>>>>>>>>>>>>>>>>>>>>>
14:24:03   binary cross entropy: 0.661325
14:24:12   >>>>>>>>>>>>>>>>>>>>>>>>>>>>>>
14:24:12   binary cross entropy: 0.715015
14:24:21   >>>>>>>>>>>>>>>>>>>>>>>>>>>>>>
14:24:22   binary cross entropy: 0.620179
14:24:31   >>>>>>>>>>>>>>>>>>>>>>>>>>>>>>
14:24:31   binary cross entropy: 0.569633
14:24:40   >>>>>>>>>>>>>>>>>>>>>>>>>>>>>>
14:24:40   binary cross entropy: 0.662052
14:24:50   >>>>>>>>>>>>>>>>>>>>>>>>>>>>>>
14:24:50   binary cross entropy: 0.67777
14:24:59   >>>>>>>>>>>>>>>>>>>>>>>>>>>>>>
14:24:59   binary cross entropy: 0.558058
14:25:08   >>>>>>>>>>>>>>>>>>>>>>>>>>>>>>
14:25:08   binary cross entropy: 0.508818
14:25:18   >>>>>>>>>>>>>>>>>>>>>>>>>>>>>>
14:25:18   binary cross entropy: 0.608976
14:25:27   >>>>>>>>>>>>>>>>>>>>>>>>>>>>>>
14:25:27   binary cross entropy: 0.611541
14:25:36   >>>>>>>>>>>>>>>>>>>>>>>>>>>>>>
14:25:36   binary cross entropy: 0.529656
14:25:46   >>>>>>>>>>>>>>>>>>>>>>>>>>>>>>
14:25:46   binary cross entropy: 0.603391
14:25:55   >>>>>>>>>>>>>>>>>>>>>>>>>>>>>>
14:25:55   binary cross entropy: 0.620597
14:26:04   >>>>>>>>>>>>>>>>>>>>>>>>>>>>>>
14:26:04   binary cross entropy: 0.658201
14:26:14   >>>>>>>>>>>>>>>>>>>>>>>>>>>>>>
14:26:14   binary cross entropy: 0.610612
14:26:23   >>>>>>>>>>>>>>>>>>>>>>>>>>>>>>
14:26:23   binary cross entropy: 0.688576
14:26:32   >>>>>>>>>>>>>>>>>>>>>>>>>>>>>>
14:26:32   binary cross entropy: 0.798756
14:26:42   >>>>>>>>>>>>>>>>>>>>>>>>>>>>>>
14:26:42   binary cross entropy: 0.624347
14:26:51   >>>>>>>>>>>>>>>>>>>>>>>>>>>>>>
14:26:51   binary cross entropy: 0.568078
14:27:00   >>>>>>>>>>>>>>>>>>>>>>>>>>>>>>
14:27:01   binary cross entropy: 0.646268
14:27:10   >>>>>>>>>>>>>>>>>>>>>>>>>>>>>>
14:27:10   binary cross entropy: 0.594048
14:27:19   >>>>>>>>>>>>>>>>>>>>>>>>>>>>>>
14:27:19   binary cross entropy: 0.587445
14:27:29   >>>>>>>>>>>>>>>>>>>>>>>>>>>>>>
14:27:29   binary cross entropy: 0.549771
14:27:38   >>>>>>>>>>>>>>>>>>>>>>>>>>>>>>
14:27:38   binary cross entropy: 0.568837
14:27:47   >>>>>>>>>>>>>>>>>>>>>>>>>>>>>>
14:27:47   binary cross entropy: 0.576563
14:27:57   >>>>>>>>>>>>>>>>>>>>>>>>>>>>>>
14:27:57   binary cross entropy: 0.612463
14:28:06   >>>>>>>>>>>>>>>>>>>>>>>>>>>>>>
14:28:06   binary cross entropy: 0.635537
14:28:15   >>>>>>>>>>>>>>>>>>>>>>>>>>>>>>
14:28:15   binary cross entropy: 0.545032
14:28:25   >>>>>>>>>>>>>>>>>>>>>>>>>>>>>>
14:28:25   binary cross entropy: 0.612469
14:28:34   >>>>>>>>>>>>>>>>>>>>>>>>>>>>>>
14:28:34   binary cross entropy: 0.596925
14:28:43   >>>>>>>>>>>>>>>>>>>>>>>>>>>>>>
14:28:43   binary cross entropy: 0.571657
14:28:53   >>>>>>>>>>>>>>>>>>>>>>>>>>>>>>
14:28:53   binary cross entropy: 0.530021
14:29:02   >>>>>>>>>>>>>>>>>>>>>>>>>>>>>>
14:29:02   binary cross entropy: 0.617772
14:29:11   >>>>>>>>>>>>>>>>>>>>>>>>>>>>>>
14:29:11   binary cross entropy: 0.638777
14:29:21   >>>>>>>>>>>>>>>>>>>>>>>>>>>>>>
14:29:21   binary cross entropy: 0.620393
14:29:30   >>>>>>>>>>>>>>>>>>>>>>>>>>>>>>
14:29:30   binary cross entropy: 0.727648
14:29:39   >>>>>>>>>>>>>>>>>>>>>>>>>>>>>>
14:29:40   binary cross entropy: 0.576911
14:29:49   >>>>>>>>>>>>>>>>>>>>>>>>>>>>>>
14:29:49   binary cross entropy: 0.629277
14:29:58   >>>>>>>>>>>>>>>>>>>>>>>>>>>>>>
14:29:58   binary cross entropy: 0.795015
14:30:08   >>>>>>>>>>>>>>>>>>>>>>>>>>>>>>
14:30:08   binary cross entropy: 0.636698
14:30:17   >>>>>>>>>>>>>>>>>>>>>>>>>>>>>>
14:30:17   binary cross entropy: 0.663713
14:30:26   >>>>>>>>>>>>>>>>>>>>>>>>>>>>>>
14:30:26   binary cross entropy: 0.554172
14:30:36   >>>>>>>>>>>>>>>>>>>>>>>>>>>>>>
14:30:36   binary cross entropy: 0.595182
14:30:45   >>>>>>>>>>>>>>>>>>>>>>>>>>>>>>
14:30:45   binary cross entropy: 0.621415
14:30:55   >>>>>>>>>>>>>>>>>>>>>>>>>>>>>>
14:30:55   binary cross entropy: 0.640536
14:31:04   >>>>>>>>>>>>>>>>>>>>>>>>>>>>>>
14:31:04   binary cross entropy: 0.560619
14:31:13   >>>>>>>>>>>>>>>>>>>>>>>>>>>>>>
14:31:13   binary cross entropy: 0.609131
14:31:23   >>>>>>>>>>>>>>>>>>>>>>>>>>>>>>
14:31:23   binary cross entropy: 0.583536
14:31:32   >>>>>>>>>>>>>>>>>>>>>>>>>>>>>>
14:31:32   binary cross entropy: 0.552717
14:31:41   >>>>>>>>>>>>>>>>>>>>>>>>>>>>>>
14:31:41   binary cross entropy: 0.679744
14:31:51   >>>>>>>>>>>>>>>>>>>>>>>>>>>>>>
14:31:51   binary cross entropy: 0.682535
14:32:00   >>>>>>>>>>>>>>>>>>>>>>>>>>>>>>
14:32:00   binary cross entropy: 0.599805
14:32:09   >>>>>>>>>>>>>>>>>>>>>>>>>>>>>>
14:32:09   binary cross entropy: 0.545257
14:32:19   >>>>>>>>>>>>>>>>>>>>>>>>>>>>>>
14:32:19   binary cross entropy: 0.557522
14:32:28   >>>>>>>>>>>>>>>>>>>>>>>>>>>>>>
14:32:28   binary cross entropy: 0.577592
14:32:38   >>>>>>>>>>>>>>>>>>>>>>>>>>>>>>
14:32:38   binary cross entropy: 0.649427
14:32:47   >>>>>>>>>>>>>>>>>>>>>>>>>>>>>>
14:32:47   binary cross entropy: 0.81089
14:32:56   >>>>>>>>>>>>>>>>>>>>>>>>>>>>>>
14:32:56   binary cross entropy: 0.651499
14:33:06   >>>>>>>>>>>>>>>>>>>>>>>>>>>>>>
14:33:06   binary cross entropy: 0.661473
14:33:15   >>>>>>>>>>>>>>>>>>>>>>>>>>>>>>
14:33:15   binary cross entropy: 0.619524
14:33:24   >>>>>>>>>>>>>>>>>>>>>>>>>>>>>>
14:33:24   binary cross entropy: 0.584555
14:33:34   >>>>>>>>>>>>>>>>>>>>>>>>>>>>>>
14:33:34   binary cross entropy: 0.638184
14:33:43   >>>>>>>>>>>>>>>>>>>>>>>>>>>>>>
14:33:43   binary cross entropy: 0.728252
14:33:52   >>>>>>>>>>>>>>>>>>>>>>>>>>>>>>
14:33:52   Epoch 7 end
14:33:52   ------------------------------
14:33:52   average binary cross entropy: 0.621447
14:33:52   Save checkpoint to model_epoch_8.pth
14:33:52   >>>>>>>>>>>>>>>>>>>>>>>>>>>>>>
14:33:52   Evaluate on valid
14:34:43   mr: 118.903
14:34:43   mrr: 0.0945967
14:34:43   hits@1: 0.0393125
14:34:43   hits@3: 0.088
14:34:43   hits@10: 0.199313
14:34:43   >>>>>>>>>>>>>>>>>>>>>>>>>>>>>>
14:34:43   Epoch 8 begin
14:34:43   >>>>>>>>>>>>>>>>>>>>>>>>>>>>>>
14:34:43   binary cross entropy: 0.618411
14:34:52   >>>>>>>>>>>>>>>>>>>>>>>>>>>>>>
14:34:52   binary cross entropy: 0.636393
14:35:02   >>>>>>>>>>>>>>>>>>>>>>>>>>>>>>
14:35:02   binary cross entropy: 0.658249
14:35:11   >>>>>>>>>>>>>>>>>>>>>>>>>>>>>>
14:35:11   binary cross entropy: 0.539974
14:35:21   >>>>>>>>>>>>>>>>>>>>>>>>>>>>>>
14:35:21   binary cross entropy: 0.67487
14:35:30   >>>>>>>>>>>>>>>>>>>>>>>>>>>>>>
14:35:30   binary cross entropy: 0.757363
14:35:40   >>>>>>>>>>>>>>>>>>>>>>>>>>>>>>
14:35:40   binary cross entropy: 0.648391
14:35:49   >>>>>>>>>>>>>>>>>>>>>>>>>>>>>>
14:35:49   binary cross entropy: 0.621096
14:35:59   >>>>>>>>>>>>>>>>>>>>>>>>>>>>>>
14:35:59   binary cross entropy: 0.617492
14:36:08   >>>>>>>>>>>>>>>>>>>>>>>>>>>>>>
14:36:08   binary cross entropy: 0.619272
14:36:18   >>>>>>>>>>>>>>>>>>>>>>>>>>>>>>
14:36:18   binary cross entropy: 0.600053
14:36:27   >>>>>>>>>>>>>>>>>>>>>>>>>>>>>>
14:36:27   binary cross entropy: 0.58621
14:36:37   >>>>>>>>>>>>>>>>>>>>>>>>>>>>>>
14:36:37   binary cross entropy: 0.631101
14:36:46   >>>>>>>>>>>>>>>>>>>>>>>>>>>>>>
14:36:46   binary cross entropy: 0.664029
14:36:56   >>>>>>>>>>>>>>>>>>>>>>>>>>>>>>
14:36:56   binary cross entropy: 0.620937
14:37:05   >>>>>>>>>>>>>>>>>>>>>>>>>>>>>>
14:37:05   binary cross entropy: 0.738362
14:37:15   >>>>>>>>>>>>>>>>>>>>>>>>>>>>>>
14:37:15   binary cross entropy: 0.591812
14:37:24   >>>>>>>>>>>>>>>>>>>>>>>>>>>>>>
14:37:24   binary cross entropy: 0.5792
14:37:34   >>>>>>>>>>>>>>>>>>>>>>>>>>>>>>
14:37:34   binary cross entropy: 0.609977
14:37:43   >>>>>>>>>>>>>>>>>>>>>>>>>>>>>>
14:37:43   binary cross entropy: 0.62098
14:37:53   >>>>>>>>>>>>>>>>>>>>>>>>>>>>>>
14:37:53   binary cross entropy: 0.647849
14:38:02   >>>>>>>>>>>>>>>>>>>>>>>>>>>>>>
14:38:02   binary cross entropy: 0.633978
14:38:12   >>>>>>>>>>>>>>>>>>>>>>>>>>>>>>
14:38:12   binary cross entropy: 0.55639
14:38:21   >>>>>>>>>>>>>>>>>>>>>>>>>>>>>>
14:38:21   binary cross entropy: 0.673287
14:38:31   >>>>>>>>>>>>>>>>>>>>>>>>>>>>>>
14:38:31   binary cross entropy: 0.603084
14:38:40   >>>>>>>>>>>>>>>>>>>>>>>>>>>>>>
14:38:40   binary cross entropy: 0.653388
14:38:50   >>>>>>>>>>>>>>>>>>>>>>>>>>>>>>
14:38:50   binary cross entropy: 0.611292
14:38:59   >>>>>>>>>>>>>>>>>>>>>>>>>>>>>>
14:38:59   binary cross entropy: 0.595948
14:39:09   >>>>>>>>>>>>>>>>>>>>>>>>>>>>>>
14:39:09   binary cross entropy: 0.569843
14:39:18   >>>>>>>>>>>>>>>>>>>>>>>>>>>>>>
14:39:19   binary cross entropy: 0.553309
14:39:28   >>>>>>>>>>>>>>>>>>>>>>>>>>>>>>
14:39:28   binary cross entropy: 0.723902
14:39:38   >>>>>>>>>>>>>>>>>>>>>>>>>>>>>>
14:39:38   binary cross entropy: 0.62878
14:39:47   >>>>>>>>>>>>>>>>>>>>>>>>>>>>>>
14:39:47   binary cross entropy: 0.606763
14:39:57   >>>>>>>>>>>>>>>>>>>>>>>>>>>>>>
14:39:57   binary cross entropy: 0.698719
14:40:06   >>>>>>>>>>>>>>>>>>>>>>>>>>>>>>
14:40:06   binary cross entropy: 0.593444
14:40:16   >>>>>>>>>>>>>>>>>>>>>>>>>>>>>>
14:40:16   binary cross entropy: 0.625374
14:40:25   >>>>>>>>>>>>>>>>>>>>>>>>>>>>>>
14:40:25   binary cross entropy: 0.61728
14:40:35   >>>>>>>>>>>>>>>>>>>>>>>>>>>>>>
14:40:35   binary cross entropy: 0.59942
14:40:44   >>>>>>>>>>>>>>>>>>>>>>>>>>>>>>
14:40:44   binary cross entropy: 0.64668
14:40:54   >>>>>>>>>>>>>>>>>>>>>>>>>>>>>>
14:40:54   binary cross entropy: 0.588679
14:41:03   >>>>>>>>>>>>>>>>>>>>>>>>>>>>>>
14:41:03   binary cross entropy: 0.649543
14:41:13   >>>>>>>>>>>>>>>>>>>>>>>>>>>>>>
14:41:13   binary cross entropy: 0.610459
14:41:22   >>>>>>>>>>>>>>>>>>>>>>>>>>>>>>
14:41:22   binary cross entropy: 0.647594
14:41:32   >>>>>>>>>>>>>>>>>>>>>>>>>>>>>>
14:41:32   binary cross entropy: 0.597342
14:41:41   >>>>>>>>>>>>>>>>>>>>>>>>>>>>>>
14:41:41   binary cross entropy: 0.591015
14:41:51   >>>>>>>>>>>>>>>>>>>>>>>>>>>>>>
14:41:51   binary cross entropy: 0.586289
14:42:00   >>>>>>>>>>>>>>>>>>>>>>>>>>>>>>
14:42:00   binary cross entropy: 0.749793
14:42:10   >>>>>>>>>>>>>>>>>>>>>>>>>>>>>>
14:42:10   binary cross entropy: 0.693479
14:42:19   >>>>>>>>>>>>>>>>>>>>>>>>>>>>>>
14:42:19   binary cross entropy: 0.584795
14:42:29   >>>>>>>>>>>>>>>>>>>>>>>>>>>>>>
14:42:29   binary cross entropy: 0.532708
14:42:38   >>>>>>>>>>>>>>>>>>>>>>>>>>>>>>
14:42:38   binary cross entropy: 0.616469
14:42:48   >>>>>>>>>>>>>>>>>>>>>>>>>>>>>>
14:42:48   binary cross entropy: 0.553766
14:42:57   >>>>>>>>>>>>>>>>>>>>>>>>>>>>>>
14:42:57   binary cross entropy: 0.686913
14:43:07   >>>>>>>>>>>>>>>>>>>>>>>>>>>>>>
14:43:07   binary cross entropy: 0.635453
14:43:16   >>>>>>>>>>>>>>>>>>>>>>>>>>>>>>
14:43:16   binary cross entropy: 0.631198
14:43:26   >>>>>>>>>>>>>>>>>>>>>>>>>>>>>>
14:43:26   binary cross entropy: 0.623194
14:43:35   >>>>>>>>>>>>>>>>>>>>>>>>>>>>>>
14:43:35   binary cross entropy: 0.538472
14:43:45   >>>>>>>>>>>>>>>>>>>>>>>>>>>>>>
14:43:45   binary cross entropy: 0.596545
14:43:54   >>>>>>>>>>>>>>>>>>>>>>>>>>>>>>
14:43:54   binary cross entropy: 0.537805
14:44:04   >>>>>>>>>>>>>>>>>>>>>>>>>>>>>>
14:44:04   binary cross entropy: 0.651535
14:44:13   >>>>>>>>>>>>>>>>>>>>>>>>>>>>>>
14:44:13   binary cross entropy: 0.695245
14:44:23   >>>>>>>>>>>>>>>>>>>>>>>>>>>>>>
14:44:23   binary cross entropy: 0.670782
14:44:32   >>>>>>>>>>>>>>>>>>>>>>>>>>>>>>
14:44:32   binary cross entropy: 0.614948
14:44:42   >>>>>>>>>>>>>>>>>>>>>>>>>>>>>>
14:44:42   binary cross entropy: 0.653765
14:44:51   >>>>>>>>>>>>>>>>>>>>>>>>>>>>>>
14:44:51   binary cross entropy: 0.59765
14:45:00   >>>>>>>>>>>>>>>>>>>>>>>>>>>>>>
14:45:01   binary cross entropy: 0.618473
14:45:10   >>>>>>>>>>>>>>>>>>>>>>>>>>>>>>
14:45:10   binary cross entropy: 0.696834
14:45:19   >>>>>>>>>>>>>>>>>>>>>>>>>>>>>>
14:45:20   binary cross entropy: 0.68883
14:45:29   >>>>>>>>>>>>>>>>>>>>>>>>>>>>>>
14:45:29   binary cross entropy: 0.605845
14:45:38   >>>>>>>>>>>>>>>>>>>>>>>>>>>>>>
14:45:39   binary cross entropy: 0.567628
14:45:48   >>>>>>>>>>>>>>>>>>>>>>>>>>>>>>
14:45:48   binary cross entropy: 0.733562
14:45:57   >>>>>>>>>>>>>>>>>>>>>>>>>>>>>>
14:45:57   binary cross entropy: 0.695651
14:46:07   >>>>>>>>>>>>>>>>>>>>>>>>>>>>>>
14:46:07   binary cross entropy: 0.563558
14:46:16   >>>>>>>>>>>>>>>>>>>>>>>>>>>>>>
14:46:17   binary cross entropy: 0.553749
14:46:26   >>>>>>>>>>>>>>>>>>>>>>>>>>>>>>
14:46:26   binary cross entropy: 0.868242
14:46:35   >>>>>>>>>>>>>>>>>>>>>>>>>>>>>>
14:46:35   binary cross entropy: 0.772505
14:46:45   >>>>>>>>>>>>>>>>>>>>>>>>>>>>>>
14:46:45   binary cross entropy: 0.5974
14:46:54   >>>>>>>>>>>>>>>>>>>>>>>>>>>>>>
14:46:54   binary cross entropy: 0.604701
14:47:04   >>>>>>>>>>>>>>>>>>>>>>>>>>>>>>
14:47:04   binary cross entropy: 0.643556
14:47:13   >>>>>>>>>>>>>>>>>>>>>>>>>>>>>>
14:47:13   binary cross entropy: 0.657348
14:47:23   >>>>>>>>>>>>>>>>>>>>>>>>>>>>>>
14:47:23   Epoch 8 end
14:47:23   ------------------------------
14:47:23   average binary cross entropy: 0.621476
14:47:23   Save checkpoint to model_epoch_9.pth
14:47:23   >>>>>>>>>>>>>>>>>>>>>>>>>>>>>>
14:47:23   Evaluate on valid
14:48:13   mr: 118.457
14:48:13   mrr: 0.0942219
14:48:13   hits@1: 0.0381875
14:48:13   hits@3: 0.0880625
14:48:13   hits@10: 0.19825
14:48:13   >>>>>>>>>>>>>>>>>>>>>>>>>>>>>>
14:48:13   Epoch 9 begin
14:48:13   >>>>>>>>>>>>>>>>>>>>>>>>>>>>>>
14:48:13   binary cross entropy: 0.639953
14:48:23   >>>>>>>>>>>>>>>>>>>>>>>>>>>>>>
14:48:23   binary cross entropy: 0.584888
14:48:32   >>>>>>>>>>>>>>>>>>>>>>>>>>>>>>
14:48:32   binary cross entropy: 0.538729
14:48:42   >>>>>>>>>>>>>>>>>>>>>>>>>>>>>>
14:48:42   binary cross entropy: 0.544346
14:48:51   >>>>>>>>>>>>>>>>>>>>>>>>>>>>>>
14:48:51   binary cross entropy: 0.645507
14:49:01   >>>>>>>>>>>>>>>>>>>>>>>>>>>>>>
14:49:01   binary cross entropy: 0.671083
14:49:10   >>>>>>>>>>>>>>>>>>>>>>>>>>>>>>
14:49:10   binary cross entropy: 0.574515
14:49:19   >>>>>>>>>>>>>>>>>>>>>>>>>>>>>>
14:49:20   binary cross entropy: 0.503068
14:49:29   >>>>>>>>>>>>>>>>>>>>>>>>>>>>>>
14:49:29   binary cross entropy: 0.654938
14:49:38   >>>>>>>>>>>>>>>>>>>>>>>>>>>>>>
14:49:38   binary cross entropy: 0.510149
14:49:48   >>>>>>>>>>>>>>>>>>>>>>>>>>>>>>
14:49:48   binary cross entropy: 0.553149
14:49:57   >>>>>>>>>>>>>>>>>>>>>>>>>>>>>>
14:49:57   binary cross entropy: 0.586421
14:50:07   >>>>>>>>>>>>>>>>>>>>>>>>>>>>>>
14:50:07   binary cross entropy: 0.59519
14:50:16   >>>>>>>>>>>>>>>>>>>>>>>>>>>>>>
14:50:16   binary cross entropy: 0.674365
14:50:25   >>>>>>>>>>>>>>>>>>>>>>>>>>>>>>
14:50:25   binary cross entropy: 0.680226
14:50:35   >>>>>>>>>>>>>>>>>>>>>>>>>>>>>>
14:50:35   binary cross entropy: 0.659993
14:50:44   >>>>>>>>>>>>>>>>>>>>>>>>>>>>>>
14:50:44   binary cross entropy: 0.594101
14:50:54   >>>>>>>>>>>>>>>>>>>>>>>>>>>>>>
14:50:54   binary cross entropy: 0.568979
14:51:03   >>>>>>>>>>>>>>>>>>>>>>>>>>>>>>
14:51:03   binary cross entropy: 0.604377
14:51:13   >>>>>>>>>>>>>>>>>>>>>>>>>>>>>>
14:51:13   binary cross entropy: 0.635694
14:51:22   >>>>>>>>>>>>>>>>>>>>>>>>>>>>>>
14:51:22   binary cross entropy: 0.71596
14:51:32   >>>>>>>>>>>>>>>>>>>>>>>>>>>>>>
14:51:32   binary cross entropy: 0.642504
14:51:41   >>>>>>>>>>>>>>>>>>>>>>>>>>>>>>
14:51:41   binary cross entropy: 0.659414
14:51:50   >>>>>>>>>>>>>>>>>>>>>>>>>>>>>>
14:51:50   binary cross entropy: 0.632344
14:52:00   >>>>>>>>>>>>>>>>>>>>>>>>>>>>>>
14:52:00   binary cross entropy: 0.591508
14:52:09   >>>>>>>>>>>>>>>>>>>>>>>>>>>>>>
14:52:09   binary cross entropy: 0.614756
14:52:19   >>>>>>>>>>>>>>>>>>>>>>>>>>>>>>
14:52:19   binary cross entropy: 0.593468
14:52:28   >>>>>>>>>>>>>>>>>>>>>>>>>>>>>>
14:52:28   binary cross entropy: 0.624226
14:52:37   >>>>>>>>>>>>>>>>>>>>>>>>>>>>>>
14:52:38   binary cross entropy: 0.56875
14:52:47   >>>>>>>>>>>>>>>>>>>>>>>>>>>>>>
14:52:47   binary cross entropy: 0.677894
14:52:56   >>>>>>>>>>>>>>>>>>>>>>>>>>>>>>
14:52:56   binary cross entropy: 0.551497
14:53:06   >>>>>>>>>>>>>>>>>>>>>>>>>>>>>>
14:53:06   binary cross entropy: 0.631273
14:53:15   >>>>>>>>>>>>>>>>>>>>>>>>>>>>>>
14:53:15   binary cross entropy: 0.704724
14:53:25   >>>>>>>>>>>>>>>>>>>>>>>>>>>>>>
14:53:25   binary cross entropy: 0.707503
14:53:34   >>>>>>>>>>>>>>>>>>>>>>>>>>>>>>
14:53:34   binary cross entropy: 0.60626
14:53:43   >>>>>>>>>>>>>>>>>>>>>>>>>>>>>>
14:53:43   binary cross entropy: 0.573016
14:53:53   >>>>>>>>>>>>>>>>>>>>>>>>>>>>>>
14:53:53   binary cross entropy: 0.501705
14:54:02   >>>>>>>>>>>>>>>>>>>>>>>>>>>>>>
14:54:02   binary cross entropy: 0.661701
14:54:12   >>>>>>>>>>>>>>>>>>>>>>>>>>>>>>
14:54:12   binary cross entropy: 0.598394
14:54:21   >>>>>>>>>>>>>>>>>>>>>>>>>>>>>>
14:54:21   binary cross entropy: 0.58287
14:54:31   >>>>>>>>>>>>>>>>>>>>>>>>>>>>>>
14:54:31   binary cross entropy: 0.726231
14:54:40   >>>>>>>>>>>>>>>>>>>>>>>>>>>>>>
14:54:40   binary cross entropy: 0.72192
14:54:49   >>>>>>>>>>>>>>>>>>>>>>>>>>>>>>
14:54:49   binary cross entropy: 0.631883
14:54:59   >>>>>>>>>>>>>>>>>>>>>>>>>>>>>>
14:54:59   binary cross entropy: 0.534661
14:55:08   >>>>>>>>>>>>>>>>>>>>>>>>>>>>>>
14:55:08   binary cross entropy: 0.640845
14:55:18   >>>>>>>>>>>>>>>>>>>>>>>>>>>>>>
14:55:18   binary cross entropy: 0.612029
14:55:27   >>>>>>>>>>>>>>>>>>>>>>>>>>>>>>
14:55:27   binary cross entropy: 0.620021
14:55:37   >>>>>>>>>>>>>>>>>>>>>>>>>>>>>>
14:55:37   binary cross entropy: 0.615744
14:55:46   >>>>>>>>>>>>>>>>>>>>>>>>>>>>>>
14:55:46   binary cross entropy: 0.573555
14:55:55   >>>>>>>>>>>>>>>>>>>>>>>>>>>>>>
14:55:55   binary cross entropy: 0.678328
14:56:05   >>>>>>>>>>>>>>>>>>>>>>>>>>>>>>
14:56:05   binary cross entropy: 0.601221
14:56:14   >>>>>>>>>>>>>>>>>>>>>>>>>>>>>>
14:56:14   binary cross entropy: 0.665782
14:56:24   >>>>>>>>>>>>>>>>>>>>>>>>>>>>>>
14:56:24   binary cross entropy: 0.638692
14:56:33   >>>>>>>>>>>>>>>>>>>>>>>>>>>>>>
14:56:33   binary cross entropy: 0.691318
14:56:42   >>>>>>>>>>>>>>>>>>>>>>>>>>>>>>
14:56:43   binary cross entropy: 0.591392
14:56:52   >>>>>>>>>>>>>>>>>>>>>>>>>>>>>>
14:56:52   binary cross entropy: 0.637615
14:57:01   >>>>>>>>>>>>>>>>>>>>>>>>>>>>>>
14:57:01   binary cross entropy: 0.60329
14:57:11   >>>>>>>>>>>>>>>>>>>>>>>>>>>>>>
14:57:11   binary cross entropy: 0.527368
14:57:20   >>>>>>>>>>>>>>>>>>>>>>>>>>>>>>
14:57:20   binary cross entropy: 0.532431
14:57:30   >>>>>>>>>>>>>>>>>>>>>>>>>>>>>>
14:57:30   binary cross entropy: 0.563112
14:57:39   >>>>>>>>>>>>>>>>>>>>>>>>>>>>>>
14:57:39   binary cross entropy: 0.636804
14:57:49   >>>>>>>>>>>>>>>>>>>>>>>>>>>>>>
14:57:49   binary cross entropy: 0.609275
14:57:58   >>>>>>>>>>>>>>>>>>>>>>>>>>>>>>
14:57:58   binary cross entropy: 0.643312
14:58:07   >>>>>>>>>>>>>>>>>>>>>>>>>>>>>>
14:58:07   binary cross entropy: 0.630834
14:58:17   >>>>>>>>>>>>>>>>>>>>>>>>>>>>>>
14:58:17   binary cross entropy: 0.541757
14:58:26   >>>>>>>>>>>>>>>>>>>>>>>>>>>>>>
14:58:26   binary cross entropy: 0.619104
14:58:36   >>>>>>>>>>>>>>>>>>>>>>>>>>>>>>
14:58:36   binary cross entropy: 0.566963
14:58:45   >>>>>>>>>>>>>>>>>>>>>>>>>>>>>>
14:58:45   binary cross entropy: 0.597277
14:58:55   >>>>>>>>>>>>>>>>>>>>>>>>>>>>>>
14:58:55   binary cross entropy: 0.650022
14:59:04   >>>>>>>>>>>>>>>>>>>>>>>>>>>>>>
14:59:04   binary cross entropy: 0.631487
14:59:13   >>>>>>>>>>>>>>>>>>>>>>>>>>>>>>
14:59:13   binary cross entropy: 0.660176
14:59:23   >>>>>>>>>>>>>>>>>>>>>>>>>>>>>>
14:59:23   binary cross entropy: 0.596073
14:59:32   >>>>>>>>>>>>>>>>>>>>>>>>>>>>>>
14:59:32   binary cross entropy: 0.577517
14:59:42   >>>>>>>>>>>>>>>>>>>>>>>>>>>>>>
14:59:42   binary cross entropy: 0.590441
14:59:51   >>>>>>>>>>>>>>>>>>>>>>>>>>>>>>
14:59:51   binary cross entropy: 0.676577
15:00:01   >>>>>>>>>>>>>>>>>>>>>>>>>>>>>>
15:00:01   binary cross entropy: 0.586788
15:00:10   >>>>>>>>>>>>>>>>>>>>>>>>>>>>>>
15:00:10   binary cross entropy: 0.631941
15:00:19   >>>>>>>>>>>>>>>>>>>>>>>>>>>>>>
15:00:19   binary cross entropy: 0.676053
15:00:29   >>>>>>>>>>>>>>>>>>>>>>>>>>>>>>
15:00:29   binary cross entropy: 0.644748
15:00:38   >>>>>>>>>>>>>>>>>>>>>>>>>>>>>>
15:00:38   binary cross entropy: 0.654166
15:00:48   >>>>>>>>>>>>>>>>>>>>>>>>>>>>>>
15:00:48   Epoch 9 end
15:00:48   ------------------------------
15:00:48   average binary cross entropy: 0.621494
15:00:48   Save checkpoint to model_epoch_10.pth
15:00:48   >>>>>>>>>>>>>>>>>>>>>>>>>>>>>>
15:00:48   Evaluate on valid
15:01:38   mr: 118.414
15:01:38   mrr: 0.0944179
15:01:38   hits@1: 0.0388125
15:01:38   hits@3: 0.088625
15:01:38   hits@10: 0.197625
15:01:38   Load checkpoint from model_epoch_8.pth
15:01:38   >>>>>>>>>>>>>>>>>>>>>>>>>>>>>>
15:01:38   Evaluate on valid
15:02:28   mr: 118.903
15:02:28   mrr: 0.0945967
15:02:28   hits@1: 0.0393125
15:02:28   hits@3: 0.088
15:02:28   hits@10: 0.199313
15:02:28   >>>>>>>>>>>>>>>>>>>>>>>>>>>>>>
15:02:28   Evaluate on test
15:03:19   mr: 115.636
15:03:19   mrr: 0.0960474
15:03:19   hits@1: 0.039875
15:03:19   hits@3: 0.0900625
15:03:19   hits@10: 0.1975
