/itet-stor/trachsele/net_scratch/conda/lib/python3.12/site-packages/conda/base/context.py:982: FutureWarning: Adding 'defaults' to the channel list implicitly is deprecated and will be removed in 25.3. 

To remove this warning, please choose a default channel explicitly via 'conda config --add channels <name>', e.g. 'conda config --add channels defaults'.
  deprecated.topic(
15:20:44   Random seed: 1024
15:20:44   Config file: config/recommender/first_steps.yaml
15:20:44   {'checkpoint': None,
 'dataset': {'class': 'MovieLens100k', 'root': '~/git/ULTRA/kg-datasets/'},
 'model': {'class': 'Ultra',
           'entity_model': {'aggregate_func': 'sum',
                            'class': 'EntityNBFNet',
                            'hidden_dims': [32, 32, 32, 32, 32],
                            'input_dim': 32,
                            'input_emb_dim': 16,
                            'input_rel_dim': 16,
                            'layer_norm': True,
                            'message_func': 'distmult',
                            'short_cut': True},
           'relation_model': {'aggregate_func': 'sum',
                              'class': 'RelNBFNet',
                              'hidden_dims': [16, 16, 16, 16],
                              'input_dim': 16,
                              'layer_norm': True,
                              'message_func': 'distmult',
                              'short_cut': True}},
 'optimizer': {'class': 'AdamW', 'lr': 0.0005},
 'output_dir': '~/git/ULTRA/output',
 'task': {'adversarial_temperature': 1,
          'metric': ['mr', 'mrr', 'hits@1', 'hits@3', 'hits@10'],
          'name': 'TransductiveInference',
          'num_negative': 256,
          'strict_negative': True},
 'train': {'batch_per_epoch': 8000,
           'batch_size': 8,
           'gpus': [0],
           'log_interval': 100,
           'num_epoch': 10}}
wandb: Using wandb-core as the SDK backend. Please refer to https://wandb.me/wandb-core for more information.
wandb: Currently logged in as: pitri (pitri-eth-z-rich). Use `wandb login --relogin` to force relogin
wandb: Tracking run with wandb version 0.18.5
wandb: Run data is saved locally in /home/trachsele/git/ULTRA/output/Ultra/MovieLens100k/2024-10-25-15-20-44/wandb/run-20241025_152045-vfafj9nf
wandb: Run `wandb offline` to turn off syncing.
wandb: Syncing run run-MovieLens100k-2024-10-25_15-20
wandb: ⭐️ View project at https://wandb.ai/pitri-eth-z-rich/tl4rec
wandb: 🚀 View run at https://wandb.ai/pitri-eth-z-rich/tl4rec/runs/vfafj9nf
/usr/itetnas04/data-scratch-01/trachsele/data/tl4rec/ultra/tasks.py:194: UserWarning: Sparse CSR tensor support is in beta state. If you miss a functionality in the sparse tensor support, please submit a feature request to https://github.com/pytorch/pytorch/issues. (Triggered internally at /opt/conda/conda-bld/pytorch_1695392022560/work/aten/src/ATen/SparseCsrTensorImpl.cpp:53.)
  Ahh = torch.sparse.mm(EhT, Eh).coalesce()
15:20:48   MovieLens100k dataset
15:20:48   #train: 64000, #valid: 8000, #test: 8000
15:20:49   ------------------------------
15:20:49   Number of parameters: 26689
15:20:49   >>>>>>>>>>>>>>>>>>>>>>>>>>>>>>
15:20:49   Epoch 0 begin
/opt/conda/conda-bld/pytorch_1695392022560/work/aten/src/ATen/native/cuda/IndexKernel.cu:92: operator(): block: [468,0,0], thread: [68,0,0] Assertion `-sizes[i] <= index && index < sizes[i] && "index out of bounds"` failed.
/opt/conda/conda-bld/pytorch_1695392022560/work/aten/src/ATen/native/cuda/IndexKernel.cu:92: operator(): block: [468,0,0], thread: [69,0,0] Assertion `-sizes[i] <= index && index < sizes[i] && "index out of bounds"` failed.
/opt/conda/conda-bld/pytorch_1695392022560/work/aten/src/ATen/native/cuda/IndexKernel.cu:92: operator(): block: [468,0,0], thread: [70,0,0] Assertion `-sizes[i] <= index && index < sizes[i] && "index out of bounds"` failed.
/opt/conda/conda-bld/pytorch_1695392022560/work/aten/src/ATen/native/cuda/IndexKernel.cu:92: operator(): block: [360,0,0], thread: [71,0,0] Assertion `-sizes[i] <= index && index < sizes[i] && "index out of bounds"` failed.
/opt/conda/conda-bld/pytorch_1695392022560/work/aten/src/ATen/native/cuda/IndexKernel.cu:92: operator(): block: [360,0,0], thread: [72,0,0] Assertion `-sizes[i] <= index && index < sizes[i] && "index out of bounds"` failed.
/opt/conda/conda-bld/pytorch_1695392022560/work/aten/src/ATen/native/cuda/IndexKernel.cu:92: operator(): block: [360,0,0], thread: [73,0,0] Assertion `-sizes[i] <= index && index < sizes[i] && "index out of bounds"` failed.
/opt/conda/conda-bld/pytorch_1695392022560/work/aten/src/ATen/native/cuda/IndexKernel.cu:92: operator(): block: [360,0,0], thread: [74,0,0] Assertion `-sizes[i] <= index && index < sizes[i] && "index out of bounds"` failed.
/opt/conda/conda-bld/pytorch_1695392022560/work/aten/src/ATen/native/cuda/IndexKernel.cu:92: operator(): block: [270,0,0], thread: [4,0,0] Assertion `-sizes[i] <= index && index < sizes[i] && "index out of bounds"` failed.
/opt/conda/conda-bld/pytorch_1695392022560/work/aten/src/ATen/native/cuda/IndexKernel.cu:92: operator(): block: [270,0,0], thread: [5,0,0] Assertion `-sizes[i] <= index && index < sizes[i] && "index out of bounds"` failed.
/opt/conda/conda-bld/pytorch_1695392022560/work/aten/src/ATen/native/cuda/IndexKernel.cu:92: operator(): block: [270,0,0], thread: [6,0,0] Assertion `-sizes[i] <= index && index < sizes[i] && "index out of bounds"` failed.
/opt/conda/conda-bld/pytorch_1695392022560/work/aten/src/ATen/native/cuda/IndexKernel.cu:92: operator(): block: [300,0,0], thread: [0,0,0] Assertion `-sizes[i] <= index && index < sizes[i] && "index out of bounds"` failed.
/opt/conda/conda-bld/pytorch_1695392022560/work/aten/src/ATen/native/cuda/IndexKernel.cu:92: operator(): block: [300,0,0], thread: [1,0,0] Assertion `-sizes[i] <= index && index < sizes[i] && "index out of bounds"` failed.
/opt/conda/conda-bld/pytorch_1695392022560/work/aten/src/ATen/native/cuda/IndexKernel.cu:92: operator(): block: [300,0,0], thread: [2,0,0] Assertion `-sizes[i] <= index && index < sizes[i] && "index out of bounds"` failed.
/opt/conda/conda-bld/pytorch_1695392022560/work/aten/src/ATen/native/cuda/IndexKernel.cu:92: operator(): block: [300,0,0], thread: [3,0,0] Assertion `-sizes[i] <= index && index < sizes[i] && "index out of bounds"` failed.
/opt/conda/conda-bld/pytorch_1695392022560/work/aten/src/ATen/native/cuda/IndexKernel.cu:92: operator(): block: [300,0,0], thread: [4,0,0] Assertion `-sizes[i] <= index && index < sizes[i] && "index out of bounds"` failed.
/opt/conda/conda-bld/pytorch_1695392022560/work/aten/src/ATen/native/cuda/IndexKernel.cu:92: operator(): block: [360,0,0], thread: [51,0,0] Assertion `-sizes[i] <= index && index < sizes[i] && "index out of bounds"` failed.
/opt/conda/conda-bld/pytorch_1695392022560/work/aten/src/ATen/native/cuda/IndexKernel.cu:92: operator(): block: [360,0,0], thread: [52,0,0] Assertion `-sizes[i] <= index && index < sizes[i] && "index out of bounds"` failed.
/opt/conda/conda-bld/pytorch_1695392022560/work/aten/src/ATen/native/cuda/IndexKernel.cu:92: operator(): block: [360,0,0], thread: [53,0,0] Assertion `-sizes[i] <= index && index < sizes[i] && "index out of bounds"` failed.
/opt/conda/conda-bld/pytorch_1695392022560/work/aten/src/ATen/native/cuda/IndexKernel.cu:92: operator(): block: [300,0,0], thread: [113,0,0] Assertion `-sizes[i] <= index && index < sizes[i] && "index out of bounds"` failed.
/opt/conda/conda-bld/pytorch_1695392022560/work/aten/src/ATen/native/cuda/IndexKernel.cu:92: operator(): block: [300,0,0], thread: [114,0,0] Assertion `-sizes[i] <= index && index < sizes[i] && "index out of bounds"` failed.
/opt/conda/conda-bld/pytorch_1695392022560/work/aten/src/ATen/native/cuda/IndexKernel.cu:92: operator(): block: [300,0,0], thread: [115,0,0] Assertion `-sizes[i] <= index && index < sizes[i] && "index out of bounds"` failed.
/opt/conda/conda-bld/pytorch_1695392022560/work/aten/src/ATen/native/cuda/IndexKernel.cu:92: operator(): block: [300,0,0], thread: [116,0,0] Assertion `-sizes[i] <= index && index < sizes[i] && "index out of bounds"` failed.
/opt/conda/conda-bld/pytorch_1695392022560/work/aten/src/ATen/native/cuda/IndexKernel.cu:92: operator(): block: [300,0,0], thread: [117,0,0] Assertion `-sizes[i] <= index && index < sizes[i] && "index out of bounds"` failed.
/opt/conda/conda-bld/pytorch_1695392022560/work/aten/src/ATen/native/cuda/IndexKernel.cu:92: operator(): block: [300,0,0], thread: [118,0,0] Assertion `-sizes[i] <= index && index < sizes[i] && "index out of bounds"` failed.
/opt/conda/conda-bld/pytorch_1695392022560/work/aten/src/ATen/native/cuda/IndexKernel.cu:92: operator(): block: [300,0,0], thread: [119,0,0] Assertion `-sizes[i] <= index && index < sizes[i] && "index out of bounds"` failed.
/opt/conda/conda-bld/pytorch_1695392022560/work/aten/src/ATen/native/cuda/IndexKernel.cu:92: operator(): block: [300,0,0], thread: [120,0,0] Assertion `-sizes[i] <= index && index < sizes[i] && "index out of bounds"` failed.
/opt/conda/conda-bld/pytorch_1695392022560/work/aten/src/ATen/native/cuda/IndexKernel.cu:92: operator(): block: [300,0,0], thread: [121,0,0] Assertion `-sizes[i] <= index && index < sizes[i] && "index out of bounds"` failed.
/opt/conda/conda-bld/pytorch_1695392022560/work/aten/src/ATen/native/cuda/IndexKernel.cu:92: operator(): block: [300,0,0], thread: [122,0,0] Assertion `-sizes[i] <= index && index < sizes[i] && "index out of bounds"` failed.
/opt/conda/conda-bld/pytorch_1695392022560/work/aten/src/ATen/native/cuda/IndexKernel.cu:92: operator(): block: [300,0,0], thread: [123,0,0] Assertion `-sizes[i] <= index && index < sizes[i] && "index out of bounds"` failed.
/opt/conda/conda-bld/pytorch_1695392022560/work/aten/src/ATen/native/cuda/IndexKernel.cu:92: operator(): block: [300,0,0], thread: [124,0,0] Assertion `-sizes[i] <= index && index < sizes[i] && "index out of bounds"` failed.
/opt/conda/conda-bld/pytorch_1695392022560/work/aten/src/ATen/native/cuda/IndexKernel.cu:92: operator(): block: [240,0,0], thread: [47,0,0] Assertion `-sizes[i] <= index && index < sizes[i] && "index out of bounds"` failed.
/opt/conda/conda-bld/pytorch_1695392022560/work/aten/src/ATen/native/cuda/IndexKernel.cu:92: operator(): block: [240,0,0], thread: [48,0,0] Assertion `-sizes[i] <= index && index < sizes[i] && "index out of bounds"` failed.
/opt/conda/conda-bld/pytorch_1695392022560/work/aten/src/ATen/native/cuda/IndexKernel.cu:92: operator(): block: [240,0,0], thread: [49,0,0] Assertion `-sizes[i] <= index && index < sizes[i] && "index out of bounds"` failed.
/opt/conda/conda-bld/pytorch_1695392022560/work/aten/src/ATen/native/cuda/IndexKernel.cu:92: operator(): block: [240,0,0], thread: [50,0,0] Assertion `-sizes[i] <= index && index < sizes[i] && "index out of bounds"` failed.
/opt/conda/conda-bld/pytorch_1695392022560/work/aten/src/ATen/native/cuda/IndexKernel.cu:92: operator(): block: [240,0,0], thread: [54,0,0] Assertion `-sizes[i] <= index && index < sizes[i] && "index out of bounds"` failed.
/opt/conda/conda-bld/pytorch_1695392022560/work/aten/src/ATen/native/cuda/IndexKernel.cu:92: operator(): block: [240,0,0], thread: [55,0,0] Assertion `-sizes[i] <= index && index < sizes[i] && "index out of bounds"` failed.
/opt/conda/conda-bld/pytorch_1695392022560/work/aten/src/ATen/native/cuda/IndexKernel.cu:92: operator(): block: [240,0,0], thread: [61,0,0] Assertion `-sizes[i] <= index && index < sizes[i] && "index out of bounds"` failed.
/opt/conda/conda-bld/pytorch_1695392022560/work/aten/src/ATen/native/cuda/IndexKernel.cu:92: operator(): block: [240,0,0], thread: [62,0,0] Assertion `-sizes[i] <= index && index < sizes[i] && "index out of bounds"` failed.
/opt/conda/conda-bld/pytorch_1695392022560/work/aten/src/ATen/native/cuda/IndexKernel.cu:92: operator(): block: [326,0,0], thread: [99,0,0] Assertion `-sizes[i] <= index && index < sizes[i] && "index out of bounds"` failed.
/opt/conda/conda-bld/pytorch_1695392022560/work/aten/src/ATen/native/cuda/IndexKernel.cu:92: operator(): block: [86,0,0], thread: [64,0,0] Assertion `-sizes[i] <= index && index < sizes[i] && "index out of bounds"` failed.
/opt/conda/conda-bld/pytorch_1695392022560/work/aten/src/ATen/native/cuda/IndexKernel.cu:92: operator(): block: [86,0,0], thread: [65,0,0] Assertion `-sizes[i] <= index && index < sizes[i] && "index out of bounds"` failed.
/opt/conda/conda-bld/pytorch_1695392022560/work/aten/src/ATen/native/cuda/IndexKernel.cu:92: operator(): block: [86,0,0], thread: [96,0,0] Assertion `-sizes[i] <= index && index < sizes[i] && "index out of bounds"` failed.
/opt/conda/conda-bld/pytorch_1695392022560/work/aten/src/ATen/native/cuda/IndexKernel.cu:92: operator(): block: [86,0,0], thread: [4,0,0] Assertion `-sizes[i] <= index && index < sizes[i] && "index out of bounds"` failed.
/opt/conda/conda-bld/pytorch_1695392022560/work/aten/src/ATen/native/cuda/IndexKernel.cu:92: operator(): block: [86,0,0], thread: [37,0,0] Assertion `-sizes[i] <= index && index < sizes[i] && "index out of bounds"` failed.
/opt/conda/conda-bld/pytorch_1695392022560/work/aten/src/ATen/native/cuda/IndexKernel.cu:92: operator(): block: [86,0,0], thread: [38,0,0] Assertion `-sizes[i] <= index && index < sizes[i] && "index out of bounds"` failed.
/opt/conda/conda-bld/pytorch_1695392022560/work/aten/src/ATen/native/cuda/IndexKernel.cu:92: operator(): block: [86,0,0], thread: [39,0,0] Assertion `-sizes[i] <= index && index < sizes[i] && "index out of bounds"` failed.
/opt/conda/conda-bld/pytorch_1695392022560/work/aten/src/ATen/native/cuda/IndexKernel.cu:92: operator(): block: [86,0,0], thread: [40,0,0] Assertion `-sizes[i] <= index && index < sizes[i] && "index out of bounds"` failed.
/opt/conda/conda-bld/pytorch_1695392022560/work/aten/src/ATen/native/cuda/IndexKernel.cu:92: operator(): block: [86,0,0], thread: [41,0,0] Assertion `-sizes[i] <= index && index < sizes[i] && "index out of bounds"` failed.
/opt/conda/conda-bld/pytorch_1695392022560/work/aten/src/ATen/native/cuda/IndexKernel.cu:92: operator(): block: [86,0,0], thread: [42,0,0] Assertion `-sizes[i] <= index && index < sizes[i] && "index out of bounds"` failed.
/opt/conda/conda-bld/pytorch_1695392022560/work/aten/src/ATen/native/cuda/IndexKernel.cu:92: operator(): block: [476,0,0], thread: [105,0,0] Assertion `-sizes[i] <= index && index < sizes[i] && "index out of bounds"` failed.
/opt/conda/conda-bld/pytorch_1695392022560/work/aten/src/ATen/native/cuda/IndexKernel.cu:92: operator(): block: [476,0,0], thread: [106,0,0] Assertion `-sizes[i] <= index && index < sizes[i] && "index out of bounds"` failed.
/opt/conda/conda-bld/pytorch_1695392022560/work/aten/src/ATen/native/cuda/IndexKernel.cu:92: operator(): block: [476,0,0], thread: [107,0,0] Assertion `-sizes[i] <= index && index < sizes[i] && "index out of bounds"` failed.
/opt/conda/conda-bld/pytorch_1695392022560/work/aten/src/ATen/native/cuda/IndexKernel.cu:92: operator(): block: [356,0,0], thread: [109,0,0] Assertion `-sizes[i] <= index && index < sizes[i] && "index out of bounds"` failed.
/opt/conda/conda-bld/pytorch_1695392022560/work/aten/src/ATen/native/cuda/IndexKernel.cu:92: operator(): block: [236,0,0], thread: [4,0,0] Assertion `-sizes[i] <= index && index < sizes[i] && "index out of bounds"` failed.
/opt/conda/conda-bld/pytorch_1695392022560/work/aten/src/ATen/native/cuda/IndexKernel.cu:92: operator(): block: [236,0,0], thread: [5,0,0] Assertion `-sizes[i] <= index && index < sizes[i] && "index out of bounds"` failed.
/opt/conda/conda-bld/pytorch_1695392022560/work/aten/src/ATen/native/cuda/IndexKernel.cu:92: operator(): block: [236,0,0], thread: [6,0,0] Assertion `-sizes[i] <= index && index < sizes[i] && "index out of bounds"` failed.
/opt/conda/conda-bld/pytorch_1695392022560/work/aten/src/ATen/native/cuda/IndexKernel.cu:92: operator(): block: [236,0,0], thread: [14,0,0] Assertion `-sizes[i] <= index && index < sizes[i] && "index out of bounds"` failed.
/opt/conda/conda-bld/pytorch_1695392022560/work/aten/src/ATen/native/cuda/IndexKernel.cu:92: operator(): block: [236,0,0], thread: [15,0,0] Assertion `-sizes[i] <= index && index < sizes[i] && "index out of bounds"` failed.
/opt/conda/conda-bld/pytorch_1695392022560/work/aten/src/ATen/native/cuda/IndexKernel.cu:92: operator(): block: [476,0,0], thread: [13,0,0] Assertion `-sizes[i] <= index && index < sizes[i] && "index out of bounds"` failed.
/opt/conda/conda-bld/pytorch_1695392022560/work/aten/src/ATen/native/cuda/IndexKernel.cu:92: operator(): block: [476,0,0], thread: [14,0,0] Assertion `-sizes[i] <= index && index < sizes[i] && "index out of bounds"` failed.
/opt/conda/conda-bld/pytorch_1695392022560/work/aten/src/ATen/native/cuda/IndexKernel.cu:92: operator(): block: [476,0,0], thread: [15,0,0] Assertion `-sizes[i] <= index && index < sizes[i] && "index out of bounds"` failed.
/opt/conda/conda-bld/pytorch_1695392022560/work/aten/src/ATen/native/cuda/IndexKernel.cu:92: operator(): block: [476,0,0], thread: [16,0,0] Assertion `-sizes[i] <= index && index < sizes[i] && "index out of bounds"` failed.
/opt/conda/conda-bld/pytorch_1695392022560/work/aten/src/ATen/native/cuda/IndexKernel.cu:92: operator(): block: [326,0,0], thread: [78,0,0] Assertion `-sizes[i] <= index && index < sizes[i] && "index out of bounds"` failed.
/opt/conda/conda-bld/pytorch_1695392022560/work/aten/src/ATen/native/cuda/IndexKernel.cu:92: operator(): block: [326,0,0], thread: [79,0,0] Assertion `-sizes[i] <= index && index < sizes[i] && "index out of bounds"` failed.
/opt/conda/conda-bld/pytorch_1695392022560/work/aten/src/ATen/native/cuda/IndexKernel.cu:92: operator(): block: [326,0,0], thread: [80,0,0] Assertion `-sizes[i] <= index && index < sizes[i] && "index out of bounds"` failed.
/opt/conda/conda-bld/pytorch_1695392022560/work/aten/src/ATen/native/cuda/IndexKernel.cu:92: operator(): block: [326,0,0], thread: [81,0,0] Assertion `-sizes[i] <= index && index < sizes[i] && "index out of bounds"` failed.
/opt/conda/conda-bld/pytorch_1695392022560/work/aten/src/ATen/native/cuda/IndexKernel.cu:92: operator(): block: [326,0,0], thread: [48,0,0] Assertion `-sizes[i] <= index && index < sizes[i] && "index out of bounds"` failed.
/opt/conda/conda-bld/pytorch_1695392022560/work/aten/src/ATen/native/cuda/IndexKernel.cu:92: operator(): block: [326,0,0], thread: [49,0,0] Assertion `-sizes[i] <= index && index < sizes[i] && "index out of bounds"` failed.
/opt/conda/conda-bld/pytorch_1695392022560/work/aten/src/ATen/native/cuda/IndexKernel.cu:92: operator(): block: [326,0,0], thread: [50,0,0] Assertion `-sizes[i] <= index && index < sizes[i] && "index out of bounds"` failed.
/opt/conda/conda-bld/pytorch_1695392022560/work/aten/src/ATen/native/cuda/IndexKernel.cu:92: operator(): block: [326,0,0], thread: [51,0,0] Assertion `-sizes[i] <= index && index < sizes[i] && "index out of bounds"` failed.
/opt/conda/conda-bld/pytorch_1695392022560/work/aten/src/ATen/native/cuda/IndexKernel.cu:92: operator(): block: [326,0,0], thread: [52,0,0] Assertion `-sizes[i] <= index && index < sizes[i] && "index out of bounds"` failed.
/opt/conda/conda-bld/pytorch_1695392022560/work/aten/src/ATen/native/cuda/IndexKernel.cu:92: operator(): block: [326,0,0], thread: [53,0,0] Assertion `-sizes[i] <= index && index < sizes[i] && "index out of bounds"` failed.
/opt/conda/conda-bld/pytorch_1695392022560/work/aten/src/ATen/native/cuda/IndexKernel.cu:92: operator(): block: [236,0,0], thread: [118,0,0] Assertion `-sizes[i] <= index && index < sizes[i] && "index out of bounds"` failed.
/opt/conda/conda-bld/pytorch_1695392022560/work/aten/src/ATen/native/cuda/IndexKernel.cu:92: operator(): block: [236,0,0], thread: [119,0,0] Assertion `-sizes[i] <= index && index < sizes[i] && "index out of bounds"` failed.
/opt/conda/conda-bld/pytorch_1695392022560/work/aten/src/ATen/native/cuda/IndexKernel.cu:92: operator(): block: [476,0,0], thread: [88,0,0] Assertion `-sizes[i] <= index && index < sizes[i] && "index out of bounds"` failed.
/opt/conda/conda-bld/pytorch_1695392022560/work/aten/src/ATen/native/cuda/IndexKernel.cu:92: operator(): block: [476,0,0], thread: [89,0,0] Assertion `-sizes[i] <= index && index < sizes[i] && "index out of bounds"` failed.
/opt/conda/conda-bld/pytorch_1695392022560/work/aten/src/ATen/native/cuda/IndexKernel.cu:92: operator(): block: [476,0,0], thread: [90,0,0] Assertion `-sizes[i] <= index && index < sizes[i] && "index out of bounds"` failed.
/opt/conda/conda-bld/pytorch_1695392022560/work/aten/src/ATen/native/cuda/IndexKernel.cu:92: operator(): block: [236,0,0], thread: [79,0,0] Assertion `-sizes[i] <= index && index < sizes[i] && "index out of bounds"` failed.
/opt/conda/conda-bld/pytorch_1695392022560/work/aten/src/ATen/native/cuda/IndexKernel.cu:92: operator(): block: [236,0,0], thread: [80,0,0] Assertion `-sizes[i] <= index && index < sizes[i] && "index out of bounds"` failed.
/opt/conda/conda-bld/pytorch_1695392022560/work/aten/src/ATen/native/cuda/IndexKernel.cu:92: operator(): block: [236,0,0], thread: [90,0,0] Assertion `-sizes[i] <= index && index < sizes[i] && "index out of bounds"` failed.
/opt/conda/conda-bld/pytorch_1695392022560/work/aten/src/ATen/native/cuda/IndexKernel.cu:92: operator(): block: [356,0,0], thread: [59,0,0] Assertion `-sizes[i] <= index && index < sizes[i] && "index out of bounds"` failed.
/opt/conda/conda-bld/pytorch_1695392022560/work/aten/src/ATen/native/cuda/IndexKernel.cu:92: operator(): block: [356,0,0], thread: [70,0,0] Assertion `-sizes[i] <= index && index < sizes[i] && "index out of bounds"` failed.
/opt/conda/conda-bld/pytorch_1695392022560/work/aten/src/ATen/native/cuda/IndexKernel.cu:92: operator(): block: [356,0,0], thread: [82,0,0] Assertion `-sizes[i] <= index && index < sizes[i] && "index out of bounds"` failed.
/opt/conda/conda-bld/pytorch_1695392022560/work/aten/src/ATen/native/cuda/IndexKernel.cu:92: operator(): block: [356,0,0], thread: [83,0,0] Assertion `-sizes[i] <= index && index < sizes[i] && "index out of bounds"` failed.
/opt/conda/conda-bld/pytorch_1695392022560/work/aten/src/ATen/native/cuda/IndexKernel.cu:92: operator(): block: [356,0,0], thread: [84,0,0] Assertion `-sizes[i] <= index && index < sizes[i] && "index out of bounds"` failed.
/opt/conda/conda-bld/pytorch_1695392022560/work/aten/src/ATen/native/cuda/IndexKernel.cu:92: operator(): block: [356,0,0], thread: [85,0,0] Assertion `-sizes[i] <= index && index < sizes[i] && "index out of bounds"` failed.
/opt/conda/conda-bld/pytorch_1695392022560/work/aten/src/ATen/native/cuda/IndexKernel.cu:92: operator(): block: [356,0,0], thread: [86,0,0] Assertion `-sizes[i] <= index && index < sizes[i] && "index out of bounds"` failed.
/opt/conda/conda-bld/pytorch_1695392022560/work/aten/src/ATen/native/cuda/IndexKernel.cu:92: operator(): block: [356,0,0], thread: [87,0,0] Assertion `-sizes[i] <= index && index < sizes[i] && "index out of bounds"` failed.
/opt/conda/conda-bld/pytorch_1695392022560/work/aten/src/ATen/native/cuda/IndexKernel.cu:92: operator(): block: [356,0,0], thread: [88,0,0] Assertion `-sizes[i] <= index && index < sizes[i] && "index out of bounds"` failed.
/opt/conda/conda-bld/pytorch_1695392022560/work/aten/src/ATen/native/cuda/IndexKernel.cu:92: operator(): block: [356,0,0], thread: [89,0,0] Assertion `-sizes[i] <= index && index < sizes[i] && "index out of bounds"` failed.
/opt/conda/conda-bld/pytorch_1695392022560/work/aten/src/ATen/native/cuda/IndexKernel.cu:92: operator(): block: [356,0,0], thread: [90,0,0] Assertion `-sizes[i] <= index && index < sizes[i] && "index out of bounds"` failed.
/opt/conda/conda-bld/pytorch_1695392022560/work/aten/src/ATen/native/cuda/IndexKernel.cu:92: operator(): block: [356,0,0], thread: [91,0,0] Assertion `-sizes[i] <= index && index < sizes[i] && "index out of bounds"` failed.
/opt/conda/conda-bld/pytorch_1695392022560/work/aten/src/ATen/native/cuda/IndexKernel.cu:92: operator(): block: [296,0,0], thread: [88,0,0] Assertion `-sizes[i] <= index && index < sizes[i] && "index out of bounds"` failed.
/opt/conda/conda-bld/pytorch_1695392022560/work/aten/src/ATen/native/cuda/IndexKernel.cu:92: operator(): block: [296,0,0], thread: [89,0,0] Assertion `-sizes[i] <= index && index < sizes[i] && "index out of bounds"` failed.
/opt/conda/conda-bld/pytorch_1695392022560/work/aten/src/ATen/native/cuda/IndexKernel.cu:92: operator(): block: [296,0,0], thread: [90,0,0] Assertion `-sizes[i] <= index && index < sizes[i] && "index out of bounds"` failed.
/opt/conda/conda-bld/pytorch_1695392022560/work/aten/src/ATen/native/cuda/IndexKernel.cu:92: operator(): block: [296,0,0], thread: [91,0,0] Assertion `-sizes[i] <= index && index < sizes[i] && "index out of bounds"` failed.
/opt/conda/conda-bld/pytorch_1695392022560/work/aten/src/ATen/native/cuda/IndexKernel.cu:92: operator(): block: [296,0,0], thread: [92,0,0] Assertion `-sizes[i] <= index && index < sizes[i] && "index out of bounds"` failed.
/opt/conda/conda-bld/pytorch_1695392022560/work/aten/src/ATen/native/cuda/IndexKernel.cu:92: operator(): block: [296,0,0], thread: [93,0,0] Assertion `-sizes[i] <= index && index < sizes[i] && "index out of bounds"` failed.
/opt/conda/conda-bld/pytorch_1695392022560/work/aten/src/ATen/native/cuda/IndexKernel.cu:92: operator(): block: [476,0,0], thread: [40,0,0] Assertion `-sizes[i] <= index && index < sizes[i] && "index out of bounds"` failed.
/opt/conda/conda-bld/pytorch_1695392022560/work/aten/src/ATen/native/cuda/IndexKernel.cu:92: operator(): block: [476,0,0], thread: [51,0,0] Assertion `-sizes[i] <= index && index < sizes[i] && "index out of bounds"` failed.
/opt/conda/conda-bld/pytorch_1695392022560/work/aten/src/ATen/native/cuda/IndexKernel.cu:92: operator(): block: [476,0,0], thread: [52,0,0] Assertion `-sizes[i] <= index && index < sizes[i] && "index out of bounds"` failed.
/opt/conda/conda-bld/pytorch_1695392022560/work/aten/src/ATen/native/cuda/IndexKernel.cu:92: operator(): block: [476,0,0], thread: [53,0,0] Assertion `-sizes[i] <= index && index < sizes[i] && "index out of bounds"` failed.
/opt/conda/conda-bld/pytorch_1695392022560/work/aten/src/ATen/native/cuda/IndexKernel.cu:92: operator(): block: [476,0,0], thread: [54,0,0] Assertion `-sizes[i] <= index && index < sizes[i] && "index out of bounds"` failed.
/opt/conda/conda-bld/pytorch_1695392022560/work/aten/src/ATen/native/cuda/IndexKernel.cu:92: operator(): block: [476,0,0], thread: [63,0,0] Assertion `-sizes[i] <= index && index < sizes[i] && "index out of bounds"` failed.
/opt/conda/conda-bld/pytorch_1695392022560/work/aten/src/ATen/native/cuda/IndexKernel.cu:92: operator(): block: [5,0,0], thread: [71,0,0] Assertion `-sizes[i] <= index && index < sizes[i] && "index out of bounds"` failed.
/opt/conda/conda-bld/pytorch_1695392022560/work/aten/src/ATen/native/cuda/IndexKernel.cu:92: operator(): block: [125,0,0], thread: [73,0,0] Assertion `-sizes[i] <= index && index < sizes[i] && "index out of bounds"` failed.
/opt/conda/conda-bld/pytorch_1695392022560/work/aten/src/ATen/native/cuda/IndexKernel.cu:92: operator(): block: [365,0,0], thread: [96,0,0] Assertion `-sizes[i] <= index && index < sizes[i] && "index out of bounds"` failed.
/opt/conda/conda-bld/pytorch_1695392022560/work/aten/src/ATen/native/cuda/IndexKernel.cu:92: operator(): block: [365,0,0], thread: [97,0,0] Assertion `-sizes[i] <= index && index < sizes[i] && "index out of bounds"` failed.
/opt/conda/conda-bld/pytorch_1695392022560/work/aten/src/ATen/native/cuda/IndexKernel.cu:92: operator(): block: [365,0,0], thread: [109,0,0] Assertion `-sizes[i] <= index && index < sizes[i] && "index out of bounds"` failed.
/opt/conda/conda-bld/pytorch_1695392022560/work/aten/src/ATen/native/cuda/IndexKernel.cu:92: operator(): block: [365,0,0], thread: [110,0,0] Assertion `-sizes[i] <= index && index < sizes[i] && "index out of bounds"` failed.
/opt/conda/conda-bld/pytorch_1695392022560/work/aten/src/ATen/native/cuda/IndexKernel.cu:92: operator(): block: [365,0,0], thread: [111,0,0] Assertion `-sizes[i] <= index && index < sizes[i] && "index out of bounds"` failed.
/opt/conda/conda-bld/pytorch_1695392022560/work/aten/src/ATen/native/cuda/IndexKernel.cu:92: operator(): block: [365,0,0], thread: [112,0,0] Assertion `-sizes[i] <= index && index < sizes[i] && "index out of bounds"` failed.
/opt/conda/conda-bld/pytorch_1695392022560/work/aten/src/ATen/native/cuda/IndexKernel.cu:92: operator(): block: [365,0,0], thread: [113,0,0] Assertion `-sizes[i] <= index && index < sizes[i] && "index out of bounds"` failed.
/opt/conda/conda-bld/pytorch_1695392022560/work/aten/src/ATen/native/cuda/IndexKernel.cu:92: operator(): block: [365,0,0], thread: [114,0,0] Assertion `-sizes[i] <= index && index < sizes[i] && "index out of bounds"` failed.
/opt/conda/conda-bld/pytorch_1695392022560/work/aten/src/ATen/native/cuda/IndexKernel.cu:92: operator(): block: [365,0,0], thread: [115,0,0] Assertion `-sizes[i] <= index && index < sizes[i] && "index out of bounds"` failed.
/opt/conda/conda-bld/pytorch_1695392022560/work/aten/src/ATen/native/cuda/IndexKernel.cu:92: operator(): block: [335,0,0], thread: [116,0,0] Assertion `-sizes[i] <= index && index < sizes[i] && "index out of bounds"` failed.
/opt/conda/conda-bld/pytorch_1695392022560/work/aten/src/ATen/native/cuda/IndexKernel.cu:92: operator(): block: [245,0,0], thread: [96,0,0] Assertion `-sizes[i] <= index && index < sizes[i] && "index out of bounds"` failed.
/opt/conda/conda-bld/pytorch_1695392022560/work/aten/src/ATen/native/cuda/IndexKernel.cu:92: operator(): block: [245,0,0], thread: [97,0,0] Assertion `-sizes[i] <= index && index < sizes[i] && "index out of bounds"` failed.
/opt/conda/conda-bld/pytorch_1695392022560/work/aten/src/ATen/native/cuda/IndexKernel.cu:92: operator(): block: [245,0,0], thread: [113,0,0] Assertion `-sizes[i] <= index && index < sizes[i] && "index out of bounds"` failed.
/opt/conda/conda-bld/pytorch_1695392022560/work/aten/src/ATen/native/cuda/IndexKernel.cu:92: operator(): block: [245,0,0], thread: [116,0,0] Assertion `-sizes[i] <= index && index < sizes[i] && "index out of bounds"` failed.
/opt/conda/conda-bld/pytorch_1695392022560/work/aten/src/ATen/native/cuda/IndexKernel.cu:92: operator(): block: [245,0,0], thread: [122,0,0] Assertion `-sizes[i] <= index && index < sizes[i] && "index out of bounds"` failed.
/opt/conda/conda-bld/pytorch_1695392022560/work/aten/src/ATen/native/cuda/IndexKernel.cu:92: operator(): block: [95,0,0], thread: [124,0,0] Assertion `-sizes[i] <= index && index < sizes[i] && "index out of bounds"` failed.
/opt/conda/conda-bld/pytorch_1695392022560/work/aten/src/ATen/native/cuda/IndexKernel.cu:92: operator(): block: [95,0,0], thread: [31,0,0] Assertion `-sizes[i] <= index && index < sizes[i] && "index out of bounds"` failed.
/opt/conda/conda-bld/pytorch_1695392022560/work/aten/src/ATen/native/cuda/IndexKernel.cu:92: operator(): block: [245,0,0], thread: [95,0,0] Assertion `-sizes[i] <= index && index < sizes[i] && "index out of bounds"` failed.
/opt/conda/conda-bld/pytorch_1695392022560/work/aten/src/ATen/native/cuda/IndexKernel.cu:92: operator(): block: [365,0,0], thread: [92,0,0] Assertion `-sizes[i] <= index && index < sizes[i] && "index out of bounds"` failed.
/opt/conda/conda-bld/pytorch_1695392022560/work/aten/src/ATen/native/cuda/IndexKernel.cu:92: operator(): block: [365,0,0], thread: [93,0,0] Assertion `-sizes[i] <= index && index < sizes[i] && "index out of bounds"` failed.
/opt/conda/conda-bld/pytorch_1695392022560/work/aten/src/ATen/native/cuda/IndexKernel.cu:92: operator(): block: [365,0,0], thread: [94,0,0] Assertion `-sizes[i] <= index && index < sizes[i] && "index out of bounds"` failed.
/opt/conda/conda-bld/pytorch_1695392022560/work/aten/src/ATen/native/cuda/IndexKernel.cu:92: operator(): block: [365,0,0], thread: [95,0,0] Assertion `-sizes[i] <= index && index < sizes[i] && "index out of bounds"` failed.
Traceback (most recent call last):
  File "/usr/itetnas04/data-scratch-01/trachsele/data/tl4rec/script/run.py", line 312, in <module>
    train_and_validate(cfg, model, train_data, valid_data, filtered_data=val_filtered_data, device=device, batch_per_epoch=cfg.train.batch_per_epoch, logger=logger)
  File "/usr/itetnas04/data-scratch-01/trachsele/data/tl4rec/script/run.py", line 69, in train_and_validate
    pred = parallel_model(train_data, batch)
  File "/itet-stor/trachsele/net_scratch/conda_envs/ba_bugfix/lib/python3.9/site-packages/torch/nn/modules/module.py", line 1518, in _wrapped_call_impl
    return self._call_impl(*args, **kwargs)
  File "/itet-stor/trachsele/net_scratch/conda_envs/ba_bugfix/lib/python3.9/site-packages/torch/nn/modules/module.py", line 1527, in _call_impl
    return forward_call(*args, **kwargs)
  File "/usr/itetnas04/data-scratch-01/trachsele/data/tl4rec/ultra/models.py", line 32, in forward
    score = self.entity_model(data, relation_representations, batch, user_embedding, item_embedding)
  File "/itet-stor/trachsele/net_scratch/conda_envs/ba_bugfix/lib/python3.9/site-packages/torch/nn/modules/module.py", line 1518, in _wrapped_call_impl
    return self._call_impl(*args, **kwargs)
  File "/itet-stor/trachsele/net_scratch/conda_envs/ba_bugfix/lib/python3.9/site-packages/torch/nn/modules/module.py", line 1527, in _call_impl
    return forward_call(*args, **kwargs)
  File "/usr/itetnas04/data-scratch-01/trachsele/data/tl4rec/ultra/models.py", line 239, in forward
    output = self.bellmanford(data, h_index[:, 0], r_index[:, 0], user_embedding, item_embedding)  # (num_nodes, batch_size, feature_dim）
  File "/usr/itetnas04/data-scratch-01/trachsele/data/tl4rec/ultra/models.py", line 196, in bellmanford
    hidden = layer(layer_input, query, boundary, data.edge_index, data.edge_type, size, edge_weight)
  File "/itet-stor/trachsele/net_scratch/conda_envs/ba_bugfix/lib/python3.9/site-packages/torch/nn/modules/module.py", line 1518, in _wrapped_call_impl
    return self._call_impl(*args, **kwargs)
  File "/itet-stor/trachsele/net_scratch/conda_envs/ba_bugfix/lib/python3.9/site-packages/torch/nn/modules/module.py", line 1527, in _call_impl
    return forward_call(*args, **kwargs)
  File "/usr/itetnas04/data-scratch-01/trachsele/data/tl4rec/ultra/layers.py", line 88, in forward
    output = self.propagate(input=input, relation=relation, boundary=boundary, edge_index=edge_index,
  File "/usr/itetnas04/data-scratch-01/trachsele/data/tl4rec/ultra/layers.py", line 120, in propagate
    out = self.message_and_aggregate(edge_index, **msg_aggr_kwargs)
  File "/usr/itetnas04/data-scratch-01/trachsele/data/tl4rec/ultra/layers.py", line 202, in message_and_aggregate
    update = generalized_rspmm(edge_index, edge_type, edge_weight, relation, input, sum="add", mul=mul)
  File "/usr/itetnas04/data-scratch-01/trachsele/data/tl4rec/ultra/rspmm/rspmm.py", line 178, in generalized_rspmm
    return Function.apply(edge_index[:, order], edge_type[order], edge_weight[order], relation, input)
  File "/itet-stor/trachsele/net_scratch/conda_envs/ba_bugfix/lib/python3.9/site-packages/torch/autograd/function.py", line 539, in apply
    return super().apply(*args, **kwargs)  # type: ignore[misc]
  File "/usr/itetnas04/data-scratch-01/trachsele/data/tl4rec/ultra/rspmm/rspmm.py", line 17, in forward
    assert (key.diff() >= 0).all(), "Expect sorted `edge_index`"
RuntimeError: CUDA error: device-side assert triggered
CUDA kernel errors might be asynchronously reported at some other API call, so the stacktrace below might be incorrect.
For debugging consider passing CUDA_LAUNCH_BLOCKING=1.
Compile with `TORCH_USE_CUDA_DSA` to enable device-side assertions.

