/itet-stor/trachsele/net_scratch/conda/lib/python3.12/site-packages/conda/base/context.py:982: FutureWarning: Adding 'defaults' to the channel list implicitly is deprecated and will be removed in 25.3. 

To remove this warning, please choose a default channel explicitly via 'conda config --add channels <name>', e.g. 'conda config --add channels defaults'.
  deprecated.topic(
16:32:55   Random seed: 1024
16:32:55   Config file: config/recommender/first_steps.yaml
16:32:55   {'checkpoint': None,
 'dataset': {'class': 'MovieLens100k', 'root': '~/git/ULTRA/kg-datasets/'},
 'model': {'class': 'Ultra',
           'entity_model': {'aggregate_func': 'sum',
                            'class': 'EntityNBFNet',
                            'hidden_dims': [32, 32, 32, 32, 32],
                            'input_dim': 32,
                            'input_emb_dim': 16,
                            'input_rel_dim': 16,
                            'layer_norm': True,
                            'message_func': 'distmult',
                            'short_cut': True},
           'relation_model': {'aggregate_func': 'sum',
                              'class': 'RelNBFNet',
                              'hidden_dims': [16, 16, 16, 16],
                              'input_dim': 16,
                              'layer_norm': True,
                              'message_func': 'distmult',
                              'short_cut': True}},
 'optimizer': {'class': 'AdamW', 'lr': 0.0005},
 'output_dir': '~/git/ULTRA/output',
 'task': {'adversarial_temperature': 1,
          'metric': ['mr', 'mrr', 'hits@1', 'hits@3', 'hits@10'],
          'name': 'TransductiveInference',
          'num_negative': 256,
          'strict_negative': True},
 'train': {'batch_per_epoch': 8000,
           'batch_size': 8,
           'gpus': [0],
           'log_interval': 100,
           'num_epoch': 10}}
wandb: Using wandb-core as the SDK backend. Please refer to https://wandb.me/wandb-core for more information.
wandb: Currently logged in as: pitri (pitri-eth-z-rich). Use `wandb login --relogin` to force relogin
wandb: Tracking run with wandb version 0.18.5
wandb: Run data is saved locally in /home/trachsele/git/ULTRA/output/Ultra/MovieLens100k/2024-10-31-16-32-55/wandb/run-20241031_163256-rn8gq316
wandb: Run `wandb offline` to turn off syncing.
wandb: Syncing run run-MovieLens100k-2024-10-31_16-32
wandb: ⭐️ View project at https://wandb.ai/pitri-eth-z-rich/tl4rec
wandb: 🚀 View run at https://wandb.ai/pitri-eth-z-rich/tl4rec/runs/rn8gq316
/usr/itetnas04/data-scratch-01/trachsele/data/tl4rec/ultra/tasks.py:194: UserWarning: Sparse CSR tensor support is in beta state. If you miss a functionality in the sparse tensor support, please submit a feature request to https://github.com/pytorch/pytorch/issues. (Triggered internally at /opt/conda/conda-bld/pytorch_1695392022560/work/aten/src/ATen/SparseCsrTensorImpl.cpp:53.)
  Ahh = torch.sparse.mm(EhT, Eh).coalesce()
16:32:59   MovieLens100k dataset
16:32:59   #train: 64000, #valid: 8000, #test: 8000
16:33:00   ------------------------------
16:33:00   Number of parameters: 26689
16:33:00   >>>>>>>>>>>>>>>>>>>>>>>>>>>>>>
16:33:00   Epoch 0 begin
16:33:04   >>>>>>>>>>>>>>>>>>>>>>>>>>>>>>
16:33:04   binary cross entropy: 0.716497
16:33:04   Note: NumExpr detected 28 cores but "NUMEXPR_MAX_THREADS" not set, so enforcing safe limit of 8.
16:33:04   NumExpr defaulting to 8 threads.
16:33:09   >>>>>>>>>>>>>>>>>>>>>>>>>>>>>>
16:33:09   binary cross entropy: 0.592527
16:33:14   >>>>>>>>>>>>>>>>>>>>>>>>>>>>>>
16:33:14   binary cross entropy: 0.656064
16:33:19   >>>>>>>>>>>>>>>>>>>>>>>>>>>>>>
16:33:19   binary cross entropy: 0.595345
16:33:24   >>>>>>>>>>>>>>>>>>>>>>>>>>>>>>
16:33:24   binary cross entropy: 0.584277
16:33:29   >>>>>>>>>>>>>>>>>>>>>>>>>>>>>>
16:33:29   binary cross entropy: 0.546008
16:33:34   >>>>>>>>>>>>>>>>>>>>>>>>>>>>>>
16:33:34   binary cross entropy: 0.537984
16:33:38   >>>>>>>>>>>>>>>>>>>>>>>>>>>>>>
16:33:38   binary cross entropy: 0.59752
16:33:43   >>>>>>>>>>>>>>>>>>>>>>>>>>>>>>
16:33:43   binary cross entropy: 0.586425
16:33:48   >>>>>>>>>>>>>>>>>>>>>>>>>>>>>>
16:33:48   binary cross entropy: 0.663007
16:33:53   >>>>>>>>>>>>>>>>>>>>>>>>>>>>>>
16:33:53   binary cross entropy: 0.587023
16:33:58   >>>>>>>>>>>>>>>>>>>>>>>>>>>>>>
16:33:58   binary cross entropy: 0.671577
16:34:03   >>>>>>>>>>>>>>>>>>>>>>>>>>>>>>
16:34:03   binary cross entropy: 0.530832
16:34:08   >>>>>>>>>>>>>>>>>>>>>>>>>>>>>>
16:34:08   binary cross entropy: 0.638479
16:34:12   >>>>>>>>>>>>>>>>>>>>>>>>>>>>>>
16:34:12   binary cross entropy: 0.546653
16:34:17   >>>>>>>>>>>>>>>>>>>>>>>>>>>>>>
16:34:17   binary cross entropy: 0.567064
16:34:22   >>>>>>>>>>>>>>>>>>>>>>>>>>>>>>
16:34:22   binary cross entropy: 0.583325
16:34:27   >>>>>>>>>>>>>>>>>>>>>>>>>>>>>>
16:34:27   binary cross entropy: 0.553308
16:34:32   >>>>>>>>>>>>>>>>>>>>>>>>>>>>>>
16:34:32   binary cross entropy: 0.552893
16:34:37   >>>>>>>>>>>>>>>>>>>>>>>>>>>>>>
16:34:37   binary cross entropy: 0.62776
16:34:42   >>>>>>>>>>>>>>>>>>>>>>>>>>>>>>
16:34:42   binary cross entropy: 0.564772
16:34:46   >>>>>>>>>>>>>>>>>>>>>>>>>>>>>>
16:34:46   binary cross entropy: 0.609438
16:34:51   >>>>>>>>>>>>>>>>>>>>>>>>>>>>>>
16:34:51   binary cross entropy: 0.576892
16:34:56   >>>>>>>>>>>>>>>>>>>>>>>>>>>>>>
16:34:56   binary cross entropy: 0.59812
16:35:01   >>>>>>>>>>>>>>>>>>>>>>>>>>>>>>
16:35:01   binary cross entropy: 0.602289
16:35:06   >>>>>>>>>>>>>>>>>>>>>>>>>>>>>>
16:35:06   binary cross entropy: 0.557045
16:35:11   >>>>>>>>>>>>>>>>>>>>>>>>>>>>>>
16:35:11   binary cross entropy: 0.567778
16:35:16   >>>>>>>>>>>>>>>>>>>>>>>>>>>>>>
16:35:16   binary cross entropy: 0.574348
16:35:21   >>>>>>>>>>>>>>>>>>>>>>>>>>>>>>
16:35:21   binary cross entropy: 0.606857
16:35:25   >>>>>>>>>>>>>>>>>>>>>>>>>>>>>>
16:35:25   binary cross entropy: 0.654541
16:35:30   >>>>>>>>>>>>>>>>>>>>>>>>>>>>>>
16:35:30   binary cross entropy: 0.544289
16:35:35   >>>>>>>>>>>>>>>>>>>>>>>>>>>>>>
16:35:35   binary cross entropy: 0.680509
16:35:40   >>>>>>>>>>>>>>>>>>>>>>>>>>>>>>
16:35:40   binary cross entropy: 0.584267
16:35:45   >>>>>>>>>>>>>>>>>>>>>>>>>>>>>>
16:35:45   binary cross entropy: 0.534893
16:35:50   >>>>>>>>>>>>>>>>>>>>>>>>>>>>>>
16:35:50   binary cross entropy: 0.628703
16:35:55   >>>>>>>>>>>>>>>>>>>>>>>>>>>>>>
16:35:55   binary cross entropy: 0.629991
16:35:59   >>>>>>>>>>>>>>>>>>>>>>>>>>>>>>
16:35:59   binary cross entropy: 0.641287
16:36:04   >>>>>>>>>>>>>>>>>>>>>>>>>>>>>>
16:36:04   binary cross entropy: 0.665651
16:36:09   >>>>>>>>>>>>>>>>>>>>>>>>>>>>>>
16:36:09   binary cross entropy: 0.707433
16:36:14   >>>>>>>>>>>>>>>>>>>>>>>>>>>>>>
16:36:14   binary cross entropy: 0.625051
16:36:19   >>>>>>>>>>>>>>>>>>>>>>>>>>>>>>
16:36:19   binary cross entropy: 0.650169
16:36:24   >>>>>>>>>>>>>>>>>>>>>>>>>>>>>>
16:36:24   binary cross entropy: 0.703372
16:36:29   >>>>>>>>>>>>>>>>>>>>>>>>>>>>>>
16:36:29   binary cross entropy: 0.639173
16:36:33   >>>>>>>>>>>>>>>>>>>>>>>>>>>>>>
16:36:33   binary cross entropy: 0.596325
16:36:38   >>>>>>>>>>>>>>>>>>>>>>>>>>>>>>
16:36:38   binary cross entropy: 0.538229
16:36:43   >>>>>>>>>>>>>>>>>>>>>>>>>>>>>>
16:36:43   binary cross entropy: 0.628662
16:36:48   >>>>>>>>>>>>>>>>>>>>>>>>>>>>>>
16:36:48   binary cross entropy: 0.670752
16:36:53   >>>>>>>>>>>>>>>>>>>>>>>>>>>>>>
16:36:53   binary cross entropy: 0.594957
16:36:58   >>>>>>>>>>>>>>>>>>>>>>>>>>>>>>
16:36:58   binary cross entropy: 0.556413
16:37:03   >>>>>>>>>>>>>>>>>>>>>>>>>>>>>>
16:37:03   binary cross entropy: 0.664565
16:37:08   >>>>>>>>>>>>>>>>>>>>>>>>>>>>>>
16:37:08   binary cross entropy: 0.684551
16:37:12   >>>>>>>>>>>>>>>>>>>>>>>>>>>>>>
16:37:12   binary cross entropy: 0.7158
16:37:17   >>>>>>>>>>>>>>>>>>>>>>>>>>>>>>
16:37:17   binary cross entropy: 0.630624
16:37:22   >>>>>>>>>>>>>>>>>>>>>>>>>>>>>>
16:37:22   binary cross entropy: 0.703346
16:37:27   >>>>>>>>>>>>>>>>>>>>>>>>>>>>>>
16:37:27   binary cross entropy: 0.624337
16:37:32   >>>>>>>>>>>>>>>>>>>>>>>>>>>>>>
16:37:32   binary cross entropy: 0.626366
16:37:37   >>>>>>>>>>>>>>>>>>>>>>>>>>>>>>
16:37:37   binary cross entropy: 0.599164
16:37:42   >>>>>>>>>>>>>>>>>>>>>>>>>>>>>>
16:37:42   binary cross entropy: 0.550629
16:37:47   >>>>>>>>>>>>>>>>>>>>>>>>>>>>>>
16:37:47   binary cross entropy: 0.620285
16:37:51   >>>>>>>>>>>>>>>>>>>>>>>>>>>>>>
16:37:51   binary cross entropy: 0.584932
16:37:56   >>>>>>>>>>>>>>>>>>>>>>>>>>>>>>
16:37:56   binary cross entropy: 0.649754
16:38:01   >>>>>>>>>>>>>>>>>>>>>>>>>>>>>>
16:38:01   binary cross entropy: 0.553291
16:38:06   >>>>>>>>>>>>>>>>>>>>>>>>>>>>>>
16:38:06   binary cross entropy: 0.599666
16:38:11   >>>>>>>>>>>>>>>>>>>>>>>>>>>>>>
16:38:11   binary cross entropy: 0.602809
16:38:16   >>>>>>>>>>>>>>>>>>>>>>>>>>>>>>
16:38:16   binary cross entropy: 0.753904
16:38:21   >>>>>>>>>>>>>>>>>>>>>>>>>>>>>>
16:38:21   binary cross entropy: 0.609639
16:38:26   >>>>>>>>>>>>>>>>>>>>>>>>>>>>>>
16:38:26   binary cross entropy: 0.571027
16:38:30   >>>>>>>>>>>>>>>>>>>>>>>>>>>>>>
16:38:30   binary cross entropy: 0.587996
16:38:35   >>>>>>>>>>>>>>>>>>>>>>>>>>>>>>
16:38:35   binary cross entropy: 0.532844
16:38:40   >>>>>>>>>>>>>>>>>>>>>>>>>>>>>>
16:38:40   binary cross entropy: 0.66787
16:38:45   >>>>>>>>>>>>>>>>>>>>>>>>>>>>>>
16:38:45   binary cross entropy: 0.597656
16:38:50   >>>>>>>>>>>>>>>>>>>>>>>>>>>>>>
16:38:50   binary cross entropy: 0.570705
16:38:55   >>>>>>>>>>>>>>>>>>>>>>>>>>>>>>
16:38:55   binary cross entropy: 0.606451
16:39:00   >>>>>>>>>>>>>>>>>>>>>>>>>>>>>>
16:39:00   binary cross entropy: 0.577351
16:39:05   >>>>>>>>>>>>>>>>>>>>>>>>>>>>>>
16:39:05   binary cross entropy: 0.553376
16:39:09   >>>>>>>>>>>>>>>>>>>>>>>>>>>>>>
16:39:09   binary cross entropy: 0.615058
16:39:14   >>>>>>>>>>>>>>>>>>>>>>>>>>>>>>
16:39:14   binary cross entropy: 0.590728
16:39:19   >>>>>>>>>>>>>>>>>>>>>>>>>>>>>>
16:39:19   binary cross entropy: 0.693321
16:39:24   >>>>>>>>>>>>>>>>>>>>>>>>>>>>>>
16:39:24   binary cross entropy: 0.621334
16:39:29   >>>>>>>>>>>>>>>>>>>>>>>>>>>>>>
16:39:29   binary cross entropy: 0.653104
16:39:34   >>>>>>>>>>>>>>>>>>>>>>>>>>>>>>
16:39:34   Epoch 0 end
16:39:34   ------------------------------
16:39:34   average binary cross entropy: 0.615072
16:39:34   Save checkpoint to model_epoch_1.pth
16:39:34   >>>>>>>>>>>>>>>>>>>>>>>>>>>>>>
16:39:34   Evaluate on valid
16:40:04   mr: 124.333
16:40:04   mrr: 0.0905236
16:40:04   hits@1: 0.036875
16:40:04   hits@3: 0.0839375
16:40:04   hits@10: 0.18725
16:40:04   >>>>>>>>>>>>>>>>>>>>>>>>>>>>>>
16:40:04   Epoch 1 begin
16:40:04   >>>>>>>>>>>>>>>>>>>>>>>>>>>>>>
16:40:04   binary cross entropy: 0.625868
16:40:09   >>>>>>>>>>>>>>>>>>>>>>>>>>>>>>
16:40:09   binary cross entropy: 0.586278
16:40:14   >>>>>>>>>>>>>>>>>>>>>>>>>>>>>>
16:40:14   binary cross entropy: 0.646481
16:40:19   >>>>>>>>>>>>>>>>>>>>>>>>>>>>>>
16:40:19   binary cross entropy: 0.58018
16:40:24   >>>>>>>>>>>>>>>>>>>>>>>>>>>>>>
16:40:24   binary cross entropy: 0.52818
16:40:29   >>>>>>>>>>>>>>>>>>>>>>>>>>>>>>
16:40:29   binary cross entropy: 0.690846
16:40:34   >>>>>>>>>>>>>>>>>>>>>>>>>>>>>>
16:40:34   binary cross entropy: 0.560537
16:40:38   >>>>>>>>>>>>>>>>>>>>>>>>>>>>>>
16:40:38   binary cross entropy: 0.636823
16:40:43   >>>>>>>>>>>>>>>>>>>>>>>>>>>>>>
16:40:43   binary cross entropy: 0.720419
16:40:48   >>>>>>>>>>>>>>>>>>>>>>>>>>>>>>
16:40:48   binary cross entropy: 0.578701
16:40:53   >>>>>>>>>>>>>>>>>>>>>>>>>>>>>>
16:40:53   binary cross entropy: 0.567319
16:40:58   >>>>>>>>>>>>>>>>>>>>>>>>>>>>>>
16:40:58   binary cross entropy: 0.564725
16:41:03   >>>>>>>>>>>>>>>>>>>>>>>>>>>>>>
16:41:03   binary cross entropy: 0.759104
16:41:07   >>>>>>>>>>>>>>>>>>>>>>>>>>>>>>
16:41:08   binary cross entropy: 0.653394
16:41:12   >>>>>>>>>>>>>>>>>>>>>>>>>>>>>>
16:41:12   binary cross entropy: 0.632376
16:41:17   >>>>>>>>>>>>>>>>>>>>>>>>>>>>>>
16:41:17   binary cross entropy: 0.624966
16:41:22   >>>>>>>>>>>>>>>>>>>>>>>>>>>>>>
16:41:22   binary cross entropy: 0.650455
16:41:27   >>>>>>>>>>>>>>>>>>>>>>>>>>>>>>
16:41:27   binary cross entropy: 0.586367
16:41:32   >>>>>>>>>>>>>>>>>>>>>>>>>>>>>>
16:41:32   binary cross entropy: 0.521615
16:41:37   >>>>>>>>>>>>>>>>>>>>>>>>>>>>>>
16:41:37   binary cross entropy: 0.676398
16:41:41   >>>>>>>>>>>>>>>>>>>>>>>>>>>>>>
16:41:41   binary cross entropy: 0.542166
16:41:46   >>>>>>>>>>>>>>>>>>>>>>>>>>>>>>
16:41:46   binary cross entropy: 0.67047
16:41:51   >>>>>>>>>>>>>>>>>>>>>>>>>>>>>>
16:41:51   binary cross entropy: 0.550412
16:41:56   >>>>>>>>>>>>>>>>>>>>>>>>>>>>>>
16:41:56   binary cross entropy: 0.642779
16:42:01   >>>>>>>>>>>>>>>>>>>>>>>>>>>>>>
16:42:01   binary cross entropy: 0.667973
16:42:06   >>>>>>>>>>>>>>>>>>>>>>>>>>>>>>
16:42:06   binary cross entropy: 0.654138
16:42:11   >>>>>>>>>>>>>>>>>>>>>>>>>>>>>>
16:42:11   binary cross entropy: 0.58949
16:42:16   >>>>>>>>>>>>>>>>>>>>>>>>>>>>>>
16:42:16   binary cross entropy: 0.626411
16:42:20   >>>>>>>>>>>>>>>>>>>>>>>>>>>>>>
16:42:20   binary cross entropy: 0.664909
16:42:25   >>>>>>>>>>>>>>>>>>>>>>>>>>>>>>
16:42:25   binary cross entropy: 0.684102
16:42:30   >>>>>>>>>>>>>>>>>>>>>>>>>>>>>>
16:42:30   binary cross entropy: 0.674769
16:42:35   >>>>>>>>>>>>>>>>>>>>>>>>>>>>>>
16:42:35   binary cross entropy: 0.549469
16:42:40   >>>>>>>>>>>>>>>>>>>>>>>>>>>>>>
16:42:40   binary cross entropy: 0.642103
16:42:45   >>>>>>>>>>>>>>>>>>>>>>>>>>>>>>
16:42:45   binary cross entropy: 0.576389
16:42:50   >>>>>>>>>>>>>>>>>>>>>>>>>>>>>>
16:42:50   binary cross entropy: 0.608314
16:42:55   >>>>>>>>>>>>>>>>>>>>>>>>>>>>>>
16:42:55   binary cross entropy: 0.580027
16:42:59   >>>>>>>>>>>>>>>>>>>>>>>>>>>>>>
16:42:59   binary cross entropy: 0.65905
16:43:04   >>>>>>>>>>>>>>>>>>>>>>>>>>>>>>
16:43:04   binary cross entropy: 0.605088
16:43:09   >>>>>>>>>>>>>>>>>>>>>>>>>>>>>>
16:43:09   binary cross entropy: 0.718494
16:43:14   >>>>>>>>>>>>>>>>>>>>>>>>>>>>>>
16:43:14   binary cross entropy: 0.620579
16:43:19   >>>>>>>>>>>>>>>>>>>>>>>>>>>>>>
16:43:19   binary cross entropy: 0.576559
16:43:24   >>>>>>>>>>>>>>>>>>>>>>>>>>>>>>
16:43:24   binary cross entropy: 0.626389
16:43:29   >>>>>>>>>>>>>>>>>>>>>>>>>>>>>>
16:43:29   binary cross entropy: 0.563998
16:43:33   >>>>>>>>>>>>>>>>>>>>>>>>>>>>>>
16:43:33   binary cross entropy: 0.552904
16:43:38   >>>>>>>>>>>>>>>>>>>>>>>>>>>>>>
16:43:38   binary cross entropy: 0.61798
16:43:43   >>>>>>>>>>>>>>>>>>>>>>>>>>>>>>
16:43:43   binary cross entropy: 0.720101
16:43:48   >>>>>>>>>>>>>>>>>>>>>>>>>>>>>>
16:43:48   binary cross entropy: 0.705162
16:43:53   >>>>>>>>>>>>>>>>>>>>>>>>>>>>>>
16:43:53   binary cross entropy: 0.556733
16:43:58   >>>>>>>>>>>>>>>>>>>>>>>>>>>>>>
16:43:58   binary cross entropy: 0.68039
16:44:03   >>>>>>>>>>>>>>>>>>>>>>>>>>>>>>
16:44:03   binary cross entropy: 0.632316
16:44:07   >>>>>>>>>>>>>>>>>>>>>>>>>>>>>>
16:44:07   binary cross entropy: 0.517268
16:44:12   >>>>>>>>>>>>>>>>>>>>>>>>>>>>>>
16:44:12   binary cross entropy: 0.564346
16:44:17   >>>>>>>>>>>>>>>>>>>>>>>>>>>>>>
16:44:17   binary cross entropy: 0.684112
16:44:22   >>>>>>>>>>>>>>>>>>>>>>>>>>>>>>
16:44:22   binary cross entropy: 0.551634
16:44:27   >>>>>>>>>>>>>>>>>>>>>>>>>>>>>>
16:44:27   binary cross entropy: 0.66326
16:44:32   >>>>>>>>>>>>>>>>>>>>>>>>>>>>>>
16:44:32   binary cross entropy: 0.653646
16:44:37   >>>>>>>>>>>>>>>>>>>>>>>>>>>>>>
16:44:37   binary cross entropy: 0.572541
16:44:41   >>>>>>>>>>>>>>>>>>>>>>>>>>>>>>
16:44:41   binary cross entropy: 0.659185
16:44:46   >>>>>>>>>>>>>>>>>>>>>>>>>>>>>>
16:44:46   binary cross entropy: 0.542422
16:44:51   >>>>>>>>>>>>>>>>>>>>>>>>>>>>>>
16:44:51   binary cross entropy: 0.618948
16:44:56   >>>>>>>>>>>>>>>>>>>>>>>>>>>>>>
16:44:56   binary cross entropy: 0.566329
16:45:01   >>>>>>>>>>>>>>>>>>>>>>>>>>>>>>
16:45:01   binary cross entropy: 0.494748
16:45:06   >>>>>>>>>>>>>>>>>>>>>>>>>>>>>>
16:45:06   binary cross entropy: 0.656107
16:45:11   >>>>>>>>>>>>>>>>>>>>>>>>>>>>>>
16:45:11   binary cross entropy: 0.608763
16:45:15   >>>>>>>>>>>>>>>>>>>>>>>>>>>>>>
16:45:15   binary cross entropy: 0.553402
16:45:20   >>>>>>>>>>>>>>>>>>>>>>>>>>>>>>
16:45:20   binary cross entropy: 0.605885
16:45:25   >>>>>>>>>>>>>>>>>>>>>>>>>>>>>>
16:45:25   binary cross entropy: 0.557135
16:45:30   >>>>>>>>>>>>>>>>>>>>>>>>>>>>>>
16:45:30   binary cross entropy: 0.619766
16:45:35   >>>>>>>>>>>>>>>>>>>>>>>>>>>>>>
16:45:35   binary cross entropy: 0.695142
16:45:40   >>>>>>>>>>>>>>>>>>>>>>>>>>>>>>
16:45:40   binary cross entropy: 0.668095
16:45:45   >>>>>>>>>>>>>>>>>>>>>>>>>>>>>>
16:45:45   binary cross entropy: 0.576756
wandb: WARNING Fatal error while uploading data. Some run data will not be synced, but it will still be written to disk. Use `wandb sync` at the end of the run to try uploading.
16:45:49   >>>>>>>>>>>>>>>>>>>>>>>>>>>>>>
16:45:49   binary cross entropy: 0.566986
16:45:54   >>>>>>>>>>>>>>>>>>>>>>>>>>>>>>
16:45:54   binary cross entropy: 0.728316
16:45:59   >>>>>>>>>>>>>>>>>>>>>>>>>>>>>>
16:45:59   binary cross entropy: 0.670893
16:46:04   >>>>>>>>>>>>>>>>>>>>>>>>>>>>>>
16:46:04   binary cross entropy: 0.599638
16:46:09   >>>>>>>>>>>>>>>>>>>>>>>>>>>>>>
16:46:09   binary cross entropy: 0.561712
16:46:14   >>>>>>>>>>>>>>>>>>>>>>>>>>>>>>
16:46:14   binary cross entropy: 0.601411
16:46:19   >>>>>>>>>>>>>>>>>>>>>>>>>>>>>>
16:46:19   binary cross entropy: 0.719681
16:46:23   >>>>>>>>>>>>>>>>>>>>>>>>>>>>>>
16:46:23   binary cross entropy: 0.552376
16:46:28   >>>>>>>>>>>>>>>>>>>>>>>>>>>>>>
16:46:28   binary cross entropy: 0.570634
16:46:33   >>>>>>>>>>>>>>>>>>>>>>>>>>>>>>
16:46:33   Epoch 1 end
16:46:33   ------------------------------
16:46:33   average binary cross entropy: 0.615646
16:46:33   Save checkpoint to model_epoch_2.pth
16:46:33   >>>>>>>>>>>>>>>>>>>>>>>>>>>>>>
16:46:33   Evaluate on valid
16:47:04   mr: 121.697
16:47:04   mrr: 0.0903174
16:47:04   hits@1: 0.0363125
16:47:04   hits@3: 0.0834375
16:47:04   hits@10: 0.189313
16:47:04   >>>>>>>>>>>>>>>>>>>>>>>>>>>>>>
16:47:04   Epoch 2 begin
16:47:04   >>>>>>>>>>>>>>>>>>>>>>>>>>>>>>
16:47:04   binary cross entropy: 0.522143
16:47:09   >>>>>>>>>>>>>>>>>>>>>>>>>>>>>>
16:47:09   binary cross entropy: 0.549584
16:47:14   >>>>>>>>>>>>>>>>>>>>>>>>>>>>>>
16:47:14   binary cross entropy: 0.608335
16:47:18   >>>>>>>>>>>>>>>>>>>>>>>>>>>>>>
16:47:18   binary cross entropy: 0.597253
16:47:23   >>>>>>>>>>>>>>>>>>>>>>>>>>>>>>
16:47:23   binary cross entropy: 0.676084
16:47:28   >>>>>>>>>>>>>>>>>>>>>>>>>>>>>>
16:47:28   binary cross entropy: 0.630276
16:47:33   >>>>>>>>>>>>>>>>>>>>>>>>>>>>>>
16:47:33   binary cross entropy: 0.501707
16:47:38   >>>>>>>>>>>>>>>>>>>>>>>>>>>>>>
16:47:38   binary cross entropy: 0.547859
16:47:43   >>>>>>>>>>>>>>>>>>>>>>>>>>>>>>
16:47:43   binary cross entropy: 0.746191
16:47:47   >>>>>>>>>>>>>>>>>>>>>>>>>>>>>>
16:47:47   binary cross entropy: 0.581622
16:47:52   >>>>>>>>>>>>>>>>>>>>>>>>>>>>>>
16:47:52   binary cross entropy: 0.637895
16:47:57   >>>>>>>>>>>>>>>>>>>>>>>>>>>>>>
16:47:57   binary cross entropy: 0.575344
16:48:02   >>>>>>>>>>>>>>>>>>>>>>>>>>>>>>
16:48:02   binary cross entropy: 0.568713
16:48:07   >>>>>>>>>>>>>>>>>>>>>>>>>>>>>>
16:48:07   binary cross entropy: 0.657147
16:48:12   >>>>>>>>>>>>>>>>>>>>>>>>>>>>>>
16:48:12   binary cross entropy: 0.658421
16:48:17   >>>>>>>>>>>>>>>>>>>>>>>>>>>>>>
16:48:17   binary cross entropy: 0.629997
16:48:21   >>>>>>>>>>>>>>>>>>>>>>>>>>>>>>
16:48:21   binary cross entropy: 0.518314
16:48:26   >>>>>>>>>>>>>>>>>>>>>>>>>>>>>>
16:48:26   binary cross entropy: 0.627216
16:48:31   >>>>>>>>>>>>>>>>>>>>>>>>>>>>>>
16:48:31   binary cross entropy: 0.547342
16:48:36   >>>>>>>>>>>>>>>>>>>>>>>>>>>>>>
16:48:36   binary cross entropy: 0.545536
16:48:41   >>>>>>>>>>>>>>>>>>>>>>>>>>>>>>
16:48:41   binary cross entropy: 0.586389
16:48:46   >>>>>>>>>>>>>>>>>>>>>>>>>>>>>>
16:48:46   binary cross entropy: 0.646065
16:48:51   >>>>>>>>>>>>>>>>>>>>>>>>>>>>>>
16:48:51   binary cross entropy: 0.673786
16:48:55   >>>>>>>>>>>>>>>>>>>>>>>>>>>>>>
16:48:55   binary cross entropy: 0.63557
16:49:00   >>>>>>>>>>>>>>>>>>>>>>>>>>>>>>
16:49:00   binary cross entropy: 0.655461
16:49:05   >>>>>>>>>>>>>>>>>>>>>>>>>>>>>>
16:49:05   binary cross entropy: 0.68881
16:49:10   >>>>>>>>>>>>>>>>>>>>>>>>>>>>>>
16:49:10   binary cross entropy: 0.680444
16:49:15   >>>>>>>>>>>>>>>>>>>>>>>>>>>>>>
16:49:15   binary cross entropy: 0.744354
16:49:20   >>>>>>>>>>>>>>>>>>>>>>>>>>>>>>
16:49:20   binary cross entropy: 0.567559
16:49:25   >>>>>>>>>>>>>>>>>>>>>>>>>>>>>>
16:49:25   binary cross entropy: 0.507195
16:49:29   >>>>>>>>>>>>>>>>>>>>>>>>>>>>>>
16:49:29   binary cross entropy: 0.648353
16:49:34   >>>>>>>>>>>>>>>>>>>>>>>>>>>>>>
16:49:34   binary cross entropy: 0.625441
16:49:39   >>>>>>>>>>>>>>>>>>>>>>>>>>>>>>
16:49:39   binary cross entropy: 0.579126
16:49:44   >>>>>>>>>>>>>>>>>>>>>>>>>>>>>>
16:49:44   binary cross entropy: 0.572442
16:49:49   >>>>>>>>>>>>>>>>>>>>>>>>>>>>>>
16:49:49   binary cross entropy: 0.59931
16:49:54   >>>>>>>>>>>>>>>>>>>>>>>>>>>>>>
16:49:54   binary cross entropy: 0.601127
16:49:59   >>>>>>>>>>>>>>>>>>>>>>>>>>>>>>
16:49:59   binary cross entropy: 0.600091
16:50:03   >>>>>>>>>>>>>>>>>>>>>>>>>>>>>>
16:50:03   binary cross entropy: 0.741692
16:50:08   >>>>>>>>>>>>>>>>>>>>>>>>>>>>>>
16:50:08   binary cross entropy: 0.605429
16:50:13   >>>>>>>>>>>>>>>>>>>>>>>>>>>>>>
16:50:13   binary cross entropy: 0.534253
16:50:18   >>>>>>>>>>>>>>>>>>>>>>>>>>>>>>
16:50:18   binary cross entropy: 0.551184
16:50:23   >>>>>>>>>>>>>>>>>>>>>>>>>>>>>>
16:50:23   binary cross entropy: 0.639641
16:50:28   >>>>>>>>>>>>>>>>>>>>>>>>>>>>>>
16:50:28   binary cross entropy: 0.546332
16:50:33   >>>>>>>>>>>>>>>>>>>>>>>>>>>>>>
16:50:33   binary cross entropy: 0.561716
16:50:37   >>>>>>>>>>>>>>>>>>>>>>>>>>>>>>
16:50:37   binary cross entropy: 0.624773
16:50:42   >>>>>>>>>>>>>>>>>>>>>>>>>>>>>>
16:50:42   binary cross entropy: 0.6404
16:50:47   >>>>>>>>>>>>>>>>>>>>>>>>>>>>>>
16:50:47   binary cross entropy: 0.553845
16:50:52   >>>>>>>>>>>>>>>>>>>>>>>>>>>>>>
16:50:52   binary cross entropy: 0.677348
16:50:57   >>>>>>>>>>>>>>>>>>>>>>>>>>>>>>
16:50:57   binary cross entropy: 0.586507
16:51:02   >>>>>>>>>>>>>>>>>>>>>>>>>>>>>>
16:51:02   binary cross entropy: 0.535414
16:51:06   >>>>>>>>>>>>>>>>>>>>>>>>>>>>>>
16:51:07   binary cross entropy: 0.546443
16:51:11   >>>>>>>>>>>>>>>>>>>>>>>>>>>>>>
16:51:11   binary cross entropy: 0.58834
16:51:16   >>>>>>>>>>>>>>>>>>>>>>>>>>>>>>
16:51:16   binary cross entropy: 0.618452
16:51:21   >>>>>>>>>>>>>>>>>>>>>>>>>>>>>>
16:51:21   binary cross entropy: 0.547574
16:51:26   >>>>>>>>>>>>>>>>>>>>>>>>>>>>>>
16:51:26   binary cross entropy: 0.59298
16:51:31   >>>>>>>>>>>>>>>>>>>>>>>>>>>>>>
16:51:31   binary cross entropy: 0.582781
16:51:36   >>>>>>>>>>>>>>>>>>>>>>>>>>>>>>
16:51:36   binary cross entropy: 0.573159
16:51:40   >>>>>>>>>>>>>>>>>>>>>>>>>>>>>>
16:51:40   binary cross entropy: 0.700002
16:51:45   >>>>>>>>>>>>>>>>>>>>>>>>>>>>>>
16:51:45   binary cross entropy: 0.646628
16:51:50   >>>>>>>>>>>>>>>>>>>>>>>>>>>>>>
16:51:50   binary cross entropy: 0.722651
16:51:55   >>>>>>>>>>>>>>>>>>>>>>>>>>>>>>
16:51:55   binary cross entropy: 0.560794
16:52:00   >>>>>>>>>>>>>>>>>>>>>>>>>>>>>>
16:52:00   binary cross entropy: 0.728843
16:52:05   >>>>>>>>>>>>>>>>>>>>>>>>>>>>>>
16:52:05   binary cross entropy: 0.828425
16:52:09   >>>>>>>>>>>>>>>>>>>>>>>>>>>>>>
16:52:09   binary cross entropy: 0.522174
16:52:14   >>>>>>>>>>>>>>>>>>>>>>>>>>>>>>
16:52:14   binary cross entropy: 0.560815
16:52:19   >>>>>>>>>>>>>>>>>>>>>>>>>>>>>>
16:52:19   binary cross entropy: 0.667813
16:52:24   >>>>>>>>>>>>>>>>>>>>>>>>>>>>>>
16:52:24   binary cross entropy: 0.714187
16:52:29   >>>>>>>>>>>>>>>>>>>>>>>>>>>>>>
16:52:29   binary cross entropy: 0.691971
16:52:34   >>>>>>>>>>>>>>>>>>>>>>>>>>>>>>
16:52:34   binary cross entropy: 0.801499
16:52:38   >>>>>>>>>>>>>>>>>>>>>>>>>>>>>>
16:52:38   binary cross entropy: 0.652314
16:52:43   >>>>>>>>>>>>>>>>>>>>>>>>>>>>>>
16:52:43   binary cross entropy: 0.670365
16:52:48   >>>>>>>>>>>>>>>>>>>>>>>>>>>>>>
16:52:48   binary cross entropy: 0.561811
16:52:53   >>>>>>>>>>>>>>>>>>>>>>>>>>>>>>
16:52:53   binary cross entropy: 0.619297
16:52:58   >>>>>>>>>>>>>>>>>>>>>>>>>>>>>>
16:52:58   binary cross entropy: 0.609855
16:53:03   >>>>>>>>>>>>>>>>>>>>>>>>>>>>>>
16:53:03   binary cross entropy: 0.560934
16:53:08   >>>>>>>>>>>>>>>>>>>>>>>>>>>>>>
16:53:08   binary cross entropy: 0.586177
16:53:12   >>>>>>>>>>>>>>>>>>>>>>>>>>>>>>
16:53:12   binary cross entropy: 0.656672
16:53:17   >>>>>>>>>>>>>>>>>>>>>>>>>>>>>>
16:53:17   binary cross entropy: 0.62706
16:53:22   >>>>>>>>>>>>>>>>>>>>>>>>>>>>>>
16:53:22   binary cross entropy: 0.64427
16:53:27   >>>>>>>>>>>>>>>>>>>>>>>>>>>>>>
16:53:27   binary cross entropy: 0.589135
16:53:32   >>>>>>>>>>>>>>>>>>>>>>>>>>>>>>
16:53:32   Epoch 2 end
16:53:32   ------------------------------
16:53:32   average binary cross entropy: 0.617762
16:53:32   Save checkpoint to model_epoch_3.pth
16:53:32   >>>>>>>>>>>>>>>>>>>>>>>>>>>>>>
16:53:32   Evaluate on valid
16:54:02   mr: 119.756
16:54:02   mrr: 0.0923562
16:54:02   hits@1: 0.0368125
16:54:02   hits@3: 0.087375
16:54:02   hits@10: 0.192625
16:54:02   >>>>>>>>>>>>>>>>>>>>>>>>>>>>>>
16:54:02   Epoch 3 begin
16:54:02   >>>>>>>>>>>>>>>>>>>>>>>>>>>>>>
16:54:02   binary cross entropy: 0.610428
16:54:07   >>>>>>>>>>>>>>>>>>>>>>>>>>>>>>
16:54:07   binary cross entropy: 0.652365
16:54:12   >>>>>>>>>>>>>>>>>>>>>>>>>>>>>>
16:54:12   binary cross entropy: 0.582577
16:54:17   >>>>>>>>>>>>>>>>>>>>>>>>>>>>>>
16:54:17   binary cross entropy: 0.514334
16:54:22   >>>>>>>>>>>>>>>>>>>>>>>>>>>>>>
16:54:22   binary cross entropy: 0.586018
16:54:27   >>>>>>>>>>>>>>>>>>>>>>>>>>>>>>
16:54:27   binary cross entropy: 0.616991
16:54:32   >>>>>>>>>>>>>>>>>>>>>>>>>>>>>>
16:54:32   binary cross entropy: 0.651655
16:54:36   >>>>>>>>>>>>>>>>>>>>>>>>>>>>>>
16:54:36   binary cross entropy: 0.693089
16:54:41   >>>>>>>>>>>>>>>>>>>>>>>>>>>>>>
16:54:41   binary cross entropy: 0.696368
16:54:46   >>>>>>>>>>>>>>>>>>>>>>>>>>>>>>
16:54:46   binary cross entropy: 0.562535
16:54:51   >>>>>>>>>>>>>>>>>>>>>>>>>>>>>>
16:54:51   binary cross entropy: 0.618723
16:54:56   >>>>>>>>>>>>>>>>>>>>>>>>>>>>>>
16:54:56   binary cross entropy: 0.560545
16:55:01   >>>>>>>>>>>>>>>>>>>>>>>>>>>>>>
16:55:01   binary cross entropy: 0.653567
16:55:06   >>>>>>>>>>>>>>>>>>>>>>>>>>>>>>
16:55:06   binary cross entropy: 0.701722
16:55:10   >>>>>>>>>>>>>>>>>>>>>>>>>>>>>>
16:55:10   binary cross entropy: 0.608151
16:55:15   >>>>>>>>>>>>>>>>>>>>>>>>>>>>>>
16:55:15   binary cross entropy: 0.579773
16:55:20   >>>>>>>>>>>>>>>>>>>>>>>>>>>>>>
16:55:20   binary cross entropy: 0.645508
16:55:25   >>>>>>>>>>>>>>>>>>>>>>>>>>>>>>
16:55:25   binary cross entropy: 0.689033
16:55:30   >>>>>>>>>>>>>>>>>>>>>>>>>>>>>>
16:55:30   binary cross entropy: 0.606185
16:55:35   >>>>>>>>>>>>>>>>>>>>>>>>>>>>>>
16:55:35   binary cross entropy: 0.662515
16:55:40   >>>>>>>>>>>>>>>>>>>>>>>>>>>>>>
16:55:40   binary cross entropy: 0.68514
16:55:44   >>>>>>>>>>>>>>>>>>>>>>>>>>>>>>
16:55:44   binary cross entropy: 0.706299
16:55:49   >>>>>>>>>>>>>>>>>>>>>>>>>>>>>>
16:55:49   binary cross entropy: 0.600082
16:55:54   >>>>>>>>>>>>>>>>>>>>>>>>>>>>>>
16:55:54   binary cross entropy: 0.620859
16:55:59   >>>>>>>>>>>>>>>>>>>>>>>>>>>>>>
16:55:59   binary cross entropy: 0.633622
16:56:04   >>>>>>>>>>>>>>>>>>>>>>>>>>>>>>
16:56:04   binary cross entropy: 0.801591
16:56:09   >>>>>>>>>>>>>>>>>>>>>>>>>>>>>>
16:56:09   binary cross entropy: 0.631418
16:56:14   >>>>>>>>>>>>>>>>>>>>>>>>>>>>>>
16:56:14   binary cross entropy: 0.638238
16:56:18   >>>>>>>>>>>>>>>>>>>>>>>>>>>>>>
16:56:18   binary cross entropy: 0.585371
16:56:23   >>>>>>>>>>>>>>>>>>>>>>>>>>>>>>
16:56:23   binary cross entropy: 0.678486
16:56:28   >>>>>>>>>>>>>>>>>>>>>>>>>>>>>>
16:56:28   binary cross entropy: 0.743447
16:56:33   >>>>>>>>>>>>>>>>>>>>>>>>>>>>>>
16:56:33   binary cross entropy: 0.592949
16:56:38   >>>>>>>>>>>>>>>>>>>>>>>>>>>>>>
16:56:38   binary cross entropy: 0.60248
16:56:43   >>>>>>>>>>>>>>>>>>>>>>>>>>>>>>
16:56:43   binary cross entropy: 0.693202
16:56:48   >>>>>>>>>>>>>>>>>>>>>>>>>>>>>>
16:56:48   binary cross entropy: 0.568486
16:56:52   >>>>>>>>>>>>>>>>>>>>>>>>>>>>>>
16:56:53   binary cross entropy: 0.542001
16:56:58   >>>>>>>>>>>>>>>>>>>>>>>>>>>>>>
16:56:58   binary cross entropy: 0.499898
16:57:03   >>>>>>>>>>>>>>>>>>>>>>>>>>>>>>
16:57:03   binary cross entropy: 0.689785
16:57:08   >>>>>>>>>>>>>>>>>>>>>>>>>>>>>>
16:57:08   binary cross entropy: 0.589053
16:57:12   >>>>>>>>>>>>>>>>>>>>>>>>>>>>>>
16:57:12   binary cross entropy: 0.656564
16:57:17   >>>>>>>>>>>>>>>>>>>>>>>>>>>>>>
16:57:17   binary cross entropy: 0.730451
16:57:22   >>>>>>>>>>>>>>>>>>>>>>>>>>>>>>
16:57:22   binary cross entropy: 0.573594
16:57:27   >>>>>>>>>>>>>>>>>>>>>>>>>>>>>>
16:57:27   binary cross entropy: 0.775538
16:57:32   >>>>>>>>>>>>>>>>>>>>>>>>>>>>>>
16:57:32   binary cross entropy: 0.616386
16:57:37   >>>>>>>>>>>>>>>>>>>>>>>>>>>>>>
16:57:37   binary cross entropy: 0.581682
16:57:42   >>>>>>>>>>>>>>>>>>>>>>>>>>>>>>
16:57:42   binary cross entropy: 0.547283
16:57:46   >>>>>>>>>>>>>>>>>>>>>>>>>>>>>>
16:57:46   binary cross entropy: 0.59646
16:57:51   >>>>>>>>>>>>>>>>>>>>>>>>>>>>>>
16:57:51   binary cross entropy: 0.649633
16:57:56   >>>>>>>>>>>>>>>>>>>>>>>>>>>>>>
16:57:56   binary cross entropy: 0.680059
16:58:01   >>>>>>>>>>>>>>>>>>>>>>>>>>>>>>
16:58:01   binary cross entropy: 0.487902
16:58:06   >>>>>>>>>>>>>>>>>>>>>>>>>>>>>>
16:58:06   binary cross entropy: 0.579874
16:58:11   >>>>>>>>>>>>>>>>>>>>>>>>>>>>>>
16:58:11   binary cross entropy: 0.61804
16:58:16   >>>>>>>>>>>>>>>>>>>>>>>>>>>>>>
16:58:16   binary cross entropy: 0.559493
16:58:21   >>>>>>>>>>>>>>>>>>>>>>>>>>>>>>
16:58:21   binary cross entropy: 0.525109
16:58:25   >>>>>>>>>>>>>>>>>>>>>>>>>>>>>>
16:58:25   binary cross entropy: 0.515429
16:58:30   >>>>>>>>>>>>>>>>>>>>>>>>>>>>>>
16:58:30   binary cross entropy: 0.599375
16:58:35   >>>>>>>>>>>>>>>>>>>>>>>>>>>>>>
16:58:35   binary cross entropy: 0.568833
16:58:40   >>>>>>>>>>>>>>>>>>>>>>>>>>>>>>
16:58:40   binary cross entropy: 0.534411
16:58:45   >>>>>>>>>>>>>>>>>>>>>>>>>>>>>>
16:58:45   binary cross entropy: 0.559957
16:58:50   >>>>>>>>>>>>>>>>>>>>>>>>>>>>>>
16:58:50   binary cross entropy: 0.642415
16:58:55   >>>>>>>>>>>>>>>>>>>>>>>>>>>>>>
16:58:55   binary cross entropy: 0.552556
16:58:59   >>>>>>>>>>>>>>>>>>>>>>>>>>>>>>
16:58:59   binary cross entropy: 0.64738
16:59:04   >>>>>>>>>>>>>>>>>>>>>>>>>>>>>>
16:59:04   binary cross entropy: 0.657029
16:59:09   >>>>>>>>>>>>>>>>>>>>>>>>>>>>>>
16:59:09   binary cross entropy: 0.599206
16:59:14   >>>>>>>>>>>>>>>>>>>>>>>>>>>>>>
16:59:14   binary cross entropy: 0.570845
16:59:19   >>>>>>>>>>>>>>>>>>>>>>>>>>>>>>
16:59:19   binary cross entropy: 0.565593
16:59:24   >>>>>>>>>>>>>>>>>>>>>>>>>>>>>>
16:59:24   binary cross entropy: 0.641114
16:59:29   >>>>>>>>>>>>>>>>>>>>>>>>>>>>>>
16:59:29   binary cross entropy: 0.608005
16:59:33   >>>>>>>>>>>>>>>>>>>>>>>>>>>>>>
16:59:33   binary cross entropy: 0.585202
16:59:38   >>>>>>>>>>>>>>>>>>>>>>>>>>>>>>
16:59:38   binary cross entropy: 0.542269
16:59:43   >>>>>>>>>>>>>>>>>>>>>>>>>>>>>>
16:59:43   binary cross entropy: 0.628355
16:59:48   >>>>>>>>>>>>>>>>>>>>>>>>>>>>>>
16:59:48   binary cross entropy: 0.550538
16:59:53   >>>>>>>>>>>>>>>>>>>>>>>>>>>>>>
16:59:53   binary cross entropy: 0.562071
16:59:58   >>>>>>>>>>>>>>>>>>>>>>>>>>>>>>
16:59:58   binary cross entropy: 0.559937
17:00:03   >>>>>>>>>>>>>>>>>>>>>>>>>>>>>>
17:00:03   binary cross entropy: 0.58744
17:00:08   >>>>>>>>>>>>>>>>>>>>>>>>>>>>>>
17:00:08   binary cross entropy: 0.592653
17:00:12   >>>>>>>>>>>>>>>>>>>>>>>>>>>>>>
17:00:12   binary cross entropy: 0.662961
17:00:17   >>>>>>>>>>>>>>>>>>>>>>>>>>>>>>
17:00:17   binary cross entropy: 0.654025
17:00:22   >>>>>>>>>>>>>>>>>>>>>>>>>>>>>>
17:00:22   binary cross entropy: 0.671616
17:00:27   >>>>>>>>>>>>>>>>>>>>>>>>>>>>>>
17:00:27   binary cross entropy: 0.589652
17:00:32   >>>>>>>>>>>>>>>>>>>>>>>>>>>>>>
17:00:32   Epoch 3 end
17:00:32   ------------------------------
17:00:32   average binary cross entropy: 0.619014
17:00:32   Save checkpoint to model_epoch_4.pth
17:00:32   >>>>>>>>>>>>>>>>>>>>>>>>>>>>>>
17:00:32   Evaluate on valid
17:01:03   mr: 119.795
17:01:03   mrr: 0.0934837
17:01:03   hits@1: 0.038125
17:01:03   hits@3: 0.0870625
17:01:03   hits@10: 0.193563
17:01:03   >>>>>>>>>>>>>>>>>>>>>>>>>>>>>>
17:01:03   Epoch 4 begin
17:01:03   >>>>>>>>>>>>>>>>>>>>>>>>>>>>>>
17:01:03   binary cross entropy: 0.643627
17:01:07   >>>>>>>>>>>>>>>>>>>>>>>>>>>>>>
17:01:07   binary cross entropy: 0.597932
17:01:12   >>>>>>>>>>>>>>>>>>>>>>>>>>>>>>
17:01:12   binary cross entropy: 0.56316
17:01:17   >>>>>>>>>>>>>>>>>>>>>>>>>>>>>>
17:01:17   binary cross entropy: 0.683258
17:01:22   >>>>>>>>>>>>>>>>>>>>>>>>>>>>>>
17:01:22   binary cross entropy: 0.715998
17:01:27   >>>>>>>>>>>>>>>>>>>>>>>>>>>>>>
17:01:27   binary cross entropy: 0.623295
17:01:32   >>>>>>>>>>>>>>>>>>>>>>>>>>>>>>
17:01:32   binary cross entropy: 0.613772
17:01:37   >>>>>>>>>>>>>>>>>>>>>>>>>>>>>>
17:01:37   binary cross entropy: 0.551112
17:01:41   >>>>>>>>>>>>>>>>>>>>>>>>>>>>>>
17:01:41   binary cross entropy: 0.619104
17:01:46   >>>>>>>>>>>>>>>>>>>>>>>>>>>>>>
17:01:46   binary cross entropy: 0.588471
17:01:51   >>>>>>>>>>>>>>>>>>>>>>>>>>>>>>
17:01:51   binary cross entropy: 0.612133
17:01:56   >>>>>>>>>>>>>>>>>>>>>>>>>>>>>>
17:01:56   binary cross entropy: 0.595188
17:02:01   >>>>>>>>>>>>>>>>>>>>>>>>>>>>>>
17:02:01   binary cross entropy: 0.540393
17:02:06   >>>>>>>>>>>>>>>>>>>>>>>>>>>>>>
17:02:06   binary cross entropy: 0.649191
17:02:11   >>>>>>>>>>>>>>>>>>>>>>>>>>>>>>
17:02:11   binary cross entropy: 0.768374
17:02:15   >>>>>>>>>>>>>>>>>>>>>>>>>>>>>>
17:02:15   binary cross entropy: 0.540808
17:02:20   >>>>>>>>>>>>>>>>>>>>>>>>>>>>>>
17:02:20   binary cross entropy: 0.681492
17:02:25   >>>>>>>>>>>>>>>>>>>>>>>>>>>>>>
17:02:25   binary cross entropy: 0.540435
17:02:30   >>>>>>>>>>>>>>>>>>>>>>>>>>>>>>
17:02:30   binary cross entropy: 0.670173
17:02:35   >>>>>>>>>>>>>>>>>>>>>>>>>>>>>>
17:02:35   binary cross entropy: 0.657689
17:02:40   >>>>>>>>>>>>>>>>>>>>>>>>>>>>>>
17:02:40   binary cross entropy: 0.66606
17:02:45   >>>>>>>>>>>>>>>>>>>>>>>>>>>>>>
17:02:45   binary cross entropy: 0.566061
17:02:50   >>>>>>>>>>>>>>>>>>>>>>>>>>>>>>
17:02:50   binary cross entropy: 0.577382
17:02:54   >>>>>>>>>>>>>>>>>>>>>>>>>>>>>>
17:02:54   binary cross entropy: 0.609947
17:02:59   >>>>>>>>>>>>>>>>>>>>>>>>>>>>>>
17:02:59   binary cross entropy: 0.587718
17:03:04   >>>>>>>>>>>>>>>>>>>>>>>>>>>>>>
17:03:04   binary cross entropy: 0.562488
17:03:09   >>>>>>>>>>>>>>>>>>>>>>>>>>>>>>
17:03:09   binary cross entropy: 0.617305
17:03:14   >>>>>>>>>>>>>>>>>>>>>>>>>>>>>>
17:03:14   binary cross entropy: 0.6027
17:03:19   >>>>>>>>>>>>>>>>>>>>>>>>>>>>>>
17:03:19   binary cross entropy: 0.661496
17:03:24   >>>>>>>>>>>>>>>>>>>>>>>>>>>>>>
17:03:24   binary cross entropy: 0.631029
17:03:28   >>>>>>>>>>>>>>>>>>>>>>>>>>>>>>
17:03:28   binary cross entropy: 0.674868
17:03:33   >>>>>>>>>>>>>>>>>>>>>>>>>>>>>>
17:03:33   binary cross entropy: 0.606379
17:03:38   >>>>>>>>>>>>>>>>>>>>>>>>>>>>>>
17:03:38   binary cross entropy: 0.548876
17:03:43   >>>>>>>>>>>>>>>>>>>>>>>>>>>>>>
17:03:43   binary cross entropy: 0.63919
17:03:48   >>>>>>>>>>>>>>>>>>>>>>>>>>>>>>
17:03:48   binary cross entropy: 0.639145
17:03:53   >>>>>>>>>>>>>>>>>>>>>>>>>>>>>>
17:03:53   binary cross entropy: 0.538003
17:03:58   >>>>>>>>>>>>>>>>>>>>>>>>>>>>>>
17:03:58   binary cross entropy: 0.555481
17:04:03   >>>>>>>>>>>>>>>>>>>>>>>>>>>>>>
17:04:03   binary cross entropy: 0.573972
17:04:08   >>>>>>>>>>>>>>>>>>>>>>>>>>>>>>
17:04:08   binary cross entropy: 0.601196
17:04:12   >>>>>>>>>>>>>>>>>>>>>>>>>>>>>>
17:04:12   binary cross entropy: 0.600378
17:04:17   >>>>>>>>>>>>>>>>>>>>>>>>>>>>>>
17:04:17   binary cross entropy: 0.59713
17:04:22   >>>>>>>>>>>>>>>>>>>>>>>>>>>>>>
17:04:22   binary cross entropy: 0.707843
17:04:27   >>>>>>>>>>>>>>>>>>>>>>>>>>>>>>
17:04:27   binary cross entropy: 0.626286
17:04:32   >>>>>>>>>>>>>>>>>>>>>>>>>>>>>>
17:04:32   binary cross entropy: 0.576373
17:04:37   >>>>>>>>>>>>>>>>>>>>>>>>>>>>>>
17:04:37   binary cross entropy: 0.620452
17:04:42   >>>>>>>>>>>>>>>>>>>>>>>>>>>>>>
17:04:42   binary cross entropy: 0.55518
17:04:46   >>>>>>>>>>>>>>>>>>>>>>>>>>>>>>
17:04:46   binary cross entropy: 0.596168
17:04:51   >>>>>>>>>>>>>>>>>>>>>>>>>>>>>>
17:04:51   binary cross entropy: 0.545958
17:04:56   >>>>>>>>>>>>>>>>>>>>>>>>>>>>>>
17:04:56   binary cross entropy: 0.569213
17:05:01   >>>>>>>>>>>>>>>>>>>>>>>>>>>>>>
17:05:01   binary cross entropy: 0.617403
17:05:06   >>>>>>>>>>>>>>>>>>>>>>>>>>>>>>
17:05:06   binary cross entropy: 0.563549
17:05:11   >>>>>>>>>>>>>>>>>>>>>>>>>>>>>>
17:05:11   binary cross entropy: 0.558436
17:05:16   >>>>>>>>>>>>>>>>>>>>>>>>>>>>>>
17:05:16   binary cross entropy: 0.577327
17:05:20   >>>>>>>>>>>>>>>>>>>>>>>>>>>>>>
17:05:20   binary cross entropy: 0.749719
17:05:25   >>>>>>>>>>>>>>>>>>>>>>>>>>>>>>
17:05:25   binary cross entropy: 0.557842
17:05:30   >>>>>>>>>>>>>>>>>>>>>>>>>>>>>>
17:05:30   binary cross entropy: 0.531508
17:05:35   >>>>>>>>>>>>>>>>>>>>>>>>>>>>>>
17:05:35   binary cross entropy: 0.708315
17:05:40   >>>>>>>>>>>>>>>>>>>>>>>>>>>>>>
17:05:40   binary cross entropy: 0.550081
17:05:45   >>>>>>>>>>>>>>>>>>>>>>>>>>>>>>
17:05:45   binary cross entropy: 0.61834
17:05:50   >>>>>>>>>>>>>>>>>>>>>>>>>>>>>>
17:05:50   binary cross entropy: 0.744946
17:05:54   >>>>>>>>>>>>>>>>>>>>>>>>>>>>>>
17:05:54   binary cross entropy: 0.625646
17:05:59   >>>>>>>>>>>>>>>>>>>>>>>>>>>>>>
17:05:59   binary cross entropy: 0.51692
17:06:04   >>>>>>>>>>>>>>>>>>>>>>>>>>>>>>
17:06:04   binary cross entropy: 0.540535
17:06:09   >>>>>>>>>>>>>>>>>>>>>>>>>>>>>>
17:06:09   binary cross entropy: 0.618819
17:06:14   >>>>>>>>>>>>>>>>>>>>>>>>>>>>>>
17:06:14   binary cross entropy: 0.611743
17:06:19   >>>>>>>>>>>>>>>>>>>>>>>>>>>>>>
17:06:19   binary cross entropy: 0.693573
17:06:24   >>>>>>>>>>>>>>>>>>>>>>>>>>>>>>
17:06:24   binary cross entropy: 0.594539
17:06:28   >>>>>>>>>>>>>>>>>>>>>>>>>>>>>>
17:06:29   binary cross entropy: 0.633956
17:06:33   >>>>>>>>>>>>>>>>>>>>>>>>>>>>>>
17:06:33   binary cross entropy: 0.597883
17:06:38   >>>>>>>>>>>>>>>>>>>>>>>>>>>>>>
17:06:38   binary cross entropy: 0.597288
17:06:43   >>>>>>>>>>>>>>>>>>>>>>>>>>>>>>
17:06:43   binary cross entropy: 0.677596
17:06:48   >>>>>>>>>>>>>>>>>>>>>>>>>>>>>>
17:06:48   binary cross entropy: 0.623212
17:06:53   >>>>>>>>>>>>>>>>>>>>>>>>>>>>>>
17:06:53   binary cross entropy: 0.624884
17:06:58   >>>>>>>>>>>>>>>>>>>>>>>>>>>>>>
17:06:58   binary cross entropy: 0.667667
17:07:03   >>>>>>>>>>>>>>>>>>>>>>>>>>>>>>
17:07:03   binary cross entropy: 0.628027
17:07:07   >>>>>>>>>>>>>>>>>>>>>>>>>>>>>>
17:07:08   binary cross entropy: 0.683699
17:07:12   >>>>>>>>>>>>>>>>>>>>>>>>>>>>>>
17:07:12   binary cross entropy: 0.600723
17:07:17   >>>>>>>>>>>>>>>>>>>>>>>>>>>>>>
17:07:17   binary cross entropy: 0.594759
17:07:22   >>>>>>>>>>>>>>>>>>>>>>>>>>>>>>
17:07:22   binary cross entropy: 0.531274
17:07:27   >>>>>>>>>>>>>>>>>>>>>>>>>>>>>>
17:07:27   binary cross entropy: 0.666448
17:07:32   >>>>>>>>>>>>>>>>>>>>>>>>>>>>>>
17:07:32   Epoch 4 end
17:07:32   ------------------------------
17:07:32   average binary cross entropy: 0.61871
17:07:32   Save checkpoint to model_epoch_5.pth
17:07:32   >>>>>>>>>>>>>>>>>>>>>>>>>>>>>>
17:07:32   Evaluate on valid
17:08:02   mr: 118.27
17:08:02   mrr: 0.0933591
17:08:02   hits@1: 0.038
17:08:02   hits@3: 0.0861875
17:08:02   hits@10: 0.198063
17:08:02   >>>>>>>>>>>>>>>>>>>>>>>>>>>>>>
17:08:02   Epoch 5 begin
17:08:02   >>>>>>>>>>>>>>>>>>>>>>>>>>>>>>
17:08:02   binary cross entropy: 0.630453
17:08:07   >>>>>>>>>>>>>>>>>>>>>>>>>>>>>>
17:08:07   binary cross entropy: 0.576538
17:08:12   >>>>>>>>>>>>>>>>>>>>>>>>>>>>>>
17:08:12   binary cross entropy: 0.589123
17:08:17   >>>>>>>>>>>>>>>>>>>>>>>>>>>>>>
17:08:17   binary cross entropy: 0.615804
17:08:22   >>>>>>>>>>>>>>>>>>>>>>>>>>>>>>
17:08:22   binary cross entropy: 0.683674
17:08:27   >>>>>>>>>>>>>>>>>>>>>>>>>>>>>>
17:08:27   binary cross entropy: 0.574079
17:08:32   >>>>>>>>>>>>>>>>>>>>>>>>>>>>>>
17:08:32   binary cross entropy: 0.567974
17:08:36   >>>>>>>>>>>>>>>>>>>>>>>>>>>>>>
17:08:36   binary cross entropy: 0.586891
17:08:41   >>>>>>>>>>>>>>>>>>>>>>>>>>>>>>
17:08:41   binary cross entropy: 0.653084
17:08:46   >>>>>>>>>>>>>>>>>>>>>>>>>>>>>>
17:08:46   binary cross entropy: 0.68554
17:08:51   >>>>>>>>>>>>>>>>>>>>>>>>>>>>>>
17:08:51   binary cross entropy: 0.594935
17:08:56   >>>>>>>>>>>>>>>>>>>>>>>>>>>>>>
17:08:56   binary cross entropy: 0.6884
17:09:01   >>>>>>>>>>>>>>>>>>>>>>>>>>>>>>
17:09:01   binary cross entropy: 0.605281
17:09:06   >>>>>>>>>>>>>>>>>>>>>>>>>>>>>>
17:09:06   binary cross entropy: 0.60961
17:09:11   >>>>>>>>>>>>>>>>>>>>>>>>>>>>>>
17:09:11   binary cross entropy: 0.655963
17:09:16   >>>>>>>>>>>>>>>>>>>>>>>>>>>>>>
17:09:16   binary cross entropy: 0.556139
17:09:20   >>>>>>>>>>>>>>>>>>>>>>>>>>>>>>
17:09:20   binary cross entropy: 0.567254
17:09:25   >>>>>>>>>>>>>>>>>>>>>>>>>>>>>>
17:09:25   binary cross entropy: 0.58998
17:09:30   >>>>>>>>>>>>>>>>>>>>>>>>>>>>>>
17:09:30   binary cross entropy: 0.725526
17:09:35   >>>>>>>>>>>>>>>>>>>>>>>>>>>>>>
17:09:35   binary cross entropy: 0.674193
17:09:40   >>>>>>>>>>>>>>>>>>>>>>>>>>>>>>
17:09:40   binary cross entropy: 0.585696
17:09:45   >>>>>>>>>>>>>>>>>>>>>>>>>>>>>>
17:09:45   binary cross entropy: 0.591128
17:09:50   >>>>>>>>>>>>>>>>>>>>>>>>>>>>>>
17:09:50   binary cross entropy: 0.638916
17:09:55   >>>>>>>>>>>>>>>>>>>>>>>>>>>>>>
17:09:55   binary cross entropy: 0.58468
17:09:59   >>>>>>>>>>>>>>>>>>>>>>>>>>>>>>
17:10:00   binary cross entropy: 0.593563
17:10:04   >>>>>>>>>>>>>>>>>>>>>>>>>>>>>>
17:10:04   binary cross entropy: 0.622284
17:10:09   >>>>>>>>>>>>>>>>>>>>>>>>>>>>>>
17:10:09   binary cross entropy: 0.629867
17:10:14   >>>>>>>>>>>>>>>>>>>>>>>>>>>>>>
17:10:14   binary cross entropy: 0.605968
17:10:19   >>>>>>>>>>>>>>>>>>>>>>>>>>>>>>
17:10:19   binary cross entropy: 0.621648
17:10:24   >>>>>>>>>>>>>>>>>>>>>>>>>>>>>>
17:10:24   binary cross entropy: 0.543693
17:10:29   >>>>>>>>>>>>>>>>>>>>>>>>>>>>>>
17:10:29   binary cross entropy: 0.783689
17:10:34   >>>>>>>>>>>>>>>>>>>>>>>>>>>>>>
17:10:34   binary cross entropy: 0.616415
17:10:39   >>>>>>>>>>>>>>>>>>>>>>>>>>>>>>
17:10:39   binary cross entropy: 0.598515
17:10:43   >>>>>>>>>>>>>>>>>>>>>>>>>>>>>>
17:10:43   binary cross entropy: 0.596024
17:10:48   >>>>>>>>>>>>>>>>>>>>>>>>>>>>>>
17:10:48   binary cross entropy: 0.651166
17:10:53   >>>>>>>>>>>>>>>>>>>>>>>>>>>>>>
17:10:53   binary cross entropy: 0.583428
17:10:58   >>>>>>>>>>>>>>>>>>>>>>>>>>>>>>
17:10:58   binary cross entropy: 0.497789
17:11:03   >>>>>>>>>>>>>>>>>>>>>>>>>>>>>>
17:11:03   binary cross entropy: 0.617933
17:11:08   >>>>>>>>>>>>>>>>>>>>>>>>>>>>>>
17:11:08   binary cross entropy: 0.58342
17:11:12   >>>>>>>>>>>>>>>>>>>>>>>>>>>>>>
17:11:13   binary cross entropy: 0.619954
17:11:17   >>>>>>>>>>>>>>>>>>>>>>>>>>>>>>
17:11:17   binary cross entropy: 0.658236
17:11:22   >>>>>>>>>>>>>>>>>>>>>>>>>>>>>>
17:11:22   binary cross entropy: 0.569004
17:11:27   >>>>>>>>>>>>>>>>>>>>>>>>>>>>>>
17:11:27   binary cross entropy: 0.518317
17:11:32   >>>>>>>>>>>>>>>>>>>>>>>>>>>>>>
17:11:32   binary cross entropy: 0.584575
17:11:37   >>>>>>>>>>>>>>>>>>>>>>>>>>>>>>
17:11:37   binary cross entropy: 0.578128
17:11:42   >>>>>>>>>>>>>>>>>>>>>>>>>>>>>>
17:11:42   binary cross entropy: 0.649774
17:11:47   >>>>>>>>>>>>>>>>>>>>>>>>>>>>>>
17:11:47   binary cross entropy: 0.643837
17:11:52   >>>>>>>>>>>>>>>>>>>>>>>>>>>>>>
17:11:52   binary cross entropy: 0.595797
17:11:56   >>>>>>>>>>>>>>>>>>>>>>>>>>>>>>
17:11:56   binary cross entropy: 0.628697
17:12:01   >>>>>>>>>>>>>>>>>>>>>>>>>>>>>>
17:12:01   binary cross entropy: 0.703595
17:12:06   >>>>>>>>>>>>>>>>>>>>>>>>>>>>>>
17:12:06   binary cross entropy: 0.736076
17:12:11   >>>>>>>>>>>>>>>>>>>>>>>>>>>>>>
17:12:11   binary cross entropy: 0.595019
17:12:16   >>>>>>>>>>>>>>>>>>>>>>>>>>>>>>
17:12:16   binary cross entropy: 0.680905
17:12:21   >>>>>>>>>>>>>>>>>>>>>>>>>>>>>>
17:12:21   binary cross entropy: 0.638223
17:12:26   >>>>>>>>>>>>>>>>>>>>>>>>>>>>>>
17:12:26   binary cross entropy: 0.653041
17:12:31   >>>>>>>>>>>>>>>>>>>>>>>>>>>>>>
17:12:31   binary cross entropy: 0.578037
17:12:35   >>>>>>>>>>>>>>>>>>>>>>>>>>>>>>
17:12:35   binary cross entropy: 0.662845
17:12:40   >>>>>>>>>>>>>>>>>>>>>>>>>>>>>>
17:12:40   binary cross entropy: 0.534604
17:12:45   >>>>>>>>>>>>>>>>>>>>>>>>>>>>>>
17:12:45   binary cross entropy: 0.765184
17:12:50   >>>>>>>>>>>>>>>>>>>>>>>>>>>>>>
17:12:50   binary cross entropy: 0.620396
17:12:55   >>>>>>>>>>>>>>>>>>>>>>>>>>>>>>
17:12:55   binary cross entropy: 0.679257
17:13:00   >>>>>>>>>>>>>>>>>>>>>>>>>>>>>>
17:13:00   binary cross entropy: 0.52382
17:13:05   >>>>>>>>>>>>>>>>>>>>>>>>>>>>>>
17:13:05   binary cross entropy: 0.609416
17:13:10   >>>>>>>>>>>>>>>>>>>>>>>>>>>>>>
17:13:10   binary cross entropy: 0.66167
17:13:14   >>>>>>>>>>>>>>>>>>>>>>>>>>>>>>
17:13:14   binary cross entropy: 0.581649
17:13:19   >>>>>>>>>>>>>>>>>>>>>>>>>>>>>>
17:13:19   binary cross entropy: 0.567308
17:13:24   >>>>>>>>>>>>>>>>>>>>>>>>>>>>>>
17:13:24   binary cross entropy: 0.548548
17:13:29   >>>>>>>>>>>>>>>>>>>>>>>>>>>>>>
17:13:29   binary cross entropy: 0.729571
17:13:34   >>>>>>>>>>>>>>>>>>>>>>>>>>>>>>
17:13:34   binary cross entropy: 0.566816
17:13:39   >>>>>>>>>>>>>>>>>>>>>>>>>>>>>>
17:13:39   binary cross entropy: 0.571377
17:13:44   >>>>>>>>>>>>>>>>>>>>>>>>>>>>>>
17:13:44   binary cross entropy: 0.634271
17:13:49   >>>>>>>>>>>>>>>>>>>>>>>>>>>>>>
17:13:49   binary cross entropy: 0.652123
17:13:53   >>>>>>>>>>>>>>>>>>>>>>>>>>>>>>
17:13:53   binary cross entropy: 0.663547
17:13:58   >>>>>>>>>>>>>>>>>>>>>>>>>>>>>>
17:13:58   binary cross entropy: 0.685877
17:14:03   >>>>>>>>>>>>>>>>>>>>>>>>>>>>>>
17:14:03   binary cross entropy: 0.551249
17:14:08   >>>>>>>>>>>>>>>>>>>>>>>>>>>>>>
17:14:08   binary cross entropy: 0.602003
17:14:13   >>>>>>>>>>>>>>>>>>>>>>>>>>>>>>
17:14:13   binary cross entropy: 0.551597
17:14:18   >>>>>>>>>>>>>>>>>>>>>>>>>>>>>>
17:14:18   binary cross entropy: 0.55359
17:14:23   >>>>>>>>>>>>>>>>>>>>>>>>>>>>>>
17:14:23   binary cross entropy: 0.601372
17:14:28   >>>>>>>>>>>>>>>>>>>>>>>>>>>>>>
17:14:28   binary cross entropy: 0.658226
17:14:33   >>>>>>>>>>>>>>>>>>>>>>>>>>>>>>
17:14:33   Epoch 5 end
17:14:33   ------------------------------
17:14:33   average binary cross entropy: 0.61873
17:14:33   Save checkpoint to model_epoch_6.pth
17:14:33   >>>>>>>>>>>>>>>>>>>>>>>>>>>>>>
17:14:33   Evaluate on valid
17:15:03   mr: 118.295
17:15:03   mrr: 0.0931929
17:15:03   hits@1: 0.03775
17:15:03   hits@3: 0.085875
17:15:03   hits@10: 0.195313
17:15:03   >>>>>>>>>>>>>>>>>>>>>>>>>>>>>>
17:15:03   Epoch 6 begin
17:15:03   >>>>>>>>>>>>>>>>>>>>>>>>>>>>>>
17:15:03   binary cross entropy: 0.558418
17:15:08   >>>>>>>>>>>>>>>>>>>>>>>>>>>>>>
17:15:08   binary cross entropy: 0.623733
17:15:13   >>>>>>>>>>>>>>>>>>>>>>>>>>>>>>
17:15:13   binary cross entropy: 0.627087
17:15:18   >>>>>>>>>>>>>>>>>>>>>>>>>>>>>>
17:15:18   binary cross entropy: 0.545964
17:15:23   >>>>>>>>>>>>>>>>>>>>>>>>>>>>>>
17:15:23   binary cross entropy: 0.625851
17:15:27   >>>>>>>>>>>>>>>>>>>>>>>>>>>>>>
17:15:27   binary cross entropy: 0.56353
17:15:32   >>>>>>>>>>>>>>>>>>>>>>>>>>>>>>
17:15:32   binary cross entropy: 0.538908
17:15:37   >>>>>>>>>>>>>>>>>>>>>>>>>>>>>>
17:15:37   binary cross entropy: 0.534585
17:15:42   >>>>>>>>>>>>>>>>>>>>>>>>>>>>>>
17:15:42   binary cross entropy: 0.669936
17:15:47   >>>>>>>>>>>>>>>>>>>>>>>>>>>>>>
17:15:47   binary cross entropy: 0.689493
17:15:52   >>>>>>>>>>>>>>>>>>>>>>>>>>>>>>
17:15:52   binary cross entropy: 0.563108
17:15:57   >>>>>>>>>>>>>>>>>>>>>>>>>>>>>>
17:15:57   binary cross entropy: 0.593077
17:16:01   >>>>>>>>>>>>>>>>>>>>>>>>>>>>>>
17:16:01   binary cross entropy: 0.631722
17:16:06   >>>>>>>>>>>>>>>>>>>>>>>>>>>>>>
17:16:06   binary cross entropy: 0.62742
17:16:11   >>>>>>>>>>>>>>>>>>>>>>>>>>>>>>
17:16:11   binary cross entropy: 0.533533
17:16:16   >>>>>>>>>>>>>>>>>>>>>>>>>>>>>>
17:16:16   binary cross entropy: 0.622218
17:16:21   >>>>>>>>>>>>>>>>>>>>>>>>>>>>>>
17:16:21   binary cross entropy: 0.479868
17:16:26   >>>>>>>>>>>>>>>>>>>>>>>>>>>>>>
17:16:26   binary cross entropy: 0.60147
17:16:31   >>>>>>>>>>>>>>>>>>>>>>>>>>>>>>
17:16:31   binary cross entropy: 0.552508
17:16:36   >>>>>>>>>>>>>>>>>>>>>>>>>>>>>>
17:16:36   binary cross entropy: 0.670342
17:16:40   >>>>>>>>>>>>>>>>>>>>>>>>>>>>>>
17:16:40   binary cross entropy: 0.550773
17:16:45   >>>>>>>>>>>>>>>>>>>>>>>>>>>>>>
17:16:45   binary cross entropy: 0.637234
17:16:50   >>>>>>>>>>>>>>>>>>>>>>>>>>>>>>
17:16:50   binary cross entropy: 0.56414
17:16:55   >>>>>>>>>>>>>>>>>>>>>>>>>>>>>>
17:16:55   binary cross entropy: 0.589758
17:17:00   >>>>>>>>>>>>>>>>>>>>>>>>>>>>>>
17:17:00   binary cross entropy: 0.663291
17:17:05   >>>>>>>>>>>>>>>>>>>>>>>>>>>>>>
17:17:05   binary cross entropy: 0.588382
17:17:10   >>>>>>>>>>>>>>>>>>>>>>>>>>>>>>
17:17:10   binary cross entropy: 0.599692
17:17:15   >>>>>>>>>>>>>>>>>>>>>>>>>>>>>>
17:17:15   binary cross entropy: 0.62608
17:17:19   >>>>>>>>>>>>>>>>>>>>>>>>>>>>>>
17:17:20   binary cross entropy: 0.718841
17:17:24   >>>>>>>>>>>>>>>>>>>>>>>>>>>>>>
17:17:24   binary cross entropy: 0.65432
17:17:29   >>>>>>>>>>>>>>>>>>>>>>>>>>>>>>
17:17:29   binary cross entropy: 0.614248
17:17:34   >>>>>>>>>>>>>>>>>>>>>>>>>>>>>>
17:17:34   binary cross entropy: 0.540777
17:17:39   >>>>>>>>>>>>>>>>>>>>>>>>>>>>>>
17:17:39   binary cross entropy: 0.575276
17:17:44   >>>>>>>>>>>>>>>>>>>>>>>>>>>>>>
17:17:44   binary cross entropy: 0.601589
17:17:49   >>>>>>>>>>>>>>>>>>>>>>>>>>>>>>
17:17:49   binary cross entropy: 0.620325
17:17:53   >>>>>>>>>>>>>>>>>>>>>>>>>>>>>>
17:17:54   binary cross entropy: 0.630062
17:17:58   >>>>>>>>>>>>>>>>>>>>>>>>>>>>>>
17:17:58   binary cross entropy: 0.712572
17:18:03   >>>>>>>>>>>>>>>>>>>>>>>>>>>>>>
17:18:03   binary cross entropy: 0.590002
17:18:08   >>>>>>>>>>>>>>>>>>>>>>>>>>>>>>
17:18:08   binary cross entropy: 0.56602
17:18:13   >>>>>>>>>>>>>>>>>>>>>>>>>>>>>>
17:18:13   binary cross entropy: 0.68641
17:18:18   >>>>>>>>>>>>>>>>>>>>>>>>>>>>>>
17:18:18   binary cross entropy: 0.504278
17:18:23   >>>>>>>>>>>>>>>>>>>>>>>>>>>>>>
17:18:23   binary cross entropy: 0.655296
17:18:28   >>>>>>>>>>>>>>>>>>>>>>>>>>>>>>
17:18:28   binary cross entropy: 0.562871
17:18:33   >>>>>>>>>>>>>>>>>>>>>>>>>>>>>>
17:18:33   binary cross entropy: 0.700686
17:18:38   >>>>>>>>>>>>>>>>>>>>>>>>>>>>>>
17:18:38   binary cross entropy: 0.567896
17:18:43   >>>>>>>>>>>>>>>>>>>>>>>>>>>>>>
17:18:43   binary cross entropy: 0.671758
17:18:48   >>>>>>>>>>>>>>>>>>>>>>>>>>>>>>
17:18:48   binary cross entropy: 0.593231
17:18:52   >>>>>>>>>>>>>>>>>>>>>>>>>>>>>>
17:18:53   binary cross entropy: 0.510206
17:18:57   >>>>>>>>>>>>>>>>>>>>>>>>>>>>>>
17:18:57   binary cross entropy: 0.546111
17:19:02   >>>>>>>>>>>>>>>>>>>>>>>>>>>>>>
17:19:02   binary cross entropy: 0.616164
17:19:07   >>>>>>>>>>>>>>>>>>>>>>>>>>>>>>
17:19:07   binary cross entropy: 0.60217
17:19:12   >>>>>>>>>>>>>>>>>>>>>>>>>>>>>>
17:19:12   binary cross entropy: 0.568739
17:19:17   >>>>>>>>>>>>>>>>>>>>>>>>>>>>>>
17:19:17   binary cross entropy: 0.587337
17:19:22   >>>>>>>>>>>>>>>>>>>>>>>>>>>>>>
17:19:22   binary cross entropy: 0.57483
17:19:27   >>>>>>>>>>>>>>>>>>>>>>>>>>>>>>
17:19:27   binary cross entropy: 0.554114
17:19:32   >>>>>>>>>>>>>>>>>>>>>>>>>>>>>>
17:19:32   binary cross entropy: 0.567849
17:19:36   >>>>>>>>>>>>>>>>>>>>>>>>>>>>>>
17:19:36   binary cross entropy: 0.558194
17:19:41   >>>>>>>>>>>>>>>>>>>>>>>>>>>>>>
17:19:41   binary cross entropy: 0.653436
17:19:46   >>>>>>>>>>>>>>>>>>>>>>>>>>>>>>
17:19:46   binary cross entropy: 0.608926
17:19:51   >>>>>>>>>>>>>>>>>>>>>>>>>>>>>>
17:19:51   binary cross entropy: 0.482514
17:19:56   >>>>>>>>>>>>>>>>>>>>>>>>>>>>>>
17:19:56   binary cross entropy: 0.616652
17:20:01   >>>>>>>>>>>>>>>>>>>>>>>>>>>>>>
17:20:01   binary cross entropy: 0.661591
17:20:06   >>>>>>>>>>>>>>>>>>>>>>>>>>>>>>
17:20:06   binary cross entropy: 0.6148
17:20:11   >>>>>>>>>>>>>>>>>>>>>>>>>>>>>>
17:20:11   binary cross entropy: 0.615594
17:20:16   >>>>>>>>>>>>>>>>>>>>>>>>>>>>>>
17:20:16   binary cross entropy: 0.641864
17:20:20   >>>>>>>>>>>>>>>>>>>>>>>>>>>>>>
17:20:21   binary cross entropy: 0.569733
17:20:25   >>>>>>>>>>>>>>>>>>>>>>>>>>>>>>
17:20:25   binary cross entropy: 0.637646
17:20:30   >>>>>>>>>>>>>>>>>>>>>>>>>>>>>>
17:20:30   binary cross entropy: 0.6612
17:20:35   >>>>>>>>>>>>>>>>>>>>>>>>>>>>>>
17:20:35   binary cross entropy: 0.617786
17:20:40   >>>>>>>>>>>>>>>>>>>>>>>>>>>>>>
17:20:40   binary cross entropy: 0.640386
17:20:45   >>>>>>>>>>>>>>>>>>>>>>>>>>>>>>
17:20:45   binary cross entropy: 0.655207
17:20:50   >>>>>>>>>>>>>>>>>>>>>>>>>>>>>>
17:20:50   binary cross entropy: 0.588494
17:20:55   >>>>>>>>>>>>>>>>>>>>>>>>>>>>>>
17:20:55   binary cross entropy: 0.667051
17:21:00   >>>>>>>>>>>>>>>>>>>>>>>>>>>>>>
17:21:00   binary cross entropy: 0.600532
17:21:05   >>>>>>>>>>>>>>>>>>>>>>>>>>>>>>
17:21:05   binary cross entropy: 0.639216
17:21:09   >>>>>>>>>>>>>>>>>>>>>>>>>>>>>>
17:21:09   binary cross entropy: 0.794895
17:21:14   >>>>>>>>>>>>>>>>>>>>>>>>>>>>>>
17:21:14   binary cross entropy: 0.60116
17:21:19   >>>>>>>>>>>>>>>>>>>>>>>>>>>>>>
17:21:19   binary cross entropy: 0.644798
17:21:24   >>>>>>>>>>>>>>>>>>>>>>>>>>>>>>
17:21:24   binary cross entropy: 0.63526
17:21:29   >>>>>>>>>>>>>>>>>>>>>>>>>>>>>>
17:21:29   binary cross entropy: 0.618591
17:21:34   >>>>>>>>>>>>>>>>>>>>>>>>>>>>>>
17:21:34   Epoch 6 end
17:21:34   ------------------------------
17:21:34   average binary cross entropy: 0.619224
17:21:34   Save checkpoint to model_epoch_7.pth
17:21:34   >>>>>>>>>>>>>>>>>>>>>>>>>>>>>>
17:21:34   Evaluate on valid
17:22:04   mr: 118.492
17:22:04   mrr: 0.0936727
17:22:04   hits@1: 0.037625
17:22:04   hits@3: 0.0875
17:22:04   hits@10: 0.196063
17:22:04   >>>>>>>>>>>>>>>>>>>>>>>>>>>>>>
17:22:04   Epoch 7 begin
17:22:04   >>>>>>>>>>>>>>>>>>>>>>>>>>>>>>
17:22:04   binary cross entropy: 0.679594
17:22:09   >>>>>>>>>>>>>>>>>>>>>>>>>>>>>>
17:22:09   binary cross entropy: 0.684249
17:22:14   >>>>>>>>>>>>>>>>>>>>>>>>>>>>>>
17:22:14   binary cross entropy: 0.574128
17:22:19   >>>>>>>>>>>>>>>>>>>>>>>>>>>>>>
17:22:19   binary cross entropy: 0.685376
17:22:24   >>>>>>>>>>>>>>>>>>>>>>>>>>>>>>
17:22:24   binary cross entropy: 0.621026
17:22:28   >>>>>>>>>>>>>>>>>>>>>>>>>>>>>>
17:22:28   binary cross entropy: 0.529699
17:22:33   >>>>>>>>>>>>>>>>>>>>>>>>>>>>>>
17:22:33   binary cross entropy: 0.599579
17:22:38   >>>>>>>>>>>>>>>>>>>>>>>>>>>>>>
17:22:38   binary cross entropy: 0.616173
17:22:43   >>>>>>>>>>>>>>>>>>>>>>>>>>>>>>
17:22:43   binary cross entropy: 0.561908
17:22:48   >>>>>>>>>>>>>>>>>>>>>>>>>>>>>>
17:22:48   binary cross entropy: 0.674755
17:22:53   >>>>>>>>>>>>>>>>>>>>>>>>>>>>>>
17:22:53   binary cross entropy: 0.660208
17:22:58   >>>>>>>>>>>>>>>>>>>>>>>>>>>>>>
17:22:58   binary cross entropy: 0.704421
17:23:03   >>>>>>>>>>>>>>>>>>>>>>>>>>>>>>
17:23:03   binary cross entropy: 0.640329
17:23:07   >>>>>>>>>>>>>>>>>>>>>>>>>>>>>>
17:23:07   binary cross entropy: 0.604912
17:23:12   >>>>>>>>>>>>>>>>>>>>>>>>>>>>>>
17:23:12   binary cross entropy: 0.482016
17:23:17   >>>>>>>>>>>>>>>>>>>>>>>>>>>>>>
17:23:17   binary cross entropy: 0.58654
17:23:22   >>>>>>>>>>>>>>>>>>>>>>>>>>>>>>
17:23:22   binary cross entropy: 0.601898
17:23:27   >>>>>>>>>>>>>>>>>>>>>>>>>>>>>>
17:23:27   binary cross entropy: 0.639489
17:23:32   >>>>>>>>>>>>>>>>>>>>>>>>>>>>>>
17:23:32   binary cross entropy: 0.691127
17:23:37   >>>>>>>>>>>>>>>>>>>>>>>>>>>>>>
17:23:37   binary cross entropy: 0.633146
17:23:41   >>>>>>>>>>>>>>>>>>>>>>>>>>>>>>
17:23:41   binary cross entropy: 0.582943
17:23:46   >>>>>>>>>>>>>>>>>>>>>>>>>>>>>>
17:23:46   binary cross entropy: 0.68086
17:23:51   >>>>>>>>>>>>>>>>>>>>>>>>>>>>>>
17:23:51   binary cross entropy: 0.669525
17:23:56   >>>>>>>>>>>>>>>>>>>>>>>>>>>>>>
17:23:56   binary cross entropy: 0.544934
17:24:01   >>>>>>>>>>>>>>>>>>>>>>>>>>>>>>
17:24:01   binary cross entropy: 0.494827
17:24:06   >>>>>>>>>>>>>>>>>>>>>>>>>>>>>>
17:24:06   binary cross entropy: 0.62305
17:24:11   >>>>>>>>>>>>>>>>>>>>>>>>>>>>>>
17:24:11   binary cross entropy: 0.601855
17:24:16   >>>>>>>>>>>>>>>>>>>>>>>>>>>>>>
17:24:16   binary cross entropy: 0.531927
17:24:20   >>>>>>>>>>>>>>>>>>>>>>>>>>>>>>
17:24:20   binary cross entropy: 0.601135
17:24:25   >>>>>>>>>>>>>>>>>>>>>>>>>>>>>>
17:24:25   binary cross entropy: 0.618795
17:24:30   >>>>>>>>>>>>>>>>>>>>>>>>>>>>>>
17:24:30   binary cross entropy: 0.652084
17:24:35   >>>>>>>>>>>>>>>>>>>>>>>>>>>>>>
17:24:35   binary cross entropy: 0.592723
17:24:40   >>>>>>>>>>>>>>>>>>>>>>>>>>>>>>
17:24:40   binary cross entropy: 0.677613
17:24:45   >>>>>>>>>>>>>>>>>>>>>>>>>>>>>>
17:24:45   binary cross entropy: 0.789574
17:24:50   >>>>>>>>>>>>>>>>>>>>>>>>>>>>>>
17:24:50   binary cross entropy: 0.615651
17:24:55   >>>>>>>>>>>>>>>>>>>>>>>>>>>>>>
17:24:55   binary cross entropy: 0.57865
17:24:59   >>>>>>>>>>>>>>>>>>>>>>>>>>>>>>
17:24:59   binary cross entropy: 0.63184
17:25:04   >>>>>>>>>>>>>>>>>>>>>>>>>>>>>>
17:25:04   binary cross entropy: 0.589557
17:25:09   >>>>>>>>>>>>>>>>>>>>>>>>>>>>>>
17:25:09   binary cross entropy: 0.603567
17:25:14   >>>>>>>>>>>>>>>>>>>>>>>>>>>>>>
17:25:14   binary cross entropy: 0.549503
17:25:19   >>>>>>>>>>>>>>>>>>>>>>>>>>>>>>
17:25:19   binary cross entropy: 0.563672
17:25:24   >>>>>>>>>>>>>>>>>>>>>>>>>>>>>>
17:25:24   binary cross entropy: 0.548501
17:25:29   >>>>>>>>>>>>>>>>>>>>>>>>>>>>>>
17:25:29   binary cross entropy: 0.604913
17:25:33   >>>>>>>>>>>>>>>>>>>>>>>>>>>>>>
17:25:33   binary cross entropy: 0.624442
17:25:38   >>>>>>>>>>>>>>>>>>>>>>>>>>>>>>
17:25:38   binary cross entropy: 0.538899
17:25:43   >>>>>>>>>>>>>>>>>>>>>>>>>>>>>>
17:25:43   binary cross entropy: 0.602298
17:25:48   >>>>>>>>>>>>>>>>>>>>>>>>>>>>>>
17:25:48   binary cross entropy: 0.585517
17:25:53   >>>>>>>>>>>>>>>>>>>>>>>>>>>>>>
17:25:53   binary cross entropy: 0.557613
17:25:58   >>>>>>>>>>>>>>>>>>>>>>>>>>>>>>
17:25:58   binary cross entropy: 0.524773
17:26:03   >>>>>>>>>>>>>>>>>>>>>>>>>>>>>>
17:26:03   binary cross entropy: 0.661901
17:26:07   >>>>>>>>>>>>>>>>>>>>>>>>>>>>>>
17:26:07   binary cross entropy: 0.645385
17:26:12   >>>>>>>>>>>>>>>>>>>>>>>>>>>>>>
17:26:12   binary cross entropy: 0.621254
17:26:17   >>>>>>>>>>>>>>>>>>>>>>>>>>>>>>
17:26:17   binary cross entropy: 0.701524
17:26:22   >>>>>>>>>>>>>>>>>>>>>>>>>>>>>>
17:26:22   binary cross entropy: 0.587185
17:26:27   >>>>>>>>>>>>>>>>>>>>>>>>>>>>>>
17:26:27   binary cross entropy: 0.644751
17:26:32   >>>>>>>>>>>>>>>>>>>>>>>>>>>>>>
17:26:32   binary cross entropy: 0.8115
17:26:37   >>>>>>>>>>>>>>>>>>>>>>>>>>>>>>
17:26:37   binary cross entropy: 0.642417
17:26:41   >>>>>>>>>>>>>>>>>>>>>>>>>>>>>>
17:26:41   binary cross entropy: 0.652117
17:26:46   >>>>>>>>>>>>>>>>>>>>>>>>>>>>>>
17:26:46   binary cross entropy: 0.566279
17:26:51   >>>>>>>>>>>>>>>>>>>>>>>>>>>>>>
17:26:51   binary cross entropy: 0.588989
17:26:56   >>>>>>>>>>>>>>>>>>>>>>>>>>>>>>
17:26:56   binary cross entropy: 0.613593
17:27:01   >>>>>>>>>>>>>>>>>>>>>>>>>>>>>>
17:27:01   binary cross entropy: 0.624573
17:27:06   >>>>>>>>>>>>>>>>>>>>>>>>>>>>>>
17:27:06   binary cross entropy: 0.551566
17:27:11   >>>>>>>>>>>>>>>>>>>>>>>>>>>>>>
17:27:11   binary cross entropy: 0.613013
17:27:15   >>>>>>>>>>>>>>>>>>>>>>>>>>>>>>
17:27:15   binary cross entropy: 0.58434
17:27:20   >>>>>>>>>>>>>>>>>>>>>>>>>>>>>>
17:27:20   binary cross entropy: 0.544719
17:27:25   >>>>>>>>>>>>>>>>>>>>>>>>>>>>>>
17:27:25   binary cross entropy: 0.675256
17:27:30   >>>>>>>>>>>>>>>>>>>>>>>>>>>>>>
17:27:30   binary cross entropy: 0.699397
17:27:35   >>>>>>>>>>>>>>>>>>>>>>>>>>>>>>
17:27:35   binary cross entropy: 0.57772
17:27:40   >>>>>>>>>>>>>>>>>>>>>>>>>>>>>>
17:27:40   binary cross entropy: 0.54648
17:27:45   >>>>>>>>>>>>>>>>>>>>>>>>>>>>>>
17:27:45   binary cross entropy: 0.548851
17:27:49   >>>>>>>>>>>>>>>>>>>>>>>>>>>>>>
17:27:49   binary cross entropy: 0.58199
17:27:54   >>>>>>>>>>>>>>>>>>>>>>>>>>>>>>
17:27:54   binary cross entropy: 0.66833
17:27:59   >>>>>>>>>>>>>>>>>>>>>>>>>>>>>>
17:27:59   binary cross entropy: 0.772961
17:28:04   >>>>>>>>>>>>>>>>>>>>>>>>>>>>>>
17:28:04   binary cross entropy: 0.637934
17:28:09   >>>>>>>>>>>>>>>>>>>>>>>>>>>>>>
17:28:09   binary cross entropy: 0.632443
17:28:14   >>>>>>>>>>>>>>>>>>>>>>>>>>>>>>
17:28:14   binary cross entropy: 0.60216
17:28:19   >>>>>>>>>>>>>>>>>>>>>>>>>>>>>>
17:28:19   binary cross entropy: 0.5623
17:28:23   >>>>>>>>>>>>>>>>>>>>>>>>>>>>>>
17:28:23   binary cross entropy: 0.648767
17:28:28   >>>>>>>>>>>>>>>>>>>>>>>>>>>>>>
17:28:28   binary cross entropy: 0.742917
17:28:33   >>>>>>>>>>>>>>>>>>>>>>>>>>>>>>
17:28:33   Epoch 7 end
17:28:33   ------------------------------
17:28:33   average binary cross entropy: 0.618886
17:28:33   Save checkpoint to model_epoch_8.pth
17:28:33   >>>>>>>>>>>>>>>>>>>>>>>>>>>>>>
17:28:33   Evaluate on valid
17:29:04   mr: 118.458
17:29:04   mrr: 0.0933235
17:29:04   hits@1: 0.037
17:29:04   hits@3: 0.08825
17:29:04   hits@10: 0.196188
17:29:04   >>>>>>>>>>>>>>>>>>>>>>>>>>>>>>
17:29:04   Epoch 8 begin
17:29:04   >>>>>>>>>>>>>>>>>>>>>>>>>>>>>>
17:29:04   binary cross entropy: 0.612596
17:29:08   >>>>>>>>>>>>>>>>>>>>>>>>>>>>>>
17:29:08   binary cross entropy: 0.634878
17:29:13   >>>>>>>>>>>>>>>>>>>>>>>>>>>>>>
17:29:13   binary cross entropy: 0.658119
17:29:18   >>>>>>>>>>>>>>>>>>>>>>>>>>>>>>
17:29:18   binary cross entropy: 0.549545
17:29:23   >>>>>>>>>>>>>>>>>>>>>>>>>>>>>>
17:29:23   binary cross entropy: 0.678434
17:29:28   >>>>>>>>>>>>>>>>>>>>>>>>>>>>>>
17:29:28   binary cross entropy: 0.761935
17:29:33   >>>>>>>>>>>>>>>>>>>>>>>>>>>>>>
17:29:33   binary cross entropy: 0.657133
17:29:38   >>>>>>>>>>>>>>>>>>>>>>>>>>>>>>
17:29:38   binary cross entropy: 0.639901
17:29:43   >>>>>>>>>>>>>>>>>>>>>>>>>>>>>>
17:29:43   binary cross entropy: 0.579112
17:29:47   >>>>>>>>>>>>>>>>>>>>>>>>>>>>>>
17:29:47   binary cross entropy: 0.610737
17:29:52   >>>>>>>>>>>>>>>>>>>>>>>>>>>>>>
17:29:52   binary cross entropy: 0.591316
17:29:57   >>>>>>>>>>>>>>>>>>>>>>>>>>>>>>
17:29:57   binary cross entropy: 0.580959
17:30:02   >>>>>>>>>>>>>>>>>>>>>>>>>>>>>>
17:30:02   binary cross entropy: 0.619589
17:30:07   >>>>>>>>>>>>>>>>>>>>>>>>>>>>>>
17:30:07   binary cross entropy: 0.668085
17:30:12   >>>>>>>>>>>>>>>>>>>>>>>>>>>>>>
17:30:12   binary cross entropy: 0.618192
17:30:17   >>>>>>>>>>>>>>>>>>>>>>>>>>>>>>
17:30:17   binary cross entropy: 0.724713
17:30:22   >>>>>>>>>>>>>>>>>>>>>>>>>>>>>>
17:30:22   binary cross entropy: 0.60208
17:30:27   >>>>>>>>>>>>>>>>>>>>>>>>>>>>>>
17:30:27   binary cross entropy: 0.559581
17:30:31   >>>>>>>>>>>>>>>>>>>>>>>>>>>>>>
17:30:32   binary cross entropy: 0.585708
17:30:36   >>>>>>>>>>>>>>>>>>>>>>>>>>>>>>
17:30:36   binary cross entropy: 0.611051
17:30:41   >>>>>>>>>>>>>>>>>>>>>>>>>>>>>>
17:30:41   binary cross entropy: 0.623323
17:30:46   >>>>>>>>>>>>>>>>>>>>>>>>>>>>>>
17:30:46   binary cross entropy: 0.609408
17:30:51   >>>>>>>>>>>>>>>>>>>>>>>>>>>>>>
17:30:51   binary cross entropy: 0.555535
17:30:56   >>>>>>>>>>>>>>>>>>>>>>>>>>>>>>
17:30:56   binary cross entropy: 0.651346
17:31:01   >>>>>>>>>>>>>>>>>>>>>>>>>>>>>>
17:31:01   binary cross entropy: 0.600888
17:31:06   >>>>>>>>>>>>>>>>>>>>>>>>>>>>>>
17:31:06   binary cross entropy: 0.651393
17:31:11   >>>>>>>>>>>>>>>>>>>>>>>>>>>>>>
17:31:11   binary cross entropy: 0.616648
17:31:16   >>>>>>>>>>>>>>>>>>>>>>>>>>>>>>
17:31:16   binary cross entropy: 0.591287
17:31:20   >>>>>>>>>>>>>>>>>>>>>>>>>>>>>>
17:31:20   binary cross entropy: 0.566603
17:31:25   >>>>>>>>>>>>>>>>>>>>>>>>>>>>>>
17:31:25   binary cross entropy: 0.536743
17:31:30   >>>>>>>>>>>>>>>>>>>>>>>>>>>>>>
17:31:30   binary cross entropy: 0.735761
17:31:35   >>>>>>>>>>>>>>>>>>>>>>>>>>>>>>
17:31:35   binary cross entropy: 0.641671
17:31:40   >>>>>>>>>>>>>>>>>>>>>>>>>>>>>>
17:31:40   binary cross entropy: 0.601117
17:31:45   >>>>>>>>>>>>>>>>>>>>>>>>>>>>>>
17:31:45   binary cross entropy: 0.690246
17:31:50   >>>>>>>>>>>>>>>>>>>>>>>>>>>>>>
17:31:50   binary cross entropy: 0.577025
17:31:54   >>>>>>>>>>>>>>>>>>>>>>>>>>>>>>
17:31:54   binary cross entropy: 0.617231
17:31:59   >>>>>>>>>>>>>>>>>>>>>>>>>>>>>>
17:31:59   binary cross entropy: 0.624129
17:32:04   >>>>>>>>>>>>>>>>>>>>>>>>>>>>>>
17:32:04   binary cross entropy: 0.597442
17:32:09   >>>>>>>>>>>>>>>>>>>>>>>>>>>>>>
17:32:09   binary cross entropy: 0.647767
17:32:14   >>>>>>>>>>>>>>>>>>>>>>>>>>>>>>
17:32:14   binary cross entropy: 0.592627
17:32:19   >>>>>>>>>>>>>>>>>>>>>>>>>>>>>>
17:32:19   binary cross entropy: 0.664359
17:32:24   >>>>>>>>>>>>>>>>>>>>>>>>>>>>>>
17:32:24   binary cross entropy: 0.603968
17:32:29   >>>>>>>>>>>>>>>>>>>>>>>>>>>>>>
17:32:29   binary cross entropy: 0.629958
17:32:34   >>>>>>>>>>>>>>>>>>>>>>>>>>>>>>
17:32:34   binary cross entropy: 0.638485
17:32:38   >>>>>>>>>>>>>>>>>>>>>>>>>>>>>>
17:32:39   binary cross entropy: 0.593785
17:32:43   >>>>>>>>>>>>>>>>>>>>>>>>>>>>>>
17:32:43   binary cross entropy: 0.572626
17:32:48   >>>>>>>>>>>>>>>>>>>>>>>>>>>>>>
17:32:48   binary cross entropy: 0.765878
17:32:53   >>>>>>>>>>>>>>>>>>>>>>>>>>>>>>
17:32:53   binary cross entropy: 0.68946
17:32:58   >>>>>>>>>>>>>>>>>>>>>>>>>>>>>>
17:32:58   binary cross entropy: 0.583948
17:33:03   >>>>>>>>>>>>>>>>>>>>>>>>>>>>>>
17:33:03   binary cross entropy: 0.53131
17:33:08   >>>>>>>>>>>>>>>>>>>>>>>>>>>>>>
17:33:08   binary cross entropy: 0.612651
17:33:13   >>>>>>>>>>>>>>>>>>>>>>>>>>>>>>
17:33:13   binary cross entropy: 0.562711
17:33:18   >>>>>>>>>>>>>>>>>>>>>>>>>>>>>>
17:33:18   binary cross entropy: 0.663366
17:33:22   >>>>>>>>>>>>>>>>>>>>>>>>>>>>>>
17:33:22   binary cross entropy: 0.660014
17:33:27   >>>>>>>>>>>>>>>>>>>>>>>>>>>>>>
17:33:27   binary cross entropy: 0.631399
17:33:32   >>>>>>>>>>>>>>>>>>>>>>>>>>>>>>
17:33:32   binary cross entropy: 0.619072
17:33:37   >>>>>>>>>>>>>>>>>>>>>>>>>>>>>>
17:33:37   binary cross entropy: 0.516748
17:33:42   >>>>>>>>>>>>>>>>>>>>>>>>>>>>>>
17:33:42   binary cross entropy: 0.573349
17:33:47   >>>>>>>>>>>>>>>>>>>>>>>>>>>>>>
17:33:47   binary cross entropy: 0.543158
17:33:52   >>>>>>>>>>>>>>>>>>>>>>>>>>>>>>
17:33:52   binary cross entropy: 0.637591
17:33:56   >>>>>>>>>>>>>>>>>>>>>>>>>>>>>>
17:33:56   binary cross entropy: 0.705468
17:34:01   >>>>>>>>>>>>>>>>>>>>>>>>>>>>>>
17:34:01   binary cross entropy: 0.645299
17:34:06   >>>>>>>>>>>>>>>>>>>>>>>>>>>>>>
17:34:06   binary cross entropy: 0.612492
17:34:11   >>>>>>>>>>>>>>>>>>>>>>>>>>>>>>
17:34:11   binary cross entropy: 0.650765
17:34:16   >>>>>>>>>>>>>>>>>>>>>>>>>>>>>>
17:34:16   binary cross entropy: 0.605041
17:34:21   >>>>>>>>>>>>>>>>>>>>>>>>>>>>>>
17:34:21   binary cross entropy: 0.59599
17:34:26   >>>>>>>>>>>>>>>>>>>>>>>>>>>>>>
17:34:26   binary cross entropy: 0.704267
17:34:30   >>>>>>>>>>>>>>>>>>>>>>>>>>>>>>
17:34:30   binary cross entropy: 0.670752
17:34:35   >>>>>>>>>>>>>>>>>>>>>>>>>>>>>>
17:34:35   binary cross entropy: 0.60007
17:34:40   >>>>>>>>>>>>>>>>>>>>>>>>>>>>>>
17:34:40   binary cross entropy: 0.563359
17:34:45   >>>>>>>>>>>>>>>>>>>>>>>>>>>>>>
17:34:45   binary cross entropy: 0.730397
17:34:50   >>>>>>>>>>>>>>>>>>>>>>>>>>>>>>
17:34:50   binary cross entropy: 0.705995
17:34:55   >>>>>>>>>>>>>>>>>>>>>>>>>>>>>>
17:34:55   binary cross entropy: 0.548883
17:35:00   >>>>>>>>>>>>>>>>>>>>>>>>>>>>>>
17:35:00   binary cross entropy: 0.551894
17:35:05   >>>>>>>>>>>>>>>>>>>>>>>>>>>>>>
17:35:05   binary cross entropy: 0.871353
17:35:10   >>>>>>>>>>>>>>>>>>>>>>>>>>>>>>
17:35:10   binary cross entropy: 0.733902
17:35:15   >>>>>>>>>>>>>>>>>>>>>>>>>>>>>>
17:35:15   binary cross entropy: 0.584913
17:35:19   >>>>>>>>>>>>>>>>>>>>>>>>>>>>>>
17:35:19   binary cross entropy: 0.607377
17:35:24   >>>>>>>>>>>>>>>>>>>>>>>>>>>>>>
17:35:24   binary cross entropy: 0.62827
17:35:29   >>>>>>>>>>>>>>>>>>>>>>>>>>>>>>
17:35:29   binary cross entropy: 0.637515
17:35:34   >>>>>>>>>>>>>>>>>>>>>>>>>>>>>>
17:35:34   Epoch 8 end
17:35:34   ------------------------------
17:35:34   average binary cross entropy: 0.619401
17:35:34   Save checkpoint to model_epoch_9.pth
17:35:34   >>>>>>>>>>>>>>>>>>>>>>>>>>>>>>
17:35:34   Evaluate on valid
17:36:05   mr: 117.57
17:36:05   mrr: 0.0946289
17:36:05   hits@1: 0.0381875
17:36:05   hits@3: 0.08975
17:36:05   hits@10: 0.199125
17:36:05   >>>>>>>>>>>>>>>>>>>>>>>>>>>>>>
17:36:05   Epoch 9 begin
17:36:05   >>>>>>>>>>>>>>>>>>>>>>>>>>>>>>
17:36:05   binary cross entropy: 0.638393
17:36:10   >>>>>>>>>>>>>>>>>>>>>>>>>>>>>>
17:36:10   binary cross entropy: 0.586247
17:36:15   >>>>>>>>>>>>>>>>>>>>>>>>>>>>>>
17:36:15   binary cross entropy: 0.532857
17:36:20   >>>>>>>>>>>>>>>>>>>>>>>>>>>>>>
17:36:20   binary cross entropy: 0.520076
17:36:25   >>>>>>>>>>>>>>>>>>>>>>>>>>>>>>
17:36:25   binary cross entropy: 0.655831
17:36:30   >>>>>>>>>>>>>>>>>>>>>>>>>>>>>>
17:36:30   binary cross entropy: 0.679644
17:36:35   >>>>>>>>>>>>>>>>>>>>>>>>>>>>>>
17:36:35   binary cross entropy: 0.574426
17:36:40   >>>>>>>>>>>>>>>>>>>>>>>>>>>>>>
17:36:40   binary cross entropy: 0.495573
17:36:45   >>>>>>>>>>>>>>>>>>>>>>>>>>>>>>
17:36:45   binary cross entropy: 0.692434
17:36:50   >>>>>>>>>>>>>>>>>>>>>>>>>>>>>>
17:36:50   binary cross entropy: 0.502025
17:36:55   >>>>>>>>>>>>>>>>>>>>>>>>>>>>>>
17:36:55   binary cross entropy: 0.561685
17:37:00   >>>>>>>>>>>>>>>>>>>>>>>>>>>>>>
17:37:00   binary cross entropy: 0.581825
17:37:05   >>>>>>>>>>>>>>>>>>>>>>>>>>>>>>
17:37:05   binary cross entropy: 0.598304
17:37:09   >>>>>>>>>>>>>>>>>>>>>>>>>>>>>>
17:37:09   binary cross entropy: 0.70723
17:37:14   >>>>>>>>>>>>>>>>>>>>>>>>>>>>>>
17:37:14   binary cross entropy: 0.685152
17:37:19   >>>>>>>>>>>>>>>>>>>>>>>>>>>>>>
17:37:19   binary cross entropy: 0.669741
17:37:24   >>>>>>>>>>>>>>>>>>>>>>>>>>>>>>
17:37:24   binary cross entropy: 0.594514
17:37:29   >>>>>>>>>>>>>>>>>>>>>>>>>>>>>>
17:37:29   binary cross entropy: 0.579209
17:37:34   >>>>>>>>>>>>>>>>>>>>>>>>>>>>>>
17:37:34   binary cross entropy: 0.614064
17:37:39   >>>>>>>>>>>>>>>>>>>>>>>>>>>>>>
17:37:39   binary cross entropy: 0.622109
17:37:44   >>>>>>>>>>>>>>>>>>>>>>>>>>>>>>
17:37:44   binary cross entropy: 0.744103
17:37:49   >>>>>>>>>>>>>>>>>>>>>>>>>>>>>>
17:37:49   binary cross entropy: 0.625797
17:37:54   >>>>>>>>>>>>>>>>>>>>>>>>>>>>>>
17:37:54   binary cross entropy: 0.650212
17:37:59   >>>>>>>>>>>>>>>>>>>>>>>>>>>>>>
17:37:59   binary cross entropy: 0.653044
17:38:04   >>>>>>>>>>>>>>>>>>>>>>>>>>>>>>
17:38:04   binary cross entropy: 0.586431
17:38:09   >>>>>>>>>>>>>>>>>>>>>>>>>>>>>>
17:38:09   binary cross entropy: 0.605479
17:38:13   >>>>>>>>>>>>>>>>>>>>>>>>>>>>>>
17:38:13   binary cross entropy: 0.570847
17:38:18   >>>>>>>>>>>>>>>>>>>>>>>>>>>>>>
17:38:18   binary cross entropy: 0.624913
17:38:23   >>>>>>>>>>>>>>>>>>>>>>>>>>>>>>
17:38:23   binary cross entropy: 0.547583
17:38:28   >>>>>>>>>>>>>>>>>>>>>>>>>>>>>>
17:38:28   binary cross entropy: 0.719329
17:38:33   >>>>>>>>>>>>>>>>>>>>>>>>>>>>>>
17:38:33   binary cross entropy: 0.543859
17:38:38   >>>>>>>>>>>>>>>>>>>>>>>>>>>>>>
17:38:38   binary cross entropy: 0.620392
17:38:43   >>>>>>>>>>>>>>>>>>>>>>>>>>>>>>
17:38:43   binary cross entropy: 0.678285
17:38:48   >>>>>>>>>>>>>>>>>>>>>>>>>>>>>>
17:38:48   binary cross entropy: 0.701793
17:38:53   >>>>>>>>>>>>>>>>>>>>>>>>>>>>>>
17:38:53   binary cross entropy: 0.617989
17:38:58   >>>>>>>>>>>>>>>>>>>>>>>>>>>>>>
17:38:58   binary cross entropy: 0.594801
17:39:03   >>>>>>>>>>>>>>>>>>>>>>>>>>>>>>
17:39:03   binary cross entropy: 0.491079
17:39:08   >>>>>>>>>>>>>>>>>>>>>>>>>>>>>>
17:39:08   binary cross entropy: 0.678787
17:39:13   >>>>>>>>>>>>>>>>>>>>>>>>>>>>>>
17:39:13   binary cross entropy: 0.583591
17:39:18   >>>>>>>>>>>>>>>>>>>>>>>>>>>>>>
17:39:18   binary cross entropy: 0.585075
17:39:22   >>>>>>>>>>>>>>>>>>>>>>>>>>>>>>
17:39:22   binary cross entropy: 0.75576
17:39:27   >>>>>>>>>>>>>>>>>>>>>>>>>>>>>>
17:39:27   binary cross entropy: 0.726326
17:39:32   >>>>>>>>>>>>>>>>>>>>>>>>>>>>>>
17:39:32   binary cross entropy: 0.636034
17:39:37   >>>>>>>>>>>>>>>>>>>>>>>>>>>>>>
17:39:37   binary cross entropy: 0.514354
17:39:42   >>>>>>>>>>>>>>>>>>>>>>>>>>>>>>
17:39:42   binary cross entropy: 0.642756
17:39:47   >>>>>>>>>>>>>>>>>>>>>>>>>>>>>>
17:39:47   binary cross entropy: 0.618105
17:39:52   >>>>>>>>>>>>>>>>>>>>>>>>>>>>>>
17:39:52   binary cross entropy: 0.63648
17:39:57   >>>>>>>>>>>>>>>>>>>>>>>>>>>>>>
17:39:57   binary cross entropy: 0.606151
17:40:02   >>>>>>>>>>>>>>>>>>>>>>>>>>>>>>
17:40:02   binary cross entropy: 0.57801
17:40:07   >>>>>>>>>>>>>>>>>>>>>>>>>>>>>>
17:40:07   binary cross entropy: 0.67327
17:40:12   >>>>>>>>>>>>>>>>>>>>>>>>>>>>>>
17:40:12   binary cross entropy: 0.580749
17:40:16   >>>>>>>>>>>>>>>>>>>>>>>>>>>>>>
17:40:16   binary cross entropy: 0.680358
17:40:21   >>>>>>>>>>>>>>>>>>>>>>>>>>>>>>
17:40:21   binary cross entropy: 0.641572
17:40:26   >>>>>>>>>>>>>>>>>>>>>>>>>>>>>>
17:40:26   binary cross entropy: 0.686157
17:40:31   >>>>>>>>>>>>>>>>>>>>>>>>>>>>>>
17:40:31   binary cross entropy: 0.5829
17:40:36   >>>>>>>>>>>>>>>>>>>>>>>>>>>>>>
17:40:36   binary cross entropy: 0.627102
17:40:41   >>>>>>>>>>>>>>>>>>>>>>>>>>>>>>
17:40:41   binary cross entropy: 0.589108
17:40:46   >>>>>>>>>>>>>>>>>>>>>>>>>>>>>>
17:40:46   binary cross entropy: 0.520993
17:40:51   >>>>>>>>>>>>>>>>>>>>>>>>>>>>>>
17:40:51   binary cross entropy: 0.529243
17:40:56   >>>>>>>>>>>>>>>>>>>>>>>>>>>>>>
17:40:56   binary cross entropy: 0.564958
17:41:01   >>>>>>>>>>>>>>>>>>>>>>>>>>>>>>
17:41:01   binary cross entropy: 0.595966
17:41:06   >>>>>>>>>>>>>>>>>>>>>>>>>>>>>>
17:41:06   binary cross entropy: 0.595804
17:41:11   >>>>>>>>>>>>>>>>>>>>>>>>>>>>>>
17:41:11   binary cross entropy: 0.620198
17:41:15   >>>>>>>>>>>>>>>>>>>>>>>>>>>>>>
17:41:15   binary cross entropy: 0.652658
17:41:20   >>>>>>>>>>>>>>>>>>>>>>>>>>>>>>
17:41:20   binary cross entropy: 0.54328
17:41:25   >>>>>>>>>>>>>>>>>>>>>>>>>>>>>>
17:41:25   binary cross entropy: 0.641147
17:41:30   >>>>>>>>>>>>>>>>>>>>>>>>>>>>>>
17:41:30   binary cross entropy: 0.574182
17:41:35   >>>>>>>>>>>>>>>>>>>>>>>>>>>>>>
17:41:35   binary cross entropy: 0.631123
17:41:40   >>>>>>>>>>>>>>>>>>>>>>>>>>>>>>
17:41:40   binary cross entropy: 0.634577
17:41:45   >>>>>>>>>>>>>>>>>>>>>>>>>>>>>>
17:41:45   binary cross entropy: 0.613479
17:41:49   >>>>>>>>>>>>>>>>>>>>>>>>>>>>>>
17:41:49   binary cross entropy: 0.673305
17:41:54   >>>>>>>>>>>>>>>>>>>>>>>>>>>>>>
17:41:54   binary cross entropy: 0.58112
17:41:59   >>>>>>>>>>>>>>>>>>>>>>>>>>>>>>
17:41:59   binary cross entropy: 0.583055
17:42:04   >>>>>>>>>>>>>>>>>>>>>>>>>>>>>>
17:42:04   binary cross entropy: 0.587829
17:42:09   >>>>>>>>>>>>>>>>>>>>>>>>>>>>>>
17:42:09   binary cross entropy: 0.649657
17:42:14   >>>>>>>>>>>>>>>>>>>>>>>>>>>>>>
17:42:14   binary cross entropy: 0.589816
17:42:19   >>>>>>>>>>>>>>>>>>>>>>>>>>>>>>
17:42:19   binary cross entropy: 0.629586
17:42:24   >>>>>>>>>>>>>>>>>>>>>>>>>>>>>>
17:42:24   binary cross entropy: 0.650744
17:42:28   >>>>>>>>>>>>>>>>>>>>>>>>>>>>>>
17:42:28   binary cross entropy: 0.657208
17:42:33   >>>>>>>>>>>>>>>>>>>>>>>>>>>>>>
17:42:33   binary cross entropy: 0.637911
17:42:38   >>>>>>>>>>>>>>>>>>>>>>>>>>>>>>
17:42:38   Epoch 9 end
17:42:38   ------------------------------
17:42:38   average binary cross entropy: 0.619636
17:42:38   Save checkpoint to model_epoch_10.pth
17:42:38   >>>>>>>>>>>>>>>>>>>>>>>>>>>>>>
17:42:38   Evaluate on valid
17:43:09   mr: 116.998
17:43:09   mrr: 0.0948593
17:43:09   hits@1: 0.0385
17:43:09   hits@3: 0.0889375
17:43:09   hits@10: 0.199813
17:43:09   Load checkpoint from model_epoch_10.pth
17:43:09   >>>>>>>>>>>>>>>>>>>>>>>>>>>>>>
17:43:09   Evaluate on valid
17:43:39   mr: 116.998
17:43:39   mrr: 0.0948593
17:43:39   hits@1: 0.0385
17:43:39   hits@3: 0.0889375
17:43:39   hits@10: 0.199813
17:43:39   >>>>>>>>>>>>>>>>>>>>>>>>>>>>>>
17:43:39   Evaluate on test
17:44:09   mr: 114.135
17:44:09   mrr: 0.0967124
17:44:09   hits@1: 0.03975
17:44:09   hits@3: 0.0906875
17:44:09   hits@10: 0.201688
