/itet-stor/trachsele/net_scratch/conda/lib/python3.12/site-packages/conda/base/context.py:982: FutureWarning: Adding 'defaults' to the channel list implicitly is deprecated and will be removed in 25.3. 

To remove this warning, please choose a default channel explicitly via 'conda config --add channels <name>', e.g. 'conda config --add channels defaults'.
  deprecated.topic(
10:52:49   Random seed: 1024
10:52:49   Config file: config/recommender/first_steps.yaml
10:52:49   {'checkpoint': None,
 'dataset': {'class': 'MovieLens100k', 'root': '~/git/ULTRA/kg-datasets/'},
 'model': {'class': 'Ultra',
           'embedding_item': {'hidden_dims': [16, 16], 'input_dim': 18},
           'embedding_user': {'hidden_dims': [16, 16], 'input_dim': 24},
           'entity_model': {'aggregate_func': 'sum',
                            'class': 'EntityNBFNet',
                            'hidden_dims': [32, 32, 32, 32, 32],
                            'input_dim': 32,
                            'layer_norm': True,
                            'message_func': 'distmult',
                            'short_cut': True},
           'relation_model': {'aggregate_func': 'sum',
                              'class': 'RelNBFNet',
                              'hidden_dims': [16, 16, 16, 16],
                              'input_dim': 16,
                              'layer_norm': True,
                              'message_func': 'distmult',
                              'short_cut': True}},
 'optimizer': {'class': 'AdamW', 'lr': 0.0005},
 'output_dir': '~/git/ULTRA/output',
 'task': {'adversarial_temperature': 1,
          'metric': ['mr', 'mrr', 'hits@1', 'hits@3', 'hits@10'],
          'name': 'TransductiveInference',
          'num_negative': 256,
          'strict_negative': True},
 'train': {'batch_per_epoch': 8000,
           'batch_size': 8,
           'gpus': [0],
           'log_interval': 100,
           'num_epoch': 10}}
wandb: Using wandb-core as the SDK backend. Please refer to https://wandb.me/wandb-core for more information.
wandb: Currently logged in as: pitri (pitri-eth-z-rich). Use `wandb login --relogin` to force relogin
wandb: Tracking run with wandb version 0.18.5
wandb: Run data is saved locally in /home/trachsele/git/ULTRA/output/Ultra/MovieLens100k/2024-11-02-10-52-49/wandb/run-20241102_105250-o28xqyal
wandb: Run `wandb offline` to turn off syncing.
wandb: Syncing run run-MovieLens100k-2024-11-02_10-52
wandb: ⭐️ View project at https://wandb.ai/pitri-eth-z-rich/tl4rec
wandb: 🚀 View run at https://wandb.ai/pitri-eth-z-rich/tl4rec/runs/o28xqyal
/usr/itetnas04/data-scratch-01/trachsele/data/tl4rec/ultra/tasks.py:265: UserWarning: Sparse CSR tensor support is in beta state. If you miss a functionality in the sparse tensor support, please submit a feature request to https://github.com/pytorch/pytorch/issues. (Triggered internally at /opt/conda/conda-bld/pytorch_1695392022560/work/aten/src/ATen/SparseCsrTensorImpl.cpp:53.)
  Ahh = torch.sparse.mm(EhT, Eh).coalesce()
10:52:53   MovieLens100k dataset
10:52:53   #train: 64000, #valid: 8000, #test: 8000
10:52:53   ------------------------------
10:52:53   Number of parameters: 26689
10:52:53   >>>>>>>>>>>>>>>>>>>>>>>>>>>>>>
10:52:53   Epoch 0 begin
10:54:19   >>>>>>>>>>>>>>>>>>>>>>>>>>>>>>
10:54:19   binary cross entropy: 0.712094
10:54:19   Note: NumExpr detected 28 cores but "NUMEXPR_MAX_THREADS" not set, so enforcing safe limit of 8.
10:54:19   NumExpr defaulting to 8 threads.
10:54:28   >>>>>>>>>>>>>>>>>>>>>>>>>>>>>>
10:54:28   binary cross entropy: 0.582378
10:54:37   >>>>>>>>>>>>>>>>>>>>>>>>>>>>>>
10:54:37   binary cross entropy: 0.664082
10:54:46   >>>>>>>>>>>>>>>>>>>>>>>>>>>>>>
10:54:46   binary cross entropy: 0.594498
10:54:55   >>>>>>>>>>>>>>>>>>>>>>>>>>>>>>
10:54:55   binary cross entropy: 0.594076
10:55:04   >>>>>>>>>>>>>>>>>>>>>>>>>>>>>>
10:55:04   binary cross entropy: 0.560602
10:55:13   >>>>>>>>>>>>>>>>>>>>>>>>>>>>>>
10:55:13   binary cross entropy: 0.559501
10:55:22   >>>>>>>>>>>>>>>>>>>>>>>>>>>>>>
10:55:22   binary cross entropy: 0.617939
10:55:31   >>>>>>>>>>>>>>>>>>>>>>>>>>>>>>
10:55:31   binary cross entropy: 0.587385
10:55:40   >>>>>>>>>>>>>>>>>>>>>>>>>>>>>>
10:55:40   binary cross entropy: 0.6228
10:55:49   >>>>>>>>>>>>>>>>>>>>>>>>>>>>>>
10:55:49   binary cross entropy: 0.639007
10:55:58   >>>>>>>>>>>>>>>>>>>>>>>>>>>>>>
10:55:58   binary cross entropy: 0.63462
10:56:07   >>>>>>>>>>>>>>>>>>>>>>>>>>>>>>
10:56:07   binary cross entropy: 0.55285
10:56:16   >>>>>>>>>>>>>>>>>>>>>>>>>>>>>>
10:56:16   binary cross entropy: 0.636529
10:56:24   >>>>>>>>>>>>>>>>>>>>>>>>>>>>>>
10:56:25   binary cross entropy: 0.582531
10:56:33   >>>>>>>>>>>>>>>>>>>>>>>>>>>>>>
10:56:34   binary cross entropy: 0.589699
10:56:42   >>>>>>>>>>>>>>>>>>>>>>>>>>>>>>
10:56:42   binary cross entropy: 0.59221
10:56:51   >>>>>>>>>>>>>>>>>>>>>>>>>>>>>>
10:56:51   binary cross entropy: 0.556875
10:57:00   >>>>>>>>>>>>>>>>>>>>>>>>>>>>>>
10:57:00   binary cross entropy: 0.566014
10:57:09   >>>>>>>>>>>>>>>>>>>>>>>>>>>>>>
10:57:09   binary cross entropy: 0.64282
10:57:18   >>>>>>>>>>>>>>>>>>>>>>>>>>>>>>
10:57:18   binary cross entropy: 0.543542
10:57:27   >>>>>>>>>>>>>>>>>>>>>>>>>>>>>>
10:57:27   binary cross entropy: 0.592652
10:57:36   >>>>>>>>>>>>>>>>>>>>>>>>>>>>>>
10:57:36   binary cross entropy: 0.589092
10:57:45   >>>>>>>>>>>>>>>>>>>>>>>>>>>>>>
10:57:45   binary cross entropy: 0.596684
10:57:54   >>>>>>>>>>>>>>>>>>>>>>>>>>>>>>
10:57:54   binary cross entropy: 0.622157
10:58:03   >>>>>>>>>>>>>>>>>>>>>>>>>>>>>>
10:58:03   binary cross entropy: 0.561057
10:58:12   >>>>>>>>>>>>>>>>>>>>>>>>>>>>>>
10:58:12   binary cross entropy: 0.577175
10:58:21   >>>>>>>>>>>>>>>>>>>>>>>>>>>>>>
10:58:21   binary cross entropy: 0.5888
10:58:30   >>>>>>>>>>>>>>>>>>>>>>>>>>>>>>
10:58:30   binary cross entropy: 0.640829
10:58:39   >>>>>>>>>>>>>>>>>>>>>>>>>>>>>>
10:58:39   binary cross entropy: 0.647069
10:58:48   >>>>>>>>>>>>>>>>>>>>>>>>>>>>>>
10:58:48   binary cross entropy: 0.53363
10:58:57   >>>>>>>>>>>>>>>>>>>>>>>>>>>>>>
10:58:57   binary cross entropy: 0.730197
10:59:06   >>>>>>>>>>>>>>>>>>>>>>>>>>>>>>
10:59:06   binary cross entropy: 0.580746
10:59:15   >>>>>>>>>>>>>>>>>>>>>>>>>>>>>>
10:59:15   binary cross entropy: 0.546723
10:59:24   >>>>>>>>>>>>>>>>>>>>>>>>>>>>>>
10:59:24   binary cross entropy: 0.647697
10:59:33   >>>>>>>>>>>>>>>>>>>>>>>>>>>>>>
10:59:33   binary cross entropy: 0.621756
10:59:42   >>>>>>>>>>>>>>>>>>>>>>>>>>>>>>
10:59:42   binary cross entropy: 0.648906
10:59:51   >>>>>>>>>>>>>>>>>>>>>>>>>>>>>>
10:59:51   binary cross entropy: 0.68638
11:00:00   >>>>>>>>>>>>>>>>>>>>>>>>>>>>>>
11:00:00   binary cross entropy: 0.731751
11:00:08   >>>>>>>>>>>>>>>>>>>>>>>>>>>>>>
11:00:09   binary cross entropy: 0.613047
11:00:17   >>>>>>>>>>>>>>>>>>>>>>>>>>>>>>
11:00:17   binary cross entropy: 0.662204
11:00:26   >>>>>>>>>>>>>>>>>>>>>>>>>>>>>>
11:00:26   binary cross entropy: 0.719966
11:00:35   >>>>>>>>>>>>>>>>>>>>>>>>>>>>>>
11:00:35   binary cross entropy: 0.657447
11:00:44   >>>>>>>>>>>>>>>>>>>>>>>>>>>>>>
11:00:44   binary cross entropy: 0.615375
11:00:53   >>>>>>>>>>>>>>>>>>>>>>>>>>>>>>
11:00:53   binary cross entropy: 0.539783
11:01:02   >>>>>>>>>>>>>>>>>>>>>>>>>>>>>>
11:01:02   binary cross entropy: 0.626451
11:01:11   >>>>>>>>>>>>>>>>>>>>>>>>>>>>>>
11:01:11   binary cross entropy: 0.665256
11:01:20   >>>>>>>>>>>>>>>>>>>>>>>>>>>>>>
11:01:20   binary cross entropy: 0.61362
11:01:29   >>>>>>>>>>>>>>>>>>>>>>>>>>>>>>
11:01:29   binary cross entropy: 0.576027
11:01:38   >>>>>>>>>>>>>>>>>>>>>>>>>>>>>>
11:01:38   binary cross entropy: 0.6714
11:01:47   >>>>>>>>>>>>>>>>>>>>>>>>>>>>>>
11:01:47   binary cross entropy: 0.670717
11:01:56   >>>>>>>>>>>>>>>>>>>>>>>>>>>>>>
11:01:56   binary cross entropy: 0.725022
11:02:05   >>>>>>>>>>>>>>>>>>>>>>>>>>>>>>
11:02:05   binary cross entropy: 0.618245
11:02:14   >>>>>>>>>>>>>>>>>>>>>>>>>>>>>>
11:02:14   binary cross entropy: 0.691653
11:02:23   >>>>>>>>>>>>>>>>>>>>>>>>>>>>>>
11:02:23   binary cross entropy: 0.649053
11:02:32   >>>>>>>>>>>>>>>>>>>>>>>>>>>>>>
11:02:32   binary cross entropy: 0.626331
11:02:41   >>>>>>>>>>>>>>>>>>>>>>>>>>>>>>
11:02:41   binary cross entropy: 0.630932
11:02:50   >>>>>>>>>>>>>>>>>>>>>>>>>>>>>>
11:02:50   binary cross entropy: 0.554224
11:02:59   >>>>>>>>>>>>>>>>>>>>>>>>>>>>>>
11:02:59   binary cross entropy: 0.582075
11:03:08   >>>>>>>>>>>>>>>>>>>>>>>>>>>>>>
11:03:08   binary cross entropy: 0.600284
11:03:17   >>>>>>>>>>>>>>>>>>>>>>>>>>>>>>
11:03:17   binary cross entropy: 0.621306
11:03:25   >>>>>>>>>>>>>>>>>>>>>>>>>>>>>>
11:03:26   binary cross entropy: 0.593515
11:03:34   >>>>>>>>>>>>>>>>>>>>>>>>>>>>>>
11:03:34   binary cross entropy: 0.576322
11:03:43   >>>>>>>>>>>>>>>>>>>>>>>>>>>>>>
11:03:43   binary cross entropy: 0.637599
11:03:52   >>>>>>>>>>>>>>>>>>>>>>>>>>>>>>
11:03:52   binary cross entropy: 0.738474
11:04:01   >>>>>>>>>>>>>>>>>>>>>>>>>>>>>>
11:04:01   binary cross entropy: 0.632637
11:04:10   >>>>>>>>>>>>>>>>>>>>>>>>>>>>>>
11:04:10   binary cross entropy: 0.610626
11:04:19   >>>>>>>>>>>>>>>>>>>>>>>>>>>>>>
11:04:19   binary cross entropy: 0.616131
11:04:28   >>>>>>>>>>>>>>>>>>>>>>>>>>>>>>
11:04:28   binary cross entropy: 0.542063
11:04:37   >>>>>>>>>>>>>>>>>>>>>>>>>>>>>>
11:04:37   binary cross entropy: 0.691012
11:04:46   >>>>>>>>>>>>>>>>>>>>>>>>>>>>>>
11:04:46   binary cross entropy: 0.591606
11:04:55   >>>>>>>>>>>>>>>>>>>>>>>>>>>>>>
11:04:55   binary cross entropy: 0.59237
11:05:04   >>>>>>>>>>>>>>>>>>>>>>>>>>>>>>
11:05:04   binary cross entropy: 0.602047
11:05:13   >>>>>>>>>>>>>>>>>>>>>>>>>>>>>>
11:05:13   binary cross entropy: 0.601813
11:05:22   >>>>>>>>>>>>>>>>>>>>>>>>>>>>>>
11:05:22   binary cross entropy: 0.556557
11:05:31   >>>>>>>>>>>>>>>>>>>>>>>>>>>>>>
11:05:31   binary cross entropy: 0.614664
11:05:40   >>>>>>>>>>>>>>>>>>>>>>>>>>>>>>
11:05:40   binary cross entropy: 0.562682
11:05:49   >>>>>>>>>>>>>>>>>>>>>>>>>>>>>>
11:05:49   binary cross entropy: 0.672047
11:05:58   >>>>>>>>>>>>>>>>>>>>>>>>>>>>>>
11:05:58   binary cross entropy: 0.602343
11:06:07   >>>>>>>>>>>>>>>>>>>>>>>>>>>>>>
11:06:07   binary cross entropy: 0.659852
11:06:16   >>>>>>>>>>>>>>>>>>>>>>>>>>>>>>
11:06:16   Epoch 0 end
11:06:16   ------------------------------
11:06:16   average binary cross entropy: 0.622949
11:06:16   Save checkpoint to model_epoch_1.pth
11:06:16   >>>>>>>>>>>>>>>>>>>>>>>>>>>>>>
11:06:16   Evaluate on valid
11:06:55   mr: 119.185
11:06:55   mrr: 0.107032
11:06:55   hits@1: 0.052
11:06:55   hits@3: 0.100188
11:06:55   hits@10: 0.208688
11:06:55   >>>>>>>>>>>>>>>>>>>>>>>>>>>>>>
11:06:55   Epoch 1 begin
11:06:55   >>>>>>>>>>>>>>>>>>>>>>>>>>>>>>
11:06:55   binary cross entropy: 0.640557
11:07:04   >>>>>>>>>>>>>>>>>>>>>>>>>>>>>>
11:07:04   binary cross entropy: 0.597388
11:07:13   >>>>>>>>>>>>>>>>>>>>>>>>>>>>>>
11:07:13   binary cross entropy: 0.632918
11:07:22   >>>>>>>>>>>>>>>>>>>>>>>>>>>>>>
11:07:22   binary cross entropy: 0.586438
11:07:31   >>>>>>>>>>>>>>>>>>>>>>>>>>>>>>
11:07:31   binary cross entropy: 0.531288
11:07:40   >>>>>>>>>>>>>>>>>>>>>>>>>>>>>>
11:07:40   binary cross entropy: 0.742104
11:07:49   >>>>>>>>>>>>>>>>>>>>>>>>>>>>>>
11:07:49   binary cross entropy: 0.575984
11:07:58   >>>>>>>>>>>>>>>>>>>>>>>>>>>>>>
11:07:58   binary cross entropy: 0.659771
11:08:07   >>>>>>>>>>>>>>>>>>>>>>>>>>>>>>
11:08:07   binary cross entropy: 0.728624
11:08:16   >>>>>>>>>>>>>>>>>>>>>>>>>>>>>>
11:08:16   binary cross entropy: 0.607498
11:08:25   >>>>>>>>>>>>>>>>>>>>>>>>>>>>>>
11:08:25   binary cross entropy: 0.553635
11:08:34   >>>>>>>>>>>>>>>>>>>>>>>>>>>>>>
11:08:34   binary cross entropy: 0.560772
11:08:43   >>>>>>>>>>>>>>>>>>>>>>>>>>>>>>
11:08:43   binary cross entropy: 0.775664
11:08:52   >>>>>>>>>>>>>>>>>>>>>>>>>>>>>>
11:08:52   binary cross entropy: 0.657321
11:09:01   >>>>>>>>>>>>>>>>>>>>>>>>>>>>>>
11:09:01   binary cross entropy: 0.640292
11:09:10   >>>>>>>>>>>>>>>>>>>>>>>>>>>>>>
11:09:10   binary cross entropy: 0.626652
11:09:19   >>>>>>>>>>>>>>>>>>>>>>>>>>>>>>
11:09:19   binary cross entropy: 0.645885
11:09:28   >>>>>>>>>>>>>>>>>>>>>>>>>>>>>>
11:09:28   binary cross entropy: 0.609182
11:09:37   >>>>>>>>>>>>>>>>>>>>>>>>>>>>>>
11:09:37   binary cross entropy: 0.531413
11:09:46   >>>>>>>>>>>>>>>>>>>>>>>>>>>>>>
11:09:46   binary cross entropy: 0.653509
11:09:55   >>>>>>>>>>>>>>>>>>>>>>>>>>>>>>
11:09:55   binary cross entropy: 0.551311
11:10:04   >>>>>>>>>>>>>>>>>>>>>>>>>>>>>>
11:10:04   binary cross entropy: 0.652813
11:10:13   >>>>>>>>>>>>>>>>>>>>>>>>>>>>>>
11:10:13   binary cross entropy: 0.586875
11:10:22   >>>>>>>>>>>>>>>>>>>>>>>>>>>>>>
11:10:22   binary cross entropy: 0.660182
11:10:31   >>>>>>>>>>>>>>>>>>>>>>>>>>>>>>
11:10:31   binary cross entropy: 0.683793
11:10:40   >>>>>>>>>>>>>>>>>>>>>>>>>>>>>>
11:10:40   binary cross entropy: 0.65338
11:10:49   >>>>>>>>>>>>>>>>>>>>>>>>>>>>>>
11:10:49   binary cross entropy: 0.591861
11:10:58   >>>>>>>>>>>>>>>>>>>>>>>>>>>>>>
11:10:58   binary cross entropy: 0.628471
11:11:07   >>>>>>>>>>>>>>>>>>>>>>>>>>>>>>
11:11:07   binary cross entropy: 0.65232
11:11:16   >>>>>>>>>>>>>>>>>>>>>>>>>>>>>>
11:11:16   binary cross entropy: 0.652852
11:11:25   >>>>>>>>>>>>>>>>>>>>>>>>>>>>>>
11:11:25   binary cross entropy: 0.687391
11:11:34   >>>>>>>>>>>>>>>>>>>>>>>>>>>>>>
11:11:34   binary cross entropy: 0.557254
11:11:43   >>>>>>>>>>>>>>>>>>>>>>>>>>>>>>
11:11:43   binary cross entropy: 0.61972
11:11:52   >>>>>>>>>>>>>>>>>>>>>>>>>>>>>>
11:11:52   binary cross entropy: 0.571343
11:12:01   >>>>>>>>>>>>>>>>>>>>>>>>>>>>>>
11:12:01   binary cross entropy: 0.622378
11:12:10   >>>>>>>>>>>>>>>>>>>>>>>>>>>>>>
11:12:10   binary cross entropy: 0.601045
11:12:19   >>>>>>>>>>>>>>>>>>>>>>>>>>>>>>
11:12:19   binary cross entropy: 0.607793
11:12:27   >>>>>>>>>>>>>>>>>>>>>>>>>>>>>>
11:12:28   binary cross entropy: 0.584625
11:12:36   >>>>>>>>>>>>>>>>>>>>>>>>>>>>>>
11:12:36   binary cross entropy: 0.675301
11:12:45   >>>>>>>>>>>>>>>>>>>>>>>>>>>>>>
11:12:45   binary cross entropy: 0.657307
11:12:54   >>>>>>>>>>>>>>>>>>>>>>>>>>>>>>
11:12:54   binary cross entropy: 0.592305
11:13:03   >>>>>>>>>>>>>>>>>>>>>>>>>>>>>>
11:13:03   binary cross entropy: 0.626945
11:13:12   >>>>>>>>>>>>>>>>>>>>>>>>>>>>>>
11:13:12   binary cross entropy: 0.555543
11:13:21   >>>>>>>>>>>>>>>>>>>>>>>>>>>>>>
11:13:21   binary cross entropy: 0.584159
11:13:30   >>>>>>>>>>>>>>>>>>>>>>>>>>>>>>
11:13:30   binary cross entropy: 0.636698
11:13:39   >>>>>>>>>>>>>>>>>>>>>>>>>>>>>>
11:13:39   binary cross entropy: 0.739944
11:13:48   >>>>>>>>>>>>>>>>>>>>>>>>>>>>>>
11:13:48   binary cross entropy: 0.652535
11:13:57   >>>>>>>>>>>>>>>>>>>>>>>>>>>>>>
11:13:57   binary cross entropy: 0.533742
11:14:06   >>>>>>>>>>>>>>>>>>>>>>>>>>>>>>
11:14:06   binary cross entropy: 0.725191
11:14:15   >>>>>>>>>>>>>>>>>>>>>>>>>>>>>>
11:14:15   binary cross entropy: 0.644756
11:14:24   >>>>>>>>>>>>>>>>>>>>>>>>>>>>>>
11:14:24   binary cross entropy: 0.541484
11:14:33   >>>>>>>>>>>>>>>>>>>>>>>>>>>>>>
11:14:33   binary cross entropy: 0.555205
11:14:42   >>>>>>>>>>>>>>>>>>>>>>>>>>>>>>
11:14:42   binary cross entropy: 0.666111
11:14:51   >>>>>>>>>>>>>>>>>>>>>>>>>>>>>>
11:14:51   binary cross entropy: 0.576599
11:15:00   >>>>>>>>>>>>>>>>>>>>>>>>>>>>>>
11:15:00   binary cross entropy: 0.64982
11:15:09   >>>>>>>>>>>>>>>>>>>>>>>>>>>>>>
11:15:09   binary cross entropy: 0.661367
11:15:18   >>>>>>>>>>>>>>>>>>>>>>>>>>>>>>
11:15:18   binary cross entropy: 0.602917
11:15:27   >>>>>>>>>>>>>>>>>>>>>>>>>>>>>>
11:15:27   binary cross entropy: 0.629409
11:15:36   >>>>>>>>>>>>>>>>>>>>>>>>>>>>>>
11:15:36   binary cross entropy: 0.585085
11:15:45   >>>>>>>>>>>>>>>>>>>>>>>>>>>>>>
11:15:45   binary cross entropy: 0.649996
11:15:54   >>>>>>>>>>>>>>>>>>>>>>>>>>>>>>
11:15:54   binary cross entropy: 0.609055
11:16:02   >>>>>>>>>>>>>>>>>>>>>>>>>>>>>>
11:16:03   binary cross entropy: 0.502278
11:16:11   >>>>>>>>>>>>>>>>>>>>>>>>>>>>>>
11:16:11   binary cross entropy: 0.711205
11:16:20   >>>>>>>>>>>>>>>>>>>>>>>>>>>>>>
11:16:20   binary cross entropy: 0.623126
11:16:29   >>>>>>>>>>>>>>>>>>>>>>>>>>>>>>
11:16:29   binary cross entropy: 0.546565
11:16:38   >>>>>>>>>>>>>>>>>>>>>>>>>>>>>>
11:16:38   binary cross entropy: 0.589721
11:16:47   >>>>>>>>>>>>>>>>>>>>>>>>>>>>>>
11:16:47   binary cross entropy: 0.576204
11:16:56   >>>>>>>>>>>>>>>>>>>>>>>>>>>>>>
11:16:56   binary cross entropy: 0.636779
11:17:05   >>>>>>>>>>>>>>>>>>>>>>>>>>>>>>
11:17:05   binary cross entropy: 0.710947
11:17:14   >>>>>>>>>>>>>>>>>>>>>>>>>>>>>>
11:17:14   binary cross entropy: 0.635355
11:17:23   >>>>>>>>>>>>>>>>>>>>>>>>>>>>>>
11:17:23   binary cross entropy: 0.593169
11:17:32   >>>>>>>>>>>>>>>>>>>>>>>>>>>>>>
11:17:32   binary cross entropy: 0.602522
11:17:41   >>>>>>>>>>>>>>>>>>>>>>>>>>>>>>
11:17:41   binary cross entropy: 0.71336
11:17:50   >>>>>>>>>>>>>>>>>>>>>>>>>>>>>>
11:17:50   binary cross entropy: 0.726407
11:17:59   >>>>>>>>>>>>>>>>>>>>>>>>>>>>>>
11:17:59   binary cross entropy: 0.587289
11:18:08   >>>>>>>>>>>>>>>>>>>>>>>>>>>>>>
11:18:08   binary cross entropy: 0.5453
11:18:17   >>>>>>>>>>>>>>>>>>>>>>>>>>>>>>
11:18:17   binary cross entropy: 0.649514
11:18:26   >>>>>>>>>>>>>>>>>>>>>>>>>>>>>>
11:18:26   binary cross entropy: 0.734306
11:18:35   >>>>>>>>>>>>>>>>>>>>>>>>>>>>>>
11:18:35   binary cross entropy: 0.571377
11:18:44   >>>>>>>>>>>>>>>>>>>>>>>>>>>>>>
11:18:44   binary cross entropy: 0.573187
11:18:53   >>>>>>>>>>>>>>>>>>>>>>>>>>>>>>
11:18:53   Epoch 1 end
11:18:53   ------------------------------
11:18:53   average binary cross entropy: 0.623012
11:18:53   Save checkpoint to model_epoch_2.pth
11:18:53   >>>>>>>>>>>>>>>>>>>>>>>>>>>>>>
11:18:53   Evaluate on valid
11:19:32   mr: 115.865
11:19:32   mrr: 0.106715
11:19:32   hits@1: 0.04975
11:19:32   hits@3: 0.0995625
11:19:32   hits@10: 0.215063
11:19:32   >>>>>>>>>>>>>>>>>>>>>>>>>>>>>>
11:19:32   Epoch 2 begin
11:19:32   >>>>>>>>>>>>>>>>>>>>>>>>>>>>>>
11:19:32   binary cross entropy: 0.540727
11:19:41   >>>>>>>>>>>>>>>>>>>>>>>>>>>>>>
11:19:41   binary cross entropy: 0.571084
11:19:50   >>>>>>>>>>>>>>>>>>>>>>>>>>>>>>
11:19:50   binary cross entropy: 0.591394
11:19:58   >>>>>>>>>>>>>>>>>>>>>>>>>>>>>>
11:19:59   binary cross entropy: 0.59235
11:20:07   >>>>>>>>>>>>>>>>>>>>>>>>>>>>>>
11:20:08   binary cross entropy: 0.663793
11:20:16   >>>>>>>>>>>>>>>>>>>>>>>>>>>>>>
11:20:16   binary cross entropy: 0.615362
11:20:25   >>>>>>>>>>>>>>>>>>>>>>>>>>>>>>
11:20:25   binary cross entropy: 0.528555
11:20:34   >>>>>>>>>>>>>>>>>>>>>>>>>>>>>>
11:20:34   binary cross entropy: 0.554616
11:20:43   >>>>>>>>>>>>>>>>>>>>>>>>>>>>>>
11:20:43   binary cross entropy: 0.784513
11:20:52   >>>>>>>>>>>>>>>>>>>>>>>>>>>>>>
11:20:52   binary cross entropy: 0.602183
11:21:01   >>>>>>>>>>>>>>>>>>>>>>>>>>>>>>
11:21:01   binary cross entropy: 0.66533
11:21:10   >>>>>>>>>>>>>>>>>>>>>>>>>>>>>>
11:21:10   binary cross entropy: 0.603861
11:21:19   >>>>>>>>>>>>>>>>>>>>>>>>>>>>>>
11:21:19   binary cross entropy: 0.548345
11:21:28   >>>>>>>>>>>>>>>>>>>>>>>>>>>>>>
11:21:28   binary cross entropy: 0.619642
11:21:37   >>>>>>>>>>>>>>>>>>>>>>>>>>>>>>
11:21:37   binary cross entropy: 0.700019
11:21:46   >>>>>>>>>>>>>>>>>>>>>>>>>>>>>>
11:21:46   binary cross entropy: 0.592474
11:21:55   >>>>>>>>>>>>>>>>>>>>>>>>>>>>>>
11:21:55   binary cross entropy: 0.532184
11:22:04   >>>>>>>>>>>>>>>>>>>>>>>>>>>>>>
11:22:04   binary cross entropy: 0.625269
11:22:13   >>>>>>>>>>>>>>>>>>>>>>>>>>>>>>
11:22:13   binary cross entropy: 0.566581
11:22:22   >>>>>>>>>>>>>>>>>>>>>>>>>>>>>>
11:22:22   binary cross entropy: 0.53951
11:22:31   >>>>>>>>>>>>>>>>>>>>>>>>>>>>>>
11:22:31   binary cross entropy: 0.584531
11:22:40   >>>>>>>>>>>>>>>>>>>>>>>>>>>>>>
11:22:40   binary cross entropy: 0.671016
11:22:49   >>>>>>>>>>>>>>>>>>>>>>>>>>>>>>
11:22:49   binary cross entropy: 0.670609
11:22:58   >>>>>>>>>>>>>>>>>>>>>>>>>>>>>>
11:22:58   binary cross entropy: 0.636589
11:23:07   >>>>>>>>>>>>>>>>>>>>>>>>>>>>>>
11:23:07   binary cross entropy: 0.672918
11:23:16   >>>>>>>>>>>>>>>>>>>>>>>>>>>>>>
11:23:16   binary cross entropy: 0.707194
11:23:25   >>>>>>>>>>>>>>>>>>>>>>>>>>>>>>
11:23:25   binary cross entropy: 0.653829
11:23:34   >>>>>>>>>>>>>>>>>>>>>>>>>>>>>>
11:23:34   binary cross entropy: 0.725231
11:23:43   >>>>>>>>>>>>>>>>>>>>>>>>>>>>>>
11:23:43   binary cross entropy: 0.550829
11:23:52   >>>>>>>>>>>>>>>>>>>>>>>>>>>>>>
11:23:52   binary cross entropy: 0.51662
11:24:01   >>>>>>>>>>>>>>>>>>>>>>>>>>>>>>
11:24:01   binary cross entropy: 0.632269
11:24:10   >>>>>>>>>>>>>>>>>>>>>>>>>>>>>>
11:24:10   binary cross entropy: 0.607163
11:24:18   >>>>>>>>>>>>>>>>>>>>>>>>>>>>>>
11:24:19   binary cross entropy: 0.581836
11:24:27   >>>>>>>>>>>>>>>>>>>>>>>>>>>>>>
11:24:27   binary cross entropy: 0.576324
11:24:36   >>>>>>>>>>>>>>>>>>>>>>>>>>>>>>
11:24:36   binary cross entropy: 0.599768
11:24:45   >>>>>>>>>>>>>>>>>>>>>>>>>>>>>>
11:24:45   binary cross entropy: 0.60276
11:24:54   >>>>>>>>>>>>>>>>>>>>>>>>>>>>>>
11:24:54   binary cross entropy: 0.593857
11:25:03   >>>>>>>>>>>>>>>>>>>>>>>>>>>>>>
11:25:03   binary cross entropy: 0.774406
11:25:12   >>>>>>>>>>>>>>>>>>>>>>>>>>>>>>
11:25:12   binary cross entropy: 0.633567
11:25:21   >>>>>>>>>>>>>>>>>>>>>>>>>>>>>>
11:25:21   binary cross entropy: 0.573598
11:25:30   >>>>>>>>>>>>>>>>>>>>>>>>>>>>>>
11:25:30   binary cross entropy: 0.573459
11:25:39   >>>>>>>>>>>>>>>>>>>>>>>>>>>>>>
11:25:39   binary cross entropy: 0.60757
11:25:48   >>>>>>>>>>>>>>>>>>>>>>>>>>>>>>
11:25:48   binary cross entropy: 0.553966
11:25:57   >>>>>>>>>>>>>>>>>>>>>>>>>>>>>>
11:25:57   binary cross entropy: 0.589314
11:26:06   >>>>>>>>>>>>>>>>>>>>>>>>>>>>>>
11:26:06   binary cross entropy: 0.600283
11:26:15   >>>>>>>>>>>>>>>>>>>>>>>>>>>>>>
11:26:15   binary cross entropy: 0.666105
11:26:24   >>>>>>>>>>>>>>>>>>>>>>>>>>>>>>
11:26:24   binary cross entropy: 0.596732
11:26:33   >>>>>>>>>>>>>>>>>>>>>>>>>>>>>>
11:26:33   binary cross entropy: 0.675559
11:26:42   >>>>>>>>>>>>>>>>>>>>>>>>>>>>>>
11:26:42   binary cross entropy: 0.595
11:26:51   >>>>>>>>>>>>>>>>>>>>>>>>>>>>>>
11:26:51   binary cross entropy: 0.521917
11:27:00   >>>>>>>>>>>>>>>>>>>>>>>>>>>>>>
11:27:00   binary cross entropy: 0.557417
11:27:09   >>>>>>>>>>>>>>>>>>>>>>>>>>>>>>
11:27:09   binary cross entropy: 0.575159
11:27:18   >>>>>>>>>>>>>>>>>>>>>>>>>>>>>>
11:27:18   binary cross entropy: 0.552634
11:27:27   >>>>>>>>>>>>>>>>>>>>>>>>>>>>>>
11:27:27   binary cross entropy: 0.567852
11:27:36   >>>>>>>>>>>>>>>>>>>>>>>>>>>>>>
11:27:36   binary cross entropy: 0.596217
11:27:45   >>>>>>>>>>>>>>>>>>>>>>>>>>>>>>
11:27:45   binary cross entropy: 0.605613
11:27:54   >>>>>>>>>>>>>>>>>>>>>>>>>>>>>>
11:27:54   binary cross entropy: 0.584991
11:28:03   >>>>>>>>>>>>>>>>>>>>>>>>>>>>>>
11:28:03   binary cross entropy: 0.682251
11:28:12   >>>>>>>>>>>>>>>>>>>>>>>>>>>>>>
11:28:12   binary cross entropy: 0.652498
11:28:21   >>>>>>>>>>>>>>>>>>>>>>>>>>>>>>
11:28:21   binary cross entropy: 0.816702
11:28:30   >>>>>>>>>>>>>>>>>>>>>>>>>>>>>>
11:28:30   binary cross entropy: 0.592793
11:28:39   >>>>>>>>>>>>>>>>>>>>>>>>>>>>>>
11:28:39   binary cross entropy: 0.694791
11:28:47   >>>>>>>>>>>>>>>>>>>>>>>>>>>>>>
11:28:48   binary cross entropy: 0.800684
11:28:56   >>>>>>>>>>>>>>>>>>>>>>>>>>>>>>
11:28:56   binary cross entropy: 0.529984
11:29:05   >>>>>>>>>>>>>>>>>>>>>>>>>>>>>>
11:29:05   binary cross entropy: 0.568795
11:29:14   >>>>>>>>>>>>>>>>>>>>>>>>>>>>>>
11:29:14   binary cross entropy: 0.668165
11:29:23   >>>>>>>>>>>>>>>>>>>>>>>>>>>>>>
11:29:23   binary cross entropy: 0.684754
11:29:32   >>>>>>>>>>>>>>>>>>>>>>>>>>>>>>
11:29:32   binary cross entropy: 0.661637
11:29:41   >>>>>>>>>>>>>>>>>>>>>>>>>>>>>>
11:29:41   binary cross entropy: 0.798627
11:29:50   >>>>>>>>>>>>>>>>>>>>>>>>>>>>>>
11:29:51   binary cross entropy: 0.723245
11:30:00   >>>>>>>>>>>>>>>>>>>>>>>>>>>>>>
11:30:00   binary cross entropy: 0.660465
11:30:09   >>>>>>>>>>>>>>>>>>>>>>>>>>>>>>
11:30:09   binary cross entropy: 0.5474
11:30:18   >>>>>>>>>>>>>>>>>>>>>>>>>>>>>>
11:30:18   binary cross entropy: 0.597599
11:30:27   >>>>>>>>>>>>>>>>>>>>>>>>>>>>>>
11:30:27   binary cross entropy: 0.65188
11:30:36   >>>>>>>>>>>>>>>>>>>>>>>>>>>>>>
11:30:36   binary cross entropy: 0.568998
11:30:45   >>>>>>>>>>>>>>>>>>>>>>>>>>>>>>
11:30:45   binary cross entropy: 0.58814
11:30:54   >>>>>>>>>>>>>>>>>>>>>>>>>>>>>>
11:30:54   binary cross entropy: 0.689999
11:31:03   >>>>>>>>>>>>>>>>>>>>>>>>>>>>>>
11:31:03   binary cross entropy: 0.659339
11:31:12   >>>>>>>>>>>>>>>>>>>>>>>>>>>>>>
11:31:12   binary cross entropy: 0.672664
11:31:21   >>>>>>>>>>>>>>>>>>>>>>>>>>>>>>
11:31:21   binary cross entropy: 0.622844
11:31:29   >>>>>>>>>>>>>>>>>>>>>>>>>>>>>>
11:31:29   Epoch 2 end
11:31:29   ------------------------------
11:31:29   average binary cross entropy: 0.624426
11:31:29   Save checkpoint to model_epoch_3.pth
11:31:30   >>>>>>>>>>>>>>>>>>>>>>>>>>>>>>
11:31:30   Evaluate on valid
11:32:08   mr: 115.161
11:32:08   mrr: 0.108762
11:32:08   hits@1: 0.0513125
11:32:08   hits@3: 0.104625
11:32:08   hits@10: 0.217375
11:32:08   >>>>>>>>>>>>>>>>>>>>>>>>>>>>>>
11:32:08   Epoch 3 begin
11:32:08   >>>>>>>>>>>>>>>>>>>>>>>>>>>>>>
11:32:08   binary cross entropy: 0.640573
11:32:17   >>>>>>>>>>>>>>>>>>>>>>>>>>>>>>
11:32:17   binary cross entropy: 0.619145
11:32:26   >>>>>>>>>>>>>>>>>>>>>>>>>>>>>>
11:32:26   binary cross entropy: 0.636736
11:32:35   >>>>>>>>>>>>>>>>>>>>>>>>>>>>>>
11:32:35   binary cross entropy: 0.578693
11:32:44   >>>>>>>>>>>>>>>>>>>>>>>>>>>>>>
11:32:45   binary cross entropy: 0.583918
11:32:54   >>>>>>>>>>>>>>>>>>>>>>>>>>>>>>
11:32:54   binary cross entropy: 0.648932
11:33:03   >>>>>>>>>>>>>>>>>>>>>>>>>>>>>>
11:33:03   binary cross entropy: 0.644504
11:33:12   >>>>>>>>>>>>>>>>>>>>>>>>>>>>>>
11:33:12   binary cross entropy: 0.686029
11:33:21   >>>>>>>>>>>>>>>>>>>>>>>>>>>>>>
11:33:21   binary cross entropy: 0.720855
11:33:30   >>>>>>>>>>>>>>>>>>>>>>>>>>>>>>
11:33:30   binary cross entropy: 0.581665
11:33:39   >>>>>>>>>>>>>>>>>>>>>>>>>>>>>>
11:33:39   binary cross entropy: 0.578489
11:33:48   >>>>>>>>>>>>>>>>>>>>>>>>>>>>>>
11:33:48   binary cross entropy: 0.559891
11:33:57   >>>>>>>>>>>>>>>>>>>>>>>>>>>>>>
11:33:57   binary cross entropy: 0.649722
11:34:06   >>>>>>>>>>>>>>>>>>>>>>>>>>>>>>
11:34:06   binary cross entropy: 0.719214
11:34:15   >>>>>>>>>>>>>>>>>>>>>>>>>>>>>>
11:34:15   binary cross entropy: 0.579779
11:34:24   >>>>>>>>>>>>>>>>>>>>>>>>>>>>>>
11:34:24   binary cross entropy: 0.622537
11:34:33   >>>>>>>>>>>>>>>>>>>>>>>>>>>>>>
11:34:33   binary cross entropy: 0.683757
11:34:42   >>>>>>>>>>>>>>>>>>>>>>>>>>>>>>
11:34:42   binary cross entropy: 0.640504
11:34:51   >>>>>>>>>>>>>>>>>>>>>>>>>>>>>>
11:34:51   binary cross entropy: 0.596004
11:35:00   >>>>>>>>>>>>>>>>>>>>>>>>>>>>>>
11:35:00   binary cross entropy: 0.654426
11:35:09   >>>>>>>>>>>>>>>>>>>>>>>>>>>>>>
11:35:09   binary cross entropy: 0.674832
11:35:18   >>>>>>>>>>>>>>>>>>>>>>>>>>>>>>
11:35:18   binary cross entropy: 0.669841
11:35:27   >>>>>>>>>>>>>>>>>>>>>>>>>>>>>>
11:35:27   binary cross entropy: 0.602042
11:35:36   >>>>>>>>>>>>>>>>>>>>>>>>>>>>>>
11:35:36   binary cross entropy: 0.613104
11:35:45   >>>>>>>>>>>>>>>>>>>>>>>>>>>>>>
11:35:45   binary cross entropy: 0.618876
11:35:54   >>>>>>>>>>>>>>>>>>>>>>>>>>>>>>
11:35:54   binary cross entropy: 0.725009
11:36:03   >>>>>>>>>>>>>>>>>>>>>>>>>>>>>>
11:36:03   binary cross entropy: 0.634983
11:36:12   >>>>>>>>>>>>>>>>>>>>>>>>>>>>>>
11:36:12   binary cross entropy: 0.635468
11:36:21   >>>>>>>>>>>>>>>>>>>>>>>>>>>>>>
11:36:21   binary cross entropy: 0.613365
11:36:30   >>>>>>>>>>>>>>>>>>>>>>>>>>>>>>
11:36:30   binary cross entropy: 0.649199
11:36:39   >>>>>>>>>>>>>>>>>>>>>>>>>>>>>>
11:36:39   binary cross entropy: 0.736697
11:36:48   >>>>>>>>>>>>>>>>>>>>>>>>>>>>>>
11:36:48   binary cross entropy: 0.605029
11:36:57   >>>>>>>>>>>>>>>>>>>>>>>>>>>>>>
11:36:57   binary cross entropy: 0.629216
11:37:06   >>>>>>>>>>>>>>>>>>>>>>>>>>>>>>
11:37:06   binary cross entropy: 0.66921
11:37:15   >>>>>>>>>>>>>>>>>>>>>>>>>>>>>>
11:37:15   binary cross entropy: 0.547347
11:37:24   >>>>>>>>>>>>>>>>>>>>>>>>>>>>>>
11:37:24   binary cross entropy: 0.550177
11:37:33   >>>>>>>>>>>>>>>>>>>>>>>>>>>>>>
11:37:33   binary cross entropy: 0.532576
11:37:42   >>>>>>>>>>>>>>>>>>>>>>>>>>>>>>
11:37:42   binary cross entropy: 0.673801
11:37:51   >>>>>>>>>>>>>>>>>>>>>>>>>>>>>>
11:37:51   binary cross entropy: 0.609064
11:38:00   >>>>>>>>>>>>>>>>>>>>>>>>>>>>>>
11:38:00   binary cross entropy: 0.691919
11:38:09   >>>>>>>>>>>>>>>>>>>>>>>>>>>>>>
11:38:09   binary cross entropy: 0.753773
11:38:18   >>>>>>>>>>>>>>>>>>>>>>>>>>>>>>
11:38:18   binary cross entropy: 0.564935
11:38:27   >>>>>>>>>>>>>>>>>>>>>>>>>>>>>>
11:38:27   binary cross entropy: 0.778686
11:38:36   >>>>>>>>>>>>>>>>>>>>>>>>>>>>>>
11:38:36   binary cross entropy: 0.653371
11:38:45   >>>>>>>>>>>>>>>>>>>>>>>>>>>>>>
11:38:45   binary cross entropy: 0.592825
11:38:54   >>>>>>>>>>>>>>>>>>>>>>>>>>>>>>
11:38:54   binary cross entropy: 0.576747
11:39:03   >>>>>>>>>>>>>>>>>>>>>>>>>>>>>>
11:39:03   binary cross entropy: 0.562298
11:39:12   >>>>>>>>>>>>>>>>>>>>>>>>>>>>>>
11:39:12   binary cross entropy: 0.667223
11:39:21   >>>>>>>>>>>>>>>>>>>>>>>>>>>>>>
11:39:21   binary cross entropy: 0.677719
11:39:30   >>>>>>>>>>>>>>>>>>>>>>>>>>>>>>
11:39:30   binary cross entropy: 0.530124
11:39:39   >>>>>>>>>>>>>>>>>>>>>>>>>>>>>>
11:39:39   binary cross entropy: 0.595907
11:39:48   >>>>>>>>>>>>>>>>>>>>>>>>>>>>>>
11:39:48   binary cross entropy: 0.650227
11:39:57   >>>>>>>>>>>>>>>>>>>>>>>>>>>>>>
11:39:57   binary cross entropy: 0.547119
11:40:06   >>>>>>>>>>>>>>>>>>>>>>>>>>>>>>
11:40:06   binary cross entropy: 0.548283
11:40:15   >>>>>>>>>>>>>>>>>>>>>>>>>>>>>>
11:40:15   binary cross entropy: 0.535658
11:40:24   >>>>>>>>>>>>>>>>>>>>>>>>>>>>>>
11:40:24   binary cross entropy: 0.62205
11:40:33   >>>>>>>>>>>>>>>>>>>>>>>>>>>>>>
11:40:33   binary cross entropy: 0.585846
11:40:42   >>>>>>>>>>>>>>>>>>>>>>>>>>>>>>
11:40:42   binary cross entropy: 0.531321
11:40:51   >>>>>>>>>>>>>>>>>>>>>>>>>>>>>>
11:40:51   binary cross entropy: 0.569378
11:41:00   >>>>>>>>>>>>>>>>>>>>>>>>>>>>>>
11:41:00   binary cross entropy: 0.642053
11:41:09   >>>>>>>>>>>>>>>>>>>>>>>>>>>>>>
11:41:09   binary cross entropy: 0.542471
11:41:18   >>>>>>>>>>>>>>>>>>>>>>>>>>>>>>
11:41:18   binary cross entropy: 0.674528
11:41:27   >>>>>>>>>>>>>>>>>>>>>>>>>>>>>>
11:41:27   binary cross entropy: 0.644261
11:41:36   >>>>>>>>>>>>>>>>>>>>>>>>>>>>>>
11:41:36   binary cross entropy: 0.571018
11:41:45   >>>>>>>>>>>>>>>>>>>>>>>>>>>>>>
11:41:45   binary cross entropy: 0.623873
11:41:54   >>>>>>>>>>>>>>>>>>>>>>>>>>>>>>
11:41:54   binary cross entropy: 0.588324
11:42:03   >>>>>>>>>>>>>>>>>>>>>>>>>>>>>>
11:42:03   binary cross entropy: 0.617184
11:42:12   >>>>>>>>>>>>>>>>>>>>>>>>>>>>>>
11:42:12   binary cross entropy: 0.64366
11:42:20   >>>>>>>>>>>>>>>>>>>>>>>>>>>>>>
11:42:21   binary cross entropy: 0.62231
11:42:29   >>>>>>>>>>>>>>>>>>>>>>>>>>>>>>
11:42:29   binary cross entropy: 0.529549
11:42:38   >>>>>>>>>>>>>>>>>>>>>>>>>>>>>>
11:42:38   binary cross entropy: 0.629332
11:42:47   >>>>>>>>>>>>>>>>>>>>>>>>>>>>>>
11:42:47   binary cross entropy: 0.593283
11:42:56   >>>>>>>>>>>>>>>>>>>>>>>>>>>>>>
11:42:56   binary cross entropy: 0.573483
11:43:05   >>>>>>>>>>>>>>>>>>>>>>>>>>>>>>
11:43:05   binary cross entropy: 0.548712
11:43:14   >>>>>>>>>>>>>>>>>>>>>>>>>>>>>>
11:43:14   binary cross entropy: 0.579783
11:43:23   >>>>>>>>>>>>>>>>>>>>>>>>>>>>>>
11:43:23   binary cross entropy: 0.612239
11:43:32   >>>>>>>>>>>>>>>>>>>>>>>>>>>>>>
11:43:32   binary cross entropy: 0.663862
11:43:41   >>>>>>>>>>>>>>>>>>>>>>>>>>>>>>
11:43:41   binary cross entropy: 0.638635
11:43:50   >>>>>>>>>>>>>>>>>>>>>>>>>>>>>>
11:43:50   binary cross entropy: 0.633637
11:43:59   >>>>>>>>>>>>>>>>>>>>>>>>>>>>>>
11:43:59   binary cross entropy: 0.598342
11:44:08   >>>>>>>>>>>>>>>>>>>>>>>>>>>>>>
11:44:08   Epoch 3 end
11:44:08   ------------------------------
11:44:08   average binary cross entropy: 0.625177
11:44:08   Save checkpoint to model_epoch_4.pth
11:44:08   >>>>>>>>>>>>>>>>>>>>>>>>>>>>>>
11:44:08   Evaluate on valid
11:44:47   mr: 114.758
11:44:47   mrr: 0.109818
11:44:47   hits@1: 0.0526875
11:44:47   hits@3: 0.104375
11:44:47   hits@10: 0.216938
11:44:47   >>>>>>>>>>>>>>>>>>>>>>>>>>>>>>
11:44:47   Epoch 4 begin
11:44:47   >>>>>>>>>>>>>>>>>>>>>>>>>>>>>>
11:44:47   binary cross entropy: 0.653887
11:44:56   >>>>>>>>>>>>>>>>>>>>>>>>>>>>>>
11:44:56   binary cross entropy: 0.620295
11:45:05   >>>>>>>>>>>>>>>>>>>>>>>>>>>>>>
11:45:05   binary cross entropy: 0.581701
11:45:14   >>>>>>>>>>>>>>>>>>>>>>>>>>>>>>
11:45:14   binary cross entropy: 0.667463
11:45:23   >>>>>>>>>>>>>>>>>>>>>>>>>>>>>>
11:45:23   binary cross entropy: 0.717448
11:45:32   >>>>>>>>>>>>>>>>>>>>>>>>>>>>>>
11:45:32   binary cross entropy: 0.6188
11:45:41   >>>>>>>>>>>>>>>>>>>>>>>>>>>>>>
11:45:41   binary cross entropy: 0.65846
11:45:50   >>>>>>>>>>>>>>>>>>>>>>>>>>>>>>
11:45:50   binary cross entropy: 0.560226
11:45:59   >>>>>>>>>>>>>>>>>>>>>>>>>>>>>>
11:45:59   binary cross entropy: 0.559004
11:46:08   >>>>>>>>>>>>>>>>>>>>>>>>>>>>>>
11:46:08   binary cross entropy: 0.613028
11:46:17   >>>>>>>>>>>>>>>>>>>>>>>>>>>>>>
11:46:17   binary cross entropy: 0.60751
11:46:26   >>>>>>>>>>>>>>>>>>>>>>>>>>>>>>
11:46:26   binary cross entropy: 0.592785
11:46:35   >>>>>>>>>>>>>>>>>>>>>>>>>>>>>>
11:46:35   binary cross entropy: 0.573986
11:46:44   >>>>>>>>>>>>>>>>>>>>>>>>>>>>>>
11:46:44   binary cross entropy: 0.724396
11:46:52   >>>>>>>>>>>>>>>>>>>>>>>>>>>>>>
11:46:53   binary cross entropy: 0.724072
11:47:01   >>>>>>>>>>>>>>>>>>>>>>>>>>>>>>
11:47:02   binary cross entropy: 0.538682
11:47:10   >>>>>>>>>>>>>>>>>>>>>>>>>>>>>>
11:47:10   binary cross entropy: 0.67582
11:47:19   >>>>>>>>>>>>>>>>>>>>>>>>>>>>>>
11:47:19   binary cross entropy: 0.526645
11:47:28   >>>>>>>>>>>>>>>>>>>>>>>>>>>>>>
11:47:28   binary cross entropy: 0.623909
11:47:37   >>>>>>>>>>>>>>>>>>>>>>>>>>>>>>
11:47:37   binary cross entropy: 0.660625
11:47:46   >>>>>>>>>>>>>>>>>>>>>>>>>>>>>>
11:47:46   binary cross entropy: 0.720573
11:47:55   >>>>>>>>>>>>>>>>>>>>>>>>>>>>>>
11:47:55   binary cross entropy: 0.608522
11:48:04   >>>>>>>>>>>>>>>>>>>>>>>>>>>>>>
11:48:04   binary cross entropy: 0.604976
11:48:13   >>>>>>>>>>>>>>>>>>>>>>>>>>>>>>
11:48:13   binary cross entropy: 0.643806
11:48:22   >>>>>>>>>>>>>>>>>>>>>>>>>>>>>>
11:48:22   binary cross entropy: 0.632629
11:48:31   >>>>>>>>>>>>>>>>>>>>>>>>>>>>>>
11:48:31   binary cross entropy: 0.577015
11:48:40   >>>>>>>>>>>>>>>>>>>>>>>>>>>>>>
11:48:40   binary cross entropy: 0.601541
11:48:49   >>>>>>>>>>>>>>>>>>>>>>>>>>>>>>
11:48:49   binary cross entropy: 0.597545
11:48:58   >>>>>>>>>>>>>>>>>>>>>>>>>>>>>>
11:48:58   binary cross entropy: 0.66078
11:49:07   >>>>>>>>>>>>>>>>>>>>>>>>>>>>>>
11:49:07   binary cross entropy: 0.625353
11:49:16   >>>>>>>>>>>>>>>>>>>>>>>>>>>>>>
11:49:16   binary cross entropy: 0.664636
11:49:25   >>>>>>>>>>>>>>>>>>>>>>>>>>>>>>
11:49:25   binary cross entropy: 0.595808
11:49:34   >>>>>>>>>>>>>>>>>>>>>>>>>>>>>>
11:49:34   binary cross entropy: 0.524135
11:49:43   >>>>>>>>>>>>>>>>>>>>>>>>>>>>>>
11:49:43   binary cross entropy: 0.668698
11:49:52   >>>>>>>>>>>>>>>>>>>>>>>>>>>>>>
11:49:52   binary cross entropy: 0.595433
11:50:01   >>>>>>>>>>>>>>>>>>>>>>>>>>>>>>
11:50:01   binary cross entropy: 0.557856
11:50:10   >>>>>>>>>>>>>>>>>>>>>>>>>>>>>>
11:50:10   binary cross entropy: 0.5459
11:50:19   >>>>>>>>>>>>>>>>>>>>>>>>>>>>>>
11:50:19   binary cross entropy: 0.572833
11:50:28   >>>>>>>>>>>>>>>>>>>>>>>>>>>>>>
11:50:28   binary cross entropy: 0.642965
11:50:37   >>>>>>>>>>>>>>>>>>>>>>>>>>>>>>
11:50:37   binary cross entropy: 0.54669
11:50:46   >>>>>>>>>>>>>>>>>>>>>>>>>>>>>>
11:50:46   binary cross entropy: 0.572007
11:50:55   >>>>>>>>>>>>>>>>>>>>>>>>>>>>>>
11:50:55   binary cross entropy: 0.720045
11:51:04   >>>>>>>>>>>>>>>>>>>>>>>>>>>>>>
11:51:04   binary cross entropy: 0.670139
11:51:13   >>>>>>>>>>>>>>>>>>>>>>>>>>>>>>
11:51:13   binary cross entropy: 0.606467
11:51:22   >>>>>>>>>>>>>>>>>>>>>>>>>>>>>>
11:51:22   binary cross entropy: 0.605609
11:51:30   >>>>>>>>>>>>>>>>>>>>>>>>>>>>>>
11:51:31   binary cross entropy: 0.548196
11:51:39   >>>>>>>>>>>>>>>>>>>>>>>>>>>>>>
11:51:39   binary cross entropy: 0.585968
11:51:48   >>>>>>>>>>>>>>>>>>>>>>>>>>>>>>
11:51:48   binary cross entropy: 0.561558
11:51:57   >>>>>>>>>>>>>>>>>>>>>>>>>>>>>>
11:51:57   binary cross entropy: 0.614455
11:52:06   >>>>>>>>>>>>>>>>>>>>>>>>>>>>>>
11:52:06   binary cross entropy: 0.64675
11:52:15   >>>>>>>>>>>>>>>>>>>>>>>>>>>>>>
11:52:15   binary cross entropy: 0.545305
11:52:24   >>>>>>>>>>>>>>>>>>>>>>>>>>>>>>
11:52:24   binary cross entropy: 0.55969
11:52:33   >>>>>>>>>>>>>>>>>>>>>>>>>>>>>>
11:52:33   binary cross entropy: 0.579337
11:52:42   >>>>>>>>>>>>>>>>>>>>>>>>>>>>>>
11:52:42   binary cross entropy: 0.781514
11:52:51   >>>>>>>>>>>>>>>>>>>>>>>>>>>>>>
11:52:51   binary cross entropy: 0.569244
11:53:00   >>>>>>>>>>>>>>>>>>>>>>>>>>>>>>
11:53:00   binary cross entropy: 0.530388
11:53:09   >>>>>>>>>>>>>>>>>>>>>>>>>>>>>>
11:53:09   binary cross entropy: 0.734556
11:53:18   >>>>>>>>>>>>>>>>>>>>>>>>>>>>>>
11:53:18   binary cross entropy: 0.555043
11:53:27   >>>>>>>>>>>>>>>>>>>>>>>>>>>>>>
11:53:27   binary cross entropy: 0.615026
11:53:36   >>>>>>>>>>>>>>>>>>>>>>>>>>>>>>
11:53:36   binary cross entropy: 0.712693
11:53:45   >>>>>>>>>>>>>>>>>>>>>>>>>>>>>>
11:53:45   binary cross entropy: 0.613249
11:53:54   >>>>>>>>>>>>>>>>>>>>>>>>>>>>>>
11:53:54   binary cross entropy: 0.484555
11:54:03   >>>>>>>>>>>>>>>>>>>>>>>>>>>>>>
11:54:03   binary cross entropy: 0.530725
11:54:12   >>>>>>>>>>>>>>>>>>>>>>>>>>>>>>
11:54:12   binary cross entropy: 0.59966
11:54:21   >>>>>>>>>>>>>>>>>>>>>>>>>>>>>>
11:54:21   binary cross entropy: 0.59288
11:54:30   >>>>>>>>>>>>>>>>>>>>>>>>>>>>>>
11:54:30   binary cross entropy: 0.709145
11:54:39   >>>>>>>>>>>>>>>>>>>>>>>>>>>>>>
11:54:39   binary cross entropy: 0.608147
11:54:48   >>>>>>>>>>>>>>>>>>>>>>>>>>>>>>
11:54:48   binary cross entropy: 0.587889
11:54:57   >>>>>>>>>>>>>>>>>>>>>>>>>>>>>>
11:54:57   binary cross entropy: 0.640205
11:55:06   >>>>>>>>>>>>>>>>>>>>>>>>>>>>>>
11:55:06   binary cross entropy: 0.653664
11:55:15   >>>>>>>>>>>>>>>>>>>>>>>>>>>>>>
11:55:15   binary cross entropy: 0.679241
11:55:23   >>>>>>>>>>>>>>>>>>>>>>>>>>>>>>
11:55:24   binary cross entropy: 0.61404
11:55:32   >>>>>>>>>>>>>>>>>>>>>>>>>>>>>>
11:55:33   binary cross entropy: 0.613299
11:55:41   >>>>>>>>>>>>>>>>>>>>>>>>>>>>>>
11:55:41   binary cross entropy: 0.702974
11:55:50   >>>>>>>>>>>>>>>>>>>>>>>>>>>>>>
11:55:50   binary cross entropy: 0.641018
11:55:59   >>>>>>>>>>>>>>>>>>>>>>>>>>>>>>
11:55:59   binary cross entropy: 0.658071
11:56:08   >>>>>>>>>>>>>>>>>>>>>>>>>>>>>>
11:56:08   binary cross entropy: 0.594118
11:56:17   >>>>>>>>>>>>>>>>>>>>>>>>>>>>>>
11:56:17   binary cross entropy: 0.603669
11:56:26   >>>>>>>>>>>>>>>>>>>>>>>>>>>>>>
11:56:26   binary cross entropy: 0.537699
11:56:35   >>>>>>>>>>>>>>>>>>>>>>>>>>>>>>
11:56:35   binary cross entropy: 0.668823
11:56:44   >>>>>>>>>>>>>>>>>>>>>>>>>>>>>>
11:56:44   Epoch 4 end
11:56:44   ------------------------------
11:56:44   average binary cross entropy: 0.624903
11:56:44   Save checkpoint to model_epoch_5.pth
11:56:44   >>>>>>>>>>>>>>>>>>>>>>>>>>>>>>
11:56:44   Evaluate on valid
11:57:23   mr: 113.652
11:57:23   mrr: 0.111249
11:57:23   hits@1: 0.052875
11:57:23   hits@3: 0.107375
11:57:23   hits@10: 0.219688
11:57:23   >>>>>>>>>>>>>>>>>>>>>>>>>>>>>>
11:57:23   Epoch 5 begin
11:57:23   >>>>>>>>>>>>>>>>>>>>>>>>>>>>>>
11:57:23   binary cross entropy: 0.615516
11:57:32   >>>>>>>>>>>>>>>>>>>>>>>>>>>>>>
11:57:32   binary cross entropy: 0.568882
11:57:41   >>>>>>>>>>>>>>>>>>>>>>>>>>>>>>
11:57:41   binary cross entropy: 0.566793
11:57:50   >>>>>>>>>>>>>>>>>>>>>>>>>>>>>>
11:57:50   binary cross entropy: 0.607235
11:57:59   >>>>>>>>>>>>>>>>>>>>>>>>>>>>>>
11:57:59   binary cross entropy: 0.687601
11:58:08   >>>>>>>>>>>>>>>>>>>>>>>>>>>>>>
11:58:08   binary cross entropy: 0.553102
11:58:17   >>>>>>>>>>>>>>>>>>>>>>>>>>>>>>
11:58:17   binary cross entropy: 0.572107
11:58:26   >>>>>>>>>>>>>>>>>>>>>>>>>>>>>>
11:58:26   binary cross entropy: 0.578383
11:58:35   >>>>>>>>>>>>>>>>>>>>>>>>>>>>>>
11:58:35   binary cross entropy: 0.653898
11:58:44   >>>>>>>>>>>>>>>>>>>>>>>>>>>>>>
11:58:44   binary cross entropy: 0.719664
11:58:53   >>>>>>>>>>>>>>>>>>>>>>>>>>>>>>
11:58:53   binary cross entropy: 0.571411
11:59:02   >>>>>>>>>>>>>>>>>>>>>>>>>>>>>>
11:59:02   binary cross entropy: 0.674122
11:59:11   >>>>>>>>>>>>>>>>>>>>>>>>>>>>>>
11:59:11   binary cross entropy: 0.614783
11:59:20   >>>>>>>>>>>>>>>>>>>>>>>>>>>>>>
11:59:20   binary cross entropy: 0.631946
11:59:29   >>>>>>>>>>>>>>>>>>>>>>>>>>>>>>
11:59:29   binary cross entropy: 0.663848
11:59:37   >>>>>>>>>>>>>>>>>>>>>>>>>>>>>>
11:59:38   binary cross entropy: 0.549869
11:59:46   >>>>>>>>>>>>>>>>>>>>>>>>>>>>>>
11:59:47   binary cross entropy: 0.574347
11:59:55   >>>>>>>>>>>>>>>>>>>>>>>>>>>>>>
11:59:55   binary cross entropy: 0.581438
12:00:04   >>>>>>>>>>>>>>>>>>>>>>>>>>>>>>
12:00:04   binary cross entropy: 0.735642
12:00:13   >>>>>>>>>>>>>>>>>>>>>>>>>>>>>>
12:00:13   binary cross entropy: 0.673176
12:00:22   >>>>>>>>>>>>>>>>>>>>>>>>>>>>>>
12:00:22   binary cross entropy: 0.605712
12:00:31   >>>>>>>>>>>>>>>>>>>>>>>>>>>>>>
12:00:31   binary cross entropy: 0.608049
12:00:40   >>>>>>>>>>>>>>>>>>>>>>>>>>>>>>
12:00:40   binary cross entropy: 0.605274
12:00:49   >>>>>>>>>>>>>>>>>>>>>>>>>>>>>>
12:00:49   binary cross entropy: 0.613621
12:00:58   >>>>>>>>>>>>>>>>>>>>>>>>>>>>>>
12:00:58   binary cross entropy: 0.574241
12:01:07   >>>>>>>>>>>>>>>>>>>>>>>>>>>>>>
12:01:07   binary cross entropy: 0.64454
12:01:16   >>>>>>>>>>>>>>>>>>>>>>>>>>>>>>
12:01:16   binary cross entropy: 0.62586
12:01:25   >>>>>>>>>>>>>>>>>>>>>>>>>>>>>>
12:01:25   binary cross entropy: 0.58684
12:01:34   >>>>>>>>>>>>>>>>>>>>>>>>>>>>>>
12:01:34   binary cross entropy: 0.645135
12:01:43   >>>>>>>>>>>>>>>>>>>>>>>>>>>>>>
12:01:43   binary cross entropy: 0.530985
12:01:52   >>>>>>>>>>>>>>>>>>>>>>>>>>>>>>
12:01:52   binary cross entropy: 0.756268
12:02:01   >>>>>>>>>>>>>>>>>>>>>>>>>>>>>>
12:02:01   binary cross entropy: 0.600036
12:02:10   >>>>>>>>>>>>>>>>>>>>>>>>>>>>>>
12:02:10   binary cross entropy: 0.638013
12:02:19   >>>>>>>>>>>>>>>>>>>>>>>>>>>>>>
12:02:19   binary cross entropy: 0.574219
12:02:28   >>>>>>>>>>>>>>>>>>>>>>>>>>>>>>
12:02:28   binary cross entropy: 0.60219
12:02:37   >>>>>>>>>>>>>>>>>>>>>>>>>>>>>>
12:02:37   binary cross entropy: 0.583077
12:02:46   >>>>>>>>>>>>>>>>>>>>>>>>>>>>>>
12:02:46   binary cross entropy: 0.510767
12:02:55   >>>>>>>>>>>>>>>>>>>>>>>>>>>>>>
12:02:55   binary cross entropy: 0.609335
12:03:04   >>>>>>>>>>>>>>>>>>>>>>>>>>>>>>
12:03:04   binary cross entropy: 0.591175
12:03:13   >>>>>>>>>>>>>>>>>>>>>>>>>>>>>>
12:03:13   binary cross entropy: 0.621436
12:03:22   >>>>>>>>>>>>>>>>>>>>>>>>>>>>>>
12:03:22   binary cross entropy: 0.672296
12:03:31   >>>>>>>>>>>>>>>>>>>>>>>>>>>>>>
12:03:31   binary cross entropy: 0.544867
12:03:40   >>>>>>>>>>>>>>>>>>>>>>>>>>>>>>
12:03:40   binary cross entropy: 0.534543
12:03:49   >>>>>>>>>>>>>>>>>>>>>>>>>>>>>>
12:03:49   binary cross entropy: 0.602428
12:03:58   >>>>>>>>>>>>>>>>>>>>>>>>>>>>>>
12:03:58   binary cross entropy: 0.5628
12:04:07   >>>>>>>>>>>>>>>>>>>>>>>>>>>>>>
12:04:07   binary cross entropy: 0.622855
12:04:16   >>>>>>>>>>>>>>>>>>>>>>>>>>>>>>
12:04:16   binary cross entropy: 0.66117
12:04:25   >>>>>>>>>>>>>>>>>>>>>>>>>>>>>>
12:04:25   binary cross entropy: 0.570115
12:04:34   >>>>>>>>>>>>>>>>>>>>>>>>>>>>>>
12:04:34   binary cross entropy: 0.669683
12:04:42   >>>>>>>>>>>>>>>>>>>>>>>>>>>>>>
12:04:43   binary cross entropy: 0.676963
12:04:51   >>>>>>>>>>>>>>>>>>>>>>>>>>>>>>
12:04:51   binary cross entropy: 0.688411
12:05:00   >>>>>>>>>>>>>>>>>>>>>>>>>>>>>>
12:05:00   binary cross entropy: 0.622884
12:05:09   >>>>>>>>>>>>>>>>>>>>>>>>>>>>>>
12:05:09   binary cross entropy: 0.603433
12:05:18   >>>>>>>>>>>>>>>>>>>>>>>>>>>>>>
12:05:18   binary cross entropy: 0.646325
12:05:28   >>>>>>>>>>>>>>>>>>>>>>>>>>>>>>
12:05:28   binary cross entropy: 0.67001
12:05:37   >>>>>>>>>>>>>>>>>>>>>>>>>>>>>>
12:05:37   binary cross entropy: 0.620667
12:05:46   >>>>>>>>>>>>>>>>>>>>>>>>>>>>>>
12:05:46   binary cross entropy: 0.625065
12:05:55   >>>>>>>>>>>>>>>>>>>>>>>>>>>>>>
12:05:55   binary cross entropy: 0.538112
12:06:04   >>>>>>>>>>>>>>>>>>>>>>>>>>>>>>
12:06:04   binary cross entropy: 0.779261
12:06:13   >>>>>>>>>>>>>>>>>>>>>>>>>>>>>>
12:06:13   binary cross entropy: 0.596255
12:06:22   >>>>>>>>>>>>>>>>>>>>>>>>>>>>>>
12:06:22   binary cross entropy: 0.680906
12:06:31   >>>>>>>>>>>>>>>>>>>>>>>>>>>>>>
12:06:31   binary cross entropy: 0.543338
12:06:40   >>>>>>>>>>>>>>>>>>>>>>>>>>>>>>
12:06:40   binary cross entropy: 0.659653
12:06:49   >>>>>>>>>>>>>>>>>>>>>>>>>>>>>>
12:06:49   binary cross entropy: 0.648653
12:06:58   >>>>>>>>>>>>>>>>>>>>>>>>>>>>>>
12:06:58   binary cross entropy: 0.572871
12:07:07   >>>>>>>>>>>>>>>>>>>>>>>>>>>>>>
12:07:07   binary cross entropy: 0.578399
12:07:16   >>>>>>>>>>>>>>>>>>>>>>>>>>>>>>
12:07:17   binary cross entropy: 0.568414
12:07:26   >>>>>>>>>>>>>>>>>>>>>>>>>>>>>>
12:07:26   binary cross entropy: 0.734685
12:07:35   >>>>>>>>>>>>>>>>>>>>>>>>>>>>>>
12:07:35   binary cross entropy: 0.617038
12:07:44   >>>>>>>>>>>>>>>>>>>>>>>>>>>>>>
12:07:44   binary cross entropy: 0.582141
12:07:53   >>>>>>>>>>>>>>>>>>>>>>>>>>>>>>
12:07:53   binary cross entropy: 0.657255
12:08:02   >>>>>>>>>>>>>>>>>>>>>>>>>>>>>>
12:08:02   binary cross entropy: 0.650473
12:08:11   >>>>>>>>>>>>>>>>>>>>>>>>>>>>>>
12:08:11   binary cross entropy: 0.67045
12:08:20   >>>>>>>>>>>>>>>>>>>>>>>>>>>>>>
12:08:20   binary cross entropy: 0.674423
12:08:29   >>>>>>>>>>>>>>>>>>>>>>>>>>>>>>
12:08:29   binary cross entropy: 0.547078
12:08:37   >>>>>>>>>>>>>>>>>>>>>>>>>>>>>>
12:08:38   binary cross entropy: 0.631186
12:08:46   >>>>>>>>>>>>>>>>>>>>>>>>>>>>>>
12:08:47   binary cross entropy: 0.565159
12:08:55   >>>>>>>>>>>>>>>>>>>>>>>>>>>>>>
12:08:55   binary cross entropy: 0.538777
12:09:04   >>>>>>>>>>>>>>>>>>>>>>>>>>>>>>
12:09:04   binary cross entropy: 0.586269
12:09:13   >>>>>>>>>>>>>>>>>>>>>>>>>>>>>>
12:09:13   binary cross entropy: 0.676698
12:09:22   >>>>>>>>>>>>>>>>>>>>>>>>>>>>>>
12:09:22   Epoch 5 end
12:09:22   ------------------------------
12:09:22   average binary cross entropy: 0.624208
12:09:22   Save checkpoint to model_epoch_6.pth
12:09:22   >>>>>>>>>>>>>>>>>>>>>>>>>>>>>>
12:09:22   Evaluate on valid
12:10:01   mr: 113.919
12:10:01   mrr: 0.110684
12:10:01   hits@1: 0.0520625
12:10:01   hits@3: 0.106688
12:10:01   hits@10: 0.2185
12:10:01   >>>>>>>>>>>>>>>>>>>>>>>>>>>>>>
12:10:01   Epoch 6 begin
12:10:01   >>>>>>>>>>>>>>>>>>>>>>>>>>>>>>
12:10:01   binary cross entropy: 0.569228
12:10:10   >>>>>>>>>>>>>>>>>>>>>>>>>>>>>>
12:10:10   binary cross entropy: 0.60104
12:10:19   >>>>>>>>>>>>>>>>>>>>>>>>>>>>>>
12:10:19   binary cross entropy: 0.624929
12:10:28   >>>>>>>>>>>>>>>>>>>>>>>>>>>>>>
12:10:28   binary cross entropy: 0.571308
12:10:37   >>>>>>>>>>>>>>>>>>>>>>>>>>>>>>
12:10:37   binary cross entropy: 0.590246
12:10:46   >>>>>>>>>>>>>>>>>>>>>>>>>>>>>>
12:10:46   binary cross entropy: 0.549782
12:10:55   >>>>>>>>>>>>>>>>>>>>>>>>>>>>>>
12:10:55   binary cross entropy: 0.553944
12:11:04   >>>>>>>>>>>>>>>>>>>>>>>>>>>>>>
12:11:04   binary cross entropy: 0.590087
12:11:13   >>>>>>>>>>>>>>>>>>>>>>>>>>>>>>
12:11:13   binary cross entropy: 0.653812
12:11:22   >>>>>>>>>>>>>>>>>>>>>>>>>>>>>>
12:11:22   binary cross entropy: 0.678708
12:11:31   >>>>>>>>>>>>>>>>>>>>>>>>>>>>>>
12:11:31   binary cross entropy: 0.551106
12:11:40   >>>>>>>>>>>>>>>>>>>>>>>>>>>>>>
12:11:40   binary cross entropy: 0.608275
12:11:49   >>>>>>>>>>>>>>>>>>>>>>>>>>>>>>
12:11:49   binary cross entropy: 0.631104
12:11:58   >>>>>>>>>>>>>>>>>>>>>>>>>>>>>>
12:11:58   binary cross entropy: 0.64274
12:12:07   >>>>>>>>>>>>>>>>>>>>>>>>>>>>>>
12:12:07   binary cross entropy: 0.541438
12:12:16   >>>>>>>>>>>>>>>>>>>>>>>>>>>>>>
12:12:16   binary cross entropy: 0.61818
12:12:25   >>>>>>>>>>>>>>>>>>>>>>>>>>>>>>
12:12:25   binary cross entropy: 0.500219
12:12:34   >>>>>>>>>>>>>>>>>>>>>>>>>>>>>>
12:12:34   binary cross entropy: 0.620918
12:12:43   >>>>>>>>>>>>>>>>>>>>>>>>>>>>>>
12:12:43   binary cross entropy: 0.579986
12:12:52   >>>>>>>>>>>>>>>>>>>>>>>>>>>>>>
12:12:52   binary cross entropy: 0.72402
12:13:01   >>>>>>>>>>>>>>>>>>>>>>>>>>>>>>
12:13:01   binary cross entropy: 0.575154
12:13:09   >>>>>>>>>>>>>>>>>>>>>>>>>>>>>>
12:13:10   binary cross entropy: 0.621628
12:13:18   >>>>>>>>>>>>>>>>>>>>>>>>>>>>>>
12:13:18   binary cross entropy: 0.578567
12:13:27   >>>>>>>>>>>>>>>>>>>>>>>>>>>>>>
12:13:27   binary cross entropy: 0.613286
12:13:36   >>>>>>>>>>>>>>>>>>>>>>>>>>>>>>
12:13:36   binary cross entropy: 0.652507
12:13:45   >>>>>>>>>>>>>>>>>>>>>>>>>>>>>>
12:13:45   binary cross entropy: 0.648512
12:13:54   >>>>>>>>>>>>>>>>>>>>>>>>>>>>>>
12:13:54   binary cross entropy: 0.575053
12:14:03   >>>>>>>>>>>>>>>>>>>>>>>>>>>>>>
12:14:03   binary cross entropy: 0.592129
12:14:12   >>>>>>>>>>>>>>>>>>>>>>>>>>>>>>
12:14:12   binary cross entropy: 0.715655
12:14:21   >>>>>>>>>>>>>>>>>>>>>>>>>>>>>>
12:14:21   binary cross entropy: 0.612224
12:14:30   >>>>>>>>>>>>>>>>>>>>>>>>>>>>>>
12:14:31   binary cross entropy: 0.593728
12:14:40   >>>>>>>>>>>>>>>>>>>>>>>>>>>>>>
12:14:40   binary cross entropy: 0.535986
12:14:49   >>>>>>>>>>>>>>>>>>>>>>>>>>>>>>
12:14:49   binary cross entropy: 0.554957
12:14:58   >>>>>>>>>>>>>>>>>>>>>>>>>>>>>>
12:14:58   binary cross entropy: 0.619487
12:15:07   >>>>>>>>>>>>>>>>>>>>>>>>>>>>>>
12:15:07   binary cross entropy: 0.650079
12:15:16   >>>>>>>>>>>>>>>>>>>>>>>>>>>>>>
12:15:16   binary cross entropy: 0.628418
12:15:25   >>>>>>>>>>>>>>>>>>>>>>>>>>>>>>
12:15:25   binary cross entropy: 0.649203
12:15:34   >>>>>>>>>>>>>>>>>>>>>>>>>>>>>>
12:15:34   binary cross entropy: 0.564521
12:15:43   >>>>>>>>>>>>>>>>>>>>>>>>>>>>>>
12:15:43   binary cross entropy: 0.589807
12:15:52   >>>>>>>>>>>>>>>>>>>>>>>>>>>>>>
12:15:52   binary cross entropy: 0.671678
12:16:01   >>>>>>>>>>>>>>>>>>>>>>>>>>>>>>
12:16:01   binary cross entropy: 0.533546
12:16:10   >>>>>>>>>>>>>>>>>>>>>>>>>>>>>>
12:16:10   binary cross entropy: 0.647567
12:16:19   >>>>>>>>>>>>>>>>>>>>>>>>>>>>>>
12:16:19   binary cross entropy: 0.550209
12:16:28   >>>>>>>>>>>>>>>>>>>>>>>>>>>>>>
12:16:28   binary cross entropy: 0.729352
12:16:37   >>>>>>>>>>>>>>>>>>>>>>>>>>>>>>
12:16:37   binary cross entropy: 0.554905
12:16:46   >>>>>>>>>>>>>>>>>>>>>>>>>>>>>>
12:16:46   binary cross entropy: 0.719196
12:16:55   >>>>>>>>>>>>>>>>>>>>>>>>>>>>>>
12:16:55   binary cross entropy: 0.562827
12:17:04   >>>>>>>>>>>>>>>>>>>>>>>>>>>>>>
12:17:04   binary cross entropy: 0.524058
12:17:13   >>>>>>>>>>>>>>>>>>>>>>>>>>>>>>
12:17:13   binary cross entropy: 0.519005
12:17:22   >>>>>>>>>>>>>>>>>>>>>>>>>>>>>>
12:17:22   binary cross entropy: 0.624907
12:17:31   >>>>>>>>>>>>>>>>>>>>>>>>>>>>>>
12:17:32   binary cross entropy: 0.60392
12:17:41   >>>>>>>>>>>>>>>>>>>>>>>>>>>>>>
12:17:41   binary cross entropy: 0.579641
12:17:50   >>>>>>>>>>>>>>>>>>>>>>>>>>>>>>
12:17:50   binary cross entropy: 0.610695
12:17:59   >>>>>>>>>>>>>>>>>>>>>>>>>>>>>>
12:17:59   binary cross entropy: 0.532637
12:18:08   >>>>>>>>>>>>>>>>>>>>>>>>>>>>>>
12:18:08   binary cross entropy: 0.571249
12:18:17   >>>>>>>>>>>>>>>>>>>>>>>>>>>>>>
12:18:17   binary cross entropy: 0.569358
12:18:26   >>>>>>>>>>>>>>>>>>>>>>>>>>>>>>
12:18:26   binary cross entropy: 0.550915
12:18:34   >>>>>>>>>>>>>>>>>>>>>>>>>>>>>>
12:18:35   binary cross entropy: 0.658222
12:18:43   >>>>>>>>>>>>>>>>>>>>>>>>>>>>>>
12:18:44   binary cross entropy: 0.632738
12:18:52   >>>>>>>>>>>>>>>>>>>>>>>>>>>>>>
12:18:52   binary cross entropy: 0.523943
12:19:01   >>>>>>>>>>>>>>>>>>>>>>>>>>>>>>
12:19:01   binary cross entropy: 0.599237
12:19:10   >>>>>>>>>>>>>>>>>>>>>>>>>>>>>>
12:19:10   binary cross entropy: 0.662825
12:19:19   >>>>>>>>>>>>>>>>>>>>>>>>>>>>>>
12:19:19   binary cross entropy: 0.646477
12:19:28   >>>>>>>>>>>>>>>>>>>>>>>>>>>>>>
12:19:28   binary cross entropy: 0.633711
12:19:37   >>>>>>>>>>>>>>>>>>>>>>>>>>>>>>
12:19:37   binary cross entropy: 0.672338
12:19:46   >>>>>>>>>>>>>>>>>>>>>>>>>>>>>>
12:19:46   binary cross entropy: 0.545856
12:19:55   >>>>>>>>>>>>>>>>>>>>>>>>>>>>>>
12:19:55   binary cross entropy: 0.63832
12:20:04   >>>>>>>>>>>>>>>>>>>>>>>>>>>>>>
12:20:04   binary cross entropy: 0.651468
12:20:13   >>>>>>>>>>>>>>>>>>>>>>>>>>>>>>
12:20:13   binary cross entropy: 0.61191
12:20:22   >>>>>>>>>>>>>>>>>>>>>>>>>>>>>>
12:20:22   binary cross entropy: 0.65122
12:20:31   >>>>>>>>>>>>>>>>>>>>>>>>>>>>>>
12:20:31   binary cross entropy: 0.631962
12:20:40   >>>>>>>>>>>>>>>>>>>>>>>>>>>>>>
12:20:40   binary cross entropy: 0.61702
12:20:49   >>>>>>>>>>>>>>>>>>>>>>>>>>>>>>
12:20:49   binary cross entropy: 0.669635
12:20:58   >>>>>>>>>>>>>>>>>>>>>>>>>>>>>>
12:20:58   binary cross entropy: 0.590222
12:21:07   >>>>>>>>>>>>>>>>>>>>>>>>>>>>>>
12:21:07   binary cross entropy: 0.619946
12:21:16   >>>>>>>>>>>>>>>>>>>>>>>>>>>>>>
12:21:16   binary cross entropy: 0.7982
12:21:25   >>>>>>>>>>>>>>>>>>>>>>>>>>>>>>
12:21:25   binary cross entropy: 0.616159
12:21:34   >>>>>>>>>>>>>>>>>>>>>>>>>>>>>>
12:21:34   binary cross entropy: 0.615331
12:21:43   >>>>>>>>>>>>>>>>>>>>>>>>>>>>>>
12:21:43   binary cross entropy: 0.626109
12:21:52   >>>>>>>>>>>>>>>>>>>>>>>>>>>>>>
12:21:52   binary cross entropy: 0.638633
12:22:01   >>>>>>>>>>>>>>>>>>>>>>>>>>>>>>
12:22:01   Epoch 6 end
12:22:01   ------------------------------
12:22:01   average binary cross entropy: 0.624742
12:22:01   Save checkpoint to model_epoch_7.pth
12:22:01   >>>>>>>>>>>>>>>>>>>>>>>>>>>>>>
12:22:01   Evaluate on valid
12:22:39   mr: 114.167
12:22:39   mrr: 0.111143
12:22:39   hits@1: 0.0536875
12:22:39   hits@3: 0.106938
12:22:39   hits@10: 0.216938
12:22:39   >>>>>>>>>>>>>>>>>>>>>>>>>>>>>>
12:22:39   Epoch 7 begin
12:22:39   >>>>>>>>>>>>>>>>>>>>>>>>>>>>>>
12:22:40   binary cross entropy: 0.643219
12:22:48   >>>>>>>>>>>>>>>>>>>>>>>>>>>>>>
12:22:48   binary cross entropy: 0.654408
12:22:57   >>>>>>>>>>>>>>>>>>>>>>>>>>>>>>
12:22:57   binary cross entropy: 0.572996
12:23:06   >>>>>>>>>>>>>>>>>>>>>>>>>>>>>>
12:23:06   binary cross entropy: 0.699106
12:23:15   >>>>>>>>>>>>>>>>>>>>>>>>>>>>>>
12:23:15   binary cross entropy: 0.688681
12:23:24   >>>>>>>>>>>>>>>>>>>>>>>>>>>>>>
12:23:24   binary cross entropy: 0.563834
12:23:33   >>>>>>>>>>>>>>>>>>>>>>>>>>>>>>
12:23:33   binary cross entropy: 0.61683
12:23:42   >>>>>>>>>>>>>>>>>>>>>>>>>>>>>>
12:23:42   binary cross entropy: 0.601277
12:23:51   >>>>>>>>>>>>>>>>>>>>>>>>>>>>>>
12:23:51   binary cross entropy: 0.585112
12:24:00   >>>>>>>>>>>>>>>>>>>>>>>>>>>>>>
12:24:01   binary cross entropy: 0.665068
12:24:10   >>>>>>>>>>>>>>>>>>>>>>>>>>>>>>
12:24:10   binary cross entropy: 0.635947
12:24:19   >>>>>>>>>>>>>>>>>>>>>>>>>>>>>>
12:24:19   binary cross entropy: 0.669115
12:24:28   >>>>>>>>>>>>>>>>>>>>>>>>>>>>>>
12:24:28   binary cross entropy: 0.617435
12:24:37   >>>>>>>>>>>>>>>>>>>>>>>>>>>>>>
12:24:37   binary cross entropy: 0.598437
12:24:46   >>>>>>>>>>>>>>>>>>>>>>>>>>>>>>
12:24:46   binary cross entropy: 0.501699
12:24:55   >>>>>>>>>>>>>>>>>>>>>>>>>>>>>>
12:24:55   binary cross entropy: 0.601866
12:25:04   >>>>>>>>>>>>>>>>>>>>>>>>>>>>>>
12:25:04   binary cross entropy: 0.625301
12:25:13   >>>>>>>>>>>>>>>>>>>>>>>>>>>>>>
12:25:13   binary cross entropy: 0.65673
12:25:22   >>>>>>>>>>>>>>>>>>>>>>>>>>>>>>
12:25:22   binary cross entropy: 0.670242
12:25:31   >>>>>>>>>>>>>>>>>>>>>>>>>>>>>>
12:25:31   binary cross entropy: 0.61869
12:25:40   >>>>>>>>>>>>>>>>>>>>>>>>>>>>>>
12:25:40   binary cross entropy: 0.571592
12:25:49   >>>>>>>>>>>>>>>>>>>>>>>>>>>>>>
12:25:49   binary cross entropy: 0.688855
12:25:58   >>>>>>>>>>>>>>>>>>>>>>>>>>>>>>
12:25:58   binary cross entropy: 0.703885
12:26:07   >>>>>>>>>>>>>>>>>>>>>>>>>>>>>>
12:26:07   binary cross entropy: 0.547423
12:26:16   >>>>>>>>>>>>>>>>>>>>>>>>>>>>>>
12:26:16   binary cross entropy: 0.528944
12:26:25   >>>>>>>>>>>>>>>>>>>>>>>>>>>>>>
12:26:25   binary cross entropy: 0.605482
12:26:34   >>>>>>>>>>>>>>>>>>>>>>>>>>>>>>
12:26:34   binary cross entropy: 0.593352
12:26:43   >>>>>>>>>>>>>>>>>>>>>>>>>>>>>>
12:26:43   binary cross entropy: 0.543077
12:26:52   >>>>>>>>>>>>>>>>>>>>>>>>>>>>>>
12:26:52   binary cross entropy: 0.651076
12:27:01   >>>>>>>>>>>>>>>>>>>>>>>>>>>>>>
12:27:01   binary cross entropy: 0.642416
12:27:10   >>>>>>>>>>>>>>>>>>>>>>>>>>>>>>
12:27:10   binary cross entropy: 0.619361
12:27:19   >>>>>>>>>>>>>>>>>>>>>>>>>>>>>>
12:27:19   binary cross entropy: 0.628029
12:27:28   >>>>>>>>>>>>>>>>>>>>>>>>>>>>>>
12:27:28   binary cross entropy: 0.651764
12:27:37   >>>>>>>>>>>>>>>>>>>>>>>>>>>>>>
12:27:37   binary cross entropy: 0.83918
12:27:46   >>>>>>>>>>>>>>>>>>>>>>>>>>>>>>
12:27:46   binary cross entropy: 0.646935
12:27:55   >>>>>>>>>>>>>>>>>>>>>>>>>>>>>>
12:27:55   binary cross entropy: 0.562071
12:28:04   >>>>>>>>>>>>>>>>>>>>>>>>>>>>>>
12:28:04   binary cross entropy: 0.620406
12:28:13   >>>>>>>>>>>>>>>>>>>>>>>>>>>>>>
12:28:14   binary cross entropy: 0.609514
12:28:23   >>>>>>>>>>>>>>>>>>>>>>>>>>>>>>
12:28:23   binary cross entropy: 0.616345
12:28:32   >>>>>>>>>>>>>>>>>>>>>>>>>>>>>>
12:28:32   binary cross entropy: 0.545353
12:28:41   >>>>>>>>>>>>>>>>>>>>>>>>>>>>>>
12:28:41   binary cross entropy: 0.562401
12:28:50   >>>>>>>>>>>>>>>>>>>>>>>>>>>>>>
12:28:50   binary cross entropy: 0.58942
12:28:59   >>>>>>>>>>>>>>>>>>>>>>>>>>>>>>
12:28:59   binary cross entropy: 0.596412
12:29:08   >>>>>>>>>>>>>>>>>>>>>>>>>>>>>>
12:29:08   binary cross entropy: 0.628868
12:29:17   >>>>>>>>>>>>>>>>>>>>>>>>>>>>>>
12:29:17   binary cross entropy: 0.549117
12:29:26   >>>>>>>>>>>>>>>>>>>>>>>>>>>>>>
12:29:26   binary cross entropy: 0.573195
12:29:35   >>>>>>>>>>>>>>>>>>>>>>>>>>>>>>
12:29:35   binary cross entropy: 0.586186
12:29:44   >>>>>>>>>>>>>>>>>>>>>>>>>>>>>>
12:29:44   binary cross entropy: 0.570282
12:29:53   >>>>>>>>>>>>>>>>>>>>>>>>>>>>>>
12:29:53   binary cross entropy: 0.542575
12:30:02   >>>>>>>>>>>>>>>>>>>>>>>>>>>>>>
12:30:02   binary cross entropy: 0.618088
12:30:11   >>>>>>>>>>>>>>>>>>>>>>>>>>>>>>
12:30:11   binary cross entropy: 0.670527
12:30:20   >>>>>>>>>>>>>>>>>>>>>>>>>>>>>>
12:30:20   binary cross entropy: 0.594207
12:30:29   >>>>>>>>>>>>>>>>>>>>>>>>>>>>>>
12:30:29   binary cross entropy: 0.723972
12:30:38   >>>>>>>>>>>>>>>>>>>>>>>>>>>>>>
12:30:38   binary cross entropy: 0.62483
12:30:47   >>>>>>>>>>>>>>>>>>>>>>>>>>>>>>
12:30:47   binary cross entropy: 0.621451
12:30:56   >>>>>>>>>>>>>>>>>>>>>>>>>>>>>>
12:30:56   binary cross entropy: 0.839262
12:31:05   >>>>>>>>>>>>>>>>>>>>>>>>>>>>>>
12:31:05   binary cross entropy: 0.624089
12:31:14   >>>>>>>>>>>>>>>>>>>>>>>>>>>>>>
12:31:14   binary cross entropy: 0.672819
12:31:23   >>>>>>>>>>>>>>>>>>>>>>>>>>>>>>
12:31:23   binary cross entropy: 0.567575
12:31:32   >>>>>>>>>>>>>>>>>>>>>>>>>>>>>>
12:31:32   binary cross entropy: 0.618781
12:31:41   >>>>>>>>>>>>>>>>>>>>>>>>>>>>>>
12:31:42   binary cross entropy: 0.605428
12:31:51   >>>>>>>>>>>>>>>>>>>>>>>>>>>>>>
12:31:51   binary cross entropy: 0.628619
12:32:00   >>>>>>>>>>>>>>>>>>>>>>>>>>>>>>
12:32:00   binary cross entropy: 0.57844
12:32:09   >>>>>>>>>>>>>>>>>>>>>>>>>>>>>>
12:32:09   binary cross entropy: 0.614241
12:32:18   >>>>>>>>>>>>>>>>>>>>>>>>>>>>>>
12:32:18   binary cross entropy: 0.590783
12:32:27   >>>>>>>>>>>>>>>>>>>>>>>>>>>>>>
12:32:27   binary cross entropy: 0.556737
12:32:36   >>>>>>>>>>>>>>>>>>>>>>>>>>>>>>
12:32:36   binary cross entropy: 0.703886
12:32:45   >>>>>>>>>>>>>>>>>>>>>>>>>>>>>>
12:32:45   binary cross entropy: 0.70759
12:32:54   >>>>>>>>>>>>>>>>>>>>>>>>>>>>>>
12:32:54   binary cross entropy: 0.625308
12:33:03   >>>>>>>>>>>>>>>>>>>>>>>>>>>>>>
12:33:03   binary cross entropy: 0.569586
12:33:12   >>>>>>>>>>>>>>>>>>>>>>>>>>>>>>
12:33:12   binary cross entropy: 0.560209
12:33:21   >>>>>>>>>>>>>>>>>>>>>>>>>>>>>>
12:33:21   binary cross entropy: 0.598451
12:33:30   >>>>>>>>>>>>>>>>>>>>>>>>>>>>>>
12:33:30   binary cross entropy: 0.65714
12:33:39   >>>>>>>>>>>>>>>>>>>>>>>>>>>>>>
12:33:39   binary cross entropy: 0.797267
12:33:48   >>>>>>>>>>>>>>>>>>>>>>>>>>>>>>
12:33:48   binary cross entropy: 0.619758
12:33:57   >>>>>>>>>>>>>>>>>>>>>>>>>>>>>>
12:33:57   binary cross entropy: 0.640989
12:34:06   >>>>>>>>>>>>>>>>>>>>>>>>>>>>>>
12:34:06   binary cross entropy: 0.590022
12:34:15   >>>>>>>>>>>>>>>>>>>>>>>>>>>>>>
12:34:16   binary cross entropy: 0.592076
12:34:25   >>>>>>>>>>>>>>>>>>>>>>>>>>>>>>
12:34:25   binary cross entropy: 0.655666
12:34:34   >>>>>>>>>>>>>>>>>>>>>>>>>>>>>>
12:34:34   binary cross entropy: 0.711009
12:34:43   >>>>>>>>>>>>>>>>>>>>>>>>>>>>>>
12:34:43   Epoch 7 end
12:34:43   ------------------------------
12:34:43   average binary cross entropy: 0.624533
12:34:43   Save checkpoint to model_epoch_8.pth
12:34:43   >>>>>>>>>>>>>>>>>>>>>>>>>>>>>>
12:34:43   Evaluate on valid
12:35:22   mr: 112.971
12:35:22   mrr: 0.110289
12:35:22   hits@1: 0.05225
12:35:22   hits@3: 0.104688
12:35:22   hits@10: 0.220563
12:35:22   >>>>>>>>>>>>>>>>>>>>>>>>>>>>>>
12:35:22   Epoch 8 begin
12:35:22   >>>>>>>>>>>>>>>>>>>>>>>>>>>>>>
12:35:22   binary cross entropy: 0.598148
12:35:31   >>>>>>>>>>>>>>>>>>>>>>>>>>>>>>
12:35:31   binary cross entropy: 0.620655
12:35:40   >>>>>>>>>>>>>>>>>>>>>>>>>>>>>>
12:35:40   binary cross entropy: 0.645429
12:35:49   >>>>>>>>>>>>>>>>>>>>>>>>>>>>>>
12:35:49   binary cross entropy: 0.582106
12:35:58   >>>>>>>>>>>>>>>>>>>>>>>>>>>>>>
12:35:58   binary cross entropy: 0.651266
12:36:07   >>>>>>>>>>>>>>>>>>>>>>>>>>>>>>
12:36:07   binary cross entropy: 0.8153
12:36:16   >>>>>>>>>>>>>>>>>>>>>>>>>>>>>>
12:36:16   binary cross entropy: 0.628881
12:36:25   >>>>>>>>>>>>>>>>>>>>>>>>>>>>>>
12:36:25   binary cross entropy: 0.61998
12:36:34   >>>>>>>>>>>>>>>>>>>>>>>>>>>>>>
12:36:34   binary cross entropy: 0.574492
12:36:43   >>>>>>>>>>>>>>>>>>>>>>>>>>>>>>
12:36:43   binary cross entropy: 0.600042
12:36:52   >>>>>>>>>>>>>>>>>>>>>>>>>>>>>>
12:36:53   binary cross entropy: 0.6208
12:37:02   >>>>>>>>>>>>>>>>>>>>>>>>>>>>>>
12:37:02   binary cross entropy: 0.597467
12:37:11   >>>>>>>>>>>>>>>>>>>>>>>>>>>>>>
12:37:11   binary cross entropy: 0.620045
12:37:20   >>>>>>>>>>>>>>>>>>>>>>>>>>>>>>
12:37:20   binary cross entropy: 0.643984
12:37:29   >>>>>>>>>>>>>>>>>>>>>>>>>>>>>>
12:37:29   binary cross entropy: 0.637977
12:37:38   >>>>>>>>>>>>>>>>>>>>>>>>>>>>>>
12:37:38   binary cross entropy: 0.688864
12:37:47   >>>>>>>>>>>>>>>>>>>>>>>>>>>>>>
12:37:47   binary cross entropy: 0.606341
12:37:56   >>>>>>>>>>>>>>>>>>>>>>>>>>>>>>
12:37:56   binary cross entropy: 0.595561
12:38:05   >>>>>>>>>>>>>>>>>>>>>>>>>>>>>>
12:38:05   binary cross entropy: 0.565404
12:38:14   >>>>>>>>>>>>>>>>>>>>>>>>>>>>>>
12:38:14   binary cross entropy: 0.634542
12:38:23   >>>>>>>>>>>>>>>>>>>>>>>>>>>>>>
12:38:23   binary cross entropy: 0.662071
12:38:32   >>>>>>>>>>>>>>>>>>>>>>>>>>>>>>
12:38:32   binary cross entropy: 0.627139
12:38:41   >>>>>>>>>>>>>>>>>>>>>>>>>>>>>>
12:38:41   binary cross entropy: 0.572243
12:38:50   >>>>>>>>>>>>>>>>>>>>>>>>>>>>>>
12:38:50   binary cross entropy: 0.653985
12:38:59   >>>>>>>>>>>>>>>>>>>>>>>>>>>>>>
12:38:59   binary cross entropy: 0.59822
12:39:08   >>>>>>>>>>>>>>>>>>>>>>>>>>>>>>
12:39:08   binary cross entropy: 0.65249
12:39:17   >>>>>>>>>>>>>>>>>>>>>>>>>>>>>>
12:39:17   binary cross entropy: 0.604451
12:39:26   >>>>>>>>>>>>>>>>>>>>>>>>>>>>>>
12:39:26   binary cross entropy: 0.590192
12:39:35   >>>>>>>>>>>>>>>>>>>>>>>>>>>>>>
12:39:36   binary cross entropy: 0.593715
12:39:45   >>>>>>>>>>>>>>>>>>>>>>>>>>>>>>
12:39:45   binary cross entropy: 0.571576
12:39:54   >>>>>>>>>>>>>>>>>>>>>>>>>>>>>>
12:39:54   binary cross entropy: 0.721803
12:40:03   >>>>>>>>>>>>>>>>>>>>>>>>>>>>>>
12:40:03   binary cross entropy: 0.685326
12:40:12   >>>>>>>>>>>>>>>>>>>>>>>>>>>>>>
12:40:12   binary cross entropy: 0.623017
12:40:21   >>>>>>>>>>>>>>>>>>>>>>>>>>>>>>
12:40:21   binary cross entropy: 0.759974
12:40:30   >>>>>>>>>>>>>>>>>>>>>>>>>>>>>>
12:40:30   binary cross entropy: 0.609545
12:40:39   >>>>>>>>>>>>>>>>>>>>>>>>>>>>>>
12:40:39   binary cross entropy: 0.616447
12:40:48   >>>>>>>>>>>>>>>>>>>>>>>>>>>>>>
12:40:48   binary cross entropy: 0.634071
12:40:57   >>>>>>>>>>>>>>>>>>>>>>>>>>>>>>
12:40:57   binary cross entropy: 0.624503
12:41:06   >>>>>>>>>>>>>>>>>>>>>>>>>>>>>>
12:41:06   binary cross entropy: 0.660216
12:41:15   >>>>>>>>>>>>>>>>>>>>>>>>>>>>>>
12:41:15   binary cross entropy: 0.603909
12:41:24   >>>>>>>>>>>>>>>>>>>>>>>>>>>>>>
12:41:24   binary cross entropy: 0.670315
12:41:33   >>>>>>>>>>>>>>>>>>>>>>>>>>>>>>
12:41:33   binary cross entropy: 0.623984
12:41:42   >>>>>>>>>>>>>>>>>>>>>>>>>>>>>>
12:41:42   binary cross entropy: 0.642645
12:41:51   >>>>>>>>>>>>>>>>>>>>>>>>>>>>>>
12:41:51   binary cross entropy: 0.616286
12:42:00   >>>>>>>>>>>>>>>>>>>>>>>>>>>>>>
12:42:00   binary cross entropy: 0.604109
12:42:09   >>>>>>>>>>>>>>>>>>>>>>>>>>>>>>
12:42:09   binary cross entropy: 0.590205
12:42:18   >>>>>>>>>>>>>>>>>>>>>>>>>>>>>>
12:42:18   binary cross entropy: 0.773435
12:42:27   >>>>>>>>>>>>>>>>>>>>>>>>>>>>>>
12:42:27   binary cross entropy: 0.651531
12:42:36   >>>>>>>>>>>>>>>>>>>>>>>>>>>>>>
12:42:36   binary cross entropy: 0.594054
12:42:45   >>>>>>>>>>>>>>>>>>>>>>>>>>>>>>
12:42:45   binary cross entropy: 0.527081
12:42:54   >>>>>>>>>>>>>>>>>>>>>>>>>>>>>>
12:42:54   binary cross entropy: 0.624206
12:43:03   >>>>>>>>>>>>>>>>>>>>>>>>>>>>>>
12:43:03   binary cross entropy: 0.564368
12:43:12   >>>>>>>>>>>>>>>>>>>>>>>>>>>>>>
12:43:12   binary cross entropy: 0.692473
12:43:21   >>>>>>>>>>>>>>>>>>>>>>>>>>>>>>
12:43:21   binary cross entropy: 0.63545
12:43:30   >>>>>>>>>>>>>>>>>>>>>>>>>>>>>>
12:43:30   binary cross entropy: 0.603862
12:43:39   >>>>>>>>>>>>>>>>>>>>>>>>>>>>>>
12:43:39   binary cross entropy: 0.621352
12:43:48   >>>>>>>>>>>>>>>>>>>>>>>>>>>>>>
12:43:48   binary cross entropy: 0.538181
12:43:56   >>>>>>>>>>>>>>>>>>>>>>>>>>>>>>
12:43:57   binary cross entropy: 0.550372
12:44:05   >>>>>>>>>>>>>>>>>>>>>>>>>>>>>>
12:44:05   binary cross entropy: 0.537193
12:44:14   >>>>>>>>>>>>>>>>>>>>>>>>>>>>>>
12:44:14   binary cross entropy: 0.647268
12:44:23   >>>>>>>>>>>>>>>>>>>>>>>>>>>>>>
12:44:23   binary cross entropy: 0.650671
12:44:32   >>>>>>>>>>>>>>>>>>>>>>>>>>>>>>
12:44:32   binary cross entropy: 0.723592
12:44:41   >>>>>>>>>>>>>>>>>>>>>>>>>>>>>>
12:44:41   binary cross entropy: 0.60988
12:44:50   >>>>>>>>>>>>>>>>>>>>>>>>>>>>>>
12:44:50   binary cross entropy: 0.681048
12:44:59   >>>>>>>>>>>>>>>>>>>>>>>>>>>>>>
12:44:59   binary cross entropy: 0.588385
12:45:08   >>>>>>>>>>>>>>>>>>>>>>>>>>>>>>
12:45:08   binary cross entropy: 0.617283
12:45:17   >>>>>>>>>>>>>>>>>>>>>>>>>>>>>>
12:45:17   binary cross entropy: 0.729596
12:45:26   >>>>>>>>>>>>>>>>>>>>>>>>>>>>>>
12:45:26   binary cross entropy: 0.677319
12:45:35   >>>>>>>>>>>>>>>>>>>>>>>>>>>>>>
12:45:35   binary cross entropy: 0.598731
12:45:44   >>>>>>>>>>>>>>>>>>>>>>>>>>>>>>
12:45:44   binary cross entropy: 0.601731
12:45:53   >>>>>>>>>>>>>>>>>>>>>>>>>>>>>>
12:45:53   binary cross entropy: 0.731882
12:46:02   >>>>>>>>>>>>>>>>>>>>>>>>>>>>>>
12:46:02   binary cross entropy: 0.642221
12:46:11   >>>>>>>>>>>>>>>>>>>>>>>>>>>>>>
12:46:11   binary cross entropy: 0.535873
12:46:20   >>>>>>>>>>>>>>>>>>>>>>>>>>>>>>
12:46:20   binary cross entropy: 0.557721
12:46:29   >>>>>>>>>>>>>>>>>>>>>>>>>>>>>>
12:46:29   binary cross entropy: 0.896126
12:46:38   >>>>>>>>>>>>>>>>>>>>>>>>>>>>>>
12:46:38   binary cross entropy: 0.753475
12:46:47   >>>>>>>>>>>>>>>>>>>>>>>>>>>>>>
12:46:47   binary cross entropy: 0.613608
12:46:56   >>>>>>>>>>>>>>>>>>>>>>>>>>>>>>
12:46:56   binary cross entropy: 0.627048
12:47:05   >>>>>>>>>>>>>>>>>>>>>>>>>>>>>>
12:47:05   binary cross entropy: 0.640944
12:47:14   >>>>>>>>>>>>>>>>>>>>>>>>>>>>>>
12:47:14   binary cross entropy: 0.665863
12:47:23   >>>>>>>>>>>>>>>>>>>>>>>>>>>>>>
12:47:23   Epoch 8 end
12:47:23   ------------------------------
12:47:23   average binary cross entropy: 0.625038
12:47:23   Save checkpoint to model_epoch_9.pth
12:47:23   >>>>>>>>>>>>>>>>>>>>>>>>>>>>>>
12:47:23   Evaluate on valid
12:48:01   mr: 112.699
12:48:01   mrr: 0.112989
12:48:01   hits@1: 0.0548125
12:48:01   hits@3: 0.109063
12:48:01   hits@10: 0.219875
12:48:01   >>>>>>>>>>>>>>>>>>>>>>>>>>>>>>
12:48:01   Epoch 9 begin
12:48:01   >>>>>>>>>>>>>>>>>>>>>>>>>>>>>>
12:48:01   binary cross entropy: 0.662784
12:48:10   >>>>>>>>>>>>>>>>>>>>>>>>>>>>>>
12:48:10   binary cross entropy: 0.56284
12:48:19   >>>>>>>>>>>>>>>>>>>>>>>>>>>>>>
12:48:19   binary cross entropy: 0.592893
12:48:28   >>>>>>>>>>>>>>>>>>>>>>>>>>>>>>
12:48:28   binary cross entropy: 0.519315
12:48:37   >>>>>>>>>>>>>>>>>>>>>>>>>>>>>>
12:48:37   binary cross entropy: 0.643118
12:48:46   >>>>>>>>>>>>>>>>>>>>>>>>>>>>>>
12:48:46   binary cross entropy: 0.653746
12:48:55   >>>>>>>>>>>>>>>>>>>>>>>>>>>>>>
12:48:55   binary cross entropy: 0.581938
12:49:04   >>>>>>>>>>>>>>>>>>>>>>>>>>>>>>
12:49:04   binary cross entropy: 0.51527
12:49:13   >>>>>>>>>>>>>>>>>>>>>>>>>>>>>>
12:49:13   binary cross entropy: 0.690166
12:49:22   >>>>>>>>>>>>>>>>>>>>>>>>>>>>>>
12:49:22   binary cross entropy: 0.543144
12:49:31   >>>>>>>>>>>>>>>>>>>>>>>>>>>>>>
12:49:31   binary cross entropy: 0.563686
12:49:40   >>>>>>>>>>>>>>>>>>>>>>>>>>>>>>
12:49:40   binary cross entropy: 0.605381
12:49:49   >>>>>>>>>>>>>>>>>>>>>>>>>>>>>>
12:49:49   binary cross entropy: 0.586635
12:49:58   >>>>>>>>>>>>>>>>>>>>>>>>>>>>>>
12:49:58   binary cross entropy: 0.710748
12:50:07   >>>>>>>>>>>>>>>>>>>>>>>>>>>>>>
12:50:07   binary cross entropy: 0.634556
12:50:16   >>>>>>>>>>>>>>>>>>>>>>>>>>>>>>
12:50:16   binary cross entropy: 0.695929
12:50:25   >>>>>>>>>>>>>>>>>>>>>>>>>>>>>>
12:50:25   binary cross entropy: 0.631
12:50:34   >>>>>>>>>>>>>>>>>>>>>>>>>>>>>>
12:50:34   binary cross entropy: 0.588707
12:50:43   >>>>>>>>>>>>>>>>>>>>>>>>>>>>>>
12:50:43   binary cross entropy: 0.565109
12:50:52   >>>>>>>>>>>>>>>>>>>>>>>>>>>>>>
12:50:52   binary cross entropy: 0.64205
12:51:01   >>>>>>>>>>>>>>>>>>>>>>>>>>>>>>
12:51:01   binary cross entropy: 0.72621
12:51:10   >>>>>>>>>>>>>>>>>>>>>>>>>>>>>>
12:51:10   binary cross entropy: 0.638262
12:51:19   >>>>>>>>>>>>>>>>>>>>>>>>>>>>>>
12:51:19   binary cross entropy: 0.658755
12:51:28   >>>>>>>>>>>>>>>>>>>>>>>>>>>>>>
12:51:28   binary cross entropy: 0.698269
12:51:37   >>>>>>>>>>>>>>>>>>>>>>>>>>>>>>
12:51:37   binary cross entropy: 0.581393
12:51:46   >>>>>>>>>>>>>>>>>>>>>>>>>>>>>>
12:51:46   binary cross entropy: 0.670102
12:51:55   >>>>>>>>>>>>>>>>>>>>>>>>>>>>>>
12:51:55   binary cross entropy: 0.582012
12:52:03   >>>>>>>>>>>>>>>>>>>>>>>>>>>>>>
12:52:04   binary cross entropy: 0.596838
12:52:12   >>>>>>>>>>>>>>>>>>>>>>>>>>>>>>
12:52:12   binary cross entropy: 0.597897
12:52:21   >>>>>>>>>>>>>>>>>>>>>>>>>>>>>>
12:52:21   binary cross entropy: 0.718591
12:52:30   >>>>>>>>>>>>>>>>>>>>>>>>>>>>>>
12:52:30   binary cross entropy: 0.584608
12:52:39   >>>>>>>>>>>>>>>>>>>>>>>>>>>>>>
12:52:39   binary cross entropy: 0.610031
12:52:48   >>>>>>>>>>>>>>>>>>>>>>>>>>>>>>
12:52:48   binary cross entropy: 0.676655
12:52:57   >>>>>>>>>>>>>>>>>>>>>>>>>>>>>>
12:52:57   binary cross entropy: 0.645554
12:53:06   >>>>>>>>>>>>>>>>>>>>>>>>>>>>>>
12:53:06   binary cross entropy: 0.61449
12:53:15   >>>>>>>>>>>>>>>>>>>>>>>>>>>>>>
12:53:15   binary cross entropy: 0.569625
12:53:24   >>>>>>>>>>>>>>>>>>>>>>>>>>>>>>
12:53:24   binary cross entropy: 0.541804
12:53:33   >>>>>>>>>>>>>>>>>>>>>>>>>>>>>>
12:53:33   binary cross entropy: 0.650014
12:53:42   >>>>>>>>>>>>>>>>>>>>>>>>>>>>>>
12:53:42   binary cross entropy: 0.623003
12:53:51   >>>>>>>>>>>>>>>>>>>>>>>>>>>>>>
12:53:51   binary cross entropy: 0.60254
12:54:00   >>>>>>>>>>>>>>>>>>>>>>>>>>>>>>
12:54:00   binary cross entropy: 0.762973
12:54:09   >>>>>>>>>>>>>>>>>>>>>>>>>>>>>>
12:54:09   binary cross entropy: 0.755733
12:54:18   >>>>>>>>>>>>>>>>>>>>>>>>>>>>>>
12:54:18   binary cross entropy: 0.637746
12:54:27   >>>>>>>>>>>>>>>>>>>>>>>>>>>>>>
12:54:27   binary cross entropy: 0.560084
12:54:36   >>>>>>>>>>>>>>>>>>>>>>>>>>>>>>
12:54:36   binary cross entropy: 0.655801
12:54:45   >>>>>>>>>>>>>>>>>>>>>>>>>>>>>>
12:54:45   binary cross entropy: 0.608999
12:54:54   >>>>>>>>>>>>>>>>>>>>>>>>>>>>>>
12:54:54   binary cross entropy: 0.622732
12:55:03   >>>>>>>>>>>>>>>>>>>>>>>>>>>>>>
12:55:03   binary cross entropy: 0.655322
12:55:12   >>>>>>>>>>>>>>>>>>>>>>>>>>>>>>
12:55:12   binary cross entropy: 0.57812
12:55:21   >>>>>>>>>>>>>>>>>>>>>>>>>>>>>>
12:55:21   binary cross entropy: 0.649708
12:55:30   >>>>>>>>>>>>>>>>>>>>>>>>>>>>>>
12:55:30   binary cross entropy: 0.609792
12:55:39   >>>>>>>>>>>>>>>>>>>>>>>>>>>>>>
12:55:39   binary cross entropy: 0.670578
12:55:48   >>>>>>>>>>>>>>>>>>>>>>>>>>>>>>
12:55:48   binary cross entropy: 0.639347
12:55:57   >>>>>>>>>>>>>>>>>>>>>>>>>>>>>>
12:55:57   binary cross entropy: 0.696487
12:56:06   >>>>>>>>>>>>>>>>>>>>>>>>>>>>>>
12:56:06   binary cross entropy: 0.589543
12:56:14   >>>>>>>>>>>>>>>>>>>>>>>>>>>>>>
12:56:15   binary cross entropy: 0.644985
12:56:23   >>>>>>>>>>>>>>>>>>>>>>>>>>>>>>
12:56:23   binary cross entropy: 0.58603
12:56:32   >>>>>>>>>>>>>>>>>>>>>>>>>>>>>>
12:56:32   binary cross entropy: 0.539577
12:56:41   >>>>>>>>>>>>>>>>>>>>>>>>>>>>>>
12:56:41   binary cross entropy: 0.595692
12:56:50   >>>>>>>>>>>>>>>>>>>>>>>>>>>>>>
12:56:50   binary cross entropy: 0.535454
12:56:59   >>>>>>>>>>>>>>>>>>>>>>>>>>>>>>
12:56:59   binary cross entropy: 0.599191
12:57:08   >>>>>>>>>>>>>>>>>>>>>>>>>>>>>>
12:57:08   binary cross entropy: 0.615656
12:57:17   >>>>>>>>>>>>>>>>>>>>>>>>>>>>>>
12:57:17   binary cross entropy: 0.610813
12:57:26   >>>>>>>>>>>>>>>>>>>>>>>>>>>>>>
12:57:26   binary cross entropy: 0.626563
12:57:35   >>>>>>>>>>>>>>>>>>>>>>>>>>>>>>
12:57:35   binary cross entropy: 0.530528
12:57:44   >>>>>>>>>>>>>>>>>>>>>>>>>>>>>>
12:57:44   binary cross entropy: 0.641945
12:57:53   >>>>>>>>>>>>>>>>>>>>>>>>>>>>>>
12:57:53   binary cross entropy: 0.584103
12:58:02   >>>>>>>>>>>>>>>>>>>>>>>>>>>>>>
12:58:02   binary cross entropy: 0.622491
12:58:11   >>>>>>>>>>>>>>>>>>>>>>>>>>>>>>
12:58:11   binary cross entropy: 0.66159
12:58:20   >>>>>>>>>>>>>>>>>>>>>>>>>>>>>>
12:58:20   binary cross entropy: 0.637019
12:58:29   >>>>>>>>>>>>>>>>>>>>>>>>>>>>>>
12:58:29   binary cross entropy: 0.64977
12:58:38   >>>>>>>>>>>>>>>>>>>>>>>>>>>>>>
12:58:38   binary cross entropy: 0.580857
12:58:47   >>>>>>>>>>>>>>>>>>>>>>>>>>>>>>
12:58:47   binary cross entropy: 0.546779
12:58:56   >>>>>>>>>>>>>>>>>>>>>>>>>>>>>>
12:58:56   binary cross entropy: 0.624509
12:59:05   >>>>>>>>>>>>>>>>>>>>>>>>>>>>>>
12:59:05   binary cross entropy: 0.680757
12:59:14   >>>>>>>>>>>>>>>>>>>>>>>>>>>>>>
12:59:14   binary cross entropy: 0.622298
12:59:23   >>>>>>>>>>>>>>>>>>>>>>>>>>>>>>
12:59:23   binary cross entropy: 0.613026
12:59:32   >>>>>>>>>>>>>>>>>>>>>>>>>>>>>>
12:59:32   binary cross entropy: 0.634084
12:59:41   >>>>>>>>>>>>>>>>>>>>>>>>>>>>>>
12:59:41   binary cross entropy: 0.707667
12:59:50   >>>>>>>>>>>>>>>>>>>>>>>>>>>>>>
12:59:50   binary cross entropy: 0.671207
12:59:59   >>>>>>>>>>>>>>>>>>>>>>>>>>>>>>
12:59:59   Epoch 9 end
12:59:59   ------------------------------
12:59:59   average binary cross entropy: 0.625331
12:59:59   Save checkpoint to model_epoch_10.pth
12:59:59   >>>>>>>>>>>>>>>>>>>>>>>>>>>>>>
12:59:59   Evaluate on valid
13:00:37   mr: 112.639
13:00:37   mrr: 0.112485
13:00:37   hits@1: 0.0543125
13:00:37   hits@3: 0.107563
13:00:37   hits@10: 0.220375
13:00:37   Load checkpoint from model_epoch_9.pth
13:00:37   >>>>>>>>>>>>>>>>>>>>>>>>>>>>>>
13:00:37   Evaluate on valid
13:01:16   mr: 112.699
13:01:16   mrr: 0.112989
13:01:16   hits@1: 0.0548125
13:01:16   hits@3: 0.109063
13:01:16   hits@10: 0.219875
13:01:16   >>>>>>>>>>>>>>>>>>>>>>>>>>>>>>
13:01:16   Evaluate on test
13:01:55   mr: 110.516
13:01:55   mrr: 0.115269
13:01:55   hits@1: 0.0570625
13:01:55   hits@3: 0.112063
13:01:55   hits@10: 0.223438
