/itet-stor/trachsele/net_scratch/conda/lib/python3.12/site-packages/conda/base/context.py:982: FutureWarning: Adding 'defaults' to the channel list implicitly is deprecated and will be removed in 25.3. 

To remove this warning, please choose a default channel explicitly via 'conda config --add channels <name>', e.g. 'conda config --add channels defaults'.
  deprecated.topic(
13:32:09   Random seed: 1024
13:32:09   Config file: config/recommender/first_steps.yaml
13:32:09   {'checkpoint': None,
 'dataset': {'class': 'MovieLens100k', 'root': '~/git/ULTRA/kg-datasets/'},
 'model': {'class': 'Ultra',
           'embedding_item': {'hidden_dims': [32, 32], 'input_dim': 18},
           'embedding_user': {'hidden_dims': [32, 32], 'input_dim': 24},
           'entity_model': {'aggregate_func': 'sum',
                            'class': 'EntityNBFNet',
                            'hidden_dims': [48, 48, 48, 48, 48, 48],
                            'input_dim': 48,
                            'layer_norm': True,
                            'message_func': 'distmult',
                            'short_cut': True},
           'relation_model': {'aggregate_func': 'sum',
                              'class': 'RelNBFNet',
                              'hidden_dims': [16, 16, 16, 16],
                              'input_dim': 16,
                              'layer_norm': True,
                              'message_func': 'distmult',
                              'short_cut': True}},
 'optimizer': {'class': 'AdamW', 'lr': 0.0005},
 'output_dir': '~/git/ULTRA/output',
 'task': {'adversarial_temperature': 1,
          'metric': ['mr', 'mrr', 'hits@1', 'hits@3', 'hits@10'],
          'name': 'TransductiveInference',
          'num_negative': 256,
          'strict_negative': True},
 'train': {'batch_per_epoch': 8000,
           'batch_size': 8,
           'gpus': [0],
           'log_interval': 100,
           'num_epoch': 25}}
wandb: Using wandb-core as the SDK backend. Please refer to https://wandb.me/wandb-core for more information.
wandb: Currently logged in as: pitri (pitri-eth-z-rich). Use `wandb login --relogin` to force relogin
wandb: Tracking run with wandb version 0.18.5
wandb: Run data is saved locally in /home/trachsele/git/ULTRA/output/Ultra/MovieLens100k/2024-11-02-13-32-09/wandb/run-20241102_133210-iwj28u6s
wandb: Run `wandb offline` to turn off syncing.
wandb: Syncing run run-MovieLens100k-2024-11-02_13-32
wandb: ⭐️ View project at https://wandb.ai/pitri-eth-z-rich/tl4rec
wandb: 🚀 View run at https://wandb.ai/pitri-eth-z-rich/tl4rec/runs/iwj28u6s
/usr/itetnas04/data-scratch-01/trachsele/data/tl4rec/ultra/tasks.py:265: UserWarning: Sparse CSR tensor support is in beta state. If you miss a functionality in the sparse tensor support, please submit a feature request to https://github.com/pytorch/pytorch/issues. (Triggered internally at /opt/conda/conda-bld/pytorch_1695392022560/work/aten/src/ATen/SparseCsrTensorImpl.cpp:53.)
  Ahh = torch.sparse.mm(EhT, Eh).coalesce()
13:32:13   MovieLens100k dataset
13:32:13   #train: 64000, #valid: 8000, #test: 8000
13:32:13   ------------------------------
13:32:13   Number of parameters: 62945
13:32:13   >>>>>>>>>>>>>>>>>>>>>>>>>>>>>>
13:32:13   Epoch 0 begin
13:33:26   >>>>>>>>>>>>>>>>>>>>>>>>>>>>>>
13:33:26   binary cross entropy: 0.8429
13:33:26   Note: NumExpr detected 28 cores but "NUMEXPR_MAX_THREADS" not set, so enforcing safe limit of 8.
13:33:26   NumExpr defaulting to 8 threads.
13:33:41   >>>>>>>>>>>>>>>>>>>>>>>>>>>>>>
13:33:42   binary cross entropy: 0.575078
13:33:56   >>>>>>>>>>>>>>>>>>>>>>>>>>>>>>
13:33:56   binary cross entropy: 0.672328
