/itet-stor/trachsele/net_scratch/conda/lib/python3.12/site-packages/conda/base/context.py:982: FutureWarning: Adding 'defaults' to the channel list implicitly is deprecated and will be removed in 25.3. 

To remove this warning, please choose a default channel explicitly via 'conda config --add channels <name>', e.g. 'conda config --add channels defaults'.
  deprecated.topic(
09:11:58   Random seed: 1024
09:11:58   Config file: config/recommender/first_steps.yaml
09:11:58   {'checkpoint': None,
 'dataset': {'class': 'MovieLens100k', 'root': '~/git/ULTRA/kg-datasets/'},
 'model': {'class': 'Ultra',
           'embedding_item': {'hidden_dims': [24, 24], 'input_dim': 18},
           'embedding_user': {'hidden_dims': [24, 24], 'input_dim': 24},
           'entity_model': {'aggregate_func': 'sum',
                            'class': 'EntityNBFNet',
                            'hidden_dims': [32, 32, 32, 32, 32],
                            'input_dim': 32,
                            'layer_norm': True,
                            'message_func': 'distmult',
                            'short_cut': True},
           'relation_model': {'aggregate_func': 'sum',
                              'class': 'RelNBFNet',
                              'hidden_dims': [8, 8],
                              'input_dim': 8,
                              'layer_norm': True,
                              'message_func': 'distmult',
                              'short_cut': True},
           'simple_model': {'aggregate_func': 'sum',
                            'class': 'SimpleNBFNet',
                            'hidden_dims': [32, 32, 32, 32, 32],
                            'input_dim': 32,
                            'layer_norm': True,
                            'message_func': 'distmult',
                            'short_cut': True}},
 'optimizer': {'class': 'AdamW', 'lr': 0.0001},
 'output_dir': '~/git/ULTRA/output',
 'task': {'adversarial_temperature': 1,
          'metric': ['mr', 'mrr', 'hits@1', 'hits@3', 'hits@10'],
          'name': 'TransductiveInference',
          'num_negative': 32,
          'strict_negative': True},
 'train': {'batch_per_epoch': 2000,
           'batch_size': 32,
           'gpus': [0],
           'log_interval': 100,
           'num_epoch': 12}}
wandb: Using wandb-core as the SDK backend. Please refer to https://wandb.me/wandb-core for more information.
wandb: Currently logged in as: pitri (pitri-eth-z-rich). Use `wandb login --relogin` to force relogin
wandb: Tracking run with wandb version 0.18.5
wandb: Run data is saved locally in /home/trachsele/git/ULTRA/output/Ultra/MovieLens100k/2024-11-10-09-11-58/wandb/run-20241110_091159-2bwxshzh
wandb: Run `wandb offline` to turn off syncing.
wandb: Syncing run run-MovieLens100k-2024-11-10_09-11
wandb: ⭐️ View project at https://wandb.ai/pitri-eth-z-rich/tl4rec
wandb: 🚀 View run at https://wandb.ai/pitri-eth-z-rich/tl4rec/runs/2bwxshzh
/usr/itetnas04/data-scratch-01/trachsele/data/tl4rec/ultra/tasks.py:299: UserWarning: Sparse CSR tensor support is in beta state. If you miss a functionality in the sparse tensor support, please submit a feature request to https://github.com/pytorch/pytorch/issues. (Triggered internally at /opt/conda/conda-bld/pytorch_1695392022560/work/aten/src/ATen/SparseCsrTensorImpl.cpp:53.)
  Ahh = torch.sparse.mm(EhT, Eh).coalesce()
09:12:02   MovieLens100k dataset
09:12:02   #train: 64000, #valid: 8000, #test: 8000
09:12:03   ------------------------------
09:12:03   Number of parameters: 50545
09:12:03   >>>>>>>>>>>>>>>>>>>>>>>>>>>>>>
09:12:03   Epoch 0 begin
09:12:04   >>>>>>>>>>>>>>>>>>>>>>>>>>>>>>
09:12:04   binary cross entropy: 0.753649
09:12:04   Note: detected 128 virtual cores but NumExpr set to maximum of 64, check "NUMEXPR_MAX_THREADS" environment variable.
09:12:04   Note: NumExpr detected 128 cores but "NUMEXPR_MAX_THREADS" not set, so enforcing safe limit of 8.
09:12:04   NumExpr defaulting to 8 threads.
09:12:10   >>>>>>>>>>>>>>>>>>>>>>>>>>>>>>
09:12:10   binary cross entropy: 0.659006
09:12:16   >>>>>>>>>>>>>>>>>>>>>>>>>>>>>>
09:12:16   binary cross entropy: 0.638403
09:12:22   >>>>>>>>>>>>>>>>>>>>>>>>>>>>>>
09:12:22   binary cross entropy: 0.673231
09:12:29   >>>>>>>>>>>>>>>>>>>>>>>>>>>>>>
09:12:29   binary cross entropy: 0.653555
09:12:35   >>>>>>>>>>>>>>>>>>>>>>>>>>>>>>
09:12:35   binary cross entropy: 0.621342
09:12:41   >>>>>>>>>>>>>>>>>>>>>>>>>>>>>>
09:12:41   binary cross entropy: 0.648044
09:12:47   >>>>>>>>>>>>>>>>>>>>>>>>>>>>>>
09:12:47   binary cross entropy: 0.615001
09:12:53   >>>>>>>>>>>>>>>>>>>>>>>>>>>>>>
09:12:53   binary cross entropy: 0.694333
09:13:00   >>>>>>>>>>>>>>>>>>>>>>>>>>>>>>
09:13:00   binary cross entropy: 0.637444
09:13:06   >>>>>>>>>>>>>>>>>>>>>>>>>>>>>>
09:13:06   binary cross entropy: 0.638536
09:13:12   >>>>>>>>>>>>>>>>>>>>>>>>>>>>>>
09:13:12   binary cross entropy: 0.649788
09:13:18   >>>>>>>>>>>>>>>>>>>>>>>>>>>>>>
09:13:18   binary cross entropy: 0.639573
09:13:24   >>>>>>>>>>>>>>>>>>>>>>>>>>>>>>
09:13:24   binary cross entropy: 0.654264
09:13:31   >>>>>>>>>>>>>>>>>>>>>>>>>>>>>>
09:13:31   binary cross entropy: 0.621242
09:13:37   >>>>>>>>>>>>>>>>>>>>>>>>>>>>>>
09:13:37   binary cross entropy: 0.62424
09:13:43   >>>>>>>>>>>>>>>>>>>>>>>>>>>>>>
09:13:43   binary cross entropy: 0.614316
09:13:49   >>>>>>>>>>>>>>>>>>>>>>>>>>>>>>
09:13:49   binary cross entropy: 0.588069
09:13:55   >>>>>>>>>>>>>>>>>>>>>>>>>>>>>>
09:13:56   binary cross entropy: 0.641605
09:14:02   >>>>>>>>>>>>>>>>>>>>>>>>>>>>>>
09:14:02   binary cross entropy: 0.59844
09:14:08   >>>>>>>>>>>>>>>>>>>>>>>>>>>>>>
09:14:08   Epoch 0 end
09:14:08   ------------------------------
09:14:08   average binary cross entropy: 0.637826
09:14:08   >>>>>>>>>>>>>>>>>>>>>>>>>>>>>>
09:14:08   Epoch 1 begin
09:14:08   >>>>>>>>>>>>>>>>>>>>>>>>>>>>>>
09:14:08   binary cross entropy: 0.641418
09:14:14   >>>>>>>>>>>>>>>>>>>>>>>>>>>>>>
09:14:14   binary cross entropy: 0.61296
09:14:20   >>>>>>>>>>>>>>>>>>>>>>>>>>>>>>
09:14:20   binary cross entropy: 0.629352
09:14:27   >>>>>>>>>>>>>>>>>>>>>>>>>>>>>>
09:14:27   binary cross entropy: 0.627716
09:14:33   >>>>>>>>>>>>>>>>>>>>>>>>>>>>>>
09:14:33   binary cross entropy: 0.668984
09:14:39   >>>>>>>>>>>>>>>>>>>>>>>>>>>>>>
09:14:39   binary cross entropy: 0.592878
09:14:45   >>>>>>>>>>>>>>>>>>>>>>>>>>>>>>
09:14:45   binary cross entropy: 0.656212
09:14:51   >>>>>>>>>>>>>>>>>>>>>>>>>>>>>>
09:14:51   binary cross entropy: 0.631398
09:14:58   >>>>>>>>>>>>>>>>>>>>>>>>>>>>>>
09:14:58   binary cross entropy: 0.560197
09:15:04   >>>>>>>>>>>>>>>>>>>>>>>>>>>>>>
09:15:04   binary cross entropy: 0.640522
09:15:10   >>>>>>>>>>>>>>>>>>>>>>>>>>>>>>
09:15:10   binary cross entropy: 0.618808
09:15:16   >>>>>>>>>>>>>>>>>>>>>>>>>>>>>>
09:15:16   binary cross entropy: 0.591723
09:15:23   >>>>>>>>>>>>>>>>>>>>>>>>>>>>>>
09:15:23   binary cross entropy: 0.569429
09:15:29   >>>>>>>>>>>>>>>>>>>>>>>>>>>>>>
09:15:29   binary cross entropy: 0.643968
09:15:35   >>>>>>>>>>>>>>>>>>>>>>>>>>>>>>
09:15:35   binary cross entropy: 0.555616
09:15:41   >>>>>>>>>>>>>>>>>>>>>>>>>>>>>>
09:15:41   binary cross entropy: 0.646896
09:15:48   >>>>>>>>>>>>>>>>>>>>>>>>>>>>>>
09:15:48   binary cross entropy: 0.610356
09:15:54   >>>>>>>>>>>>>>>>>>>>>>>>>>>>>>
09:15:54   binary cross entropy: 0.655457
09:16:00   >>>>>>>>>>>>>>>>>>>>>>>>>>>>>>
09:16:00   binary cross entropy: 0.624693
09:16:06   >>>>>>>>>>>>>>>>>>>>>>>>>>>>>>
09:16:06   binary cross entropy: 0.611417
09:16:13   >>>>>>>>>>>>>>>>>>>>>>>>>>>>>>
09:16:13   Epoch 1 end
09:16:13   ------------------------------
09:16:13   average binary cross entropy: 0.623957
09:16:13   Save checkpoint to model_epoch_2.pth
09:16:13   >>>>>>>>>>>>>>>>>>>>>>>>>>>>>>
09:16:13   Evaluate on valid
09:16:18   mr: 122.127
09:16:18   mrr: 0.097596
09:16:18   hits@1: 0.0429375
09:16:18   hits@3: 0.09175
09:16:18   hits@10: 0.195063
09:16:18   >>>>>>>>>>>>>>>>>>>>>>>>>>>>>>
09:16:18   Epoch 2 begin
09:16:18   >>>>>>>>>>>>>>>>>>>>>>>>>>>>>>
09:16:18   binary cross entropy: 0.616895
09:16:25   >>>>>>>>>>>>>>>>>>>>>>>>>>>>>>
09:16:25   binary cross entropy: 0.614827
09:16:31   >>>>>>>>>>>>>>>>>>>>>>>>>>>>>>
09:16:31   binary cross entropy: 0.677943
09:16:37   >>>>>>>>>>>>>>>>>>>>>>>>>>>>>>
09:16:37   binary cross entropy: 0.623521
09:16:43   >>>>>>>>>>>>>>>>>>>>>>>>>>>>>>
09:16:43   binary cross entropy: 0.608828
09:16:49   >>>>>>>>>>>>>>>>>>>>>>>>>>>>>>
09:16:49   binary cross entropy: 0.619054
09:16:56   >>>>>>>>>>>>>>>>>>>>>>>>>>>>>>
09:16:56   binary cross entropy: 0.646027
09:17:02   >>>>>>>>>>>>>>>>>>>>>>>>>>>>>>
09:17:02   binary cross entropy: 0.614815
09:17:08   >>>>>>>>>>>>>>>>>>>>>>>>>>>>>>
09:17:08   binary cross entropy: 0.626362
09:17:14   >>>>>>>>>>>>>>>>>>>>>>>>>>>>>>
09:17:14   binary cross entropy: 0.581461
09:17:21   >>>>>>>>>>>>>>>>>>>>>>>>>>>>>>
09:17:21   binary cross entropy: 0.640524
09:17:27   >>>>>>>>>>>>>>>>>>>>>>>>>>>>>>
09:17:27   binary cross entropy: 0.597824
09:17:33   >>>>>>>>>>>>>>>>>>>>>>>>>>>>>>
09:17:33   binary cross entropy: 0.59263
09:17:39   >>>>>>>>>>>>>>>>>>>>>>>>>>>>>>
09:17:39   binary cross entropy: 0.618482
09:17:46   >>>>>>>>>>>>>>>>>>>>>>>>>>>>>>
09:17:46   binary cross entropy: 0.62788
09:17:52   >>>>>>>>>>>>>>>>>>>>>>>>>>>>>>
09:17:52   binary cross entropy: 0.623105
09:17:58   >>>>>>>>>>>>>>>>>>>>>>>>>>>>>>
09:17:58   binary cross entropy: 0.628434
09:18:04   >>>>>>>>>>>>>>>>>>>>>>>>>>>>>>
09:18:04   binary cross entropy: 0.67941
09:18:10   >>>>>>>>>>>>>>>>>>>>>>>>>>>>>>
09:18:11   binary cross entropy: 0.573659
09:18:17   >>>>>>>>>>>>>>>>>>>>>>>>>>>>>>
09:18:17   binary cross entropy: 0.644861
09:18:23   >>>>>>>>>>>>>>>>>>>>>>>>>>>>>>
09:18:23   Epoch 2 end
09:18:23   ------------------------------
09:18:23   average binary cross entropy: 0.623536
09:18:23   >>>>>>>>>>>>>>>>>>>>>>>>>>>>>>
09:18:23   Epoch 3 begin
09:18:23   >>>>>>>>>>>>>>>>>>>>>>>>>>>>>>
09:18:23   binary cross entropy: 0.687447
09:18:29   >>>>>>>>>>>>>>>>>>>>>>>>>>>>>>
09:18:29   binary cross entropy: 0.592831
09:18:35   >>>>>>>>>>>>>>>>>>>>>>>>>>>>>>
09:18:35   binary cross entropy: 0.64431
09:18:42   >>>>>>>>>>>>>>>>>>>>>>>>>>>>>>
09:18:42   binary cross entropy: 0.620133
09:18:48   >>>>>>>>>>>>>>>>>>>>>>>>>>>>>>
09:18:48   binary cross entropy: 0.611239
09:18:54   >>>>>>>>>>>>>>>>>>>>>>>>>>>>>>
09:18:54   binary cross entropy: 0.645442
09:19:00   >>>>>>>>>>>>>>>>>>>>>>>>>>>>>>
09:19:00   binary cross entropy: 0.584942
09:19:06   >>>>>>>>>>>>>>>>>>>>>>>>>>>>>>
09:19:06   binary cross entropy: 0.61507
09:19:13   >>>>>>>>>>>>>>>>>>>>>>>>>>>>>>
09:19:13   binary cross entropy: 0.616601
09:19:19   >>>>>>>>>>>>>>>>>>>>>>>>>>>>>>
09:19:19   binary cross entropy: 0.637198
09:19:25   >>>>>>>>>>>>>>>>>>>>>>>>>>>>>>
09:19:25   binary cross entropy: 0.654823
09:19:31   >>>>>>>>>>>>>>>>>>>>>>>>>>>>>>
09:19:31   binary cross entropy: 0.604463
09:19:37   >>>>>>>>>>>>>>>>>>>>>>>>>>>>>>
09:19:37   binary cross entropy: 0.574462
09:19:44   >>>>>>>>>>>>>>>>>>>>>>>>>>>>>>
09:19:44   binary cross entropy: 0.618166
09:19:50   >>>>>>>>>>>>>>>>>>>>>>>>>>>>>>
09:19:50   binary cross entropy: 0.631455
09:19:56   >>>>>>>>>>>>>>>>>>>>>>>>>>>>>>
09:19:56   binary cross entropy: 0.570521
09:20:02   >>>>>>>>>>>>>>>>>>>>>>>>>>>>>>
09:20:02   binary cross entropy: 0.663919
09:20:08   >>>>>>>>>>>>>>>>>>>>>>>>>>>>>>
09:20:08   binary cross entropy: 0.624721
09:20:15   >>>>>>>>>>>>>>>>>>>>>>>>>>>>>>
09:20:15   binary cross entropy: 0.58945
09:20:21   >>>>>>>>>>>>>>>>>>>>>>>>>>>>>>
09:20:21   binary cross entropy: 0.633857
09:20:27   >>>>>>>>>>>>>>>>>>>>>>>>>>>>>>
09:20:27   Epoch 3 end
09:20:27   ------------------------------
09:20:27   average binary cross entropy: 0.623109
09:20:27   Save checkpoint to model_epoch_4.pth
09:20:27   >>>>>>>>>>>>>>>>>>>>>>>>>>>>>>
09:20:27   Evaluate on valid
09:20:33   mr: 117.878
09:20:33   mrr: 0.102433
09:20:33   hits@1: 0.0454375
09:20:33   hits@3: 0.0981875
09:20:33   hits@10: 0.207813
09:20:33   >>>>>>>>>>>>>>>>>>>>>>>>>>>>>>
09:20:33   Epoch 4 begin
09:20:33   >>>>>>>>>>>>>>>>>>>>>>>>>>>>>>
09:20:33   binary cross entropy: 0.648308
09:20:39   >>>>>>>>>>>>>>>>>>>>>>>>>>>>>>
09:20:39   binary cross entropy: 0.640658
09:20:45   >>>>>>>>>>>>>>>>>>>>>>>>>>>>>>
09:20:45   binary cross entropy: 0.610458
09:20:51   >>>>>>>>>>>>>>>>>>>>>>>>>>>>>>
09:20:51   binary cross entropy: 0.63799
09:20:58   >>>>>>>>>>>>>>>>>>>>>>>>>>>>>>
09:20:58   binary cross entropy: 0.57773
09:21:04   >>>>>>>>>>>>>>>>>>>>>>>>>>>>>>
09:21:04   binary cross entropy: 0.599225
09:21:10   >>>>>>>>>>>>>>>>>>>>>>>>>>>>>>
09:21:10   binary cross entropy: 0.606393
09:21:16   >>>>>>>>>>>>>>>>>>>>>>>>>>>>>>
09:21:16   binary cross entropy: 0.648434
09:21:22   >>>>>>>>>>>>>>>>>>>>>>>>>>>>>>
09:21:22   binary cross entropy: 0.604478
09:21:29   >>>>>>>>>>>>>>>>>>>>>>>>>>>>>>
09:21:29   binary cross entropy: 0.669216
09:21:35   >>>>>>>>>>>>>>>>>>>>>>>>>>>>>>
09:21:35   binary cross entropy: 0.605525
09:21:41   >>>>>>>>>>>>>>>>>>>>>>>>>>>>>>
09:21:41   binary cross entropy: 0.695256
09:21:47   >>>>>>>>>>>>>>>>>>>>>>>>>>>>>>
09:21:47   binary cross entropy: 0.577006
09:21:53   >>>>>>>>>>>>>>>>>>>>>>>>>>>>>>
09:21:53   binary cross entropy: 0.631531
09:22:00   >>>>>>>>>>>>>>>>>>>>>>>>>>>>>>
09:22:00   binary cross entropy: 0.661677
09:22:06   >>>>>>>>>>>>>>>>>>>>>>>>>>>>>>
09:22:06   binary cross entropy: 0.619812
09:22:12   >>>>>>>>>>>>>>>>>>>>>>>>>>>>>>
09:22:12   binary cross entropy: 0.619171
09:22:18   >>>>>>>>>>>>>>>>>>>>>>>>>>>>>>
09:22:18   binary cross entropy: 0.615786
09:22:24   >>>>>>>>>>>>>>>>>>>>>>>>>>>>>>
09:22:24   binary cross entropy: 0.666612
09:22:31   >>>>>>>>>>>>>>>>>>>>>>>>>>>>>>
09:22:31   binary cross entropy: 0.597977
09:22:37   >>>>>>>>>>>>>>>>>>>>>>>>>>>>>>
09:22:37   Epoch 4 end
09:22:37   ------------------------------
09:22:37   average binary cross entropy: 0.623031
09:22:37   >>>>>>>>>>>>>>>>>>>>>>>>>>>>>>
09:22:37   Epoch 5 begin
09:22:37   >>>>>>>>>>>>>>>>>>>>>>>>>>>>>>
09:22:37   binary cross entropy: 0.653555
09:22:43   >>>>>>>>>>>>>>>>>>>>>>>>>>>>>>
09:22:43   binary cross entropy: 0.628501
09:22:49   >>>>>>>>>>>>>>>>>>>>>>>>>>>>>>
09:22:49   binary cross entropy: 0.615621
09:22:55   >>>>>>>>>>>>>>>>>>>>>>>>>>>>>>
09:22:55   binary cross entropy: 0.586473
09:23:02   >>>>>>>>>>>>>>>>>>>>>>>>>>>>>>
09:23:02   binary cross entropy: 0.620195
09:23:08   >>>>>>>>>>>>>>>>>>>>>>>>>>>>>>
09:23:08   binary cross entropy: 0.692576
09:23:14   >>>>>>>>>>>>>>>>>>>>>>>>>>>>>>
09:23:14   binary cross entropy: 0.586931
09:23:20   >>>>>>>>>>>>>>>>>>>>>>>>>>>>>>
09:23:20   binary cross entropy: 0.619593
09:23:26   >>>>>>>>>>>>>>>>>>>>>>>>>>>>>>
09:23:26   binary cross entropy: 0.64665
09:23:33   >>>>>>>>>>>>>>>>>>>>>>>>>>>>>>
09:23:33   binary cross entropy: 0.629512
09:23:39   >>>>>>>>>>>>>>>>>>>>>>>>>>>>>>
09:23:39   binary cross entropy: 0.578807
09:23:45   >>>>>>>>>>>>>>>>>>>>>>>>>>>>>>
09:23:45   binary cross entropy: 0.620081
09:23:51   >>>>>>>>>>>>>>>>>>>>>>>>>>>>>>
09:23:51   binary cross entropy: 0.628475
09:23:57   >>>>>>>>>>>>>>>>>>>>>>>>>>>>>>
09:23:57   binary cross entropy: 0.599021
09:24:04   >>>>>>>>>>>>>>>>>>>>>>>>>>>>>>
09:24:04   binary cross entropy: 0.616058
09:24:10   >>>>>>>>>>>>>>>>>>>>>>>>>>>>>>
09:24:10   binary cross entropy: 0.602341
09:24:16   >>>>>>>>>>>>>>>>>>>>>>>>>>>>>>
09:24:16   binary cross entropy: 0.613575
09:24:22   >>>>>>>>>>>>>>>>>>>>>>>>>>>>>>
09:24:22   binary cross entropy: 0.602596
09:24:28   >>>>>>>>>>>>>>>>>>>>>>>>>>>>>>
09:24:28   binary cross entropy: 0.637223
09:24:35   >>>>>>>>>>>>>>>>>>>>>>>>>>>>>>
09:24:35   binary cross entropy: 0.58389
09:24:41   >>>>>>>>>>>>>>>>>>>>>>>>>>>>>>
09:24:41   Epoch 5 end
09:24:41   ------------------------------
09:24:41   average binary cross entropy: 0.62303
09:24:41   Save checkpoint to model_epoch_6.pth
09:24:41   >>>>>>>>>>>>>>>>>>>>>>>>>>>>>>
09:24:41   Evaluate on valid
09:24:46   mr: 116.225
09:24:46   mrr: 0.104372
09:24:46   hits@1: 0.0474375
09:24:46   hits@3: 0.099
09:24:46   hits@10: 0.207563
09:24:46   >>>>>>>>>>>>>>>>>>>>>>>>>>>>>>
09:24:46   Epoch 6 begin
09:24:46   >>>>>>>>>>>>>>>>>>>>>>>>>>>>>>
09:24:46   binary cross entropy: 0.597276
09:24:53   >>>>>>>>>>>>>>>>>>>>>>>>>>>>>>
09:24:53   binary cross entropy: 0.600931
09:24:59   >>>>>>>>>>>>>>>>>>>>>>>>>>>>>>
09:24:59   binary cross entropy: 0.597844
09:25:05   >>>>>>>>>>>>>>>>>>>>>>>>>>>>>>
09:25:05   binary cross entropy: 0.636957
09:25:11   >>>>>>>>>>>>>>>>>>>>>>>>>>>>>>
09:25:11   binary cross entropy: 0.651184
09:25:18   >>>>>>>>>>>>>>>>>>>>>>>>>>>>>>
09:25:18   binary cross entropy: 0.633604
09:25:24   >>>>>>>>>>>>>>>>>>>>>>>>>>>>>>
09:25:24   binary cross entropy: 0.646074
09:25:30   >>>>>>>>>>>>>>>>>>>>>>>>>>>>>>
09:25:30   binary cross entropy: 0.614469
09:25:36   >>>>>>>>>>>>>>>>>>>>>>>>>>>>>>
09:25:36   binary cross entropy: 0.635305
09:25:42   >>>>>>>>>>>>>>>>>>>>>>>>>>>>>>
09:25:43   binary cross entropy: 0.688663
09:25:49   >>>>>>>>>>>>>>>>>>>>>>>>>>>>>>
09:25:49   binary cross entropy: 0.638481
09:25:55   >>>>>>>>>>>>>>>>>>>>>>>>>>>>>>
09:25:55   binary cross entropy: 0.618189
09:26:01   >>>>>>>>>>>>>>>>>>>>>>>>>>>>>>
09:26:01   binary cross entropy: 0.602205
09:26:07   >>>>>>>>>>>>>>>>>>>>>>>>>>>>>>
09:26:07   binary cross entropy: 0.622278
09:26:14   >>>>>>>>>>>>>>>>>>>>>>>>>>>>>>
09:26:14   binary cross entropy: 0.605257
09:26:20   >>>>>>>>>>>>>>>>>>>>>>>>>>>>>>
09:26:20   binary cross entropy: 0.575645
09:26:26   >>>>>>>>>>>>>>>>>>>>>>>>>>>>>>
09:26:26   binary cross entropy: 0.656323
09:26:32   >>>>>>>>>>>>>>>>>>>>>>>>>>>>>>
09:26:32   binary cross entropy: 0.621028
09:26:39   >>>>>>>>>>>>>>>>>>>>>>>>>>>>>>
09:26:39   binary cross entropy: 0.63538
09:26:45   >>>>>>>>>>>>>>>>>>>>>>>>>>>>>>
09:26:45   binary cross entropy: 0.633728
09:26:51   >>>>>>>>>>>>>>>>>>>>>>>>>>>>>>
09:26:51   Epoch 6 end
09:26:51   ------------------------------
09:26:51   average binary cross entropy: 0.623179
09:26:51   >>>>>>>>>>>>>>>>>>>>>>>>>>>>>>
09:26:51   Epoch 7 begin
09:26:51   >>>>>>>>>>>>>>>>>>>>>>>>>>>>>>
09:26:51   binary cross entropy: 0.636633
09:26:57   >>>>>>>>>>>>>>>>>>>>>>>>>>>>>>
09:26:57   binary cross entropy: 0.609021
09:27:03   >>>>>>>>>>>>>>>>>>>>>>>>>>>>>>
09:27:03   binary cross entropy: 0.626023
09:27:10   >>>>>>>>>>>>>>>>>>>>>>>>>>>>>>
09:27:10   binary cross entropy: 0.581983
09:27:16   >>>>>>>>>>>>>>>>>>>>>>>>>>>>>>
09:27:16   binary cross entropy: 0.584572
09:27:22   >>>>>>>>>>>>>>>>>>>>>>>>>>>>>>
09:27:22   binary cross entropy: 0.610483
09:27:28   >>>>>>>>>>>>>>>>>>>>>>>>>>>>>>
09:27:28   binary cross entropy: 0.578095
09:27:35   >>>>>>>>>>>>>>>>>>>>>>>>>>>>>>
09:27:35   binary cross entropy: 0.652834
09:27:41   >>>>>>>>>>>>>>>>>>>>>>>>>>>>>>
09:27:41   binary cross entropy: 0.614315
09:27:47   >>>>>>>>>>>>>>>>>>>>>>>>>>>>>>
09:27:47   binary cross entropy: 0.659702
09:27:53   >>>>>>>>>>>>>>>>>>>>>>>>>>>>>>
09:27:53   binary cross entropy: 0.616774
09:27:59   >>>>>>>>>>>>>>>>>>>>>>>>>>>>>>
09:28:00   binary cross entropy: 0.56929
09:28:06   >>>>>>>>>>>>>>>>>>>>>>>>>>>>>>
09:28:06   binary cross entropy: 0.600902
09:28:12   >>>>>>>>>>>>>>>>>>>>>>>>>>>>>>
09:28:12   binary cross entropy: 0.679591
09:28:18   >>>>>>>>>>>>>>>>>>>>>>>>>>>>>>
09:28:18   binary cross entropy: 0.634714
09:28:24   >>>>>>>>>>>>>>>>>>>>>>>>>>>>>>
09:28:24   binary cross entropy: 0.619046
09:28:31   >>>>>>>>>>>>>>>>>>>>>>>>>>>>>>
09:28:31   binary cross entropy: 0.60099
09:28:37   >>>>>>>>>>>>>>>>>>>>>>>>>>>>>>
09:28:37   binary cross entropy: 0.619105
09:28:43   >>>>>>>>>>>>>>>>>>>>>>>>>>>>>>
09:28:43   binary cross entropy: 0.643084
09:28:49   >>>>>>>>>>>>>>>>>>>>>>>>>>>>>>
09:28:49   binary cross entropy: 0.611896
09:28:56   >>>>>>>>>>>>>>>>>>>>>>>>>>>>>>
09:28:56   Epoch 7 end
09:28:56   ------------------------------
09:28:56   average binary cross entropy: 0.622922
09:28:56   Save checkpoint to model_epoch_8.pth
09:28:56   >>>>>>>>>>>>>>>>>>>>>>>>>>>>>>
09:28:56   Evaluate on valid
09:29:01   mr: 114.749
09:29:01   mrr: 0.107484
09:29:01   hits@1: 0.0505625
09:29:01   hits@3: 0.101
09:29:01   hits@10: 0.212125
09:29:01   >>>>>>>>>>>>>>>>>>>>>>>>>>>>>>
09:29:01   Epoch 8 begin
09:29:01   >>>>>>>>>>>>>>>>>>>>>>>>>>>>>>
09:29:01   binary cross entropy: 0.616976
09:29:08   >>>>>>>>>>>>>>>>>>>>>>>>>>>>>>
09:29:08   binary cross entropy: 0.636193
09:29:14   >>>>>>>>>>>>>>>>>>>>>>>>>>>>>>
09:29:14   binary cross entropy: 0.636706
09:29:20   >>>>>>>>>>>>>>>>>>>>>>>>>>>>>>
09:29:20   binary cross entropy: 0.590765
09:29:27   >>>>>>>>>>>>>>>>>>>>>>>>>>>>>>
09:29:27   binary cross entropy: 0.598861
09:29:33   >>>>>>>>>>>>>>>>>>>>>>>>>>>>>>
09:29:33   binary cross entropy: 0.616333
09:29:40   >>>>>>>>>>>>>>>>>>>>>>>>>>>>>>
09:29:40   binary cross entropy: 0.603157
09:29:46   >>>>>>>>>>>>>>>>>>>>>>>>>>>>>>
09:29:46   binary cross entropy: 0.680985
09:29:52   >>>>>>>>>>>>>>>>>>>>>>>>>>>>>>
09:29:52   binary cross entropy: 0.617344
09:29:59   >>>>>>>>>>>>>>>>>>>>>>>>>>>>>>
09:29:59   binary cross entropy: 0.597772
09:30:05   >>>>>>>>>>>>>>>>>>>>>>>>>>>>>>
09:30:05   binary cross entropy: 0.632074
09:30:12   >>>>>>>>>>>>>>>>>>>>>>>>>>>>>>
09:30:12   binary cross entropy: 0.612248
09:30:18   >>>>>>>>>>>>>>>>>>>>>>>>>>>>>>
09:30:18   binary cross entropy: 0.596375
09:30:24   >>>>>>>>>>>>>>>>>>>>>>>>>>>>>>
09:30:24   binary cross entropy: 0.627828
09:30:31   >>>>>>>>>>>>>>>>>>>>>>>>>>>>>>
09:30:31   binary cross entropy: 0.626923
09:30:37   >>>>>>>>>>>>>>>>>>>>>>>>>>>>>>
09:30:37   binary cross entropy: 0.636442
09:30:44   >>>>>>>>>>>>>>>>>>>>>>>>>>>>>>
09:30:44   binary cross entropy: 0.611984
09:30:50   >>>>>>>>>>>>>>>>>>>>>>>>>>>>>>
09:30:50   binary cross entropy: 0.598329
09:30:56   >>>>>>>>>>>>>>>>>>>>>>>>>>>>>>
09:30:56   binary cross entropy: 0.574004
09:31:03   >>>>>>>>>>>>>>>>>>>>>>>>>>>>>>
09:31:03   binary cross entropy: 0.628652
09:31:09   >>>>>>>>>>>>>>>>>>>>>>>>>>>>>>
09:31:09   Epoch 8 end
09:31:09   ------------------------------
09:31:09   average binary cross entropy: 0.622954
09:31:09   >>>>>>>>>>>>>>>>>>>>>>>>>>>>>>
09:31:09   Epoch 9 begin
09:31:09   >>>>>>>>>>>>>>>>>>>>>>>>>>>>>>
09:31:09   binary cross entropy: 0.660444
09:31:15   >>>>>>>>>>>>>>>>>>>>>>>>>>>>>>
09:31:15   binary cross entropy: 0.6865
09:31:22   >>>>>>>>>>>>>>>>>>>>>>>>>>>>>>
09:31:22   binary cross entropy: 0.638795
09:31:28   >>>>>>>>>>>>>>>>>>>>>>>>>>>>>>
09:31:28   binary cross entropy: 0.599352
09:31:35   >>>>>>>>>>>>>>>>>>>>>>>>>>>>>>
09:31:35   binary cross entropy: 0.609068
09:31:41   >>>>>>>>>>>>>>>>>>>>>>>>>>>>>>
09:31:41   binary cross entropy: 0.6385
09:31:47   >>>>>>>>>>>>>>>>>>>>>>>>>>>>>>
09:31:47   binary cross entropy: 0.633845
09:31:54   >>>>>>>>>>>>>>>>>>>>>>>>>>>>>>
09:31:54   binary cross entropy: 0.609499
09:32:00   >>>>>>>>>>>>>>>>>>>>>>>>>>>>>>
09:32:00   binary cross entropy: 0.624272
09:32:07   >>>>>>>>>>>>>>>>>>>>>>>>>>>>>>
09:32:07   binary cross entropy: 0.609239
09:32:13   >>>>>>>>>>>>>>>>>>>>>>>>>>>>>>
09:32:13   binary cross entropy: 0.618538
09:32:19   >>>>>>>>>>>>>>>>>>>>>>>>>>>>>>
09:32:20   binary cross entropy: 0.60724
09:32:26   >>>>>>>>>>>>>>>>>>>>>>>>>>>>>>
09:32:26   binary cross entropy: 0.664546
09:32:32   >>>>>>>>>>>>>>>>>>>>>>>>>>>>>>
09:32:32   binary cross entropy: 0.628436
09:32:39   >>>>>>>>>>>>>>>>>>>>>>>>>>>>>>
09:32:39   binary cross entropy: 0.630857
09:32:45   >>>>>>>>>>>>>>>>>>>>>>>>>>>>>>
09:32:45   binary cross entropy: 0.676378
09:32:51   >>>>>>>>>>>>>>>>>>>>>>>>>>>>>>
09:32:51   binary cross entropy: 0.594775
09:32:58   >>>>>>>>>>>>>>>>>>>>>>>>>>>>>>
09:32:58   binary cross entropy: 0.61331
09:33:04   >>>>>>>>>>>>>>>>>>>>>>>>>>>>>>
09:33:04   binary cross entropy: 0.656608
09:33:11   >>>>>>>>>>>>>>>>>>>>>>>>>>>>>>
09:33:11   binary cross entropy: 0.604175
09:33:17   >>>>>>>>>>>>>>>>>>>>>>>>>>>>>>
09:33:17   Epoch 9 end
09:33:17   ------------------------------
09:33:17   average binary cross entropy: 0.623055
09:33:17   Save checkpoint to model_epoch_10.pth
09:33:17   >>>>>>>>>>>>>>>>>>>>>>>>>>>>>>
09:33:17   Evaluate on valid
09:33:23   mr: 115.722
09:33:23   mrr: 0.105037
09:33:23   hits@1: 0.04825
09:33:23   hits@3: 0.100563
09:33:23   hits@10: 0.20925
09:33:23   >>>>>>>>>>>>>>>>>>>>>>>>>>>>>>
09:33:23   Epoch 10 begin
09:33:23   >>>>>>>>>>>>>>>>>>>>>>>>>>>>>>
09:33:23   binary cross entropy: 0.629309
09:33:29   >>>>>>>>>>>>>>>>>>>>>>>>>>>>>>
09:33:29   binary cross entropy: 0.68516
09:33:35   >>>>>>>>>>>>>>>>>>>>>>>>>>>>>>
09:33:35   binary cross entropy: 0.585771
09:33:42   >>>>>>>>>>>>>>>>>>>>>>>>>>>>>>
09:33:42   binary cross entropy: 0.591363
09:33:48   >>>>>>>>>>>>>>>>>>>>>>>>>>>>>>
09:33:48   binary cross entropy: 0.651475
09:33:54   >>>>>>>>>>>>>>>>>>>>>>>>>>>>>>
09:33:54   binary cross entropy: 0.617329
09:34:01   >>>>>>>>>>>>>>>>>>>>>>>>>>>>>>
09:34:01   binary cross entropy: 0.662424
09:34:07   >>>>>>>>>>>>>>>>>>>>>>>>>>>>>>
09:34:07   binary cross entropy: 0.599042
09:34:14   >>>>>>>>>>>>>>>>>>>>>>>>>>>>>>
09:34:14   binary cross entropy: 0.618668
09:34:20   >>>>>>>>>>>>>>>>>>>>>>>>>>>>>>
09:34:20   binary cross entropy: 0.6387
09:34:26   >>>>>>>>>>>>>>>>>>>>>>>>>>>>>>
09:34:26   binary cross entropy: 0.586167
09:34:33   >>>>>>>>>>>>>>>>>>>>>>>>>>>>>>
09:34:33   binary cross entropy: 0.66564
09:34:39   >>>>>>>>>>>>>>>>>>>>>>>>>>>>>>
09:34:39   binary cross entropy: 0.660539
09:34:45   >>>>>>>>>>>>>>>>>>>>>>>>>>>>>>
09:34:45   binary cross entropy: 0.576226
09:34:52   >>>>>>>>>>>>>>>>>>>>>>>>>>>>>>
09:34:52   binary cross entropy: 0.623974
09:34:58   >>>>>>>>>>>>>>>>>>>>>>>>>>>>>>
09:34:58   binary cross entropy: 0.665887
09:35:04   >>>>>>>>>>>>>>>>>>>>>>>>>>>>>>
09:35:04   binary cross entropy: 0.598458
09:35:11   >>>>>>>>>>>>>>>>>>>>>>>>>>>>>>
09:35:11   binary cross entropy: 0.720769
09:35:17   >>>>>>>>>>>>>>>>>>>>>>>>>>>>>>
09:35:17   binary cross entropy: 0.651226
09:35:23   >>>>>>>>>>>>>>>>>>>>>>>>>>>>>>
09:35:23   binary cross entropy: 0.664232
09:35:30   >>>>>>>>>>>>>>>>>>>>>>>>>>>>>>
09:35:30   Epoch 10 end
09:35:30   ------------------------------
09:35:30   average binary cross entropy: 0.623089
09:35:30   >>>>>>>>>>>>>>>>>>>>>>>>>>>>>>
09:35:30   Epoch 11 begin
09:35:30   >>>>>>>>>>>>>>>>>>>>>>>>>>>>>>
09:35:30   binary cross entropy: 0.614967
09:35:36   >>>>>>>>>>>>>>>>>>>>>>>>>>>>>>
09:35:36   binary cross entropy: 0.623763
09:35:43   >>>>>>>>>>>>>>>>>>>>>>>>>>>>>>
09:35:43   binary cross entropy: 0.665045
09:35:49   >>>>>>>>>>>>>>>>>>>>>>>>>>>>>>
09:35:49   binary cross entropy: 0.589323
09:35:55   >>>>>>>>>>>>>>>>>>>>>>>>>>>>>>
09:35:55   binary cross entropy: 0.598061
09:36:02   >>>>>>>>>>>>>>>>>>>>>>>>>>>>>>
09:36:02   binary cross entropy: 0.637701
09:36:08   >>>>>>>>>>>>>>>>>>>>>>>>>>>>>>
09:36:08   binary cross entropy: 0.65168
09:36:14   >>>>>>>>>>>>>>>>>>>>>>>>>>>>>>
09:36:14   binary cross entropy: 0.614237
09:36:21   >>>>>>>>>>>>>>>>>>>>>>>>>>>>>>
09:36:21   binary cross entropy: 0.598561
09:36:27   >>>>>>>>>>>>>>>>>>>>>>>>>>>>>>
09:36:27   binary cross entropy: 0.638337
09:36:33   >>>>>>>>>>>>>>>>>>>>>>>>>>>>>>
09:36:33   binary cross entropy: 0.614325
09:36:40   >>>>>>>>>>>>>>>>>>>>>>>>>>>>>>
09:36:40   binary cross entropy: 0.588236
09:36:46   >>>>>>>>>>>>>>>>>>>>>>>>>>>>>>
09:36:46   binary cross entropy: 0.644721
09:36:52   >>>>>>>>>>>>>>>>>>>>>>>>>>>>>>
09:36:52   binary cross entropy: 0.593527
09:36:59   >>>>>>>>>>>>>>>>>>>>>>>>>>>>>>
09:36:59   binary cross entropy: 0.699391
09:37:05   >>>>>>>>>>>>>>>>>>>>>>>>>>>>>>
09:37:05   binary cross entropy: 0.581099
09:37:12   >>>>>>>>>>>>>>>>>>>>>>>>>>>>>>
09:37:12   binary cross entropy: 0.623713
09:37:18   >>>>>>>>>>>>>>>>>>>>>>>>>>>>>>
09:37:18   binary cross entropy: 0.666754
09:37:24   >>>>>>>>>>>>>>>>>>>>>>>>>>>>>>
09:37:24   binary cross entropy: 0.608952
09:37:31   >>>>>>>>>>>>>>>>>>>>>>>>>>>>>>
09:37:31   binary cross entropy: 0.594919
09:37:37   >>>>>>>>>>>>>>>>>>>>>>>>>>>>>>
09:37:37   Epoch 11 end
09:37:37   ------------------------------
09:37:37   average binary cross entropy: 0.623419
09:37:37   Save checkpoint to model_epoch_12.pth
09:37:37   >>>>>>>>>>>>>>>>>>>>>>>>>>>>>>
09:37:37   Evaluate on valid
09:37:43   mr: 114.502
09:37:43   mrr: 0.106715
09:37:43   hits@1: 0.05025
09:37:43   hits@3: 0.101125
09:37:43   hits@10: 0.2125
09:37:43   Load checkpoint from model_epoch_8.pth
09:37:43   >>>>>>>>>>>>>>>>>>>>>>>>>>>>>>
09:37:43   Evaluate on valid
09:37:48   mr: 114.749
09:37:48   mrr: 0.107484
09:37:48   hits@1: 0.0505625
09:37:48   hits@3: 0.101
09:37:48   hits@10: 0.212125
09:37:48   >>>>>>>>>>>>>>>>>>>>>>>>>>>>>>
09:37:48   Evaluate on test
09:37:54   mr: 112.764
09:37:54   mrr: 0.108876
09:37:54   hits@1: 0.050625
09:37:54   hits@3: 0.105688
09:37:54   hits@10: 0.214438
