/itet-stor/trachsele/net_scratch/conda/lib/python3.12/site-packages/conda/base/context.py:982: FutureWarning: Adding 'defaults' to the channel list implicitly is deprecated and will be removed in 25.3. 

To remove this warning, please choose a default channel explicitly via 'conda config --add channels <name>', e.g. 'conda config --add channels defaults'.
  deprecated.topic(
15:42:10   Random seed: 1024
15:42:10   Config file: config/recommender/first_steps.yaml
15:42:10   {'checkpoint': None,
 'dataset': {'class': 'MovieLens100k', 'root': '~/git/ULTRA/kg-datasets/'},
 'model': {'class': 'Ultra',
           'embedding_item': {'hidden_dims': [32, 32], 'input_dim': 18},
           'embedding_user': {'hidden_dims': [32, 32], 'input_dim': 24},
           'entity_model': {'aggregate_func': 'sum',
                            'class': 'EntityNBFNet',
                            'hidden_dims': [32, 32, 32, 32, 32],
                            'input_dim': 32,
                            'layer_norm': True,
                            'message_func': 'distmult',
                            'short_cut': True},
           'relation_model': {'aggregate_func': 'sum',
                              'class': 'RelNBFNet',
                              'hidden_dims': [8, 8],
                              'input_dim': 8,
                              'layer_norm': True,
                              'message_func': 'distmult',
                              'short_cut': True},
           'simple_model': {'aggregate_func': 'sum',
                            'class': 'SimpleNBFNet',
                            'hidden_dims': [40, 40, 40, 40],
                            'input_dim': 40,
                            'layer_norm': True,
                            'message_func': 'distmult',
                            'short_cut': True}},
 'optimizer': {'class': 'AdamW', 'lr': 0.001},
 'output_dir': '~/git/ULTRA/output',
 'task': {'adversarial_temperature': 0,
          'metric': ['mr', 'mrr', 'hits@1', 'hits@3', 'hits@10'],
          'name': 'TransductiveInference',
          'num_negative': 2,
          'strict_negative': True},
 'train': {'batch_per_epoch': 1000,
           'batch_size': 64,
           'gpus': [0],
           'log_interval': 100,
           'num_epoch': 14}}
wandb: Using wandb-core as the SDK backend. Please refer to https://wandb.me/wandb-core for more information.
wandb: Currently logged in as: pitri (pitri-eth-z-rich). Use `wandb login --relogin` to force relogin
wandb: Tracking run with wandb version 0.18.5
wandb: Run data is saved locally in /home/trachsele/git/ULTRA/output/Ultra/MovieLens100k/2024-11-14-15-42-10/wandb/run-20241114_154211-jniuz2z3
wandb: Run `wandb offline` to turn off syncing.
wandb: Syncing run run-MovieLens100k-2024-11-14_15-42
wandb: ⭐️ View project at https://wandb.ai/pitri-eth-z-rich/tl4rec
wandb: 🚀 View run at https://wandb.ai/pitri-eth-z-rich/tl4rec/runs/jniuz2z3
/usr/itetnas04/data-scratch-01/trachsele/data/tl4rec/ultra/tasks.py:299: UserWarning: Sparse CSR tensor support is in beta state. If you miss a functionality in the sparse tensor support, please submit a feature request to https://github.com/pytorch/pytorch/issues. (Triggered internally at /opt/conda/conda-bld/pytorch_1695392022560/work/aten/src/ATen/SparseCsrTensorImpl.cpp:53.)
  Ahh = torch.sparse.mm(EhT, Eh).coalesce()
15:42:14   MovieLens100k dataset
15:42:14   #train: 64000, #valid: 8000, #test: 8000
15:42:14   ------------------------------
15:42:14   Number of parameters: 57521
15:42:14   >>>>>>>>>>>>>>>>>>>>>>>>>>>>>>
15:42:14   Epoch 0 begin
15:42:17   >>>>>>>>>>>>>>>>>>>>>>>>>>>>>>
15:42:17   binary cross entropy: 0.702666
15:42:17   Note: NumExpr detected 32 cores but "NUMEXPR_MAX_THREADS" not set, so enforcing safe limit of 8.
15:42:17   NumExpr defaulting to 8 threads.
15:42:29   >>>>>>>>>>>>>>>>>>>>>>>>>>>>>>
15:42:29   binary cross entropy: 0.552224
15:42:40   >>>>>>>>>>>>>>>>>>>>>>>>>>>>>>
15:42:40   binary cross entropy: 0.504056
15:42:51   >>>>>>>>>>>>>>>>>>>>>>>>>>>>>>
15:42:51   binary cross entropy: 0.505544
15:43:02   >>>>>>>>>>>>>>>>>>>>>>>>>>>>>>
15:43:02   binary cross entropy: 0.56037
15:43:13   >>>>>>>>>>>>>>>>>>>>>>>>>>>>>>
15:43:13   binary cross entropy: 0.505546
15:43:24   >>>>>>>>>>>>>>>>>>>>>>>>>>>>>>
15:43:25   binary cross entropy: 0.512032
15:43:36   >>>>>>>>>>>>>>>>>>>>>>>>>>>>>>
15:43:36   binary cross entropy: 0.549523
15:43:47   >>>>>>>>>>>>>>>>>>>>>>>>>>>>>>
15:43:47   binary cross entropy: 0.495581
15:43:58   >>>>>>>>>>>>>>>>>>>>>>>>>>>>>>
15:43:58   binary cross entropy: 0.546719
15:44:09   >>>>>>>>>>>>>>>>>>>>>>>>>>>>>>
15:44:09   Epoch 0 end
15:44:09   ------------------------------
15:44:09   average binary cross entropy: 0.536904
15:44:09   >>>>>>>>>>>>>>>>>>>>>>>>>>>>>>
15:44:09   Epoch 1 begin
15:44:09   >>>>>>>>>>>>>>>>>>>>>>>>>>>>>>
15:44:09   binary cross entropy: 0.487141
15:44:21   >>>>>>>>>>>>>>>>>>>>>>>>>>>>>>
15:44:21   binary cross entropy: 0.507689
15:44:32   >>>>>>>>>>>>>>>>>>>>>>>>>>>>>>
15:44:32   binary cross entropy: 0.583439
15:44:43   >>>>>>>>>>>>>>>>>>>>>>>>>>>>>>
15:44:43   binary cross entropy: 0.522929
15:44:55   >>>>>>>>>>>>>>>>>>>>>>>>>>>>>>
15:44:55   binary cross entropy: 0.441528
15:45:06   >>>>>>>>>>>>>>>>>>>>>>>>>>>>>>
15:45:06   binary cross entropy: 0.550932
15:45:17   >>>>>>>>>>>>>>>>>>>>>>>>>>>>>>
15:45:17   binary cross entropy: 0.527941
15:45:28   >>>>>>>>>>>>>>>>>>>>>>>>>>>>>>
15:45:29   binary cross entropy: 0.511829
15:45:40   >>>>>>>>>>>>>>>>>>>>>>>>>>>>>>
15:45:40   binary cross entropy: 0.458721
15:45:51   >>>>>>>>>>>>>>>>>>>>>>>>>>>>>>
15:45:51   binary cross entropy: 0.542165
15:46:02   >>>>>>>>>>>>>>>>>>>>>>>>>>>>>>
15:46:02   Epoch 1 end
15:46:02   ------------------------------
15:46:02   average binary cross entropy: 0.509843
15:46:02   Save checkpoint to model_epoch_2.pth
15:46:02   >>>>>>>>>>>>>>>>>>>>>>>>>>>>>>
15:46:02   Evaluate on valid
15:46:07   mr: 168.097
15:46:07   mrr: 0.0633504
15:46:07   hits@1: 0.02475
15:46:07   hits@3: 0.056625
15:46:07   hits@10: 0.124375
15:46:07   >>>>>>>>>>>>>>>>>>>>>>>>>>>>>>
15:46:07   Epoch 2 begin
15:46:07   >>>>>>>>>>>>>>>>>>>>>>>>>>>>>>
15:46:07   binary cross entropy: 0.457516
15:46:19   >>>>>>>>>>>>>>>>>>>>>>>>>>>>>>
15:46:19   binary cross entropy: 0.583859
15:46:31   >>>>>>>>>>>>>>>>>>>>>>>>>>>>>>
15:46:31   binary cross entropy: 0.476491
15:46:42   >>>>>>>>>>>>>>>>>>>>>>>>>>>>>>
15:46:43   binary cross entropy: 0.496285
15:46:54   >>>>>>>>>>>>>>>>>>>>>>>>>>>>>>
15:46:54   binary cross entropy: 0.512846
15:47:06   >>>>>>>>>>>>>>>>>>>>>>>>>>>>>>
15:47:06   binary cross entropy: 0.539493
15:47:18   >>>>>>>>>>>>>>>>>>>>>>>>>>>>>>
15:47:18   binary cross entropy: 0.513523
15:47:30   >>>>>>>>>>>>>>>>>>>>>>>>>>>>>>
15:47:30   binary cross entropy: 0.494015
15:47:42   >>>>>>>>>>>>>>>>>>>>>>>>>>>>>>
15:47:42   binary cross entropy: 0.577217
15:47:53   >>>>>>>>>>>>>>>>>>>>>>>>>>>>>>
15:47:54   binary cross entropy: 0.545502
15:48:05   >>>>>>>>>>>>>>>>>>>>>>>>>>>>>>
15:48:05   Epoch 2 end
15:48:05   ------------------------------
15:48:05   average binary cross entropy: 0.495672
15:48:05   >>>>>>>>>>>>>>>>>>>>>>>>>>>>>>
15:48:05   Epoch 3 begin
15:48:05   >>>>>>>>>>>>>>>>>>>>>>>>>>>>>>
15:48:05   binary cross entropy: 0.54573
15:48:17   >>>>>>>>>>>>>>>>>>>>>>>>>>>>>>
15:48:17   binary cross entropy: 0.49243
15:48:29   >>>>>>>>>>>>>>>>>>>>>>>>>>>>>>
15:48:29   binary cross entropy: 0.414188
15:48:41   >>>>>>>>>>>>>>>>>>>>>>>>>>>>>>
15:48:41   binary cross entropy: 0.410012
15:48:53   >>>>>>>>>>>>>>>>>>>>>>>>>>>>>>
15:48:53   binary cross entropy: 0.467838
15:49:04   >>>>>>>>>>>>>>>>>>>>>>>>>>>>>>
15:49:04   binary cross entropy: 0.475789
15:49:16   >>>>>>>>>>>>>>>>>>>>>>>>>>>>>>
15:49:16   binary cross entropy: 0.47617
15:49:28   >>>>>>>>>>>>>>>>>>>>>>>>>>>>>>
15:49:28   binary cross entropy: 0.424274
15:49:40   >>>>>>>>>>>>>>>>>>>>>>>>>>>>>>
15:49:40   binary cross entropy: 0.504534
15:49:52   >>>>>>>>>>>>>>>>>>>>>>>>>>>>>>
15:49:52   binary cross entropy: 0.496236
15:50:03   >>>>>>>>>>>>>>>>>>>>>>>>>>>>>>
15:50:03   Epoch 3 end
15:50:03   ------------------------------
15:50:03   average binary cross entropy: 0.485358
15:50:03   Save checkpoint to model_epoch_4.pth
15:50:03   >>>>>>>>>>>>>>>>>>>>>>>>>>>>>>
15:50:03   Evaluate on valid
15:50:08   mr: 150.999
15:50:08   mrr: 0.0769767
15:50:08   hits@1: 0.032625
15:50:08   hits@3: 0.0695625
15:50:08   hits@10: 0.154813
15:50:08   >>>>>>>>>>>>>>>>>>>>>>>>>>>>>>
15:50:08   Epoch 4 begin
15:50:08   >>>>>>>>>>>>>>>>>>>>>>>>>>>>>>
15:50:08   binary cross entropy: 0.479706
15:50:19   >>>>>>>>>>>>>>>>>>>>>>>>>>>>>>
15:50:20   binary cross entropy: 0.447947
15:50:31   >>>>>>>>>>>>>>>>>>>>>>>>>>>>>>
15:50:31   binary cross entropy: 0.442306
15:50:42   >>>>>>>>>>>>>>>>>>>>>>>>>>>>>>
15:50:42   binary cross entropy: 0.496193
15:50:53   >>>>>>>>>>>>>>>>>>>>>>>>>>>>>>
15:50:53   binary cross entropy: 0.474226
15:51:05   >>>>>>>>>>>>>>>>>>>>>>>>>>>>>>
15:51:05   binary cross entropy: 0.450097
15:51:16   >>>>>>>>>>>>>>>>>>>>>>>>>>>>>>
15:51:16   binary cross entropy: 0.531208
15:51:27   >>>>>>>>>>>>>>>>>>>>>>>>>>>>>>
15:51:27   binary cross entropy: 0.574447
15:51:39   >>>>>>>>>>>>>>>>>>>>>>>>>>>>>>
15:51:39   binary cross entropy: 0.524426
15:51:50   >>>>>>>>>>>>>>>>>>>>>>>>>>>>>>
15:51:50   binary cross entropy: 0.48728
15:52:01   >>>>>>>>>>>>>>>>>>>>>>>>>>>>>>
15:52:01   Epoch 4 end
15:52:01   ------------------------------
15:52:01   average binary cross entropy: 0.478563
15:52:01   >>>>>>>>>>>>>>>>>>>>>>>>>>>>>>
15:52:01   Epoch 5 begin
15:52:01   >>>>>>>>>>>>>>>>>>>>>>>>>>>>>>
15:52:01   binary cross entropy: 0.506034
15:52:13   >>>>>>>>>>>>>>>>>>>>>>>>>>>>>>
15:52:13   binary cross entropy: 0.545367
15:52:24   >>>>>>>>>>>>>>>>>>>>>>>>>>>>>>
15:52:24   binary cross entropy: 0.459437
15:52:35   >>>>>>>>>>>>>>>>>>>>>>>>>>>>>>
15:52:35   binary cross entropy: 0.468242
15:52:46   >>>>>>>>>>>>>>>>>>>>>>>>>>>>>>
15:52:47   binary cross entropy: 0.407927
15:52:58   >>>>>>>>>>>>>>>>>>>>>>>>>>>>>>
15:52:58   binary cross entropy: 0.43106
15:53:09   >>>>>>>>>>>>>>>>>>>>>>>>>>>>>>
15:53:09   binary cross entropy: 0.494361
15:53:20   >>>>>>>>>>>>>>>>>>>>>>>>>>>>>>
15:53:20   binary cross entropy: 0.478758
15:53:32   >>>>>>>>>>>>>>>>>>>>>>>>>>>>>>
15:53:32   binary cross entropy: 0.465849
15:53:43   >>>>>>>>>>>>>>>>>>>>>>>>>>>>>>
15:53:43   binary cross entropy: 0.521547
15:53:54   >>>>>>>>>>>>>>>>>>>>>>>>>>>>>>
15:53:54   Epoch 5 end
15:53:54   ------------------------------
15:53:54   average binary cross entropy: 0.474854
15:53:54   Save checkpoint to model_epoch_6.pth
15:53:54   >>>>>>>>>>>>>>>>>>>>>>>>>>>>>>
15:53:54   Evaluate on valid
15:53:59   mr: 154.247
15:53:59   mrr: 0.0766435
15:53:59   hits@1: 0.0331875
15:53:59   hits@3: 0.069125
15:53:59   hits@10: 0.1505
15:53:59   >>>>>>>>>>>>>>>>>>>>>>>>>>>>>>
15:53:59   Epoch 6 begin
15:53:59   >>>>>>>>>>>>>>>>>>>>>>>>>>>>>>
15:53:59   binary cross entropy: 0.503328
15:54:10   >>>>>>>>>>>>>>>>>>>>>>>>>>>>>>
15:54:11   binary cross entropy: 0.449344
15:54:22   >>>>>>>>>>>>>>>>>>>>>>>>>>>>>>
15:54:22   binary cross entropy: 0.546206
15:54:33   >>>>>>>>>>>>>>>>>>>>>>>>>>>>>>
15:54:33   binary cross entropy: 0.501561
15:54:45   >>>>>>>>>>>>>>>>>>>>>>>>>>>>>>
15:54:45   binary cross entropy: 0.583557
15:54:56   >>>>>>>>>>>>>>>>>>>>>>>>>>>>>>
15:54:56   binary cross entropy: 0.441492
15:55:08   >>>>>>>>>>>>>>>>>>>>>>>>>>>>>>
15:55:08   binary cross entropy: 0.487175
15:55:19   >>>>>>>>>>>>>>>>>>>>>>>>>>>>>>
15:55:19   binary cross entropy: 0.505606
15:55:30   >>>>>>>>>>>>>>>>>>>>>>>>>>>>>>
15:55:31   binary cross entropy: 0.386694
15:55:42   >>>>>>>>>>>>>>>>>>>>>>>>>>>>>>
15:55:42   binary cross entropy: 0.410196
15:55:53   >>>>>>>>>>>>>>>>>>>>>>>>>>>>>>
15:55:53   Epoch 6 end
15:55:53   ------------------------------
15:55:53   average binary cross entropy: 0.472068
15:55:53   >>>>>>>>>>>>>>>>>>>>>>>>>>>>>>
15:55:53   Epoch 7 begin
15:55:53   >>>>>>>>>>>>>>>>>>>>>>>>>>>>>>
15:55:53   binary cross entropy: 0.452457
15:56:05   >>>>>>>>>>>>>>>>>>>>>>>>>>>>>>
15:56:05   binary cross entropy: 0.510442
15:56:16   >>>>>>>>>>>>>>>>>>>>>>>>>>>>>>
15:56:16   binary cross entropy: 0.421309
15:56:28   >>>>>>>>>>>>>>>>>>>>>>>>>>>>>>
15:56:28   binary cross entropy: 0.411664
15:56:39   >>>>>>>>>>>>>>>>>>>>>>>>>>>>>>
15:56:39   binary cross entropy: 0.45688
15:56:50   >>>>>>>>>>>>>>>>>>>>>>>>>>>>>>
15:56:51   binary cross entropy: 0.465625
15:57:02   >>>>>>>>>>>>>>>>>>>>>>>>>>>>>>
15:57:02   binary cross entropy: 0.44906
15:57:13   >>>>>>>>>>>>>>>>>>>>>>>>>>>>>>
15:57:13   binary cross entropy: 0.472479
15:57:25   >>>>>>>>>>>>>>>>>>>>>>>>>>>>>>
15:57:25   binary cross entropy: 0.438458
15:57:36   >>>>>>>>>>>>>>>>>>>>>>>>>>>>>>
15:57:36   binary cross entropy: 0.448744
15:57:48   >>>>>>>>>>>>>>>>>>>>>>>>>>>>>>
15:57:48   Epoch 7 end
15:57:48   ------------------------------
15:57:48   average binary cross entropy: 0.469447
15:57:48   Save checkpoint to model_epoch_8.pth
15:57:48   >>>>>>>>>>>>>>>>>>>>>>>>>>>>>>
15:57:48   Evaluate on valid
15:57:52   mr: 144.429
15:57:52   mrr: 0.0823422
15:57:52   hits@1: 0.035875
15:57:52   hits@3: 0.0765
15:57:52   hits@10: 0.163313
15:57:52   >>>>>>>>>>>>>>>>>>>>>>>>>>>>>>
15:57:52   Epoch 8 begin
15:57:52   >>>>>>>>>>>>>>>>>>>>>>>>>>>>>>
15:57:52   binary cross entropy: 0.461607
15:58:04   >>>>>>>>>>>>>>>>>>>>>>>>>>>>>>
15:58:04   binary cross entropy: 0.458778
15:58:15   >>>>>>>>>>>>>>>>>>>>>>>>>>>>>>
15:58:16   binary cross entropy: 0.454717
15:58:27   >>>>>>>>>>>>>>>>>>>>>>>>>>>>>>
15:58:27   binary cross entropy: 0.487764
15:58:39   >>>>>>>>>>>>>>>>>>>>>>>>>>>>>>
15:58:39   binary cross entropy: 0.406403
15:58:50   >>>>>>>>>>>>>>>>>>>>>>>>>>>>>>
15:58:50   binary cross entropy: 0.452371
15:59:02   >>>>>>>>>>>>>>>>>>>>>>>>>>>>>>
15:59:02   binary cross entropy: 0.433296
15:59:14   >>>>>>>>>>>>>>>>>>>>>>>>>>>>>>
15:59:14   binary cross entropy: 0.478668
15:59:25   >>>>>>>>>>>>>>>>>>>>>>>>>>>>>>
15:59:25   binary cross entropy: 0.448279
15:59:37   >>>>>>>>>>>>>>>>>>>>>>>>>>>>>>
15:59:37   binary cross entropy: 0.455226
15:59:48   >>>>>>>>>>>>>>>>>>>>>>>>>>>>>>
15:59:48   Epoch 8 end
15:59:48   ------------------------------
15:59:48   average binary cross entropy: 0.465948
15:59:48   >>>>>>>>>>>>>>>>>>>>>>>>>>>>>>
15:59:48   Epoch 9 begin
15:59:48   >>>>>>>>>>>>>>>>>>>>>>>>>>>>>>
15:59:48   binary cross entropy: 0.433047
16:00:00   >>>>>>>>>>>>>>>>>>>>>>>>>>>>>>
16:00:00   binary cross entropy: 0.415987
16:00:12   >>>>>>>>>>>>>>>>>>>>>>>>>>>>>>
16:00:12   binary cross entropy: 0.468528
16:00:23   >>>>>>>>>>>>>>>>>>>>>>>>>>>>>>
16:00:23   binary cross entropy: 0.490088
16:00:35   >>>>>>>>>>>>>>>>>>>>>>>>>>>>>>
16:00:35   binary cross entropy: 0.496281
16:00:46   >>>>>>>>>>>>>>>>>>>>>>>>>>>>>>
16:00:47   binary cross entropy: 0.455533
16:00:58   >>>>>>>>>>>>>>>>>>>>>>>>>>>>>>
16:00:58   binary cross entropy: 0.449324
16:01:10   >>>>>>>>>>>>>>>>>>>>>>>>>>>>>>
16:01:10   binary cross entropy: 0.437469
16:01:21   >>>>>>>>>>>>>>>>>>>>>>>>>>>>>>
16:01:21   binary cross entropy: 0.420836
16:01:33   >>>>>>>>>>>>>>>>>>>>>>>>>>>>>>
16:01:33   binary cross entropy: 0.458531
16:01:44   >>>>>>>>>>>>>>>>>>>>>>>>>>>>>>
16:01:44   Epoch 9 end
16:01:44   ------------------------------
16:01:44   average binary cross entropy: 0.462973
16:01:44   Save checkpoint to model_epoch_10.pth
16:01:44   >>>>>>>>>>>>>>>>>>>>>>>>>>>>>>
16:01:44   Evaluate on valid
16:01:49   mr: 138.944
16:01:49   mrr: 0.0843295
16:01:49   hits@1: 0.0361875
16:01:49   hits@3: 0.0776875
16:01:49   hits@10: 0.167
16:01:49   >>>>>>>>>>>>>>>>>>>>>>>>>>>>>>
16:01:49   Epoch 10 begin
16:01:49   >>>>>>>>>>>>>>>>>>>>>>>>>>>>>>
16:01:49   binary cross entropy: 0.454487
16:02:01   >>>>>>>>>>>>>>>>>>>>>>>>>>>>>>
16:02:01   binary cross entropy: 0.506415
16:02:12   >>>>>>>>>>>>>>>>>>>>>>>>>>>>>>
16:02:12   binary cross entropy: 0.557319
16:02:24   >>>>>>>>>>>>>>>>>>>>>>>>>>>>>>
16:02:24   binary cross entropy: 0.433366
16:02:35   >>>>>>>>>>>>>>>>>>>>>>>>>>>>>>
16:02:35   binary cross entropy: 0.437758
16:02:47   >>>>>>>>>>>>>>>>>>>>>>>>>>>>>>
16:02:47   binary cross entropy: 0.453993
16:02:58   >>>>>>>>>>>>>>>>>>>>>>>>>>>>>>
16:02:58   binary cross entropy: 0.511057
16:03:10   >>>>>>>>>>>>>>>>>>>>>>>>>>>>>>
16:03:10   binary cross entropy: 0.459974
16:03:21   >>>>>>>>>>>>>>>>>>>>>>>>>>>>>>
16:03:21   binary cross entropy: 0.428992
16:03:32   >>>>>>>>>>>>>>>>>>>>>>>>>>>>>>
16:03:33   binary cross entropy: 0.422138
16:03:44   >>>>>>>>>>>>>>>>>>>>>>>>>>>>>>
16:03:44   Epoch 10 end
16:03:44   ------------------------------
16:03:44   average binary cross entropy: 0.46103
16:03:44   >>>>>>>>>>>>>>>>>>>>>>>>>>>>>>
16:03:44   Epoch 11 begin
16:03:44   >>>>>>>>>>>>>>>>>>>>>>>>>>>>>>
16:03:44   binary cross entropy: 0.494267
16:03:55   >>>>>>>>>>>>>>>>>>>>>>>>>>>>>>
16:03:56   binary cross entropy: 0.462161
16:04:07   >>>>>>>>>>>>>>>>>>>>>>>>>>>>>>
16:04:07   binary cross entropy: 0.450601
16:04:18   >>>>>>>>>>>>>>>>>>>>>>>>>>>>>>
16:04:18   binary cross entropy: 0.391612
16:04:30   >>>>>>>>>>>>>>>>>>>>>>>>>>>>>>
16:04:30   binary cross entropy: 0.444679
16:04:41   >>>>>>>>>>>>>>>>>>>>>>>>>>>>>>
16:04:41   binary cross entropy: 0.464191
16:04:53   >>>>>>>>>>>>>>>>>>>>>>>>>>>>>>
16:04:53   binary cross entropy: 0.446538
16:05:04   >>>>>>>>>>>>>>>>>>>>>>>>>>>>>>
16:05:04   binary cross entropy: 0.420428
16:05:16   >>>>>>>>>>>>>>>>>>>>>>>>>>>>>>
16:05:16   binary cross entropy: 0.497168
16:05:27   >>>>>>>>>>>>>>>>>>>>>>>>>>>>>>
16:05:27   binary cross entropy: 0.468567
16:05:39   >>>>>>>>>>>>>>>>>>>>>>>>>>>>>>
16:05:39   Epoch 11 end
16:05:39   ------------------------------
16:05:39   average binary cross entropy: 0.459431
16:05:39   Save checkpoint to model_epoch_12.pth
16:05:39   >>>>>>>>>>>>>>>>>>>>>>>>>>>>>>
16:05:39   Evaluate on valid
16:05:43   mr: 140.429
16:05:43   mrr: 0.0846546
16:05:43   hits@1: 0.0368125
16:05:43   hits@3: 0.078625
16:05:43   hits@10: 0.1675
16:05:43   >>>>>>>>>>>>>>>>>>>>>>>>>>>>>>
16:05:43   Epoch 12 begin
16:05:43   >>>>>>>>>>>>>>>>>>>>>>>>>>>>>>
16:05:43   binary cross entropy: 0.496799
16:05:55   >>>>>>>>>>>>>>>>>>>>>>>>>>>>>>
16:05:55   binary cross entropy: 0.504092
16:06:06   >>>>>>>>>>>>>>>>>>>>>>>>>>>>>>
16:06:07   binary cross entropy: 0.397962
16:06:18   >>>>>>>>>>>>>>>>>>>>>>>>>>>>>>
16:06:18   binary cross entropy: 0.457971
16:06:30   >>>>>>>>>>>>>>>>>>>>>>>>>>>>>>
16:06:30   binary cross entropy: 0.455677
16:06:41   >>>>>>>>>>>>>>>>>>>>>>>>>>>>>>
16:06:41   binary cross entropy: 0.483607
16:06:53   >>>>>>>>>>>>>>>>>>>>>>>>>>>>>>
16:06:53   binary cross entropy: 0.524093
16:07:04   >>>>>>>>>>>>>>>>>>>>>>>>>>>>>>
16:07:04   binary cross entropy: 0.440571
16:07:16   >>>>>>>>>>>>>>>>>>>>>>>>>>>>>>
16:07:16   binary cross entropy: 0.442158
16:07:27   >>>>>>>>>>>>>>>>>>>>>>>>>>>>>>
16:07:27   binary cross entropy: 0.442541
16:07:39   >>>>>>>>>>>>>>>>>>>>>>>>>>>>>>
16:07:39   Epoch 12 end
16:07:39   ------------------------------
16:07:39   average binary cross entropy: 0.457157
16:07:39   >>>>>>>>>>>>>>>>>>>>>>>>>>>>>>
16:07:39   Epoch 13 begin
16:07:39   >>>>>>>>>>>>>>>>>>>>>>>>>>>>>>
16:07:39   binary cross entropy: 0.413401
16:07:50   >>>>>>>>>>>>>>>>>>>>>>>>>>>>>>
16:07:50   binary cross entropy: 0.45836
16:08:02   >>>>>>>>>>>>>>>>>>>>>>>>>>>>>>
16:08:02   binary cross entropy: 0.407848
16:08:13   >>>>>>>>>>>>>>>>>>>>>>>>>>>>>>
16:08:13   binary cross entropy: 0.437159
16:08:25   >>>>>>>>>>>>>>>>>>>>>>>>>>>>>>
16:08:25   binary cross entropy: 0.44794
16:08:36   >>>>>>>>>>>>>>>>>>>>>>>>>>>>>>
16:08:36   binary cross entropy: 0.447635
16:08:48   >>>>>>>>>>>>>>>>>>>>>>>>>>>>>>
16:08:48   binary cross entropy: 0.446263
16:08:59   >>>>>>>>>>>>>>>>>>>>>>>>>>>>>>
16:08:59   binary cross entropy: 0.450086
16:09:11   >>>>>>>>>>>>>>>>>>>>>>>>>>>>>>
16:09:11   binary cross entropy: 0.460635
16:09:22   >>>>>>>>>>>>>>>>>>>>>>>>>>>>>>
16:09:22   binary cross entropy: 0.462978
16:09:34   >>>>>>>>>>>>>>>>>>>>>>>>>>>>>>
16:09:34   Epoch 13 end
16:09:34   ------------------------------
16:09:34   average binary cross entropy: 0.452479
16:09:34   Save checkpoint to model_epoch_14.pth
16:09:34   >>>>>>>>>>>>>>>>>>>>>>>>>>>>>>
16:09:34   Evaluate on valid
16:09:39   mr: 138.185
16:09:39   mrr: 0.0825851
16:09:39   hits@1: 0.033125
16:09:39   hits@3: 0.0770625
16:09:39   hits@10: 0.169563
16:09:39   Load checkpoint from model_epoch_12.pth
16:09:39   >>>>>>>>>>>>>>>>>>>>>>>>>>>>>>
16:09:39   Evaluate on valid
16:09:43   mr: 140.429
16:09:43   mrr: 0.0846546
16:09:43   hits@1: 0.0368125
16:09:43   hits@3: 0.078625
16:09:43   hits@10: 0.1675
16:09:43   >>>>>>>>>>>>>>>>>>>>>>>>>>>>>>
16:09:43   Evaluate on test
16:09:48   mr: 139.793
16:09:48   mrr: 0.0843147
16:09:48   hits@1: 0.03475
16:09:48   hits@3: 0.07925
16:09:48   hits@10: 0.17225
