/itet-stor/trachsele/net_scratch/conda/lib/python3.12/site-packages/conda/base/context.py:982: FutureWarning: Adding 'defaults' to the channel list implicitly is deprecated and will be removed in 25.3. 

To remove this warning, please choose a default channel explicitly via 'conda config --add channels <name>', e.g. 'conda config --add channels defaults'.
  deprecated.topic(
10:07:13   Random seed: 1024
10:07:13   Config file: config/recommender/first_steps.yaml
10:07:13   {'checkpoint': None,
 'dataset': {'class': 'MovieLens100k', 'root': '~/git/ULTRA/kg-datasets/'},
 'model': {'class': 'Ultra',
           'embedding_item': {'hidden_dims': [32, 32], 'input_dim': 18},
           'embedding_user': {'hidden_dims': [32, 32], 'input_dim': 24},
           'entity_model': {'aggregate_func': 'sum',
                            'class': 'EntityNBFNet',
                            'hidden_dims': [32, 32, 32, 32, 32],
                            'input_dim': 32,
                            'layer_norm': True,
                            'message_func': 'distmult',
                            'short_cut': True},
           'relation_model': {'aggregate_func': 'sum',
                              'class': 'RelNBFNet',
                              'hidden_dims': [8, 8],
                              'input_dim': 8,
                              'layer_norm': True,
                              'message_func': 'distmult',
                              'short_cut': True},
           'simple_model': {'aggregate_func': 'sum',
                            'class': 'SimpleNBFNet',
                            'hidden_dims': [40, 40, 40, 40],
                            'input_dim': 40,
                            'layer_norm': True,
                            'message_func': 'distmult',
                            'short_cut': True}},
 'optimizer': {'class': 'AdamW', 'lr': 0.005},
 'output_dir': '~/git/ULTRA/output',
 'task': {'adversarial_temperature': 0,
          'metric': ['mr', 'mrr', 'hits@1', 'hits@3', 'hits@10'],
          'name': 'TransductiveInference',
          'num_negative': 32,
          'strict_negative': True},
 'train': {'batch_per_epoch': 1978,
           'batch_size': 32,
           'gpus': [0],
           'log_interval': 100,
           'num_epoch': 20}}
wandb: Using wandb-core as the SDK backend. Please refer to https://wandb.me/wandb-core for more information.
wandb: Currently logged in as: pitri (pitri-eth-z-rich). Use `wandb login --relogin` to force relogin
wandb: Tracking run with wandb version 0.18.5
wandb: Run data is saved locally in /home/trachsele/git/ULTRA/output/Ultra/MovieLens100k/2024-11-20-10-07-13/wandb/run-20241120_100715-x719c95z
wandb: Run `wandb offline` to turn off syncing.
wandb: Syncing run run-MovieLens100k-2024-11-20_10-07
wandb: ⭐️ View project at https://wandb.ai/pitri-eth-z-rich/tl4rec
wandb: 🚀 View run at https://wandb.ai/pitri-eth-z-rich/tl4rec/runs/x719c95z
/usr/itetnas04/data-scratch-01/trachsele/data/tl4rec/ultra/tasks.py:299: UserWarning: Sparse CSR tensor support is in beta state. If you miss a functionality in the sparse tensor support, please submit a feature request to https://github.com/pytorch/pytorch/issues. (Triggered internally at /opt/conda/conda-bld/pytorch_1695392022560/work/aten/src/ATen/SparseCsrTensorImpl.cpp:53.)
  Ahh = torch.sparse.mm(EhT, Eh).coalesce()
10:07:21   MovieLens100k dataset
10:07:21   #train: 63283, #valid: 7882, #test: 8694
10:07:21   ------------------------------
10:07:21   Number of parameters: 57521
10:07:21   >>>>>>>>>>>>>>>>>>>>>>>>>>>>>>
10:07:21   Epoch 0 begin
10:07:29   >>>>>>>>>>>>>>>>>>>>>>>>>>>>>>
10:07:29   binary cross entropy: 0.705544
10:07:30   Note: detected 128 virtual cores but NumExpr set to maximum of 64, check "NUMEXPR_MAX_THREADS" environment variable.
10:07:30   Note: NumExpr detected 128 cores but "NUMEXPR_MAX_THREADS" not set, so enforcing safe limit of 8.
10:07:30   NumExpr defaulting to 8 threads.
10:07:39   >>>>>>>>>>>>>>>>>>>>>>>>>>>>>>
10:07:39   binary cross entropy: 0.668203
10:07:45   >>>>>>>>>>>>>>>>>>>>>>>>>>>>>>
10:07:45   binary cross entropy: 0.648392
10:07:50   >>>>>>>>>>>>>>>>>>>>>>>>>>>>>>
10:07:50   binary cross entropy: 0.477971
10:07:56   >>>>>>>>>>>>>>>>>>>>>>>>>>>>>>
10:07:56   binary cross entropy: 0.470022
10:08:02   >>>>>>>>>>>>>>>>>>>>>>>>>>>>>>
10:08:02   binary cross entropy: 0.512751
10:08:08   >>>>>>>>>>>>>>>>>>>>>>>>>>>>>>
10:08:08   binary cross entropy: 0.577954
10:08:13   >>>>>>>>>>>>>>>>>>>>>>>>>>>>>>
10:08:14   binary cross entropy: 0.572455
10:08:19   >>>>>>>>>>>>>>>>>>>>>>>>>>>>>>
10:08:19   binary cross entropy: 0.490528
10:08:25   >>>>>>>>>>>>>>>>>>>>>>>>>>>>>>
10:08:25   binary cross entropy: 0.449156
10:08:31   >>>>>>>>>>>>>>>>>>>>>>>>>>>>>>
10:08:31   binary cross entropy: 0.521832
10:08:37   >>>>>>>>>>>>>>>>>>>>>>>>>>>>>>
10:08:37   binary cross entropy: 0.512838
10:08:43   >>>>>>>>>>>>>>>>>>>>>>>>>>>>>>
10:08:43   binary cross entropy: 0.468183
10:08:48   >>>>>>>>>>>>>>>>>>>>>>>>>>>>>>
10:08:49   binary cross entropy: 0.495289
10:08:54   >>>>>>>>>>>>>>>>>>>>>>>>>>>>>>
10:08:54   binary cross entropy: 0.501004
10:09:00   >>>>>>>>>>>>>>>>>>>>>>>>>>>>>>
10:09:00   binary cross entropy: 0.530059
10:09:06   >>>>>>>>>>>>>>>>>>>>>>>>>>>>>>
10:09:06   binary cross entropy: 0.566755
10:09:12   >>>>>>>>>>>>>>>>>>>>>>>>>>>>>>
10:09:12   binary cross entropy: 0.53678
10:09:18   >>>>>>>>>>>>>>>>>>>>>>>>>>>>>>
10:09:18   binary cross entropy: 0.46575
10:09:23   >>>>>>>>>>>>>>>>>>>>>>>>>>>>>>
10:09:23   binary cross entropy: 0.510927
10:09:28   >>>>>>>>>>>>>>>>>>>>>>>>>>>>>>
10:09:28   Epoch 0 end
10:09:28   ------------------------------
10:09:28   average binary cross entropy: 0.535706
10:09:28   >>>>>>>>>>>>>>>>>>>>>>>>>>>>>>
10:09:28   Epoch 1 begin
10:09:29   >>>>>>>>>>>>>>>>>>>>>>>>>>>>>>
10:09:29   binary cross entropy: 0.489654
10:09:35   >>>>>>>>>>>>>>>>>>>>>>>>>>>>>>
10:09:35   binary cross entropy: 0.595737
10:09:41   >>>>>>>>>>>>>>>>>>>>>>>>>>>>>>
10:09:41   binary cross entropy: 0.541354
10:09:47   >>>>>>>>>>>>>>>>>>>>>>>>>>>>>>
10:09:47   binary cross entropy: 0.481271
10:09:53   >>>>>>>>>>>>>>>>>>>>>>>>>>>>>>
10:09:53   binary cross entropy: 0.515532
10:09:59   >>>>>>>>>>>>>>>>>>>>>>>>>>>>>>
10:09:59   binary cross entropy: 0.596532
10:10:04   >>>>>>>>>>>>>>>>>>>>>>>>>>>>>>
10:10:04   binary cross entropy: 0.522476
10:10:10   >>>>>>>>>>>>>>>>>>>>>>>>>>>>>>
10:10:10   binary cross entropy: 0.498399
10:10:16   >>>>>>>>>>>>>>>>>>>>>>>>>>>>>>
10:10:16   binary cross entropy: 0.487876
10:10:22   >>>>>>>>>>>>>>>>>>>>>>>>>>>>>>
10:10:22   binary cross entropy: 0.549902
10:10:28   >>>>>>>>>>>>>>>>>>>>>>>>>>>>>>
10:10:28   binary cross entropy: 0.564194
10:10:34   >>>>>>>>>>>>>>>>>>>>>>>>>>>>>>
10:10:34   binary cross entropy: 0.526397
10:10:40   >>>>>>>>>>>>>>>>>>>>>>>>>>>>>>
10:10:40   binary cross entropy: 0.400456
10:10:46   >>>>>>>>>>>>>>>>>>>>>>>>>>>>>>
10:10:46   binary cross entropy: 0.491896
10:10:51   >>>>>>>>>>>>>>>>>>>>>>>>>>>>>>
10:10:51   binary cross entropy: 0.504481
10:10:57   >>>>>>>>>>>>>>>>>>>>>>>>>>>>>>
10:10:57   binary cross entropy: 0.520494
10:11:03   >>>>>>>>>>>>>>>>>>>>>>>>>>>>>>
10:11:03   binary cross entropy: 0.470452
10:11:09   >>>>>>>>>>>>>>>>>>>>>>>>>>>>>>
10:11:09   binary cross entropy: 0.482734
10:11:15   >>>>>>>>>>>>>>>>>>>>>>>>>>>>>>
10:11:15   binary cross entropy: 0.513204
10:11:21   >>>>>>>>>>>>>>>>>>>>>>>>>>>>>>
10:11:21   binary cross entropy: 0.499161
10:11:24   >>>>>>>>>>>>>>>>>>>>>>>>>>>>>>
10:11:24   Epoch 1 end
10:11:24   ------------------------------
10:11:24   average binary cross entropy: 0.509246
10:11:24   Save checkpoint to model_epoch_2.pth
10:11:24   >>>>>>>>>>>>>>>>>>>>>>>>>>>>>>
10:11:24   Evaluate on valid
10:11:30   mr: 158.283
10:11:30   mrr: 0.07092
10:11:30   hits@1: 0.0303223
10:11:30   hits@3: 0.0634357
10:11:30   hits@10: 0.138607
10:11:30   >>>>>>>>>>>>>>>>>>>>>>>>>>>>>>
10:11:30   Epoch 2 begin
10:11:33   >>>>>>>>>>>>>>>>>>>>>>>>>>>>>>
10:11:33   binary cross entropy: 0.548636
10:11:38   >>>>>>>>>>>>>>>>>>>>>>>>>>>>>>
10:11:38   binary cross entropy: 0.529772
10:11:44   >>>>>>>>>>>>>>>>>>>>>>>>>>>>>>
10:11:44   binary cross entropy: 0.498205
10:11:50   >>>>>>>>>>>>>>>>>>>>>>>>>>>>>>
10:11:50   binary cross entropy: 0.509583
10:11:56   >>>>>>>>>>>>>>>>>>>>>>>>>>>>>>
10:11:56   binary cross entropy: 0.504172
10:12:02   >>>>>>>>>>>>>>>>>>>>>>>>>>>>>>
10:12:02   binary cross entropy: 0.503757
10:12:08   >>>>>>>>>>>>>>>>>>>>>>>>>>>>>>
10:12:08   binary cross entropy: 0.538464
10:12:14   >>>>>>>>>>>>>>>>>>>>>>>>>>>>>>
10:12:14   binary cross entropy: 0.444766
10:12:20   >>>>>>>>>>>>>>>>>>>>>>>>>>>>>>
10:12:20   binary cross entropy: 0.490806
10:12:25   >>>>>>>>>>>>>>>>>>>>>>>>>>>>>>
10:12:25   binary cross entropy: 0.540318
10:12:31   >>>>>>>>>>>>>>>>>>>>>>>>>>>>>>
10:12:31   binary cross entropy: 0.412406
10:12:37   >>>>>>>>>>>>>>>>>>>>>>>>>>>>>>
10:12:37   binary cross entropy: 0.518196
10:12:43   >>>>>>>>>>>>>>>>>>>>>>>>>>>>>>
10:12:43   binary cross entropy: 0.425554
10:12:49   >>>>>>>>>>>>>>>>>>>>>>>>>>>>>>
10:12:49   binary cross entropy: 0.549537
10:12:55   >>>>>>>>>>>>>>>>>>>>>>>>>>>>>>
10:12:55   binary cross entropy: 0.436408
10:13:01   >>>>>>>>>>>>>>>>>>>>>>>>>>>>>>
10:13:01   binary cross entropy: 0.555877
10:13:07   >>>>>>>>>>>>>>>>>>>>>>>>>>>>>>
10:13:07   binary cross entropy: 0.428078
10:13:12   >>>>>>>>>>>>>>>>>>>>>>>>>>>>>>
10:13:13   binary cross entropy: 0.44209
10:13:18   >>>>>>>>>>>>>>>>>>>>>>>>>>>>>>
10:13:18   binary cross entropy: 0.55281
10:13:24   >>>>>>>>>>>>>>>>>>>>>>>>>>>>>>
10:13:24   binary cross entropy: 0.552725
10:13:26   >>>>>>>>>>>>>>>>>>>>>>>>>>>>>>
10:13:26   Epoch 2 end
10:13:26   ------------------------------
10:13:26   average binary cross entropy: 0.49334
10:13:26   >>>>>>>>>>>>>>>>>>>>>>>>>>>>>>
10:13:26   Epoch 3 begin
10:13:30   >>>>>>>>>>>>>>>>>>>>>>>>>>>>>>
10:13:30   binary cross entropy: 0.506659
10:13:36   >>>>>>>>>>>>>>>>>>>>>>>>>>>>>>
10:13:36   binary cross entropy: 0.447889
10:13:42   >>>>>>>>>>>>>>>>>>>>>>>>>>>>>>
10:13:42   binary cross entropy: 0.430751
10:13:48   >>>>>>>>>>>>>>>>>>>>>>>>>>>>>>
10:13:48   binary cross entropy: 0.48177
10:13:54   >>>>>>>>>>>>>>>>>>>>>>>>>>>>>>
10:13:54   binary cross entropy: 0.524363
10:14:00   >>>>>>>>>>>>>>>>>>>>>>>>>>>>>>
10:14:00   binary cross entropy: 0.472259
10:14:06   >>>>>>>>>>>>>>>>>>>>>>>>>>>>>>
10:14:06   binary cross entropy: 0.559787
10:14:11   >>>>>>>>>>>>>>>>>>>>>>>>>>>>>>
10:14:11   binary cross entropy: 0.480534
10:14:17   >>>>>>>>>>>>>>>>>>>>>>>>>>>>>>
10:14:17   binary cross entropy: 0.482004
10:14:23   >>>>>>>>>>>>>>>>>>>>>>>>>>>>>>
10:14:23   binary cross entropy: 0.522046
10:14:29   >>>>>>>>>>>>>>>>>>>>>>>>>>>>>>
10:14:29   binary cross entropy: 0.517616
10:14:35   >>>>>>>>>>>>>>>>>>>>>>>>>>>>>>
10:14:35   binary cross entropy: 0.465561
10:14:41   >>>>>>>>>>>>>>>>>>>>>>>>>>>>>>
10:14:41   binary cross entropy: 0.462142
10:14:47   >>>>>>>>>>>>>>>>>>>>>>>>>>>>>>
10:14:47   binary cross entropy: 0.509931
10:14:53   >>>>>>>>>>>>>>>>>>>>>>>>>>>>>>
10:14:53   binary cross entropy: 0.459534
10:14:59   >>>>>>>>>>>>>>>>>>>>>>>>>>>>>>
10:14:59   binary cross entropy: 0.475634
10:15:05   >>>>>>>>>>>>>>>>>>>>>>>>>>>>>>
10:15:05   binary cross entropy: 0.457323
10:15:11   >>>>>>>>>>>>>>>>>>>>>>>>>>>>>>
10:15:11   binary cross entropy: 0.434108
10:15:17   >>>>>>>>>>>>>>>>>>>>>>>>>>>>>>
10:15:17   binary cross entropy: 0.417624
10:15:23   >>>>>>>>>>>>>>>>>>>>>>>>>>>>>>
10:15:23   binary cross entropy: 0.485898
10:15:23   >>>>>>>>>>>>>>>>>>>>>>>>>>>>>>
10:15:23   Epoch 3 end
10:15:23   ------------------------------
10:15:23   average binary cross entropy: 0.485299
10:15:23   Save checkpoint to model_epoch_4.pth
10:15:23   >>>>>>>>>>>>>>>>>>>>>>>>>>>>>>
10:15:23   Evaluate on valid
10:15:29   mr: 136.639
10:15:29   mrr: 0.0795509
10:15:29   hits@1: 0.032035
10:15:29   hits@3: 0.0731413
10:15:29   hits@10: 0.162332
10:15:29   >>>>>>>>>>>>>>>>>>>>>>>>>>>>>>
10:15:29   Epoch 4 begin
10:15:34   >>>>>>>>>>>>>>>>>>>>>>>>>>>>>>
10:15:34   binary cross entropy: 0.475697
10:15:40   >>>>>>>>>>>>>>>>>>>>>>>>>>>>>>
10:15:40   binary cross entropy: 0.457285
10:15:46   >>>>>>>>>>>>>>>>>>>>>>>>>>>>>>
10:15:46   binary cross entropy: 0.504927
10:15:52   >>>>>>>>>>>>>>>>>>>>>>>>>>>>>>
10:15:52   binary cross entropy: 0.436625
10:15:57   >>>>>>>>>>>>>>>>>>>>>>>>>>>>>>
10:15:57   binary cross entropy: 0.520635
10:16:03   >>>>>>>>>>>>>>>>>>>>>>>>>>>>>>
10:16:03   binary cross entropy: 0.478152
10:16:09   >>>>>>>>>>>>>>>>>>>>>>>>>>>>>>
10:16:09   binary cross entropy: 0.459523
10:16:15   >>>>>>>>>>>>>>>>>>>>>>>>>>>>>>
10:16:15   binary cross entropy: 0.521097
10:16:21   >>>>>>>>>>>>>>>>>>>>>>>>>>>>>>
10:16:21   binary cross entropy: 0.419264
10:16:27   >>>>>>>>>>>>>>>>>>>>>>>>>>>>>>
10:16:27   binary cross entropy: 0.530367
10:16:33   >>>>>>>>>>>>>>>>>>>>>>>>>>>>>>
10:16:33   binary cross entropy: 0.423825
10:16:39   >>>>>>>>>>>>>>>>>>>>>>>>>>>>>>
10:16:39   binary cross entropy: 0.506768
10:16:45   >>>>>>>>>>>>>>>>>>>>>>>>>>>>>>
10:16:45   binary cross entropy: 0.508184
10:16:51   >>>>>>>>>>>>>>>>>>>>>>>>>>>>>>
10:16:51   binary cross entropy: 0.561999
10:16:57   >>>>>>>>>>>>>>>>>>>>>>>>>>>>>>
10:16:57   binary cross entropy: 0.60407
10:17:02   >>>>>>>>>>>>>>>>>>>>>>>>>>>>>>
10:17:02   binary cross entropy: 0.474364
10:17:08   >>>>>>>>>>>>>>>>>>>>>>>>>>>>>>
10:17:08   binary cross entropy: 0.441936
10:17:14   >>>>>>>>>>>>>>>>>>>>>>>>>>>>>>
10:17:14   binary cross entropy: 0.47445
10:17:20   >>>>>>>>>>>>>>>>>>>>>>>>>>>>>>
10:17:20   binary cross entropy: 0.47998
10:17:25   >>>>>>>>>>>>>>>>>>>>>>>>>>>>>>
10:17:25   Epoch 4 end
10:17:25   ------------------------------
10:17:25   average binary cross entropy: 0.48128
10:17:25   >>>>>>>>>>>>>>>>>>>>>>>>>>>>>>
10:17:25   Epoch 5 begin
10:17:26   >>>>>>>>>>>>>>>>>>>>>>>>>>>>>>
10:17:26   binary cross entropy: 0.500984
10:17:32   >>>>>>>>>>>>>>>>>>>>>>>>>>>>>>
10:17:32   binary cross entropy: 0.504557
10:17:38   >>>>>>>>>>>>>>>>>>>>>>>>>>>>>>
10:17:38   binary cross entropy: 0.45206
10:17:44   >>>>>>>>>>>>>>>>>>>>>>>>>>>>>>
10:17:44   binary cross entropy: 0.483164
10:17:50   >>>>>>>>>>>>>>>>>>>>>>>>>>>>>>
10:17:50   binary cross entropy: 0.481806
10:17:56   >>>>>>>>>>>>>>>>>>>>>>>>>>>>>>
10:17:56   binary cross entropy: 0.505221
10:18:02   >>>>>>>>>>>>>>>>>>>>>>>>>>>>>>
10:18:02   binary cross entropy: 0.455873
10:18:07   >>>>>>>>>>>>>>>>>>>>>>>>>>>>>>
10:18:08   binary cross entropy: 0.404838
10:18:13   >>>>>>>>>>>>>>>>>>>>>>>>>>>>>>
10:18:13   binary cross entropy: 0.453255
10:18:19   >>>>>>>>>>>>>>>>>>>>>>>>>>>>>>
10:18:19   binary cross entropy: 0.454425
10:18:25   >>>>>>>>>>>>>>>>>>>>>>>>>>>>>>
10:18:25   binary cross entropy: 0.423352
10:18:31   >>>>>>>>>>>>>>>>>>>>>>>>>>>>>>
10:18:31   binary cross entropy: 0.513115
10:18:37   >>>>>>>>>>>>>>>>>>>>>>>>>>>>>>
10:18:37   binary cross entropy: 0.462386
10:18:43   >>>>>>>>>>>>>>>>>>>>>>>>>>>>>>
10:18:43   binary cross entropy: 0.439565
10:18:49   >>>>>>>>>>>>>>>>>>>>>>>>>>>>>>
10:18:49   binary cross entropy: 0.502919
10:18:55   >>>>>>>>>>>>>>>>>>>>>>>>>>>>>>
10:18:55   binary cross entropy: 0.458834
10:19:01   >>>>>>>>>>>>>>>>>>>>>>>>>>>>>>
10:19:01   binary cross entropy: 0.501319
10:19:07   >>>>>>>>>>>>>>>>>>>>>>>>>>>>>>
10:19:07   binary cross entropy: 0.443824
10:19:13   >>>>>>>>>>>>>>>>>>>>>>>>>>>>>>
10:19:13   binary cross entropy: 0.441661
10:19:18   >>>>>>>>>>>>>>>>>>>>>>>>>>>>>>
10:19:18   binary cross entropy: 0.457314
10:19:22   >>>>>>>>>>>>>>>>>>>>>>>>>>>>>>
10:19:22   Epoch 5 end
10:19:22   ------------------------------
10:19:22   average binary cross entropy: 0.475956
10:19:22   Save checkpoint to model_epoch_6.pth
10:19:22   >>>>>>>>>>>>>>>>>>>>>>>>>>>>>>
10:19:22   Evaluate on valid
10:19:28   mr: 133.38
10:19:28   mrr: 0.0826314
10:19:28   hits@1: 0.0341284
10:19:28   hits@3: 0.0773281
10:19:28   hits@10: 0.165884
10:19:28   >>>>>>>>>>>>>>>>>>>>>>>>>>>>>>
10:19:28   Epoch 6 begin
10:19:30   >>>>>>>>>>>>>>>>>>>>>>>>>>>>>>
10:19:30   binary cross entropy: 0.568534
10:19:36   >>>>>>>>>>>>>>>>>>>>>>>>>>>>>>
10:19:36   binary cross entropy: 0.516691
10:19:42   >>>>>>>>>>>>>>>>>>>>>>>>>>>>>>
10:19:42   binary cross entropy: 0.408484
10:19:47   >>>>>>>>>>>>>>>>>>>>>>>>>>>>>>
10:19:47   binary cross entropy: 0.441563
10:19:53   >>>>>>>>>>>>>>>>>>>>>>>>>>>>>>
10:19:53   binary cross entropy: 0.466364
10:19:59   >>>>>>>>>>>>>>>>>>>>>>>>>>>>>>
10:19:59   binary cross entropy: 0.494287
10:20:05   >>>>>>>>>>>>>>>>>>>>>>>>>>>>>>
10:20:05   binary cross entropy: 0.510375
10:20:11   >>>>>>>>>>>>>>>>>>>>>>>>>>>>>>
10:20:11   binary cross entropy: 0.559067
10:20:17   >>>>>>>>>>>>>>>>>>>>>>>>>>>>>>
10:20:17   binary cross entropy: 0.51014
10:20:23   >>>>>>>>>>>>>>>>>>>>>>>>>>>>>>
10:20:23   binary cross entropy: 0.456443
10:20:29   >>>>>>>>>>>>>>>>>>>>>>>>>>>>>>
10:20:29   binary cross entropy: 0.43108
10:20:35   >>>>>>>>>>>>>>>>>>>>>>>>>>>>>>
10:20:35   binary cross entropy: 0.541151
10:20:41   >>>>>>>>>>>>>>>>>>>>>>>>>>>>>>
10:20:41   binary cross entropy: 0.419779
10:20:47   >>>>>>>>>>>>>>>>>>>>>>>>>>>>>>
10:20:47   binary cross entropy: 0.451375
10:20:52   >>>>>>>>>>>>>>>>>>>>>>>>>>>>>>
10:20:52   binary cross entropy: 0.448909
10:20:58   >>>>>>>>>>>>>>>>>>>>>>>>>>>>>>
10:20:58   binary cross entropy: 0.503838
10:21:04   >>>>>>>>>>>>>>>>>>>>>>>>>>>>>>
10:21:04   binary cross entropy: 0.499287
10:21:10   >>>>>>>>>>>>>>>>>>>>>>>>>>>>>>
10:21:10   binary cross entropy: 0.435858
10:21:16   >>>>>>>>>>>>>>>>>>>>>>>>>>>>>>
10:21:16   binary cross entropy: 0.452197
10:21:22   >>>>>>>>>>>>>>>>>>>>>>>>>>>>>>
10:21:22   binary cross entropy: 0.474958
10:21:25   >>>>>>>>>>>>>>>>>>>>>>>>>>>>>>
10:21:25   Epoch 6 end
10:21:25   ------------------------------
10:21:25   average binary cross entropy: 0.47189
10:21:25   >>>>>>>>>>>>>>>>>>>>>>>>>>>>>>
10:21:25   Epoch 7 begin
10:21:28   >>>>>>>>>>>>>>>>>>>>>>>>>>>>>>
10:21:28   binary cross entropy: 0.401887
10:21:34   >>>>>>>>>>>>>>>>>>>>>>>>>>>>>>
10:21:34   binary cross entropy: 0.451039
10:21:40   >>>>>>>>>>>>>>>>>>>>>>>>>>>>>>
10:21:40   binary cross entropy: 0.484328
10:21:46   >>>>>>>>>>>>>>>>>>>>>>>>>>>>>>
10:21:46   binary cross entropy: 0.479077
10:21:51   >>>>>>>>>>>>>>>>>>>>>>>>>>>>>>
10:21:52   binary cross entropy: 0.521703
10:21:57   >>>>>>>>>>>>>>>>>>>>>>>>>>>>>>
10:21:57   binary cross entropy: 0.453719
10:22:03   >>>>>>>>>>>>>>>>>>>>>>>>>>>>>>
10:22:03   binary cross entropy: 0.47611
10:22:09   >>>>>>>>>>>>>>>>>>>>>>>>>>>>>>
10:22:09   binary cross entropy: 0.452514
10:22:15   >>>>>>>>>>>>>>>>>>>>>>>>>>>>>>
10:22:15   binary cross entropy: 0.465027
10:22:21   >>>>>>>>>>>>>>>>>>>>>>>>>>>>>>
10:22:21   binary cross entropy: 0.456369
10:22:27   >>>>>>>>>>>>>>>>>>>>>>>>>>>>>>
10:22:27   binary cross entropy: 0.434185
10:22:33   >>>>>>>>>>>>>>>>>>>>>>>>>>>>>>
10:22:33   binary cross entropy: 0.481315
10:22:39   >>>>>>>>>>>>>>>>>>>>>>>>>>>>>>
10:22:39   binary cross entropy: 0.441217
10:22:45   >>>>>>>>>>>>>>>>>>>>>>>>>>>>>>
10:22:45   binary cross entropy: 0.461228
10:22:51   >>>>>>>>>>>>>>>>>>>>>>>>>>>>>>
10:22:51   binary cross entropy: 0.482957
10:22:56   >>>>>>>>>>>>>>>>>>>>>>>>>>>>>>
10:22:57   binary cross entropy: 0.487414
10:23:02   >>>>>>>>>>>>>>>>>>>>>>>>>>>>>>
10:23:02   binary cross entropy: 0.472695
10:23:08   >>>>>>>>>>>>>>>>>>>>>>>>>>>>>>
10:23:08   binary cross entropy: 0.430009
10:23:14   >>>>>>>>>>>>>>>>>>>>>>>>>>>>>>
10:23:14   binary cross entropy: 0.469642
10:23:20   >>>>>>>>>>>>>>>>>>>>>>>>>>>>>>
10:23:20   binary cross entropy: 0.390436
10:23:21   >>>>>>>>>>>>>>>>>>>>>>>>>>>>>>
10:23:21   Epoch 7 end
10:23:21   ------------------------------
10:23:21   average binary cross entropy: 0.470593
10:23:21   Save checkpoint to model_epoch_8.pth
10:23:22   >>>>>>>>>>>>>>>>>>>>>>>>>>>>>>
10:23:22   Evaluate on valid
10:23:27   mr: 131.459
10:23:27   mrr: 0.0857078
10:23:27   hits@1: 0.0355874
10:23:27   hits@3: 0.081832
10:23:27   hits@10: 0.174575
10:23:27   >>>>>>>>>>>>>>>>>>>>>>>>>>>>>>
10:23:27   Epoch 8 begin
10:23:31   >>>>>>>>>>>>>>>>>>>>>>>>>>>>>>
10:23:31   binary cross entropy: 0.569463
10:23:37   >>>>>>>>>>>>>>>>>>>>>>>>>>>>>>
10:23:37   binary cross entropy: 0.444391
10:23:43   >>>>>>>>>>>>>>>>>>>>>>>>>>>>>>
10:23:43   binary cross entropy: 0.482831
10:23:49   >>>>>>>>>>>>>>>>>>>>>>>>>>>>>>
10:23:49   binary cross entropy: 0.398888
10:23:55   >>>>>>>>>>>>>>>>>>>>>>>>>>>>>>
10:23:55   binary cross entropy: 0.489186
10:24:01   >>>>>>>>>>>>>>>>>>>>>>>>>>>>>>
10:24:01   binary cross entropy: 0.377016
10:24:07   >>>>>>>>>>>>>>>>>>>>>>>>>>>>>>
10:24:07   binary cross entropy: 0.428901
10:24:13   >>>>>>>>>>>>>>>>>>>>>>>>>>>>>>
10:24:13   binary cross entropy: 0.62128
10:24:19   >>>>>>>>>>>>>>>>>>>>>>>>>>>>>>
10:24:19   binary cross entropy: 0.465697
10:24:25   >>>>>>>>>>>>>>>>>>>>>>>>>>>>>>
10:24:25   binary cross entropy: 0.439474
10:24:30   >>>>>>>>>>>>>>>>>>>>>>>>>>>>>>
10:24:30   binary cross entropy: 0.403881
10:24:36   >>>>>>>>>>>>>>>>>>>>>>>>>>>>>>
10:24:36   binary cross entropy: 0.471437
10:24:42   >>>>>>>>>>>>>>>>>>>>>>>>>>>>>>
10:24:42   binary cross entropy: 0.341182
10:24:48   >>>>>>>>>>>>>>>>>>>>>>>>>>>>>>
10:24:48   binary cross entropy: 0.520603
10:24:54   >>>>>>>>>>>>>>>>>>>>>>>>>>>>>>
10:24:54   binary cross entropy: 0.418934
10:25:00   >>>>>>>>>>>>>>>>>>>>>>>>>>>>>>
10:25:00   binary cross entropy: 0.467242
10:25:06   >>>>>>>>>>>>>>>>>>>>>>>>>>>>>>
10:25:06   binary cross entropy: 0.419282
10:25:12   >>>>>>>>>>>>>>>>>>>>>>>>>>>>>>
10:25:12   binary cross entropy: 0.408613
10:25:18   >>>>>>>>>>>>>>>>>>>>>>>>>>>>>>
10:25:18   binary cross entropy: 0.44312
10:25:24   >>>>>>>>>>>>>>>>>>>>>>>>>>>>>>
10:25:24   binary cross entropy: 0.52074
10:25:24   >>>>>>>>>>>>>>>>>>>>>>>>>>>>>>
10:25:24   Epoch 8 end
10:25:24   ------------------------------
10:25:24   average binary cross entropy: 0.468053
10:25:24   >>>>>>>>>>>>>>>>>>>>>>>>>>>>>>
10:25:24   Epoch 9 begin
10:25:30   >>>>>>>>>>>>>>>>>>>>>>>>>>>>>>
10:25:30   binary cross entropy: 0.433421
10:25:35   >>>>>>>>>>>>>>>>>>>>>>>>>>>>>>
10:25:35   binary cross entropy: 0.472804
10:25:41   >>>>>>>>>>>>>>>>>>>>>>>>>>>>>>
10:25:41   binary cross entropy: 0.421268
10:25:47   >>>>>>>>>>>>>>>>>>>>>>>>>>>>>>
10:25:47   binary cross entropy: 0.417923
10:25:53   >>>>>>>>>>>>>>>>>>>>>>>>>>>>>>
10:25:53   binary cross entropy: 0.509533
10:25:59   >>>>>>>>>>>>>>>>>>>>>>>>>>>>>>
10:25:59   binary cross entropy: 0.577905
10:26:05   >>>>>>>>>>>>>>>>>>>>>>>>>>>>>>
10:26:05   binary cross entropy: 0.473377
10:26:11   >>>>>>>>>>>>>>>>>>>>>>>>>>>>>>
10:26:11   binary cross entropy: 0.41637
10:26:17   >>>>>>>>>>>>>>>>>>>>>>>>>>>>>>
10:26:17   binary cross entropy: 0.528532
10:26:23   >>>>>>>>>>>>>>>>>>>>>>>>>>>>>>
10:26:23   binary cross entropy: 0.402077
10:26:29   >>>>>>>>>>>>>>>>>>>>>>>>>>>>>>
10:26:29   binary cross entropy: 0.449987
10:26:35   >>>>>>>>>>>>>>>>>>>>>>>>>>>>>>
10:26:35   binary cross entropy: 0.477401
10:26:40   >>>>>>>>>>>>>>>>>>>>>>>>>>>>>>
10:26:41   binary cross entropy: 0.541395
10:26:46   >>>>>>>>>>>>>>>>>>>>>>>>>>>>>>
10:26:46   binary cross entropy: 0.420111
10:26:52   >>>>>>>>>>>>>>>>>>>>>>>>>>>>>>
10:26:52   binary cross entropy: 0.448983
10:26:58   >>>>>>>>>>>>>>>>>>>>>>>>>>>>>>
10:26:58   binary cross entropy: 0.464975
10:27:04   >>>>>>>>>>>>>>>>>>>>>>>>>>>>>>
10:27:04   binary cross entropy: 0.45237
10:27:10   >>>>>>>>>>>>>>>>>>>>>>>>>>>>>>
10:27:10   binary cross entropy: 0.396268
10:27:16   >>>>>>>>>>>>>>>>>>>>>>>>>>>>>>
10:27:16   binary cross entropy: 0.415847
10:27:21   >>>>>>>>>>>>>>>>>>>>>>>>>>>>>>
10:27:21   Epoch 9 end
10:27:21   ------------------------------
10:27:21   average binary cross entropy: 0.467479
10:27:21   Save checkpoint to model_epoch_10.pth
10:27:21   >>>>>>>>>>>>>>>>>>>>>>>>>>>>>>
10:27:21   Evaluate on valid
10:27:26   mr: 134.062
10:27:26   mrr: 0.0850804
10:27:26   hits@1: 0.0369196
10:27:26   hits@3: 0.0786602
10:27:26   hits@10: 0.17134
10:27:26   >>>>>>>>>>>>>>>>>>>>>>>>>>>>>>
10:27:26   Epoch 10 begin
10:27:27   >>>>>>>>>>>>>>>>>>>>>>>>>>>>>>
10:27:27   binary cross entropy: 0.39488
10:27:33   >>>>>>>>>>>>>>>>>>>>>>>>>>>>>>
10:27:33   binary cross entropy: 0.582785
10:27:39   >>>>>>>>>>>>>>>>>>>>>>>>>>>>>>
10:27:39   binary cross entropy: 0.451454
10:27:45   >>>>>>>>>>>>>>>>>>>>>>>>>>>>>>
10:27:45   binary cross entropy: 0.520301
10:27:51   >>>>>>>>>>>>>>>>>>>>>>>>>>>>>>
10:27:51   binary cross entropy: 0.450306
10:27:57   >>>>>>>>>>>>>>>>>>>>>>>>>>>>>>
10:27:57   binary cross entropy: 0.393598
10:28:03   >>>>>>>>>>>>>>>>>>>>>>>>>>>>>>
10:28:03   binary cross entropy: 0.535103
10:28:09   >>>>>>>>>>>>>>>>>>>>>>>>>>>>>>
10:28:09   binary cross entropy: 0.40903
10:28:15   >>>>>>>>>>>>>>>>>>>>>>>>>>>>>>
10:28:15   binary cross entropy: 0.430418
10:28:21   >>>>>>>>>>>>>>>>>>>>>>>>>>>>>>
10:28:21   binary cross entropy: 0.448277
10:28:26   >>>>>>>>>>>>>>>>>>>>>>>>>>>>>>
10:28:26   binary cross entropy: 0.482979
10:28:32   >>>>>>>>>>>>>>>>>>>>>>>>>>>>>>
10:28:32   binary cross entropy: 0.509026
10:28:38   >>>>>>>>>>>>>>>>>>>>>>>>>>>>>>
10:28:38   binary cross entropy: 0.505138
10:28:44   >>>>>>>>>>>>>>>>>>>>>>>>>>>>>>
10:28:44   binary cross entropy: 0.437924
10:28:50   >>>>>>>>>>>>>>>>>>>>>>>>>>>>>>
10:28:50   binary cross entropy: 0.425367
10:28:56   >>>>>>>>>>>>>>>>>>>>>>>>>>>>>>
10:28:56   binary cross entropy: 0.52491
10:29:02   >>>>>>>>>>>>>>>>>>>>>>>>>>>>>>
10:29:02   binary cross entropy: 0.486095
10:29:08   >>>>>>>>>>>>>>>>>>>>>>>>>>>>>>
10:29:08   binary cross entropy: 0.427819
10:29:14   >>>>>>>>>>>>>>>>>>>>>>>>>>>>>>
10:29:14   binary cross entropy: 0.435867
10:29:20   >>>>>>>>>>>>>>>>>>>>>>>>>>>>>>
10:29:20   binary cross entropy: 0.415956
10:29:23   >>>>>>>>>>>>>>>>>>>>>>>>>>>>>>
10:29:23   Epoch 10 end
10:29:23   ------------------------------
10:29:23   average binary cross entropy: 0.463849
10:29:23   >>>>>>>>>>>>>>>>>>>>>>>>>>>>>>
10:29:23   Epoch 11 begin
10:29:26   >>>>>>>>>>>>>>>>>>>>>>>>>>>>>>
10:29:26   binary cross entropy: 0.48386
10:29:32   >>>>>>>>>>>>>>>>>>>>>>>>>>>>>>
10:29:32   binary cross entropy: 0.402975
10:29:37   >>>>>>>>>>>>>>>>>>>>>>>>>>>>>>
10:29:37   binary cross entropy: 0.502102
10:29:43   >>>>>>>>>>>>>>>>>>>>>>>>>>>>>>
10:29:43   binary cross entropy: 0.43914
10:29:49   >>>>>>>>>>>>>>>>>>>>>>>>>>>>>>
10:29:49   binary cross entropy: 0.426491
10:29:55   >>>>>>>>>>>>>>>>>>>>>>>>>>>>>>
10:29:55   binary cross entropy: 0.515777
10:30:01   >>>>>>>>>>>>>>>>>>>>>>>>>>>>>>
10:30:01   binary cross entropy: 0.420421
10:30:07   >>>>>>>>>>>>>>>>>>>>>>>>>>>>>>
10:30:07   binary cross entropy: 0.485432
10:30:13   >>>>>>>>>>>>>>>>>>>>>>>>>>>>>>
10:30:13   binary cross entropy: 0.495963
10:30:19   >>>>>>>>>>>>>>>>>>>>>>>>>>>>>>
10:30:19   binary cross entropy: 0.464326
10:30:25   >>>>>>>>>>>>>>>>>>>>>>>>>>>>>>
10:30:25   binary cross entropy: 0.517828
10:30:31   >>>>>>>>>>>>>>>>>>>>>>>>>>>>>>
10:30:31   binary cross entropy: 0.471102
10:30:37   >>>>>>>>>>>>>>>>>>>>>>>>>>>>>>
10:30:37   binary cross entropy: 0.444767
10:30:43   >>>>>>>>>>>>>>>>>>>>>>>>>>>>>>
10:30:43   binary cross entropy: 0.484871
10:30:48   >>>>>>>>>>>>>>>>>>>>>>>>>>>>>>
10:30:49   binary cross entropy: 0.446108
10:30:54   >>>>>>>>>>>>>>>>>>>>>>>>>>>>>>
10:30:54   binary cross entropy: 0.43548
10:31:00   >>>>>>>>>>>>>>>>>>>>>>>>>>>>>>
10:31:00   binary cross entropy: 0.411756
10:31:06   >>>>>>>>>>>>>>>>>>>>>>>>>>>>>>
10:31:06   binary cross entropy: 0.526167
10:31:12   >>>>>>>>>>>>>>>>>>>>>>>>>>>>>>
10:31:12   binary cross entropy: 0.388837
10:31:18   >>>>>>>>>>>>>>>>>>>>>>>>>>>>>>
10:31:18   binary cross entropy: 0.445336
10:31:20   >>>>>>>>>>>>>>>>>>>>>>>>>>>>>>
10:31:20   Epoch 11 end
10:31:20   ------------------------------
10:31:20   average binary cross entropy: 0.462452
10:31:20   Save checkpoint to model_epoch_12.pth
10:31:20   >>>>>>>>>>>>>>>>>>>>>>>>>>>>>>
10:31:20   Evaluate on valid
10:31:26   mr: 128.431
10:31:26   mrr: 0.0882298
10:31:26   hits@1: 0.0366658
10:31:26   hits@3: 0.0837985
10:31:26   hits@10: 0.179777
10:31:26   >>>>>>>>>>>>>>>>>>>>>>>>>>>>>>
10:31:26   Epoch 12 begin
10:31:29   >>>>>>>>>>>>>>>>>>>>>>>>>>>>>>
10:31:29   binary cross entropy: 0.547839
10:31:35   >>>>>>>>>>>>>>>>>>>>>>>>>>>>>>
10:31:35   binary cross entropy: 0.403095
10:31:41   >>>>>>>>>>>>>>>>>>>>>>>>>>>>>>
10:31:41   binary cross entropy: 0.42129
10:31:47   >>>>>>>>>>>>>>>>>>>>>>>>>>>>>>
10:31:47   binary cross entropy: 0.58621
10:31:53   >>>>>>>>>>>>>>>>>>>>>>>>>>>>>>
10:31:53   binary cross entropy: 0.453798
10:31:59   >>>>>>>>>>>>>>>>>>>>>>>>>>>>>>
10:31:59   binary cross entropy: 0.439393
10:32:05   >>>>>>>>>>>>>>>>>>>>>>>>>>>>>>
10:32:05   binary cross entropy: 0.419863
10:32:11   >>>>>>>>>>>>>>>>>>>>>>>>>>>>>>
10:32:11   binary cross entropy: 0.504637
10:32:17   >>>>>>>>>>>>>>>>>>>>>>>>>>>>>>
10:32:17   binary cross entropy: 0.551806
10:32:22   >>>>>>>>>>>>>>>>>>>>>>>>>>>>>>
10:32:23   binary cross entropy: 0.467692
10:32:28   >>>>>>>>>>>>>>>>>>>>>>>>>>>>>>
10:32:28   binary cross entropy: 0.452708
10:32:34   >>>>>>>>>>>>>>>>>>>>>>>>>>>>>>
10:32:34   binary cross entropy: 0.435388
10:32:40   >>>>>>>>>>>>>>>>>>>>>>>>>>>>>>
10:32:40   binary cross entropy: 0.505982
10:32:46   >>>>>>>>>>>>>>>>>>>>>>>>>>>>>>
10:32:46   binary cross entropy: 0.363715
10:32:52   >>>>>>>>>>>>>>>>>>>>>>>>>>>>>>
10:32:52   binary cross entropy: 0.46668
10:32:58   >>>>>>>>>>>>>>>>>>>>>>>>>>>>>>
10:32:58   binary cross entropy: 0.462762
10:33:04   >>>>>>>>>>>>>>>>>>>>>>>>>>>>>>
10:33:04   binary cross entropy: 0.450734
10:33:10   >>>>>>>>>>>>>>>>>>>>>>>>>>>>>>
10:33:10   binary cross entropy: 0.411319
10:33:16   >>>>>>>>>>>>>>>>>>>>>>>>>>>>>>
10:33:16   binary cross entropy: 0.371458
10:33:22   >>>>>>>>>>>>>>>>>>>>>>>>>>>>>>
10:33:22   binary cross entropy: 0.415604
10:33:22   >>>>>>>>>>>>>>>>>>>>>>>>>>>>>>
10:33:22   Epoch 12 end
10:33:22   ------------------------------
10:33:22   average binary cross entropy: 0.461752
10:33:22   >>>>>>>>>>>>>>>>>>>>>>>>>>>>>>
10:33:22   Epoch 13 begin
10:33:27   >>>>>>>>>>>>>>>>>>>>>>>>>>>>>>
10:33:27   binary cross entropy: 0.476947
10:33:33   >>>>>>>>>>>>>>>>>>>>>>>>>>>>>>
10:33:33   binary cross entropy: 0.424575
10:33:39   >>>>>>>>>>>>>>>>>>>>>>>>>>>>>>
10:33:39   binary cross entropy: 0.426869
10:33:45   >>>>>>>>>>>>>>>>>>>>>>>>>>>>>>
10:33:45   binary cross entropy: 0.522373
10:33:51   >>>>>>>>>>>>>>>>>>>>>>>>>>>>>>
10:33:51   binary cross entropy: 0.423778
10:33:57   >>>>>>>>>>>>>>>>>>>>>>>>>>>>>>
10:33:57   binary cross entropy: 0.453498
10:34:03   >>>>>>>>>>>>>>>>>>>>>>>>>>>>>>
10:34:03   binary cross entropy: 0.475464
10:34:09   >>>>>>>>>>>>>>>>>>>>>>>>>>>>>>
10:34:09   binary cross entropy: 0.522069
10:34:15   >>>>>>>>>>>>>>>>>>>>>>>>>>>>>>
10:34:15   binary cross entropy: 0.435981
10:34:21   >>>>>>>>>>>>>>>>>>>>>>>>>>>>>>
10:34:21   binary cross entropy: 0.449153
10:34:26   >>>>>>>>>>>>>>>>>>>>>>>>>>>>>>
10:34:27   binary cross entropy: 0.478117
10:34:32   >>>>>>>>>>>>>>>>>>>>>>>>>>>>>>
10:34:32   binary cross entropy: 0.448539
10:34:38   >>>>>>>>>>>>>>>>>>>>>>>>>>>>>>
10:34:38   binary cross entropy: 0.437664
10:34:44   >>>>>>>>>>>>>>>>>>>>>>>>>>>>>>
10:34:44   binary cross entropy: 0.456491
10:34:50   >>>>>>>>>>>>>>>>>>>>>>>>>>>>>>
10:34:50   binary cross entropy: 0.427346
10:34:56   >>>>>>>>>>>>>>>>>>>>>>>>>>>>>>
10:34:56   binary cross entropy: 0.54291
10:35:02   >>>>>>>>>>>>>>>>>>>>>>>>>>>>>>
10:35:02   binary cross entropy: 0.381568
10:35:08   >>>>>>>>>>>>>>>>>>>>>>>>>>>>>>
10:35:08   binary cross entropy: 0.427585
10:35:14   >>>>>>>>>>>>>>>>>>>>>>>>>>>>>>
10:35:14   binary cross entropy: 0.456255
10:35:19   >>>>>>>>>>>>>>>>>>>>>>>>>>>>>>
10:35:19   Epoch 13 end
10:35:19   ------------------------------
10:35:19   average binary cross entropy: 0.459188
10:35:19   Save checkpoint to model_epoch_14.pth
10:35:19   >>>>>>>>>>>>>>>>>>>>>>>>>>>>>>
10:35:19   Evaluate on valid
10:35:25   mr: 130.075
10:35:25   mrr: 0.0876109
10:35:25   hits@1: 0.0381248
10:35:25   hits@3: 0.0820223
10:35:25   hits@10: 0.1754
10:35:25   >>>>>>>>>>>>>>>>>>>>>>>>>>>>>>
10:35:25   Epoch 14 begin
10:35:25   >>>>>>>>>>>>>>>>>>>>>>>>>>>>>>
10:35:25   binary cross entropy: 0.471073
10:35:31   >>>>>>>>>>>>>>>>>>>>>>>>>>>>>>
10:35:31   binary cross entropy: 0.484068
10:35:37   >>>>>>>>>>>>>>>>>>>>>>>>>>>>>>
10:35:37   binary cross entropy: 0.475791
10:35:43   >>>>>>>>>>>>>>>>>>>>>>>>>>>>>>
10:35:43   binary cross entropy: 0.497593
10:35:49   >>>>>>>>>>>>>>>>>>>>>>>>>>>>>>
10:35:49   binary cross entropy: 0.436609
10:35:55   >>>>>>>>>>>>>>>>>>>>>>>>>>>>>>
10:35:55   binary cross entropy: 0.482757
10:36:00   >>>>>>>>>>>>>>>>>>>>>>>>>>>>>>
10:36:01   binary cross entropy: 0.498888
10:36:06   >>>>>>>>>>>>>>>>>>>>>>>>>>>>>>
10:36:06   binary cross entropy: 0.365832
10:36:12   >>>>>>>>>>>>>>>>>>>>>>>>>>>>>>
10:36:12   binary cross entropy: 0.420165
10:36:18   >>>>>>>>>>>>>>>>>>>>>>>>>>>>>>
10:36:18   binary cross entropy: 0.480707
10:36:24   >>>>>>>>>>>>>>>>>>>>>>>>>>>>>>
10:36:24   binary cross entropy: 0.437314
10:36:30   >>>>>>>>>>>>>>>>>>>>>>>>>>>>>>
10:36:30   binary cross entropy: 0.512942
10:36:36   >>>>>>>>>>>>>>>>>>>>>>>>>>>>>>
10:36:36   binary cross entropy: 0.485908
10:36:42   >>>>>>>>>>>>>>>>>>>>>>>>>>>>>>
10:36:42   binary cross entropy: 0.457915
10:36:48   >>>>>>>>>>>>>>>>>>>>>>>>>>>>>>
10:36:48   binary cross entropy: 0.410996
10:36:54   >>>>>>>>>>>>>>>>>>>>>>>>>>>>>>
10:36:54   binary cross entropy: 0.4507
10:37:00   >>>>>>>>>>>>>>>>>>>>>>>>>>>>>>
10:37:00   binary cross entropy: 0.451661
10:37:05   >>>>>>>>>>>>>>>>>>>>>>>>>>>>>>
10:37:05   binary cross entropy: 0.462825
10:37:11   >>>>>>>>>>>>>>>>>>>>>>>>>>>>>>
10:37:11   binary cross entropy: 0.459586
10:37:17   >>>>>>>>>>>>>>>>>>>>>>>>>>>>>>
10:37:17   binary cross entropy: 0.460122
10:37:21   >>>>>>>>>>>>>>>>>>>>>>>>>>>>>>
10:37:21   Epoch 14 end
10:37:21   ------------------------------
10:37:21   average binary cross entropy: 0.458196
10:37:21   >>>>>>>>>>>>>>>>>>>>>>>>>>>>>>
10:37:21   Epoch 15 begin
10:37:23   >>>>>>>>>>>>>>>>>>>>>>>>>>>>>>
10:37:23   binary cross entropy: 0.465572
10:37:29   >>>>>>>>>>>>>>>>>>>>>>>>>>>>>>
10:37:29   binary cross entropy: 0.372073
10:37:35   >>>>>>>>>>>>>>>>>>>>>>>>>>>>>>
10:37:35   binary cross entropy: 0.454157
10:37:41   >>>>>>>>>>>>>>>>>>>>>>>>>>>>>>
10:37:41   binary cross entropy: 0.432189
10:37:47   >>>>>>>>>>>>>>>>>>>>>>>>>>>>>>
10:37:47   binary cross entropy: 0.40464
10:37:53   >>>>>>>>>>>>>>>>>>>>>>>>>>>>>>
10:37:53   binary cross entropy: 0.493026
10:37:59   >>>>>>>>>>>>>>>>>>>>>>>>>>>>>>
10:37:59   binary cross entropy: 0.371297
10:38:04   >>>>>>>>>>>>>>>>>>>>>>>>>>>>>>
10:38:05   binary cross entropy: 0.445992
10:38:10   >>>>>>>>>>>>>>>>>>>>>>>>>>>>>>
10:38:10   binary cross entropy: 0.477138
10:38:16   >>>>>>>>>>>>>>>>>>>>>>>>>>>>>>
10:38:16   binary cross entropy: 0.368035
10:38:22   >>>>>>>>>>>>>>>>>>>>>>>>>>>>>>
10:38:22   binary cross entropy: 0.536457
10:38:28   >>>>>>>>>>>>>>>>>>>>>>>>>>>>>>
10:38:28   binary cross entropy: 0.436732
10:38:34   >>>>>>>>>>>>>>>>>>>>>>>>>>>>>>
10:38:34   binary cross entropy: 0.490217
10:38:40   >>>>>>>>>>>>>>>>>>>>>>>>>>>>>>
10:38:40   binary cross entropy: 0.442267
10:38:46   >>>>>>>>>>>>>>>>>>>>>>>>>>>>>>
10:38:46   binary cross entropy: 0.439383
10:38:52   >>>>>>>>>>>>>>>>>>>>>>>>>>>>>>
10:38:52   binary cross entropy: 0.474094
10:38:58   >>>>>>>>>>>>>>>>>>>>>>>>>>>>>>
10:38:58   binary cross entropy: 0.46042
10:39:04   >>>>>>>>>>>>>>>>>>>>>>>>>>>>>>
10:39:04   binary cross entropy: 0.602401
10:39:09   >>>>>>>>>>>>>>>>>>>>>>>>>>>>>>
10:39:09   binary cross entropy: 0.512232
10:39:15   >>>>>>>>>>>>>>>>>>>>>>>>>>>>>>
10:39:15   binary cross entropy: 0.477972
10:39:18   >>>>>>>>>>>>>>>>>>>>>>>>>>>>>>
10:39:18   Epoch 15 end
10:39:18   ------------------------------
10:39:18   average binary cross entropy: 0.457206
10:39:18   Save checkpoint to model_epoch_16.pth
10:39:18   >>>>>>>>>>>>>>>>>>>>>>>>>>>>>>
10:39:18   Evaluate on valid
10:39:24   mr: 125.17
10:39:24   mrr: 0.0884593
10:39:24   hits@1: 0.0381883
10:39:24   hits@3: 0.0809439
10:39:24   hits@10: 0.17762
10:39:24   >>>>>>>>>>>>>>>>>>>>>>>>>>>>>>
10:39:24   Epoch 16 begin
10:39:27   >>>>>>>>>>>>>>>>>>>>>>>>>>>>>>
10:39:27   binary cross entropy: 0.440944
10:39:33   >>>>>>>>>>>>>>>>>>>>>>>>>>>>>>
10:39:33   binary cross entropy: 0.432982
10:39:38   >>>>>>>>>>>>>>>>>>>>>>>>>>>>>>
10:39:38   binary cross entropy: 0.43475
10:39:44   >>>>>>>>>>>>>>>>>>>>>>>>>>>>>>
10:39:44   binary cross entropy: 0.535746
10:39:50   >>>>>>>>>>>>>>>>>>>>>>>>>>>>>>
10:39:50   binary cross entropy: 0.440291
10:39:56   >>>>>>>>>>>>>>>>>>>>>>>>>>>>>>
10:39:56   binary cross entropy: 0.463929
10:40:02   >>>>>>>>>>>>>>>>>>>>>>>>>>>>>>
10:40:02   binary cross entropy: 0.383347
10:40:08   >>>>>>>>>>>>>>>>>>>>>>>>>>>>>>
10:40:08   binary cross entropy: 0.457396
10:40:14   >>>>>>>>>>>>>>>>>>>>>>>>>>>>>>
10:40:14   binary cross entropy: 0.472646
10:40:20   >>>>>>>>>>>>>>>>>>>>>>>>>>>>>>
10:40:20   binary cross entropy: 0.391685
10:40:26   >>>>>>>>>>>>>>>>>>>>>>>>>>>>>>
10:40:26   binary cross entropy: 0.500947
10:40:32   >>>>>>>>>>>>>>>>>>>>>>>>>>>>>>
10:40:32   binary cross entropy: 0.461582
10:40:38   >>>>>>>>>>>>>>>>>>>>>>>>>>>>>>
10:40:38   binary cross entropy: 0.521211
10:40:44   >>>>>>>>>>>>>>>>>>>>>>>>>>>>>>
10:40:44   binary cross entropy: 0.470658
10:40:49   >>>>>>>>>>>>>>>>>>>>>>>>>>>>>>
10:40:50   binary cross entropy: 0.4336
10:40:55   >>>>>>>>>>>>>>>>>>>>>>>>>>>>>>
10:40:55   binary cross entropy: 0.44783
10:41:01   >>>>>>>>>>>>>>>>>>>>>>>>>>>>>>
10:41:01   binary cross entropy: 0.461458
10:41:07   >>>>>>>>>>>>>>>>>>>>>>>>>>>>>>
10:41:07   binary cross entropy: 0.516251
10:41:13   >>>>>>>>>>>>>>>>>>>>>>>>>>>>>>
10:41:13   binary cross entropy: 0.447439
10:41:19   >>>>>>>>>>>>>>>>>>>>>>>>>>>>>>
10:41:19   binary cross entropy: 0.486394
10:41:21   >>>>>>>>>>>>>>>>>>>>>>>>>>>>>>
10:41:21   Epoch 16 end
10:41:21   ------------------------------
10:41:21   average binary cross entropy: 0.45618
10:41:21   >>>>>>>>>>>>>>>>>>>>>>>>>>>>>>
10:41:21   Epoch 17 begin
10:41:25   >>>>>>>>>>>>>>>>>>>>>>>>>>>>>>
10:41:25   binary cross entropy: 0.405412
10:41:31   >>>>>>>>>>>>>>>>>>>>>>>>>>>>>>
10:41:31   binary cross entropy: 0.471648
10:41:37   >>>>>>>>>>>>>>>>>>>>>>>>>>>>>>
10:41:37   binary cross entropy: 0.474193
10:41:43   >>>>>>>>>>>>>>>>>>>>>>>>>>>>>>
10:41:43   binary cross entropy: 0.463682
10:41:49   >>>>>>>>>>>>>>>>>>>>>>>>>>>>>>
10:41:49   binary cross entropy: 0.457169
10:41:55   >>>>>>>>>>>>>>>>>>>>>>>>>>>>>>
10:41:55   binary cross entropy: 0.408969
10:42:00   >>>>>>>>>>>>>>>>>>>>>>>>>>>>>>
10:42:01   binary cross entropy: 0.444869
10:42:06   >>>>>>>>>>>>>>>>>>>>>>>>>>>>>>
10:42:06   binary cross entropy: 0.450643
10:42:12   >>>>>>>>>>>>>>>>>>>>>>>>>>>>>>
10:42:12   binary cross entropy: 0.397139
10:42:18   >>>>>>>>>>>>>>>>>>>>>>>>>>>>>>
10:42:18   binary cross entropy: 0.501415
10:42:24   >>>>>>>>>>>>>>>>>>>>>>>>>>>>>>
10:42:24   binary cross entropy: 0.411976
10:42:30   >>>>>>>>>>>>>>>>>>>>>>>>>>>>>>
10:42:30   binary cross entropy: 0.402232
10:42:36   >>>>>>>>>>>>>>>>>>>>>>>>>>>>>>
10:42:36   binary cross entropy: 0.456386
10:42:42   >>>>>>>>>>>>>>>>>>>>>>>>>>>>>>
10:42:42   binary cross entropy: 0.49479
10:42:48   >>>>>>>>>>>>>>>>>>>>>>>>>>>>>>
10:42:48   binary cross entropy: 0.480656
10:42:54   >>>>>>>>>>>>>>>>>>>>>>>>>>>>>>
10:42:54   binary cross entropy: 0.520307
10:43:00   >>>>>>>>>>>>>>>>>>>>>>>>>>>>>>
10:43:00   binary cross entropy: 0.593197
10:43:06   >>>>>>>>>>>>>>>>>>>>>>>>>>>>>>
10:43:06   binary cross entropy: 0.432432
10:43:12   >>>>>>>>>>>>>>>>>>>>>>>>>>>>>>
10:43:12   binary cross entropy: 0.473866
10:43:17   >>>>>>>>>>>>>>>>>>>>>>>>>>>>>>
10:43:17   binary cross entropy: 0.406921
10:43:18   >>>>>>>>>>>>>>>>>>>>>>>>>>>>>>
10:43:18   Epoch 17 end
10:43:18   ------------------------------
10:43:18   average binary cross entropy: 0.455534
10:43:18   Save checkpoint to model_epoch_18.pth
10:43:18   >>>>>>>>>>>>>>>>>>>>>>>>>>>>>>
10:43:18   Evaluate on valid
10:43:23   mr: 128.279
10:43:23   mrr: 0.0864351
10:43:23   hits@1: 0.0362852
10:43:23   hits@3: 0.081388
10:43:23   hits@10: 0.17762
10:43:23   >>>>>>>>>>>>>>>>>>>>>>>>>>>>>>
10:43:23   Epoch 18 begin
10:43:29   >>>>>>>>>>>>>>>>>>>>>>>>>>>>>>
10:43:29   binary cross entropy: 0.459616
10:43:35   >>>>>>>>>>>>>>>>>>>>>>>>>>>>>>
10:43:35   binary cross entropy: 0.498423
10:43:41   >>>>>>>>>>>>>>>>>>>>>>>>>>>>>>
10:43:41   binary cross entropy: 0.46441
10:43:46   >>>>>>>>>>>>>>>>>>>>>>>>>>>>>>
10:43:47   binary cross entropy: 0.524623
10:43:52   >>>>>>>>>>>>>>>>>>>>>>>>>>>>>>
10:43:52   binary cross entropy: 0.414017
10:43:58   >>>>>>>>>>>>>>>>>>>>>>>>>>>>>>
10:43:58   binary cross entropy: 0.528536
10:44:04   >>>>>>>>>>>>>>>>>>>>>>>>>>>>>>
10:44:04   binary cross entropy: 0.466779
10:44:10   >>>>>>>>>>>>>>>>>>>>>>>>>>>>>>
10:44:10   binary cross entropy: 0.532304
10:44:16   >>>>>>>>>>>>>>>>>>>>>>>>>>>>>>
10:44:16   binary cross entropy: 0.481212
10:44:22   >>>>>>>>>>>>>>>>>>>>>>>>>>>>>>
10:44:22   binary cross entropy: 0.390353
10:44:28   >>>>>>>>>>>>>>>>>>>>>>>>>>>>>>
10:44:28   binary cross entropy: 0.49011
10:44:34   >>>>>>>>>>>>>>>>>>>>>>>>>>>>>>
10:44:34   binary cross entropy: 0.390768
10:44:40   >>>>>>>>>>>>>>>>>>>>>>>>>>>>>>
10:44:40   binary cross entropy: 0.421017
10:44:46   >>>>>>>>>>>>>>>>>>>>>>>>>>>>>>
10:44:46   binary cross entropy: 0.492601
10:44:52   >>>>>>>>>>>>>>>>>>>>>>>>>>>>>>
10:44:52   binary cross entropy: 0.443162
10:44:58   >>>>>>>>>>>>>>>>>>>>>>>>>>>>>>
10:44:58   binary cross entropy: 0.461564
10:45:03   >>>>>>>>>>>>>>>>>>>>>>>>>>>>>>
10:45:03   binary cross entropy: 0.422162
10:45:09   >>>>>>>>>>>>>>>>>>>>>>>>>>>>>>
10:45:09   binary cross entropy: 0.437804
10:45:15   >>>>>>>>>>>>>>>>>>>>>>>>>>>>>>
10:45:15   binary cross entropy: 0.437499
10:45:20   >>>>>>>>>>>>>>>>>>>>>>>>>>>>>>
10:45:20   Epoch 18 end
10:45:20   ------------------------------
10:45:20   average binary cross entropy: 0.453971
10:45:20   >>>>>>>>>>>>>>>>>>>>>>>>>>>>>>
10:45:20   Epoch 19 begin
10:45:21   >>>>>>>>>>>>>>>>>>>>>>>>>>>>>>
10:45:21   binary cross entropy: 0.377256
10:45:27   >>>>>>>>>>>>>>>>>>>>>>>>>>>>>>
10:45:27   binary cross entropy: 0.438744
10:45:33   >>>>>>>>>>>>>>>>>>>>>>>>>>>>>>
10:45:33   binary cross entropy: 0.498578
10:45:39   >>>>>>>>>>>>>>>>>>>>>>>>>>>>>>
10:45:39   binary cross entropy: 0.539865
10:45:45   >>>>>>>>>>>>>>>>>>>>>>>>>>>>>>
10:45:45   binary cross entropy: 0.451153
10:45:51   >>>>>>>>>>>>>>>>>>>>>>>>>>>>>>
10:45:51   binary cross entropy: 0.417862
10:45:57   >>>>>>>>>>>>>>>>>>>>>>>>>>>>>>
10:45:57   binary cross entropy: 0.431431
10:46:03   >>>>>>>>>>>>>>>>>>>>>>>>>>>>>>
10:46:03   binary cross entropy: 0.501831
10:46:09   >>>>>>>>>>>>>>>>>>>>>>>>>>>>>>
10:46:09   binary cross entropy: 0.45987
10:46:15   >>>>>>>>>>>>>>>>>>>>>>>>>>>>>>
10:46:15   binary cross entropy: 0.441287
10:46:20   >>>>>>>>>>>>>>>>>>>>>>>>>>>>>>
10:46:20   binary cross entropy: 0.443076
10:46:26   >>>>>>>>>>>>>>>>>>>>>>>>>>>>>>
10:46:26   binary cross entropy: 0.448325
10:46:32   >>>>>>>>>>>>>>>>>>>>>>>>>>>>>>
10:46:32   binary cross entropy: 0.411608
10:46:38   >>>>>>>>>>>>>>>>>>>>>>>>>>>>>>
10:46:38   binary cross entropy: 0.45722
10:46:44   >>>>>>>>>>>>>>>>>>>>>>>>>>>>>>
10:46:44   binary cross entropy: 0.462768
10:46:50   >>>>>>>>>>>>>>>>>>>>>>>>>>>>>>
10:46:50   binary cross entropy: 0.397447
10:46:56   >>>>>>>>>>>>>>>>>>>>>>>>>>>>>>
10:46:56   binary cross entropy: 0.455472
10:47:02   >>>>>>>>>>>>>>>>>>>>>>>>>>>>>>
10:47:02   binary cross entropy: 0.489688
10:47:08   >>>>>>>>>>>>>>>>>>>>>>>>>>>>>>
10:47:08   binary cross entropy: 0.366164
10:47:14   >>>>>>>>>>>>>>>>>>>>>>>>>>>>>>
10:47:14   binary cross entropy: 0.436873
10:47:17   >>>>>>>>>>>>>>>>>>>>>>>>>>>>>>
10:47:17   Epoch 19 end
10:47:17   ------------------------------
10:47:17   average binary cross entropy: 0.452548
10:47:17   Save checkpoint to model_epoch_20.pth
10:47:17   >>>>>>>>>>>>>>>>>>>>>>>>>>>>>>
10:47:17   Evaluate on valid
10:47:23   mr: 124.733
10:47:23   mrr: 0.0892847
10:47:23   hits@1: 0.0382517
10:47:23   hits@3: 0.0842426
10:47:23   hits@10: 0.18003
10:47:23   Load checkpoint from model_epoch_20.pth
10:47:23   >>>>>>>>>>>>>>>>>>>>>>>>>>>>>>
10:47:23   Evaluate on valid
10:47:28   mr: 124.733
10:47:28   mrr: 0.0892847
10:47:28   hits@1: 0.0382517
10:47:28   hits@3: 0.0842426
10:47:28   hits@10: 0.18003
10:47:28   >>>>>>>>>>>>>>>>>>>>>>>>>>>>>>
10:47:28   Evaluate on test
10:47:34   mr: 140.035
10:47:34   mrr: 0.0873603
10:47:34   hits@1: 0.0382448
10:47:34   hits@3: 0.0822406
10:47:34   hits@10: 0.174028
