/itet-stor/trachsele/net_scratch/conda/lib/python3.12/site-packages/conda/base/context.py:982: FutureWarning: Adding 'defaults' to the channel list implicitly is deprecated and will be removed in 25.3. 

To remove this warning, please choose a default channel explicitly via 'conda config --add channels <name>', e.g. 'conda config --add channels defaults'.
  deprecated.topic(
11:38:05   Random seed: 1024
11:38:05   Config file: config/recommender/first_steps.yaml
11:38:05   {'checkpoint': None,
 'dataset': {'class': 'MovieLens100k', 'root': '~/git/ULTRA/kg-datasets/'},
 'model': {'class': 'Ultra',
           'embedding_item': {'hidden_dims': [32, 32], 'input_dim': 18},
           'embedding_user': {'hidden_dims': [32, 32], 'input_dim': 24},
           'entity_model': {'aggregate_func': 'sum',
                            'class': 'EntityNBFNet',
                            'hidden_dims': [32, 32, 32, 32, 32],
                            'input_dim': 32,
                            'layer_norm': True,
                            'message_func': 'distmult',
                            'short_cut': True},
           'relation_model': {'aggregate_func': 'sum',
                              'class': 'RelNBFNet',
                              'hidden_dims': [8, 8],
                              'input_dim': 8,
                              'layer_norm': True,
                              'message_func': 'distmult',
                              'short_cut': True},
           'simple_model': {'aggregate_func': 'sum',
                            'class': 'SimpleNBFNet',
                            'hidden_dims': [40, 40, 40, 40],
                            'input_dim': 40,
                            'layer_norm': True,
                            'message_func': 'distmult',
                            'short_cut': True}},
 'optimizer': {'class': 'AdamW', 'lr': 0.005},
 'output_dir': '~/git/ULTRA/output',
 'task': {'adversarial_temperature': 0,
          'metric': ['mr', 'mrr', 'hits@1', 'hits@3', 'hits@10'],
          'name': 'TransductiveInference',
          'num_negative': 32,
          'strict_negative': True},
 'train': {'batch_per_epoch': 1978,
           'batch_size': 32,
           'gpus': [0],
           'log_interval': 100,
           'num_epoch': 20}}
wandb: Using wandb-core as the SDK backend. Please refer to https://wandb.me/wandb-core for more information.
wandb: Currently logged in as: pitri (pitri-eth-z-rich). Use `wandb login --relogin` to force relogin
wandb: Tracking run with wandb version 0.18.5
wandb: Run data is saved locally in /home/trachsele/git/ULTRA/output/Ultra/MovieLens100k/2024-11-20-11-38-05/wandb/run-20241120_113806-zsh2l6jw
wandb: Run `wandb offline` to turn off syncing.
wandb: Syncing run run-MovieLens100k-2024-11-20_11-38
wandb: ⭐️ View project at https://wandb.ai/pitri-eth-z-rich/tl4rec
wandb: 🚀 View run at https://wandb.ai/pitri-eth-z-rich/tl4rec/runs/zsh2l6jw
/usr/itetnas04/data-scratch-01/trachsele/data/tl4rec/ultra/tasks.py:299: UserWarning: Sparse CSR tensor support is in beta state. If you miss a functionality in the sparse tensor support, please submit a feature request to https://github.com/pytorch/pytorch/issues. (Triggered internally at /opt/conda/conda-bld/pytorch_1695392022560/work/aten/src/ATen/SparseCsrTensorImpl.cpp:53.)
  Ahh = torch.sparse.mm(EhT, Eh).coalesce()
11:38:09   MovieLens100k dataset
11:38:09   #train: 63283, #valid: 7882, #test: 8835
11:38:10   ------------------------------
11:38:10   Number of parameters: 57521
11:38:10   >>>>>>>>>>>>>>>>>>>>>>>>>>>>>>
11:38:10   Epoch 0 begin
11:38:10   >>>>>>>>>>>>>>>>>>>>>>>>>>>>>>
11:38:10   binary cross entropy: 0.705075
11:38:11   Note: detected 128 virtual cores but NumExpr set to maximum of 64, check "NUMEXPR_MAX_THREADS" environment variable.
11:38:11   Note: NumExpr detected 128 cores but "NUMEXPR_MAX_THREADS" not set, so enforcing safe limit of 8.
11:38:11   NumExpr defaulting to 8 threads.
11:38:17   >>>>>>>>>>>>>>>>>>>>>>>>>>>>>>
11:38:17   binary cross entropy: 0.639288
11:38:23   >>>>>>>>>>>>>>>>>>>>>>>>>>>>>>
11:38:23   binary cross entropy: 0.609736
11:38:29   >>>>>>>>>>>>>>>>>>>>>>>>>>>>>>
11:38:29   binary cross entropy: 0.459136
11:38:35   >>>>>>>>>>>>>>>>>>>>>>>>>>>>>>
11:38:35   binary cross entropy: 0.452069
11:38:41   >>>>>>>>>>>>>>>>>>>>>>>>>>>>>>
11:38:41   binary cross entropy: 0.494328
11:38:46   >>>>>>>>>>>>>>>>>>>>>>>>>>>>>>
11:38:47   binary cross entropy: 0.551097
11:38:52   >>>>>>>>>>>>>>>>>>>>>>>>>>>>>>
11:38:52   binary cross entropy: 0.555131
11:38:58   >>>>>>>>>>>>>>>>>>>>>>>>>>>>>>
11:38:58   binary cross entropy: 0.4738
11:39:04   >>>>>>>>>>>>>>>>>>>>>>>>>>>>>>
11:39:04   binary cross entropy: 0.444771
11:39:10   >>>>>>>>>>>>>>>>>>>>>>>>>>>>>>
11:39:10   binary cross entropy: 0.514004
wandb: WARNING Fatal error while uploading data. Some run data will not be synced, but it will still be written to disk. Use `wandb sync` at the end of the run to try uploading.
11:39:16   >>>>>>>>>>>>>>>>>>>>>>>>>>>>>>
11:39:16   binary cross entropy: 0.501797
11:39:22   >>>>>>>>>>>>>>>>>>>>>>>>>>>>>>
11:39:22   binary cross entropy: 0.455299
11:39:28   >>>>>>>>>>>>>>>>>>>>>>>>>>>>>>
11:39:28   binary cross entropy: 0.478154
11:39:34   >>>>>>>>>>>>>>>>>>>>>>>>>>>>>>
11:39:34   binary cross entropy: 0.484987
slurmstepd: error: *** JOB 1062119 ON tikgpu05 CANCELLED AT 2024-11-20T11:39:36 ***
11:39:40   >>>>>>>>>>>>>>>>>>>>>>>>>>>>>>
11:39:40   binary cross entropy: 0.513909
11:39:46   >>>>>>>>>>>>>>>>>>>>>>>>>>>>>>
11:39:46   binary cross entropy: 0.563296
11:39:52   >>>>>>>>>>>>>>>>>>>>>>>>>>>>>>
11:39:52   binary cross entropy: 0.558805
11:39:58   >>>>>>>>>>>>>>>>>>>>>>>>>>>>>>
11:39:58   binary cross entropy: 0.441485
11:40:04   >>>>>>>>>>>>>>>>>>>>>>>>>>>>>>
11:40:04   binary cross entropy: 0.505105
