/itet-stor/trachsele/net_scratch/conda/lib/python3.12/site-packages/conda/base/context.py:982: FutureWarning: Adding 'defaults' to the channel list implicitly is deprecated and will be removed in 25.3. 

To remove this warning, please choose a default channel explicitly via 'conda config --add channels <name>', e.g. 'conda config --add channels defaults'.
  deprecated.topic(
15:26:43   Random seed: 1024
15:26:43   Config file: config/recommender/first_steps.yaml
15:26:43   {'checkpoint': None,
 'dataset': {'class': 'MovieLens100k', 'root': '~/git/ULTRA/kg-datasets/'},
 'model': {'class': 'Ultra',
           'embedding_item': {'hidden_dims': [32, 32], 'input_dim': 18},
           'embedding_user': {'hidden_dims': [32, 32], 'input_dim': 24},
           'entity_model': {'aggregate_func': 'sum',
                            'class': 'EntityNBFNet',
                            'hidden_dims': [32, 32, 32, 32, 32],
                            'input_dim': 32,
                            'layer_norm': True,
                            'message_func': 'distmult',
                            'short_cut': True},
           'relation_model': {'aggregate_func': 'sum',
                              'class': 'RelNBFNet',
                              'hidden_dims': [8, 8],
                              'input_dim': 8,
                              'layer_norm': True,
                              'message_func': 'distmult',
                              'short_cut': True},
           'simple_model': {'aggregate_func': 'sum',
                            'class': 'SimpleNBFNet',
                            'hidden_dims': [40, 40, 40, 40],
                            'input_dim': 40,
                            'layer_norm': True,
                            'message_func': 'distmult',
                            'short_cut': True}},
 'optimizer': {'class': 'AdamW', 'lr': 0.005},
 'output_dir': '~/git/ULTRA/output',
 'task': {'adversarial_temperature': 0,
          'metric': ['mr', 'mrr', 'hits@1', 'hits@3', 'hits@10'],
          'name': 'TransductiveInference',
          'num_negative': 1,
          'strict_negative': True},
 'train': {'batch_per_epoch': 62,
           'batch_size': 1024,
           'gpus': [0],
           'log_interval': 100,
           'num_epoch': 20}}
wandb: Using wandb-core as the SDK backend. Please refer to https://wandb.me/wandb-core for more information.
wandb: Currently logged in as: pitri (pitri-eth-z-rich). Use `wandb login --relogin` to force relogin
wandb: Tracking run with wandb version 0.18.5
wandb: Run data is saved locally in /home/trachsele/git/ULTRA/output/Ultra/MovieLens100k/2024-11-21-15-26-43/wandb/run-20241121_152644-ghheb8rr
wandb: Run `wandb offline` to turn off syncing.
wandb: Syncing run run-MovieLens100k-2024-11-21_15-26
wandb: ⭐️ View project at https://wandb.ai/pitri-eth-z-rich/tl4rec
wandb: 🚀 View run at https://wandb.ai/pitri-eth-z-rich/tl4rec/runs/ghheb8rr
/usr/itetnas04/data-scratch-01/trachsele/data/tl4rec/ultra/tasks.py:301: UserWarning: Sparse CSR tensor support is in beta state. If you miss a functionality in the sparse tensor support, please submit a feature request to https://github.com/pytorch/pytorch/issues. (Triggered internally at /opt/conda/conda-bld/pytorch_1695392022560/work/aten/src/ATen/SparseCsrTensorImpl.cpp:53.)
  Ahh = torch.sparse.mm(EhT, Eh).coalesce()
15:26:47   MovieLens100k dataset
15:26:47   #train: 63283, #valid: 7882, #test: 8835
15:26:47   ------------------------------
15:26:47   Number of parameters: 165952
15:26:47   >>>>>>>>>>>>>>>>>>>>>>>>>>>>>>
15:26:47   Epoch 0 begin
15:26:48   >>>>>>>>>>>>>>>>>>>>>>>>>>>>>>
15:26:48   Mean positive scores: 0.0001537008211016655
15:26:48   Mean negative scores: 2.2388943762052804e-05
15:26:48   BPR loss: 0.6930815577507019
15:26:48   Note: NumExpr detected 32 cores but "NUMEXPR_MAX_THREADS" not set, so enforcing safe limit of 8.
15:26:48   NumExpr defaulting to 8 threads.
15:26:49   >>>>>>>>>>>>>>>>>>>>>>>>>>>>>>
15:26:49   Epoch 0 end
15:26:49   ------------------------------
15:26:49   average bpr: 0.572408
15:26:49   >>>>>>>>>>>>>>>>>>>>>>>>>>>>>>
15:26:49   Epoch 1 begin
15:26:49   >>>>>>>>>>>>>>>>>>>>>>>>>>>>>>
15:26:49   Mean positive scores: 2.003467559814453
15:26:49   Mean negative scores: 1.0956400632858276
15:26:49   BPR loss: 0.46577200293540955
15:26:49   >>>>>>>>>>>>>>>>>>>>>>>>>>>>>>
15:26:49   Epoch 1 end
15:26:49   ------------------------------
15:26:49   average bpr: 0.46212
15:26:49   Save checkpoint to model_epoch_2.pth
15:26:49   >>>>>>>>>>>>>>>>>>>>>>>>>>>>>>
15:26:49   Evaluate on valid
15:26:49   mr: 220.766
15:26:49   mrr: 0.0553808
15:26:49   hits@1: 0.0213144
15:26:49   hits@3: 0.0482111
15:26:49   hits@10: 0.11355
15:26:49   >>>>>>>>>>>>>>>>>>>>>>>>>>>>>>
15:26:49   Epoch 2 begin
15:26:50   >>>>>>>>>>>>>>>>>>>>>>>>>>>>>>
15:26:50   Epoch 2 end
15:26:50   ------------------------------
15:26:50   average bpr: 0.443255
15:26:50   >>>>>>>>>>>>>>>>>>>>>>>>>>>>>>
15:26:50   Epoch 3 begin
15:26:50   >>>>>>>>>>>>>>>>>>>>>>>>>>>>>>
15:26:50   Mean positive scores: 2.662095069885254
15:26:50   Mean negative scores: 1.383427381515503
15:26:50   BPR loss: 0.43095698952674866
15:26:50   >>>>>>>>>>>>>>>>>>>>>>>>>>>>>>
15:26:50   Epoch 3 end
15:26:50   ------------------------------
15:26:50   average bpr: 0.432257
15:26:50   Save checkpoint to model_epoch_4.pth
15:26:50   >>>>>>>>>>>>>>>>>>>>>>>>>>>>>>
15:26:50   Evaluate on valid
15:26:50   mr: 210.593
15:26:50   mrr: 0.0593884
15:26:50   hits@1: 0.0229637
15:26:50   hits@3: 0.0535397
15:26:50   hits@10: 0.121035
15:26:50   >>>>>>>>>>>>>>>>>>>>>>>>>>>>>>
15:26:50   Epoch 4 begin
15:26:51   >>>>>>>>>>>>>>>>>>>>>>>>>>>>>>
15:26:51   Mean positive scores: 2.852287769317627
15:26:51   Mean negative scores: 1.4659440517425537
15:26:51   BPR loss: 0.41615211963653564
15:26:51   >>>>>>>>>>>>>>>>>>>>>>>>>>>>>>
15:26:51   Epoch 4 end
15:26:51   ------------------------------
15:26:51   average bpr: 0.42983
15:26:51   >>>>>>>>>>>>>>>>>>>>>>>>>>>>>>
15:26:51   Epoch 5 begin
15:26:51   >>>>>>>>>>>>>>>>>>>>>>>>>>>>>>
15:26:51   Epoch 5 end
15:26:51   ------------------------------
15:26:51   average bpr: 0.417865
15:26:51   Save checkpoint to model_epoch_6.pth
15:26:51   >>>>>>>>>>>>>>>>>>>>>>>>>>>>>>
15:26:51   Evaluate on valid
15:26:52   mr: 200.132
15:26:52   mrr: 0.0671056
15:26:52   hits@1: 0.0289267
15:26:52   hits@3: 0.0628013
15:26:52   hits@10: 0.133088
15:26:52   >>>>>>>>>>>>>>>>>>>>>>>>>>>>>>
15:26:52   Epoch 6 begin
15:26:52   >>>>>>>>>>>>>>>>>>>>>>>>>>>>>>
15:26:52   Mean positive scores: 3.0285894870758057
15:26:52   Mean negative scores: 1.5427381992340088
15:26:52   BPR loss: 0.40281832218170166
15:26:52   >>>>>>>>>>>>>>>>>>>>>>>>>>>>>>
15:26:52   Epoch 6 end
15:26:52   ------------------------------
15:26:52   average bpr: 0.409257
15:26:52   >>>>>>>>>>>>>>>>>>>>>>>>>>>>>>
15:26:52   Epoch 7 begin
15:26:53   >>>>>>>>>>>>>>>>>>>>>>>>>>>>>>
15:26:53   Epoch 7 end
15:26:53   ------------------------------
15:26:53   average bpr: 0.404896
15:26:53   Save checkpoint to model_epoch_8.pth
15:26:53   >>>>>>>>>>>>>>>>>>>>>>>>>>>>>>
15:26:53   Evaluate on valid
15:26:53   mr: 192.402
15:26:53   mrr: 0.0706112
15:26:53   hits@1: 0.0310835
15:26:53   hits@3: 0.0649581
15:26:53   hits@10: 0.139305
15:26:53   >>>>>>>>>>>>>>>>>>>>>>>>>>>>>>
15:26:53   Epoch 8 begin
15:26:53   >>>>>>>>>>>>>>>>>>>>>>>>>>>>>>
15:26:53   Mean positive scores: 2.993178367614746
15:26:53   Mean negative scores: 1.520173192024231
15:26:53   BPR loss: 0.392244815826416
15:26:54   >>>>>>>>>>>>>>>>>>>>>>>>>>>>>>
15:26:54   Epoch 8 end
15:26:54   ------------------------------
15:26:54   average bpr: 0.395472
15:26:54   >>>>>>>>>>>>>>>>>>>>>>>>>>>>>>
15:26:54   Epoch 9 begin
15:26:54   >>>>>>>>>>>>>>>>>>>>>>>>>>>>>>
15:26:54   Mean positive scores: 3.1291422843933105
15:26:54   Mean negative scores: 1.43973708152771
15:26:54   BPR loss: 0.34959906339645386
15:26:54   >>>>>>>>>>>>>>>>>>>>>>>>>>>>>>
15:26:54   Epoch 9 end
15:26:54   ------------------------------
15:26:54   average bpr: 0.387342
15:26:54   Save checkpoint to model_epoch_10.pth
15:26:54   >>>>>>>>>>>>>>>>>>>>>>>>>>>>>>
15:26:54   Evaluate on valid
15:26:54   mr: 187.169
15:26:54   mrr: 0.0730214
15:26:54   hits@1: 0.0317178
15:26:54   hits@3: 0.068003
15:26:54   hits@10: 0.145521
15:26:54   >>>>>>>>>>>>>>>>>>>>>>>>>>>>>>
15:26:54   Epoch 10 begin
15:26:55   >>>>>>>>>>>>>>>>>>>>>>>>>>>>>>
15:26:55   Epoch 10 end
15:26:55   ------------------------------
15:26:55   average bpr: 0.378831
15:26:55   >>>>>>>>>>>>>>>>>>>>>>>>>>>>>>
15:26:55   Epoch 11 begin
15:26:55   >>>>>>>>>>>>>>>>>>>>>>>>>>>>>>
15:26:55   Mean positive scores: 3.223491668701172
15:26:55   Mean negative scores: 1.6500015258789062
15:26:55   BPR loss: 0.41298580169677734
15:26:55   >>>>>>>>>>>>>>>>>>>>>>>>>>>>>>
15:26:55   Epoch 11 end
15:26:55   ------------------------------
15:26:55   average bpr: 0.375942
15:26:55   Save checkpoint to model_epoch_12.pth
15:26:55   >>>>>>>>>>>>>>>>>>>>>>>>>>>>>>
15:26:55   Evaluate on valid
15:26:56   mr: 183.624
15:26:56   mrr: 0.074155
15:26:56   hits@1: 0.0310835
15:26:56   hits@3: 0.0699061
15:26:56   hits@10: 0.148059
15:26:56   >>>>>>>>>>>>>>>>>>>>>>>>>>>>>>
15:26:56   Epoch 12 begin
15:26:56   >>>>>>>>>>>>>>>>>>>>>>>>>>>>>>
15:26:56   Mean positive scores: 3.3700480461120605
15:26:56   Mean negative scores: 1.5769506692886353
15:26:56   BPR loss: 0.36168989539146423
15:26:56   >>>>>>>>>>>>>>>>>>>>>>>>>>>>>>
15:26:56   Epoch 12 end
15:26:56   ------------------------------
15:26:56   average bpr: 0.368499
15:26:56   >>>>>>>>>>>>>>>>>>>>>>>>>>>>>>
15:26:56   Epoch 13 begin
15:26:57   >>>>>>>>>>>>>>>>>>>>>>>>>>>>>>
15:26:57   Epoch 13 end
15:26:57   ------------------------------
15:26:57   average bpr: 0.367083
15:26:57   Save checkpoint to model_epoch_14.pth
15:26:57   >>>>>>>>>>>>>>>>>>>>>>>>>>>>>>
15:26:57   Evaluate on valid
15:26:57   mr: 181.116
15:26:57   mrr: 0.0751157
15:26:57   hits@1: 0.0314641
15:26:57   hits@3: 0.0697792
15:26:57   hits@10: 0.152119
15:26:57   >>>>>>>>>>>>>>>>>>>>>>>>>>>>>>
15:26:57   Epoch 14 begin
15:26:57   >>>>>>>>>>>>>>>>>>>>>>>>>>>>>>
15:26:57   Mean positive scores: 3.3492379188537598
15:26:57   Mean negative scores: 1.5678808689117432
15:26:57   BPR loss: 0.37287285923957825
15:26:58   >>>>>>>>>>>>>>>>>>>>>>>>>>>>>>
15:26:58   Epoch 14 end
15:26:58   ------------------------------
15:26:58   average bpr: 0.363254
15:26:58   >>>>>>>>>>>>>>>>>>>>>>>>>>>>>>
15:26:58   Epoch 15 begin
15:26:58   >>>>>>>>>>>>>>>>>>>>>>>>>>>>>>
15:26:58   Epoch 15 end
15:26:58   ------------------------------
15:26:58   average bpr: 0.360517
15:26:58   Save checkpoint to model_epoch_16.pth
15:26:58   >>>>>>>>>>>>>>>>>>>>>>>>>>>>>>
15:26:58   Evaluate on valid
15:26:58   mr: 179.247
15:26:58   mrr: 0.0759456
15:26:58   hits@1: 0.0318447
15:26:58   hits@3: 0.071048
15:26:58   hits@10: 0.152753
15:26:58   >>>>>>>>>>>>>>>>>>>>>>>>>>>>>>
15:26:58   Epoch 16 begin
15:26:58   >>>>>>>>>>>>>>>>>>>>>>>>>>>>>>
15:26:58   Mean positive scores: 3.551267147064209
15:26:58   Mean negative scores: 1.5926214456558228
15:26:58   BPR loss: 0.344160795211792
15:26:59   >>>>>>>>>>>>>>>>>>>>>>>>>>>>>>
15:26:59   Epoch 16 end
15:26:59   ------------------------------
15:26:59   average bpr: 0.36087
15:26:59   >>>>>>>>>>>>>>>>>>>>>>>>>>>>>>
15:26:59   Epoch 17 begin
15:26:59   >>>>>>>>>>>>>>>>>>>>>>>>>>>>>>
15:26:59   Mean positive scores: 3.4874038696289062
15:26:59   Mean negative scores: 1.5903220176696777
15:26:59   BPR loss: 0.3490266799926758
15:26:59   >>>>>>>>>>>>>>>>>>>>>>>>>>>>>>
15:26:59   Epoch 17 end
15:26:59   ------------------------------
15:26:59   average bpr: 0.3599
15:26:59   Save checkpoint to model_epoch_18.pth
15:26:59   >>>>>>>>>>>>>>>>>>>>>>>>>>>>>>
15:26:59   Evaluate on valid
15:27:00   mr: 177.605
15:27:00   mrr: 0.0761192
15:27:00   hits@1: 0.0323522
15:27:00   hits@3: 0.0719361
15:27:00   hits@10: 0.153387
15:27:00   >>>>>>>>>>>>>>>>>>>>>>>>>>>>>>
15:27:00   Epoch 18 begin
15:27:00   >>>>>>>>>>>>>>>>>>>>>>>>>>>>>>
15:27:00   Epoch 18 end
15:27:00   ------------------------------
15:27:00   average bpr: 0.354865
15:27:00   >>>>>>>>>>>>>>>>>>>>>>>>>>>>>>
15:27:00   Epoch 19 begin
15:27:00   >>>>>>>>>>>>>>>>>>>>>>>>>>>>>>
15:27:00   Mean positive scores: 3.6069421768188477
15:27:00   Mean negative scores: 1.668162226676941
15:27:00   BPR loss: 0.35451847314834595
15:27:01   >>>>>>>>>>>>>>>>>>>>>>>>>>>>>>
15:27:01   Epoch 19 end
15:27:01   ------------------------------
15:27:01   average bpr: 0.352298
15:27:01   Save checkpoint to model_epoch_20.pth
15:27:01   >>>>>>>>>>>>>>>>>>>>>>>>>>>>>>
15:27:01   Evaluate on valid
15:27:01   mr: 176.25
15:27:01   mrr: 0.0768984
15:27:01   hits@1: 0.0333672
15:27:01   hits@3: 0.0733316
15:27:01   hits@10: 0.151611
15:27:01   Load checkpoint from model_epoch_20.pth
15:27:01   >>>>>>>>>>>>>>>>>>>>>>>>>>>>>>
15:27:01   Evaluate on valid
15:27:01   mr: 176.25
15:27:01   mrr: 0.0768984
15:27:01   hits@1: 0.0333672
15:27:01   hits@3: 0.0733316
15:27:01   hits@10: 0.151611
15:27:01   >>>>>>>>>>>>>>>>>>>>>>>>>>>>>>
15:27:01   Evaluate on test
15:27:01   mr: 227.559
15:27:01   mrr: 0.0672539
15:27:01   hits@1: 0.0286361
15:27:01   hits@3: 0.0613469
15:27:01   hits@10: 0.129032
