/itet-stor/trachsele/net_scratch/conda/lib/python3.12/site-packages/conda/base/context.py:982: FutureWarning: Adding 'defaults' to the channel list implicitly is deprecated and will be removed in 25.3. 

To remove this warning, please choose a default channel explicitly via 'conda config --add channels <name>', e.g. 'conda config --add channels defaults'.
  deprecated.topic(
15:49:50   Random seed: 1024
15:49:50   Config file: config/recommender/first_steps.yaml
15:49:50   {'checkpoint': None,
 'dataset': {'class': 'MovieLens100k', 'root': '~/git/ULTRA/kg-datasets/'},
 'model': {'class': 'Ultra',
           'embedding_item': {'hidden_dims': [32, 32], 'input_dim': 18},
           'embedding_user': {'hidden_dims': [32, 32], 'input_dim': 24},
           'entity_model': {'aggregate_func': 'sum',
                            'class': 'EntityNBFNet',
                            'hidden_dims': [32, 32, 32, 32, 32],
                            'input_dim': 32,
                            'layer_norm': True,
                            'message_func': 'distmult',
                            'short_cut': True},
           'relation_model': {'aggregate_func': 'sum',
                              'class': 'RelNBFNet',
                              'hidden_dims': [8, 8],
                              'input_dim': 8,
                              'layer_norm': True,
                              'message_func': 'distmult',
                              'short_cut': True},
           'simple_model': {'aggregate_func': 'sum',
                            'class': 'SimpleNBFNet',
                            'hidden_dims': [40, 40, 40, 40],
                            'input_dim': 40,
                            'layer_norm': True,
                            'message_func': 'distmult',
                            'short_cut': True}},
 'optimizer': {'class': 'AdamW', 'lr': 0.005},
 'output_dir': '~/git/ULTRA/output',
 'task': {'adversarial_temperature': 0,
          'metric': ['mr', 'mrr', 'hits@1', 'hits@3', 'hits@10'],
          'name': 'TransductiveInference',
          'num_negative': 32,
          'strict_negative': True},
 'train': {'batch_per_epoch': 1978,
           'batch_size': 32,
           'gpus': [0],
           'log_interval': 100,
           'num_epoch': 20}}
wandb: Using wandb-core as the SDK backend. Please refer to https://wandb.me/wandb-core for more information.
wandb: Currently logged in as: pitri (pitri-eth-z-rich). Use `wandb login --relogin` to force relogin
wandb: Tracking run with wandb version 0.18.5
wandb: Run data is saved locally in /home/trachsele/git/ULTRA/output/Ultra/MovieLens100k/2024-11-21-15-49-50/wandb/run-20241121_154951-eb1gnbci
wandb: Run `wandb offline` to turn off syncing.
wandb: Syncing run run-MovieLens100k-2024-11-21_15-49
wandb: ⭐️ View project at https://wandb.ai/pitri-eth-z-rich/tl4rec
wandb: 🚀 View run at https://wandb.ai/pitri-eth-z-rich/tl4rec/runs/eb1gnbci
/usr/itetnas04/data-scratch-01/trachsele/data/tl4rec/ultra/tasks.py:301: UserWarning: Sparse CSR tensor support is in beta state. If you miss a functionality in the sparse tensor support, please submit a feature request to https://github.com/pytorch/pytorch/issues. (Triggered internally at /opt/conda/conda-bld/pytorch_1695392022560/work/aten/src/ATen/SparseCsrTensorImpl.cpp:53.)
  Ahh = torch.sparse.mm(EhT, Eh).coalesce()
15:49:54   MovieLens100k dataset
15:49:54   #train: 63283, #valid: 7882, #test: 8835
15:49:55   ------------------------------
15:49:55   Number of parameters: 57521
15:49:55   >>>>>>>>>>>>>>>>>>>>>>>>>>>>>>
15:49:55   Epoch 0 begin
15:49:56   >>>>>>>>>>>>>>>>>>>>>>>>>>>>>>
15:49:56   Mean positive scores: 0.05833578109741211
15:49:56   Mean negative scores: 0.07021072506904602
15:49:56   BPR loss: 0.6992132663726807
15:49:56   Note: NumExpr detected 32 cores but "NUMEXPR_MAX_THREADS" not set, so enforcing safe limit of 8.
15:49:56   NumExpr defaulting to 8 threads.
15:50:02   >>>>>>>>>>>>>>>>>>>>>>>>>>>>>>
15:50:02   Mean positive scores: 5.684363842010498
15:50:02   Mean negative scores: 2.20613431930542
15:50:02   BPR loss: 0.4342079758644104
15:50:08   >>>>>>>>>>>>>>>>>>>>>>>>>>>>>>
15:50:08   Mean positive scores: 9.195508003234863
15:50:08   Mean negative scores: 3.789205551147461
15:50:08   BPR loss: 0.0240903552621603
15:50:14   >>>>>>>>>>>>>>>>>>>>>>>>>>>>>>
15:50:14   Mean positive scores: 2.015873432159424
15:50:14   Mean negative scores: -3.5895214080810547
15:50:14   BPR loss: 0.18835331499576569
15:50:20   >>>>>>>>>>>>>>>>>>>>>>>>>>>>>>
15:50:20   Mean positive scores: 14.449787139892578
15:50:20   Mean negative scores: 11.00164794921875
15:50:20   BPR loss: 0.07499115914106369
15:50:26   >>>>>>>>>>>>>>>>>>>>>>>>>>>>>>
15:50:26   Mean positive scores: 10.424417495727539
15:50:26   Mean negative scores: 5.567574501037598
15:50:26   BPR loss: 0.04590919613838196
15:50:33   >>>>>>>>>>>>>>>>>>>>>>>>>>>>>>
15:50:33   Mean positive scores: 14.934823989868164
15:50:33   Mean negative scores: 6.420656681060791
15:50:33   BPR loss: 0.014677885919809341
15:50:39   >>>>>>>>>>>>>>>>>>>>>>>>>>>>>>
15:50:39   Mean positive scores: 9.676945686340332
15:50:39   Mean negative scores: 4.4348297119140625
15:50:39   BPR loss: 0.09455497562885284
15:50:45   >>>>>>>>>>>>>>>>>>>>>>>>>>>>>>
15:50:45   Mean positive scores: 14.290792465209961
15:50:45   Mean negative scores: 8.870634078979492
15:50:45   BPR loss: 0.045822080224752426
15:50:51   >>>>>>>>>>>>>>>>>>>>>>>>>>>>>>
15:50:51   Mean positive scores: 17.199798583984375
15:50:51   Mean negative scores: 10.942912101745605
15:50:51   BPR loss: 0.008947780355811119
15:50:57   >>>>>>>>>>>>>>>>>>>>>>>>>>>>>>
15:50:57   Mean positive scores: 22.30805015563965
15:50:57   Mean negative scores: 17.31516456604004
15:50:57   BPR loss: 0.08708953857421875
15:51:03   >>>>>>>>>>>>>>>>>>>>>>>>>>>>>>
15:51:03   Mean positive scores: 13.599480628967285
15:51:03   Mean negative scores: 9.232651710510254
15:51:03   BPR loss: 0.07077603042125702
15:51:09   >>>>>>>>>>>>>>>>>>>>>>>>>>>>>>
15:51:09   Mean positive scores: 17.493989944458008
15:51:09   Mean negative scores: 11.268677711486816
15:51:09   BPR loss: 0.027175933122634888
15:51:15   >>>>>>>>>>>>>>>>>>>>>>>>>>>>>>
15:51:16   Mean positive scores: 16.790443420410156
15:51:16   Mean negative scores: 11.069483757019043
15:51:16   BPR loss: 0.046618543565273285
15:51:22   >>>>>>>>>>>>>>>>>>>>>>>>>>>>>>
15:51:22   Mean positive scores: 15.82020378112793
15:51:22   Mean negative scores: 9.535675048828125
15:51:22   BPR loss: 0.053401924669742584
15:51:28   >>>>>>>>>>>>>>>>>>>>>>>>>>>>>>
15:51:28   Mean positive scores: 22.83382225036621
15:51:28   Mean negative scores: 15.036578178405762
15:51:28   BPR loss: 0.01663738116621971
15:51:34   >>>>>>>>>>>>>>>>>>>>>>>>>>>>>>
15:51:34   Mean positive scores: 22.09394073486328
15:51:34   Mean negative scores: 15.205697059631348
15:51:34   BPR loss: 0.16688528656959534
15:51:40   >>>>>>>>>>>>>>>>>>>>>>>>>>>>>>
15:51:40   Mean positive scores: 10.420928001403809
15:51:40   Mean negative scores: 5.113429546356201
15:51:40   BPR loss: 0.652908444404602
15:51:46   >>>>>>>>>>>>>>>>>>>>>>>>>>>>>>
15:51:46   Mean positive scores: 17.569856643676758
15:51:46   Mean negative scores: 12.484728813171387
15:51:46   BPR loss: 0.05203075334429741
15:51:52   >>>>>>>>>>>>>>>>>>>>>>>>>>>>>>
15:51:52   Mean positive scores: 14.11832046508789
15:51:52   Mean negative scores: 8.176959991455078
15:51:52   BPR loss: 0.19603092968463898
15:51:56   >>>>>>>>>>>>>>>>>>>>>>>>>>>>>>
15:51:56   Epoch 0 end
15:51:56   ------------------------------
15:51:56   average bpr: 0.117184
15:51:56   >>>>>>>>>>>>>>>>>>>>>>>>>>>>>>
15:51:56   Epoch 1 begin
15:51:58   >>>>>>>>>>>>>>>>>>>>>>>>>>>>>>
15:51:58   Mean positive scores: 19.988311767578125
15:51:58   Mean negative scores: 13.490428924560547
15:51:58   BPR loss: 0.014350051060318947
15:52:04   >>>>>>>>>>>>>>>>>>>>>>>>>>>>>>
15:52:04   Mean positive scores: 2.644810199737549
15:52:04   Mean negative scores: -3.0597214698791504
15:52:04   BPR loss: 0.19629479944705963
15:52:10   >>>>>>>>>>>>>>>>>>>>>>>>>>>>>>
15:52:10   Mean positive scores: 2.415862560272217
15:52:10   Mean negative scores: -3.1912336349487305
15:52:10   BPR loss: 0.1212640181183815
15:52:16   >>>>>>>>>>>>>>>>>>>>>>>>>>>>>>
15:52:16   Mean positive scores: 11.216248512268066
15:52:16   Mean negative scores: 4.508140563964844
15:52:16   BPR loss: 0.28680500388145447
15:52:23   >>>>>>>>>>>>>>>>>>>>>>>>>>>>>>
15:52:23   Mean positive scores: 6.868685722351074
15:52:23   Mean negative scores: 0.9346018433570862
15:52:23   BPR loss: 0.03086112067103386
15:52:29   >>>>>>>>>>>>>>>>>>>>>>>>>>>>>>
15:52:29   Mean positive scores: 17.570209503173828
15:52:29   Mean negative scores: 10.995475769042969
15:52:29   BPR loss: 0.055868010967969894
15:52:35   >>>>>>>>>>>>>>>>>>>>>>>>>>>>>>
15:52:35   Mean positive scores: 11.317544937133789
15:52:35   Mean negative scores: 4.453591346740723
15:52:35   BPR loss: 0.07122909277677536
15:52:41   >>>>>>>>>>>>>>>>>>>>>>>>>>>>>>
15:52:41   Mean positive scores: 10.230386734008789
15:52:41   Mean negative scores: 5.357876777648926
15:52:41   BPR loss: 0.0205595213919878
15:52:47   >>>>>>>>>>>>>>>>>>>>>>>>>>>>>>
15:52:47   Mean positive scores: 14.24222183227539
15:52:47   Mean negative scores: 9.359699249267578
15:52:47   BPR loss: 0.06843584030866623
15:52:53   >>>>>>>>>>>>>>>>>>>>>>>>>>>>>>
15:52:53   Mean positive scores: 19.726306915283203
15:52:53   Mean negative scores: 13.735610961914062
15:52:53   BPR loss: 0.02576865628361702
15:53:00   >>>>>>>>>>>>>>>>>>>>>>>>>>>>>>
15:53:00   Mean positive scores: 26.517210006713867
15:53:00   Mean negative scores: 20.636991500854492
15:53:00   BPR loss: 0.07318204641342163
15:53:06   >>>>>>>>>>>>>>>>>>>>>>>>>>>>>>
15:53:06   Mean positive scores: 25.386796951293945
15:53:06   Mean negative scores: 19.930126190185547
15:53:06   BPR loss: 0.11799951642751694
15:53:12   >>>>>>>>>>>>>>>>>>>>>>>>>>>>>>
15:53:12   Mean positive scores: 24.57215118408203
15:53:12   Mean negative scores: 17.768388748168945
15:53:12   BPR loss: 0.017020436003804207
15:53:18   >>>>>>>>>>>>>>>>>>>>>>>>>>>>>>
15:53:18   Mean positive scores: 21.697059631347656
15:53:18   Mean negative scores: 15.474283218383789
15:53:18   BPR loss: 0.02616480365395546
15:53:24   >>>>>>>>>>>>>>>>>>>>>>>>>>>>>>
15:53:24   Mean positive scores: 15.049524307250977
15:53:24   Mean negative scores: 8.721569061279297
15:53:24   BPR loss: 0.014177251607179642
15:53:30   >>>>>>>>>>>>>>>>>>>>>>>>>>>>>>
15:53:30   Mean positive scores: 15.920418739318848
15:53:30   Mean negative scores: 10.477810859680176
15:53:30   BPR loss: 0.11733818799257278
15:53:36   >>>>>>>>>>>>>>>>>>>>>>>>>>>>>>
15:53:36   Mean positive scores: 18.496158599853516
15:53:36   Mean negative scores: 13.742259979248047
15:53:36   BPR loss: 0.07851553708314896
15:53:42   >>>>>>>>>>>>>>>>>>>>>>>>>>>>>>
15:53:42   Mean positive scores: 17.0352783203125
15:53:42   Mean negative scores: 12.31929874420166
15:53:42   BPR loss: 0.02426040545105934
15:53:48   >>>>>>>>>>>>>>>>>>>>>>>>>>>>>>
15:53:48   Mean positive scores: 18.81694984436035
15:53:48   Mean negative scores: 13.381500244140625
15:53:48   BPR loss: 0.04348578304052353
15:53:54   >>>>>>>>>>>>>>>>>>>>>>>>>>>>>>
15:53:54   Mean positive scores: 24.263938903808594
15:53:54   Mean negative scores: 18.063640594482422
15:53:54   BPR loss: 0.05531987547874451
15:53:58   >>>>>>>>>>>>>>>>>>>>>>>>>>>>>>
15:53:58   Epoch 1 end
15:53:58   ------------------------------
15:53:58   average bpr: 0.0932791
15:53:58   Save checkpoint to model_epoch_2.pth
15:53:58   >>>>>>>>>>>>>>>>>>>>>>>>>>>>>>
15:53:58   Evaluate on valid
15:54:03   mr: 142.165
15:54:03   mrr: 0.0625059
15:54:03   hits@1: 0.018777
15:54:03   hits@3: 0.051256
15:54:03   hits@10: 0.138924
15:54:03   >>>>>>>>>>>>>>>>>>>>>>>>>>>>>>
15:54:03   Epoch 2 begin
15:54:06   >>>>>>>>>>>>>>>>>>>>>>>>>>>>>>
15:54:06   Mean positive scores: 19.679927825927734
15:54:06   Mean negative scores: 13.25383472442627
15:54:06   BPR loss: 0.00995204783976078
15:54:12   >>>>>>>>>>>>>>>>>>>>>>>>>>>>>>
15:54:12   Mean positive scores: 14.803215026855469
15:54:12   Mean negative scores: 11.04842758178711
15:54:12   BPR loss: 1.7487694025039673
15:54:19   >>>>>>>>>>>>>>>>>>>>>>>>>>>>>>
15:54:19   Mean positive scores: 24.58854103088379
15:54:19   Mean negative scores: 18.766006469726562
15:54:19   BPR loss: 0.03221685066819191
15:54:25   >>>>>>>>>>>>>>>>>>>>>>>>>>>>>>
15:54:25   Mean positive scores: 20.95160675048828
15:54:25   Mean negative scores: 14.423017501831055
15:54:25   BPR loss: 0.0070299445651471615
15:54:31   >>>>>>>>>>>>>>>>>>>>>>>>>>>>>>
15:54:31   Mean positive scores: 25.675323486328125
15:54:31   Mean negative scores: 18.295862197875977
15:54:31   BPR loss: 0.03134725242853165
15:54:37   >>>>>>>>>>>>>>>>>>>>>>>>>>>>>>
15:54:37   Mean positive scores: 16.845415115356445
15:54:37   Mean negative scores: 12.129701614379883
15:54:37   BPR loss: 0.05328160524368286
15:54:43   >>>>>>>>>>>>>>>>>>>>>>>>>>>>>>
15:54:43   Mean positive scores: 22.707979202270508
15:54:43   Mean negative scores: 16.94967269897461
15:54:43   BPR loss: 0.29020071029663086
15:54:49   >>>>>>>>>>>>>>>>>>>>>>>>>>>>>>
15:54:49   Mean positive scores: 22.121850967407227
15:54:49   Mean negative scores: 15.241156578063965
15:54:49   BPR loss: 0.012081771157681942
15:54:55   >>>>>>>>>>>>>>>>>>>>>>>>>>>>>>
15:54:55   Mean positive scores: 12.885120391845703
15:54:55   Mean negative scores: 7.005068302154541
15:54:55   BPR loss: 0.04596605896949768
15:55:02   >>>>>>>>>>>>>>>>>>>>>>>>>>>>>>
15:55:02   Mean positive scores: 18.53925323486328
15:55:02   Mean negative scores: 10.772725105285645
15:55:02   BPR loss: 0.1981244683265686
15:55:08   >>>>>>>>>>>>>>>>>>>>>>>>>>>>>>
15:55:08   Mean positive scores: 22.01165771484375
15:55:08   Mean negative scores: 14.761382102966309
15:55:08   BPR loss: 0.028782552108168602
15:55:14   >>>>>>>>>>>>>>>>>>>>>>>>>>>>>>
15:55:14   Mean positive scores: 15.199779510498047
15:55:14   Mean negative scores: 10.368124008178711
15:55:14   BPR loss: 0.1154240295290947
15:55:21   >>>>>>>>>>>>>>>>>>>>>>>>>>>>>>
15:55:21   Mean positive scores: 14.64972972869873
15:55:21   Mean negative scores: 9.127701759338379
15:55:21   BPR loss: 0.01708732172846794
15:55:27   >>>>>>>>>>>>>>>>>>>>>>>>>>>>>>
15:55:27   Mean positive scores: 16.863901138305664
15:55:27   Mean negative scores: 10.695509910583496
15:55:27   BPR loss: 0.028513722121715546
15:55:33   >>>>>>>>>>>>>>>>>>>>>>>>>>>>>>
15:55:33   Mean positive scores: 16.220449447631836
15:55:33   Mean negative scores: 9.946423530578613
15:55:33   BPR loss: 0.029124455526471138
15:55:39   >>>>>>>>>>>>>>>>>>>>>>>>>>>>>>
15:55:39   Mean positive scores: 17.6656436920166
15:55:39   Mean negative scores: 11.860347747802734
15:55:39   BPR loss: 0.14719873666763306
15:55:46   >>>>>>>>>>>>>>>>>>>>>>>>>>>>>>
15:55:46   Mean positive scores: 16.411285400390625
15:55:46   Mean negative scores: 10.471283912658691
15:55:46   BPR loss: 0.12239338457584381
15:55:52   >>>>>>>>>>>>>>>>>>>>>>>>>>>>>>
15:55:52   Mean positive scores: 20.822200775146484
15:55:52   Mean negative scores: 14.690797805786133
15:55:52   BPR loss: 0.04162565618753433
15:55:58   >>>>>>>>>>>>>>>>>>>>>>>>>>>>>>
15:55:58   Mean positive scores: 14.90478801727295
15:55:58   Mean negative scores: 9.233290672302246
15:55:58   BPR loss: 0.3258972465991974
15:56:04   >>>>>>>>>>>>>>>>>>>>>>>>>>>>>>
15:56:04   Mean positive scores: 17.579479217529297
15:56:04   Mean negative scores: 11.376300811767578
15:56:04   BPR loss: 0.10591323673725128
15:56:06   >>>>>>>>>>>>>>>>>>>>>>>>>>>>>>
15:56:06   Epoch 2 end
15:56:06   ------------------------------
15:56:06   average bpr: 0.0842264
15:56:06   >>>>>>>>>>>>>>>>>>>>>>>>>>>>>>
15:56:06   Epoch 3 begin
15:56:10   >>>>>>>>>>>>>>>>>>>>>>>>>>>>>>
15:56:10   Mean positive scores: 29.24040412902832
15:56:10   Mean negative scores: 22.301361083984375
15:56:10   BPR loss: 0.06712005287408829
15:56:16   >>>>>>>>>>>>>>>>>>>>>>>>>>>>>>
15:56:17   Mean positive scores: 22.052322387695312
15:56:17   Mean negative scores: 16.27613639831543
15:56:17   BPR loss: 0.034989096224308014
15:56:23   >>>>>>>>>>>>>>>>>>>>>>>>>>>>>>
15:56:23   Mean positive scores: 23.295209884643555
15:56:23   Mean negative scores: 15.168760299682617
15:56:23   BPR loss: 0.02120107412338257
15:56:29   >>>>>>>>>>>>>>>>>>>>>>>>>>>>>>
15:56:29   Mean positive scores: 15.505304336547852
15:56:29   Mean negative scores: 9.267656326293945
15:56:29   BPR loss: 0.023348622024059296
15:56:35   >>>>>>>>>>>>>>>>>>>>>>>>>>>>>>
15:56:35   Mean positive scores: 13.755231857299805
15:56:35   Mean negative scores: 8.196687698364258
15:56:35   BPR loss: 0.06124439090490341
15:56:41   >>>>>>>>>>>>>>>>>>>>>>>>>>>>>>
15:56:41   Mean positive scores: 17.692935943603516
15:56:41   Mean negative scores: 9.023477554321289
15:56:41   BPR loss: 0.03569352626800537
15:56:47   >>>>>>>>>>>>>>>>>>>>>>>>>>>>>>
15:56:48   Mean positive scores: 19.586729049682617
15:56:48   Mean negative scores: 13.646207809448242
15:56:48   BPR loss: 0.1060054749250412
15:56:54   >>>>>>>>>>>>>>>>>>>>>>>>>>>>>>
15:56:54   Mean positive scores: 28.251670837402344
15:56:54   Mean negative scores: 20.437530517578125
15:56:54   BPR loss: 0.0364004522562027
15:57:00   >>>>>>>>>>>>>>>>>>>>>>>>>>>>>>
15:57:00   Mean positive scores: 21.625873565673828
15:57:00   Mean negative scores: 16.025875091552734
15:57:00   BPR loss: 0.030778318643569946
15:57:06   >>>>>>>>>>>>>>>>>>>>>>>>>>>>>>
15:57:06   Mean positive scores: 23.548603057861328
15:57:06   Mean negative scores: 16.825637817382812
15:57:06   BPR loss: 0.01955626718699932
15:57:12   >>>>>>>>>>>>>>>>>>>>>>>>>>>>>>
15:57:12   Mean positive scores: 24.539823532104492
15:57:12   Mean negative scores: 18.19013023376465
15:57:12   BPR loss: 0.14712901413440704
15:57:18   >>>>>>>>>>>>>>>>>>>>>>>>>>>>>>
15:57:19   Mean positive scores: 24.952804565429688
15:57:19   Mean negative scores: 17.053443908691406
15:57:19   BPR loss: 0.012619193643331528
15:57:25   >>>>>>>>>>>>>>>>>>>>>>>>>>>>>>
15:57:25   Mean positive scores: 22.479713439941406
15:57:25   Mean negative scores: 15.86269760131836
15:57:25   BPR loss: 0.033734094351530075
15:57:31   >>>>>>>>>>>>>>>>>>>>>>>>>>>>>>
15:57:31   Mean positive scores: 21.59645652770996
15:57:31   Mean negative scores: 15.551597595214844
15:57:31   BPR loss: 0.03116138093173504
15:57:37   >>>>>>>>>>>>>>>>>>>>>>>>>>>>>>
15:57:37   Mean positive scores: 20.883018493652344
15:57:37   Mean negative scores: 15.351691246032715
15:57:37   BPR loss: 0.13525928556919098
15:57:44   >>>>>>>>>>>>>>>>>>>>>>>>>>>>>>
15:57:44   Mean positive scores: 19.332645416259766
15:57:44   Mean negative scores: 14.077851295471191
15:57:44   BPR loss: 0.02915436029434204
15:57:50   >>>>>>>>>>>>>>>>>>>>>>>>>>>>>>
15:57:50   Mean positive scores: 22.664405822753906
15:57:50   Mean negative scores: 15.353883743286133
15:57:50   BPR loss: 0.09880371391773224
15:57:56   >>>>>>>>>>>>>>>>>>>>>>>>>>>>>>
15:57:56   Mean positive scores: 23.182294845581055
15:57:56   Mean negative scores: 18.316787719726562
15:57:56   BPR loss: 1.4496166706085205
15:58:03   >>>>>>>>>>>>>>>>>>>>>>>>>>>>>>
15:58:03   Mean positive scores: 17.18946075439453
15:58:03   Mean negative scores: 10.860702514648438
15:58:03   BPR loss: 0.08083297312259674
15:58:09   >>>>>>>>>>>>>>>>>>>>>>>>>>>>>>
15:58:09   Mean positive scores: 13.173407554626465
15:58:09   Mean negative scores: 7.290243625640869
15:58:09   BPR loss: 0.02358889766037464
15:58:10   >>>>>>>>>>>>>>>>>>>>>>>>>>>>>>
15:58:10   Epoch 3 end
15:58:10   ------------------------------
15:58:10   average bpr: 0.0837237
15:58:10   Save checkpoint to model_epoch_4.pth
15:58:10   >>>>>>>>>>>>>>>>>>>>>>>>>>>>>>
15:58:10   Evaluate on valid
15:58:16   mr: 139.362
15:58:16   mrr: 0.0737316
15:58:16   hits@1: 0.0265161
15:58:16   hits@3: 0.0664806
15:58:16   hits@10: 0.154656
15:58:16   >>>>>>>>>>>>>>>>>>>>>>>>>>>>>>
15:58:16   Epoch 4 begin
15:58:21   >>>>>>>>>>>>>>>>>>>>>>>>>>>>>>
15:58:21   Mean positive scores: 18.501211166381836
15:58:21   Mean negative scores: 12.347448348999023
15:58:21   BPR loss: 0.11604250967502594
15:58:28   >>>>>>>>>>>>>>>>>>>>>>>>>>>>>>
15:58:28   Mean positive scores: 12.093274116516113
15:58:28   Mean negative scores: 4.606084823608398
15:58:28   BPR loss: 0.03126976266503334
15:58:34   >>>>>>>>>>>>>>>>>>>>>>>>>>>>>>
15:58:34   Mean positive scores: 8.677038192749023
15:58:34   Mean negative scores: -0.6425895690917969
15:58:34   BPR loss: 0.0038616477977484465
15:58:40   >>>>>>>>>>>>>>>>>>>>>>>>>>>>>>
15:58:40   Mean positive scores: 17.802169799804688
15:58:40   Mean negative scores: 10.883723258972168
15:58:40   BPR loss: 0.03706560283899307
15:58:46   >>>>>>>>>>>>>>>>>>>>>>>>>>>>>>
15:58:46   Mean positive scores: 26.201051712036133
15:58:46   Mean negative scores: 19.71964454650879
15:58:46   BPR loss: 0.04290148243308067
15:58:53   >>>>>>>>>>>>>>>>>>>>>>>>>>>>>>
15:58:53   Mean positive scores: 17.51029396057129
15:58:53   Mean negative scores: 12.17880630493164
15:58:53   BPR loss: 0.05412869527935982
15:58:59   >>>>>>>>>>>>>>>>>>>>>>>>>>>>>>
15:58:59   Mean positive scores: 17.642436981201172
15:58:59   Mean negative scores: 12.589982986450195
15:58:59   BPR loss: 0.028492821380496025
15:59:05   >>>>>>>>>>>>>>>>>>>>>>>>>>>>>>
15:59:05   Mean positive scores: 15.76724910736084
15:59:05   Mean negative scores: 10.156039237976074
15:59:05   BPR loss: 0.26195886731147766
15:59:12   >>>>>>>>>>>>>>>>>>>>>>>>>>>>>>
15:59:12   Mean positive scores: 20.44879913330078
15:59:12   Mean negative scores: 14.159432411193848
15:59:12   BPR loss: 0.03865322470664978
15:59:18   >>>>>>>>>>>>>>>>>>>>>>>>>>>>>>
15:59:18   Mean positive scores: 15.048235893249512
15:59:18   Mean negative scores: 7.324375629425049
15:59:18   BPR loss: 0.13626843690872192
15:59:24   >>>>>>>>>>>>>>>>>>>>>>>>>>>>>>
15:59:24   Mean positive scores: 13.749958992004395
15:59:24   Mean negative scores: 7.63460111618042
15:59:24   BPR loss: 0.07733555138111115
15:59:31   >>>>>>>>>>>>>>>>>>>>>>>>>>>>>>
15:59:31   Mean positive scores: 11.000518798828125
15:59:31   Mean negative scores: 4.552161693572998
15:59:31   BPR loss: 0.017954576760530472
15:59:37   >>>>>>>>>>>>>>>>>>>>>>>>>>>>>>
15:59:37   Mean positive scores: 21.236331939697266
15:59:37   Mean negative scores: 14.884368896484375
15:59:37   BPR loss: 0.6679799556732178
15:59:43   >>>>>>>>>>>>>>>>>>>>>>>>>>>>>>
15:59:43   Mean positive scores: 24.210857391357422
15:59:43   Mean negative scores: 17.28496742248535
15:59:43   BPR loss: 0.0565202422440052
15:59:50   >>>>>>>>>>>>>>>>>>>>>>>>>>>>>>
15:59:50   Mean positive scores: 18.10344696044922
15:59:50   Mean negative scores: 11.597140312194824
15:59:50   BPR loss: 0.12302254885435104
15:59:56   >>>>>>>>>>>>>>>>>>>>>>>>>>>>>>
15:59:56   Mean positive scores: 25.28902816772461
15:59:56   Mean negative scores: 18.314498901367188
15:59:56   BPR loss: 0.05133670195937157
16:00:02   >>>>>>>>>>>>>>>>>>>>>>>>>>>>>>
16:00:03   Mean positive scores: 22.45927619934082
16:00:03   Mean negative scores: 14.381306648254395
16:00:03   BPR loss: 0.005012852139770985
16:00:09   >>>>>>>>>>>>>>>>>>>>>>>>>>>>>>
16:00:09   Mean positive scores: 22.39437484741211
16:00:09   Mean negative scores: 14.888378143310547
16:00:09   BPR loss: 0.029119208455085754
16:00:15   >>>>>>>>>>>>>>>>>>>>>>>>>>>>>>
16:00:15   Mean positive scores: 21.754823684692383
16:00:15   Mean negative scores: 15.03085708618164
16:00:15   BPR loss: 0.04070306569337845
16:00:21   >>>>>>>>>>>>>>>>>>>>>>>>>>>>>>
16:00:21   Epoch 4 end
16:00:21   ------------------------------
16:00:21   average bpr: 0.0797488
16:00:21   >>>>>>>>>>>>>>>>>>>>>>>>>>>>>>
16:00:21   Epoch 5 begin
16:00:21   >>>>>>>>>>>>>>>>>>>>>>>>>>>>>>
16:00:22   Mean positive scores: 23.30783462524414
16:00:22   Mean negative scores: 15.738200187683105
16:00:22   BPR loss: 0.11445813626050949
16:00:28   >>>>>>>>>>>>>>>>>>>>>>>>>>>>>>
16:00:28   Mean positive scores: 12.912796974182129
16:00:28   Mean negative scores: 6.207929611206055
16:00:28   BPR loss: 0.12771664559841156
16:00:34   >>>>>>>>>>>>>>>>>>>>>>>>>>>>>>
16:00:34   Mean positive scores: 17.29277801513672
16:00:34   Mean negative scores: 10.028133392333984
16:00:34   BPR loss: 0.019460240378975868
16:00:40   >>>>>>>>>>>>>>>>>>>>>>>>>>>>>>
16:00:40   Mean positive scores: 24.259357452392578
16:00:40   Mean negative scores: 16.96407699584961
16:00:40   BPR loss: 0.08164100348949432
16:00:46   >>>>>>>>>>>>>>>>>>>>>>>>>>>>>>
16:00:47   Mean positive scores: 16.867210388183594
16:00:47   Mean negative scores: 9.512039184570312
16:00:47   BPR loss: 0.018959788605570793
16:00:53   >>>>>>>>>>>>>>>>>>>>>>>>>>>>>>
16:00:53   Mean positive scores: 19.048608779907227
16:00:53   Mean negative scores: 11.45780086517334
16:00:53   BPR loss: 0.04945596680045128
16:00:59   >>>>>>>>>>>>>>>>>>>>>>>>>>>>>>
16:00:59   Mean positive scores: 8.27664852142334
16:00:59   Mean negative scores: 2.1000523567199707
16:00:59   BPR loss: 0.1120825931429863
16:01:05   >>>>>>>>>>>>>>>>>>>>>>>>>>>>>>
16:01:06   Mean positive scores: 12.91872787475586
16:01:06   Mean negative scores: 7.245377540588379
16:01:06   BPR loss: 0.025242676958441734
16:01:12   >>>>>>>>>>>>>>>>>>>>>>>>>>>>>>
16:01:12   Mean positive scores: 22.558923721313477
16:01:12   Mean negative scores: 15.860017776489258
16:01:12   BPR loss: 0.01966468244791031
16:01:18   >>>>>>>>>>>>>>>>>>>>>>>>>>>>>>
16:01:18   Mean positive scores: 19.35684585571289
16:01:18   Mean negative scores: 11.824108123779297
16:01:18   BPR loss: 0.009568989276885986
16:01:24   >>>>>>>>>>>>>>>>>>>>>>>>>>>>>>
16:01:25   Mean positive scores: 16.671079635620117
16:01:25   Mean negative scores: 9.928983688354492
16:01:25   BPR loss: 0.010830833576619625
16:01:31   >>>>>>>>>>>>>>>>>>>>>>>>>>>>>>
16:01:31   Mean positive scores: 15.720657348632812
16:01:31   Mean negative scores: 9.013113021850586
16:01:31   BPR loss: 0.06170804426074028
16:01:37   >>>>>>>>>>>>>>>>>>>>>>>>>>>>>>
16:01:37   Mean positive scores: 10.99836254119873
16:01:37   Mean negative scores: 4.163976192474365
16:01:37   BPR loss: 0.08769531548023224
16:01:43   >>>>>>>>>>>>>>>>>>>>>>>>>>>>>>
16:01:43   Mean positive scores: 13.681366920471191
16:01:43   Mean negative scores: 7.1190338134765625
16:01:43   BPR loss: 0.016109341755509377
16:01:49   >>>>>>>>>>>>>>>>>>>>>>>>>>>>>>
16:01:49   Mean positive scores: 9.542678833007812
16:01:49   Mean negative scores: 4.174239158630371
16:01:49   BPR loss: 0.08956047892570496
16:01:56   >>>>>>>>>>>>>>>>>>>>>>>>>>>>>>
16:01:56   Mean positive scores: 8.243302345275879
16:01:56   Mean negative scores: 3.1996636390686035
16:01:56   BPR loss: 0.07474207878112793
16:02:02   >>>>>>>>>>>>>>>>>>>>>>>>>>>>>>
16:02:02   Mean positive scores: 16.427865982055664
16:02:02   Mean negative scores: 9.960159301757812
16:02:02   BPR loss: 0.0766383558511734
16:02:08   >>>>>>>>>>>>>>>>>>>>>>>>>>>>>>
16:02:08   Mean positive scores: 16.824138641357422
16:02:08   Mean negative scores: 8.6935453414917
16:02:08   BPR loss: 0.005628709681332111
16:02:15   >>>>>>>>>>>>>>>>>>>>>>>>>>>>>>
16:02:15   Mean positive scores: 16.287214279174805
16:02:15   Mean negative scores: 10.464088439941406
16:02:15   BPR loss: 0.1329243779182434
16:02:21   >>>>>>>>>>>>>>>>>>>>>>>>>>>>>>
16:02:21   Mean positive scores: 15.850834846496582
16:02:21   Mean negative scores: 9.452250480651855
16:02:21   BPR loss: 0.012631920166313648
16:02:25   >>>>>>>>>>>>>>>>>>>>>>>>>>>>>>
16:02:25   Epoch 5 end
16:02:25   ------------------------------
16:02:25   average bpr: 0.0818086
16:02:25   Save checkpoint to model_epoch_6.pth
16:02:25   >>>>>>>>>>>>>>>>>>>>>>>>>>>>>>
16:02:25   Evaluate on valid
16:02:31   mr: 140.069
16:02:31   mrr: 0.0698074
16:02:31   hits@1: 0.0241056
16:02:31   hits@3: 0.0612789
16:02:31   hits@10: 0.14476
16:02:31   >>>>>>>>>>>>>>>>>>>>>>>>>>>>>>
16:02:31   Epoch 6 begin
16:02:33   >>>>>>>>>>>>>>>>>>>>>>>>>>>>>>
16:02:33   Mean positive scores: 13.014690399169922
16:02:33   Mean negative scores: 5.097895622253418
16:02:33   BPR loss: 0.02590218000113964
16:02:39   >>>>>>>>>>>>>>>>>>>>>>>>>>>>>>
16:02:39   Mean positive scores: 17.303232192993164
16:02:39   Mean negative scores: 10.628032684326172
16:02:39   BPR loss: 0.02518012747168541
16:02:46   >>>>>>>>>>>>>>>>>>>>>>>>>>>>>>
16:02:46   Mean positive scores: 16.320720672607422
16:02:46   Mean negative scores: 10.097622871398926
16:02:46   BPR loss: 0.41156643629074097
16:02:52   >>>>>>>>>>>>>>>>>>>>>>>>>>>>>>
16:02:52   Mean positive scores: 12.79278564453125
16:02:52   Mean negative scores: 5.893501281738281
16:02:52   BPR loss: 0.045924194157123566
16:02:58   >>>>>>>>>>>>>>>>>>>>>>>>>>>>>>
16:02:58   Mean positive scores: 19.18350601196289
16:02:58   Mean negative scores: 13.834482192993164
16:02:58   BPR loss: 0.5385990738868713
16:03:05   >>>>>>>>>>>>>>>>>>>>>>>>>>>>>>
16:03:05   Mean positive scores: 16.233125686645508
16:03:05   Mean negative scores: 8.740257263183594
16:03:05   BPR loss: 0.014741779305040836
16:03:11   >>>>>>>>>>>>>>>>>>>>>>>>>>>>>>
16:03:11   Mean positive scores: 12.82844352722168
16:03:11   Mean negative scores: 7.364162921905518
16:03:11   BPR loss: 0.08070393651723862
16:03:17   >>>>>>>>>>>>>>>>>>>>>>>>>>>>>>
16:03:17   Mean positive scores: 9.687929153442383
16:03:17   Mean negative scores: 4.931389808654785
16:03:17   BPR loss: 0.19646403193473816
16:03:23   >>>>>>>>>>>>>>>>>>>>>>>>>>>>>>
16:03:23   Mean positive scores: 10.968146324157715
16:03:23   Mean negative scores: 4.259446144104004
16:03:23   BPR loss: 0.021591883152723312
16:03:29   >>>>>>>>>>>>>>>>>>>>>>>>>>>>>>
16:03:29   Mean positive scores: 9.83573055267334
16:03:29   Mean negative scores: 2.7220935821533203
16:03:29   BPR loss: 0.037193670868873596
16:03:35   >>>>>>>>>>>>>>>>>>>>>>>>>>>>>>
16:03:36   Mean positive scores: 18.985057830810547
16:03:36   Mean negative scores: 13.297760009765625
16:03:36   BPR loss: 0.09507635235786438
16:03:42   >>>>>>>>>>>>>>>>>>>>>>>>>>>>>>
16:03:42   Mean positive scores: 10.595635414123535
16:03:42   Mean negative scores: 5.284439563751221
16:03:42   BPR loss: 0.05554174259305
16:03:48   >>>>>>>>>>>>>>>>>>>>>>>>>>>>>>
16:03:48   Mean positive scores: 10.34859561920166
16:03:48   Mean negative scores: 5.083768367767334
16:03:48   BPR loss: 0.02461346983909607
16:03:54   >>>>>>>>>>>>>>>>>>>>>>>>>>>>>>
16:03:54   Mean positive scores: 16.389291763305664
16:03:54   Mean negative scores: 9.60843563079834
16:03:54   BPR loss: 0.032748084515333176
16:04:00   >>>>>>>>>>>>>>>>>>>>>>>>>>>>>>
16:04:00   Mean positive scores: 19.916385650634766
16:04:00   Mean negative scores: 12.003865242004395
16:04:00   BPR loss: 0.048367805778980255
16:04:07   >>>>>>>>>>>>>>>>>>>>>>>>>>>>>>
16:04:07   Mean positive scores: 17.471681594848633
16:04:07   Mean negative scores: 9.39146614074707
16:04:07   BPR loss: 0.2714984714984894
16:04:13   >>>>>>>>>>>>>>>>>>>>>>>>>>>>>>
16:04:13   Mean positive scores: 16.315170288085938
16:04:13   Mean negative scores: 8.569009780883789
16:04:13   BPR loss: 0.018675105646252632
16:04:19   >>>>>>>>>>>>>>>>>>>>>>>>>>>>>>
16:04:19   Mean positive scores: 16.089385986328125
16:04:19   Mean negative scores: 7.53001070022583
16:04:19   BPR loss: 0.002961917081847787
16:04:25   >>>>>>>>>>>>>>>>>>>>>>>>>>>>>>
16:04:25   Mean positive scores: 17.000106811523438
16:04:25   Mean negative scores: 7.9834747314453125
16:04:25   BPR loss: 0.03054356761276722
16:04:31   >>>>>>>>>>>>>>>>>>>>>>>>>>>>>>
16:04:31   Mean positive scores: 12.564371109008789
16:04:31   Mean negative scores: 3.615107536315918
16:04:31   BPR loss: 0.037071697413921356
16:04:34   >>>>>>>>>>>>>>>>>>>>>>>>>>>>>>
16:04:34   Epoch 6 end
16:04:34   ------------------------------
16:04:34   average bpr: 0.0781984
16:04:34   >>>>>>>>>>>>>>>>>>>>>>>>>>>>>>
16:04:34   Epoch 7 begin
16:04:37   >>>>>>>>>>>>>>>>>>>>>>>>>>>>>>
16:04:38   Mean positive scores: 15.325358390808105
16:04:38   Mean negative scores: 9.577884674072266
16:04:38   BPR loss: 0.015523500740528107
16:04:44   >>>>>>>>>>>>>>>>>>>>>>>>>>>>>>
16:04:44   Mean positive scores: 11.571955680847168
16:04:44   Mean negative scores: 4.829434871673584
16:04:44   BPR loss: 0.04102452099323273
16:04:50   >>>>>>>>>>>>>>>>>>>>>>>>>>>>>>
16:04:50   Mean positive scores: 16.113636016845703
16:04:50   Mean negative scores: 9.946357727050781
16:04:50   BPR loss: 0.025800663977861404
16:04:56   >>>>>>>>>>>>>>>>>>>>>>>>>>>>>>
16:04:56   Mean positive scores: 18.725751876831055
16:04:56   Mean negative scores: 12.60452651977539
16:04:56   BPR loss: 0.04874812066555023
16:05:02   >>>>>>>>>>>>>>>>>>>>>>>>>>>>>>
16:05:02   Mean positive scores: 17.239473342895508
16:05:02   Mean negative scores: 11.24738883972168
16:05:02   BPR loss: 0.10630667954683304
16:05:08   >>>>>>>>>>>>>>>>>>>>>>>>>>>>>>
16:05:08   Mean positive scores: 12.709366798400879
16:05:08   Mean negative scores: 6.93565559387207
16:05:08   BPR loss: 0.08350386470556259
16:05:15   >>>>>>>>>>>>>>>>>>>>>>>>>>>>>>
16:05:15   Mean positive scores: 20.481319427490234
16:05:15   Mean negative scores: 13.603628158569336
16:05:15   BPR loss: 0.032393716275691986
16:05:21   >>>>>>>>>>>>>>>>>>>>>>>>>>>>>>
16:05:21   Mean positive scores: 19.005231857299805
16:05:21   Mean negative scores: 12.51025390625
16:05:21   BPR loss: 0.5799950957298279
16:05:27   >>>>>>>>>>>>>>>>>>>>>>>>>>>>>>
16:05:27   Mean positive scores: 22.152631759643555
16:05:27   Mean negative scores: 15.464173316955566
16:05:27   BPR loss: 0.04969668388366699
16:05:33   >>>>>>>>>>>>>>>>>>>>>>>>>>>>>>
16:05:33   Mean positive scores: 18.73653793334961
16:05:33   Mean negative scores: 12.61077880859375
16:05:33   BPR loss: 0.017053715884685516
16:05:39   >>>>>>>>>>>>>>>>>>>>>>>>>>>>>>
16:05:39   Mean positive scores: 16.317501068115234
16:05:39   Mean negative scores: 10.513725280761719
16:05:39   BPR loss: 0.0935550406575203
16:05:45   >>>>>>>>>>>>>>>>>>>>>>>>>>>>>>
16:05:45   Mean positive scores: 18.800151824951172
16:05:45   Mean negative scores: 12.192191123962402
16:05:45   BPR loss: 0.008226871490478516
16:05:52   >>>>>>>>>>>>>>>>>>>>>>>>>>>>>>
16:05:52   Mean positive scores: 19.210285186767578
16:05:52   Mean negative scores: 12.191969871520996
16:05:52   BPR loss: 0.035304728895425797
16:05:58   >>>>>>>>>>>>>>>>>>>>>>>>>>>>>>
16:05:58   Mean positive scores: 22.86823081970215
16:05:58   Mean negative scores: 14.987471580505371
16:05:58   BPR loss: 0.06650134176015854
16:06:04   >>>>>>>>>>>>>>>>>>>>>>>>>>>>>>
16:06:04   Mean positive scores: 15.19866943359375
16:06:04   Mean negative scores: 10.477130889892578
16:06:04   BPR loss: 0.0945860743522644
16:06:10   >>>>>>>>>>>>>>>>>>>>>>>>>>>>>>
16:06:10   Mean positive scores: 14.810993194580078
16:06:10   Mean negative scores: 7.611949443817139
16:06:10   BPR loss: 0.08143025636672974
16:06:17   >>>>>>>>>>>>>>>>>>>>>>>>>>>>>>
16:06:17   Mean positive scores: 16.32503890991211
16:06:17   Mean negative scores: 10.751166343688965
16:06:17   BPR loss: 0.042958639562129974
16:06:23   >>>>>>>>>>>>>>>>>>>>>>>>>>>>>>
16:06:23   Mean positive scores: 15.01816463470459
16:06:23   Mean negative scores: 8.330282211303711
16:06:23   BPR loss: 0.012246189638972282
16:06:29   >>>>>>>>>>>>>>>>>>>>>>>>>>>>>>
16:06:29   Mean positive scores: 14.68877124786377
16:06:29   Mean negative scores: 8.539448738098145
16:06:29   BPR loss: 0.06202876940369606
16:06:35   >>>>>>>>>>>>>>>>>>>>>>>>>>>>>>
16:06:35   Mean positive scores: 17.836748123168945
16:06:35   Mean negative scores: 12.222774505615234
16:06:35   BPR loss: 0.07314959168434143
16:06:37   >>>>>>>>>>>>>>>>>>>>>>>>>>>>>>
16:06:37   Epoch 7 end
16:06:37   ------------------------------
16:06:37   average bpr: 0.0782971
16:06:37   Save checkpoint to model_epoch_8.pth
16:06:37   >>>>>>>>>>>>>>>>>>>>>>>>>>>>>>
16:06:37   Evaluate on valid
16:06:42   mr: 144.137
16:06:42   mrr: 0.0613119
16:06:42   hits@1: 0.0192844
16:06:42   hits@3: 0.0521441
16:06:42   hits@10: 0.131946
16:06:42   >>>>>>>>>>>>>>>>>>>>>>>>>>>>>>
16:06:42   Epoch 8 begin
16:06:47   >>>>>>>>>>>>>>>>>>>>>>>>>>>>>>
16:06:47   Mean positive scores: 18.829927444458008
16:06:47   Mean negative scores: 12.091781616210938
16:06:47   BPR loss: 0.03805457800626755
16:06:53   >>>>>>>>>>>>>>>>>>>>>>>>>>>>>>
16:06:53   Mean positive scores: 16.749988555908203
16:06:53   Mean negative scores: 10.017696380615234
16:06:53   BPR loss: 0.09396855533123016
16:07:00   >>>>>>>>>>>>>>>>>>>>>>>>>>>>>>
16:07:00   Mean positive scores: 11.751994132995605
16:07:00   Mean negative scores: 6.049398422241211
16:07:00   BPR loss: 0.08232951909303665
16:07:06   >>>>>>>>>>>>>>>>>>>>>>>>>>>>>>
16:07:06   Mean positive scores: 13.575906753540039
16:07:06   Mean negative scores: 7.059260368347168
16:07:06   BPR loss: 0.10603475570678711
16:07:12   >>>>>>>>>>>>>>>>>>>>>>>>>>>>>>
16:07:12   Mean positive scores: 18.3928165435791
16:07:12   Mean negative scores: 9.763228416442871
16:07:12   BPR loss: 0.027908360585570335
16:07:18   >>>>>>>>>>>>>>>>>>>>>>>>>>>>>>
16:07:18   Mean positive scores: 14.68148136138916
16:07:18   Mean negative scores: 8.065566062927246
16:07:18   BPR loss: 0.03596251457929611
16:07:24   >>>>>>>>>>>>>>>>>>>>>>>>>>>>>>
16:07:24   Mean positive scores: 11.018560409545898
16:07:24   Mean negative scores: 5.201509475708008
16:07:24   BPR loss: 0.03624766319990158
16:07:31   >>>>>>>>>>>>>>>>>>>>>>>>>>>>>>
16:07:31   Mean positive scores: 14.548982620239258
16:07:31   Mean negative scores: 8.214838981628418
16:07:31   BPR loss: 0.14706288278102875
16:07:37   >>>>>>>>>>>>>>>>>>>>>>>>>>>>>>
16:07:37   Mean positive scores: 15.043792724609375
16:07:37   Mean negative scores: 7.000227928161621
16:07:37   BPR loss: 0.00850050337612629
16:07:43   >>>>>>>>>>>>>>>>>>>>>>>>>>>>>>
16:07:43   Mean positive scores: 17.984146118164062
16:07:43   Mean negative scores: 10.18855094909668
16:07:43   BPR loss: 0.011100568808615208
16:07:49   >>>>>>>>>>>>>>>>>>>>>>>>>>>>>>
16:07:49   Mean positive scores: 15.863306045532227
16:07:49   Mean negative scores: 9.512162208557129
16:07:49   BPR loss: 0.01318771205842495
16:07:55   >>>>>>>>>>>>>>>>>>>>>>>>>>>>>>
16:07:55   Mean positive scores: 18.767610549926758
16:07:55   Mean negative scores: 11.971354484558105
16:07:55   BPR loss: 0.04161234200000763
16:08:02   >>>>>>>>>>>>>>>>>>>>>>>>>>>>>>
16:08:02   Mean positive scores: 16.450191497802734
16:08:02   Mean negative scores: 10.3158597946167
16:08:02   BPR loss: 0.011716177687048912
16:08:08   >>>>>>>>>>>>>>>>>>>>>>>>>>>>>>
16:08:08   Mean positive scores: 18.353254318237305
16:08:08   Mean negative scores: 11.644728660583496
16:08:08   BPR loss: 0.0990692600607872
16:08:14   >>>>>>>>>>>>>>>>>>>>>>>>>>>>>>
16:08:14   Mean positive scores: 21.282787322998047
16:08:14   Mean negative scores: 13.417409896850586
16:08:14   BPR loss: 0.014549539424479008
16:08:20   >>>>>>>>>>>>>>>>>>>>>>>>>>>>>>
16:08:20   Mean positive scores: 10.466961860656738
16:08:20   Mean negative scores: 4.5137410163879395
16:08:20   BPR loss: 0.04359547048807144
16:08:26   >>>>>>>>>>>>>>>>>>>>>>>>>>>>>>
16:08:26   Mean positive scores: 13.795328140258789
16:08:26   Mean negative scores: 6.846382141113281
16:08:26   BPR loss: 0.00965949147939682
16:08:33   >>>>>>>>>>>>>>>>>>>>>>>>>>>>>>
16:08:33   Mean positive scores: 13.504444122314453
16:08:33   Mean negative scores: 5.902464866638184
16:08:33   BPR loss: 0.019224070012569427
16:08:39   >>>>>>>>>>>>>>>>>>>>>>>>>>>>>>
16:08:39   Mean positive scores: 10.34650993347168
16:08:39   Mean negative scores: 4.823624610900879
16:08:39   BPR loss: 0.018881266936659813
16:08:45   >>>>>>>>>>>>>>>>>>>>>>>>>>>>>>
16:08:45   Mean positive scores: 12.15893840789795
16:08:45   Mean negative scores: 6.324265480041504
16:08:45   BPR loss: 0.09069687128067017
16:08:45   >>>>>>>>>>>>>>>>>>>>>>>>>>>>>>
16:08:45   Epoch 8 end
16:08:45   ------------------------------
16:08:45   average bpr: 0.0760168
16:08:45   >>>>>>>>>>>>>>>>>>>>>>>>>>>>>>
16:08:45   Epoch 9 begin
16:08:51   >>>>>>>>>>>>>>>>>>>>>>>>>>>>>>
16:08:51   Mean positive scores: 12.526298522949219
16:08:51   Mean negative scores: 5.66756010055542
16:08:51   BPR loss: 0.013225119560956955
16:08:57   >>>>>>>>>>>>>>>>>>>>>>>>>>>>>>
16:08:57   Mean positive scores: 19.368783950805664
16:08:57   Mean negative scores: 13.437158584594727
16:08:57   BPR loss: 0.1811152994632721
16:09:04   >>>>>>>>>>>>>>>>>>>>>>>>>>>>>>
16:09:04   Mean positive scores: 16.40892791748047
16:09:04   Mean negative scores: 10.467287063598633
16:09:04   BPR loss: 0.06410471349954605
16:09:10   >>>>>>>>>>>>>>>>>>>>>>>>>>>>>>
16:09:10   Mean positive scores: 17.153362274169922
16:09:10   Mean negative scores: 9.60376262664795
16:09:10   BPR loss: 0.01206821110099554
16:09:16   >>>>>>>>>>>>>>>>>>>>>>>>>>>>>>
16:09:16   Mean positive scores: 12.148853302001953
16:09:16   Mean negative scores: 5.384152412414551
16:09:16   BPR loss: 0.05241945758461952
16:09:22   >>>>>>>>>>>>>>>>>>>>>>>>>>>>>>
16:09:22   Mean positive scores: 13.5592041015625
16:09:22   Mean negative scores: 7.774327754974365
16:09:22   BPR loss: 0.06762952357530594
16:09:29   >>>>>>>>>>>>>>>>>>>>>>>>>>>>>>
16:09:29   Mean positive scores: 22.747400283813477
16:09:29   Mean negative scores: 15.615907669067383
16:09:29   BPR loss: 0.010848497040569782
16:09:35   >>>>>>>>>>>>>>>>>>>>>>>>>>>>>>
16:09:35   Mean positive scores: 20.59701156616211
16:09:35   Mean negative scores: 14.492613792419434
16:09:35   BPR loss: 0.10154087096452713
16:09:41   >>>>>>>>>>>>>>>>>>>>>>>>>>>>>>
16:09:41   Mean positive scores: 24.556304931640625
16:09:41   Mean negative scores: 17.346012115478516
16:09:41   BPR loss: 0.23346340656280518
16:09:47   >>>>>>>>>>>>>>>>>>>>>>>>>>>>>>
16:09:47   Mean positive scores: 18.83665657043457
16:09:47   Mean negative scores: 12.672035217285156
16:09:47   BPR loss: 0.03756943717598915
16:09:53   >>>>>>>>>>>>>>>>>>>>>>>>>>>>>>
16:09:53   Mean positive scores: 17.293861389160156
16:09:53   Mean negative scores: 9.990252494812012
16:09:53   BPR loss: 0.011628224514424801
16:09:59   >>>>>>>>>>>>>>>>>>>>>>>>>>>>>>
16:09:59   Mean positive scores: 16.777915954589844
16:09:59   Mean negative scores: 6.7968621253967285
16:09:59   BPR loss: 0.0053608352318406105
16:10:06   >>>>>>>>>>>>>>>>>>>>>>>>>>>>>>
16:10:06   Mean positive scores: 15.446123123168945
16:10:06   Mean negative scores: 7.463091850280762
16:10:06   BPR loss: 0.015537903644144535
16:10:12   >>>>>>>>>>>>>>>>>>>>>>>>>>>>>>
16:10:12   Mean positive scores: 18.316680908203125
16:10:12   Mean negative scores: 11.09646224975586
16:10:12   BPR loss: 0.06893008202314377
16:10:18   >>>>>>>>>>>>>>>>>>>>>>>>>>>>>>
16:10:18   Mean positive scores: 22.564716339111328
16:10:18   Mean negative scores: 13.47938346862793
16:10:18   BPR loss: 0.038621965795755386
16:10:24   >>>>>>>>>>>>>>>>>>>>>>>>>>>>>>
16:10:24   Mean positive scores: 16.477996826171875
16:10:24   Mean negative scores: 7.1846208572387695
16:10:24   BPR loss: 0.02805599570274353
16:10:30   >>>>>>>>>>>>>>>>>>>>>>>>>>>>>>
16:10:30   Mean positive scores: 16.292110443115234
16:10:30   Mean negative scores: 9.423108100891113
16:10:30   BPR loss: 0.0693250447511673
16:10:36   >>>>>>>>>>>>>>>>>>>>>>>>>>>>>>
16:10:36   Mean positive scores: 15.759085655212402
16:10:36   Mean negative scores: 7.309351444244385
16:10:36   BPR loss: 0.044272541999816895
16:10:43   >>>>>>>>>>>>>>>>>>>>>>>>>>>>>>
16:10:43   Mean positive scores: 13.873037338256836
16:10:43   Mean negative scores: 6.922016620635986
16:10:43   BPR loss: 0.013533374294638634
16:10:48   >>>>>>>>>>>>>>>>>>>>>>>>>>>>>>
16:10:48   Epoch 9 end
16:10:48   ------------------------------
16:10:48   average bpr: 0.0736779
16:10:48   Save checkpoint to model_epoch_10.pth
16:10:48   >>>>>>>>>>>>>>>>>>>>>>>>>>>>>>
16:10:48   Evaluate on valid
16:10:53   mr: 138.353
16:10:53   mrr: 0.0666308
16:10:53   hits@1: 0.0208069
16:10:53   hits@3: 0.0558234
16:10:53   hits@10: 0.144126
16:10:53   >>>>>>>>>>>>>>>>>>>>>>>>>>>>>>
16:10:53   Epoch 10 begin
16:10:55   >>>>>>>>>>>>>>>>>>>>>>>>>>>>>>
16:10:55   Mean positive scores: 15.639450073242188
16:10:55   Mean negative scores: 7.451748371124268
16:10:55   BPR loss: 0.0038247816264629364
16:11:01   >>>>>>>>>>>>>>>>>>>>>>>>>>>>>>
16:11:01   Mean positive scores: 12.607786178588867
16:11:01   Mean negative scores: 7.594593048095703
16:11:01   BPR loss: 0.10958850383758545
16:11:07   >>>>>>>>>>>>>>>>>>>>>>>>>>>>>>
16:11:07   Mean positive scores: 13.224648475646973
16:11:07   Mean negative scores: 6.584229469299316
16:11:07   BPR loss: 0.0609799325466156
16:11:13   >>>>>>>>>>>>>>>>>>>>>>>>>>>>>>
16:11:13   Mean positive scores: 21.917646408081055
16:11:13   Mean negative scores: 14.328764915466309
16:11:13   BPR loss: 0.03324715420603752
16:11:20   >>>>>>>>>>>>>>>>>>>>>>>>>>>>>>
16:11:20   Mean positive scores: 28.910215377807617
16:11:20   Mean negative scores: 19.52381706237793
16:11:20   BPR loss: 0.023252977058291435
16:11:26   >>>>>>>>>>>>>>>>>>>>>>>>>>>>>>
16:11:26   Mean positive scores: 14.398848533630371
16:11:26   Mean negative scores: 7.051705360412598
16:11:26   BPR loss: 0.017357146367430687
16:11:32   >>>>>>>>>>>>>>>>>>>>>>>>>>>>>>
16:11:32   Mean positive scores: 14.154319763183594
16:11:32   Mean negative scores: 8.857845306396484
16:11:32   BPR loss: 0.07912947237491608
16:11:38   >>>>>>>>>>>>>>>>>>>>>>>>>>>>>>
16:11:38   Mean positive scores: 17.056589126586914
16:11:38   Mean negative scores: 11.451126098632812
16:11:38   BPR loss: 0.03301247954368591
16:11:44   >>>>>>>>>>>>>>>>>>>>>>>>>>>>>>
16:11:44   Mean positive scores: 17.922679901123047
16:11:44   Mean negative scores: 11.841840744018555
16:11:44   BPR loss: 0.04820391535758972
16:11:51   >>>>>>>>>>>>>>>>>>>>>>>>>>>>>>
16:11:51   Mean positive scores: 12.838615417480469
16:11:51   Mean negative scores: 5.5597147941589355
16:11:51   BPR loss: 0.06846623122692108
16:11:57   >>>>>>>>>>>>>>>>>>>>>>>>>>>>>>
16:11:57   Mean positive scores: 13.996374130249023
16:11:57   Mean negative scores: 7.020822525024414
16:11:57   BPR loss: 0.027829397469758987
16:12:03   >>>>>>>>>>>>>>>>>>>>>>>>>>>>>>
16:12:03   Mean positive scores: 13.396903991699219
16:12:03   Mean negative scores: 7.7027974128723145
16:12:03   BPR loss: 0.02862801030278206
16:12:09   >>>>>>>>>>>>>>>>>>>>>>>>>>>>>>
16:12:09   Mean positive scores: 6.912772178649902
16:12:09   Mean negative scores: 0.28642940521240234
16:12:09   BPR loss: 0.008639021776616573
16:12:16   >>>>>>>>>>>>>>>>>>>>>>>>>>>>>>
16:12:16   Mean positive scores: 9.792461395263672
16:12:16   Mean negative scores: 2.765672206878662
16:12:16   BPR loss: 0.03933921456336975
16:12:22   >>>>>>>>>>>>>>>>>>>>>>>>>>>>>>
16:12:22   Mean positive scores: 8.512932777404785
16:12:22   Mean negative scores: 0.7877178192138672
16:12:22   BPR loss: 0.009545795619487762
16:12:28   >>>>>>>>>>>>>>>>>>>>>>>>>>>>>>
16:12:28   Mean positive scores: 11.473530769348145
16:12:28   Mean negative scores: 3.9949116706848145
16:12:28   BPR loss: 0.02761436067521572
16:12:34   >>>>>>>>>>>>>>>>>>>>>>>>>>>>>>
16:12:34   Mean positive scores: 13.444355010986328
16:12:34   Mean negative scores: 5.777683258056641
16:12:34   BPR loss: 0.11272704601287842
16:12:41   >>>>>>>>>>>>>>>>>>>>>>>>>>>>>>
16:12:41   Mean positive scores: 12.72192096710205
16:12:41   Mean negative scores: 6.961219787597656
16:12:41   BPR loss: 0.044474825263023376
16:12:47   >>>>>>>>>>>>>>>>>>>>>>>>>>>>>>
16:12:47   Mean positive scores: 8.221697807312012
16:12:47   Mean negative scores: 2.2213566303253174
16:12:47   BPR loss: 0.03724782541394234
16:12:53   >>>>>>>>>>>>>>>>>>>>>>>>>>>>>>
16:12:53   Mean positive scores: 12.476869583129883
16:12:53   Mean negative scores: 3.6709980964660645
16:12:53   BPR loss: 0.015199672430753708
16:12:56   >>>>>>>>>>>>>>>>>>>>>>>>>>>>>>
16:12:56   Epoch 10 end
16:12:56   ------------------------------
16:12:56   average bpr: 0.0732439
16:12:56   >>>>>>>>>>>>>>>>>>>>>>>>>>>>>>
16:12:56   Epoch 11 begin
16:12:59   >>>>>>>>>>>>>>>>>>>>>>>>>>>>>>
16:12:59   Mean positive scores: 12.959336280822754
16:12:59   Mean negative scores: 4.029245376586914
16:12:59   BPR loss: 0.23508532345294952
16:13:05   >>>>>>>>>>>>>>>>>>>>>>>>>>>>>>
16:13:05   Mean positive scores: 12.732221603393555
16:13:05   Mean negative scores: 4.235546112060547
16:13:05   BPR loss: 0.007857107557356358
16:13:11   >>>>>>>>>>>>>>>>>>>>>>>>>>>>>>
16:13:12   Mean positive scores: 21.149805068969727
16:13:12   Mean negative scores: 13.219000816345215
16:13:12   BPR loss: 0.04351230338215828
16:13:18   >>>>>>>>>>>>>>>>>>>>>>>>>>>>>>
16:13:18   Mean positive scores: 16.51038360595703
16:13:18   Mean negative scores: 8.071605682373047
16:13:18   BPR loss: 0.053741246461868286
16:13:24   >>>>>>>>>>>>>>>>>>>>>>>>>>>>>>
16:13:24   Mean positive scores: 11.524158477783203
16:13:24   Mean negative scores: 2.446955680847168
16:13:24   BPR loss: 0.0019776516128331423
16:13:30   >>>>>>>>>>>>>>>>>>>>>>>>>>>>>>
16:13:30   Mean positive scores: 12.568987846374512
16:13:30   Mean negative scores: 4.528414726257324
16:13:30   BPR loss: 0.07074375450611115
16:13:36   >>>>>>>>>>>>>>>>>>>>>>>>>>>>>>
16:13:36   Mean positive scores: 11.1267728805542
16:13:36   Mean negative scores: 1.0442790985107422
16:13:36   BPR loss: 0.01083699893206358
16:13:42   >>>>>>>>>>>>>>>>>>>>>>>>>>>>>>
16:13:42   Mean positive scores: 4.849461555480957
16:13:42   Mean negative scores: -0.6472511291503906
16:13:42   BPR loss: 0.05898388475179672
16:13:49   >>>>>>>>>>>>>>>>>>>>>>>>>>>>>>
16:13:49   Mean positive scores: 9.428169250488281
16:13:49   Mean negative scores: 4.753923416137695
16:13:49   BPR loss: 0.09819206595420837
16:13:55   >>>>>>>>>>>>>>>>>>>>>>>>>>>>>>
16:13:55   Mean positive scores: 13.602729797363281
16:13:55   Mean negative scores: 6.539134502410889
16:13:55   BPR loss: 0.05416356772184372
16:14:01   >>>>>>>>>>>>>>>>>>>>>>>>>>>>>>
16:14:01   Mean positive scores: 10.871089935302734
16:14:01   Mean negative scores: 5.4229254722595215
16:14:01   BPR loss: 0.028460167348384857
16:14:07   >>>>>>>>>>>>>>>>>>>>>>>>>>>>>>
16:14:07   Mean positive scores: 8.511970520019531
16:14:07   Mean negative scores: 2.272034168243408
16:14:07   BPR loss: 0.15308284759521484
16:14:13   >>>>>>>>>>>>>>>>>>>>>>>>>>>>>>
16:14:13   Mean positive scores: 16.724655151367188
16:14:13   Mean negative scores: 8.610818862915039
16:14:13   BPR loss: 0.13621266186237335
16:14:20   >>>>>>>>>>>>>>>>>>>>>>>>>>>>>>
16:14:20   Mean positive scores: 9.778959274291992
16:14:20   Mean negative scores: 4.508745193481445
16:14:20   BPR loss: 0.050465114414691925
16:14:26   >>>>>>>>>>>>>>>>>>>>>>>>>>>>>>
16:14:26   Mean positive scores: 13.474774360656738
16:14:26   Mean negative scores: 6.437780380249023
16:14:26   BPR loss: 0.15271338820457458
16:14:32   >>>>>>>>>>>>>>>>>>>>>>>>>>>>>>
16:14:32   Mean positive scores: 11.742105484008789
16:14:32   Mean negative scores: 5.576783180236816
16:14:32   BPR loss: 0.024150803685188293
16:14:38   >>>>>>>>>>>>>>>>>>>>>>>>>>>>>>
16:14:38   Mean positive scores: 10.142145156860352
16:14:38   Mean negative scores: 3.908759593963623
16:14:38   BPR loss: 0.02407185733318329
16:14:44   >>>>>>>>>>>>>>>>>>>>>>>>>>>>>>
16:14:44   Mean positive scores: 7.256343364715576
16:14:44   Mean negative scores: 1.6267766952514648
16:14:44   BPR loss: 0.2208249717950821
16:14:50   >>>>>>>>>>>>>>>>>>>>>>>>>>>>>>
16:14:50   Mean positive scores: 8.723331451416016
16:14:50   Mean negative scores: 2.5604248046875
16:14:50   BPR loss: 0.02352694422006607
16:14:57   >>>>>>>>>>>>>>>>>>>>>>>>>>>>>>
16:14:57   Mean positive scores: 11.337438583374023
16:14:57   Mean negative scores: 4.287720680236816
16:14:57   BPR loss: 0.011882785707712173
16:14:59   >>>>>>>>>>>>>>>>>>>>>>>>>>>>>>
16:14:59   Epoch 11 end
16:14:59   ------------------------------
16:14:59   average bpr: 0.0738909
16:14:59   Save checkpoint to model_epoch_12.pth
16:14:59   >>>>>>>>>>>>>>>>>>>>>>>>>>>>>>
16:14:59   Evaluate on valid
16:15:05   mr: 144.157
16:15:05   mrr: 0.0405978
16:15:05   hits@1: 0.000253743
16:15:05   hits@3: 0.0213144
16:15:05   hits@10: 0.114945
16:15:05   >>>>>>>>>>>>>>>>>>>>>>>>>>>>>>
16:15:05   Epoch 12 begin
16:15:09   >>>>>>>>>>>>>>>>>>>>>>>>>>>>>>
16:15:09   Mean positive scores: 10.631627082824707
16:15:09   Mean negative scores: 4.158003330230713
16:15:09   BPR loss: 0.3278294503688812
16:15:15   >>>>>>>>>>>>>>>>>>>>>>>>>>>>>>
16:15:15   Mean positive scores: 11.251087188720703
16:15:15   Mean negative scores: 3.2595629692077637
16:15:15   BPR loss: 0.010264283046126366
16:15:21   >>>>>>>>>>>>>>>>>>>>>>>>>>>>>>
16:15:21   Mean positive scores: 12.854610443115234
16:15:21   Mean negative scores: 5.534528732299805
16:15:21   BPR loss: 0.03363839164376259
16:15:28   >>>>>>>>>>>>>>>>>>>>>>>>>>>>>>
16:15:28   Mean positive scores: 14.626972198486328
16:15:28   Mean negative scores: 7.824357986450195
16:15:28   BPR loss: 0.22937238216400146
16:15:34   >>>>>>>>>>>>>>>>>>>>>>>>>>>>>>
16:15:34   Mean positive scores: 8.246357917785645
16:15:34   Mean negative scores: 1.9108848571777344
16:15:34   BPR loss: 0.05742820352315903
16:15:40   >>>>>>>>>>>>>>>>>>>>>>>>>>>>>>
16:15:40   Mean positive scores: 9.466493606567383
16:15:40   Mean negative scores: 3.56599760055542
16:15:40   BPR loss: 0.04493791610002518
16:15:46   >>>>>>>>>>>>>>>>>>>>>>>>>>>>>>
16:15:46   Mean positive scores: 11.907196998596191
16:15:46   Mean negative scores: 5.68742561340332
16:15:46   BPR loss: 0.0377875417470932
16:15:52   >>>>>>>>>>>>>>>>>>>>>>>>>>>>>>
16:15:53   Mean positive scores: 16.00335121154785
16:15:53   Mean negative scores: 9.550580978393555
16:15:53   BPR loss: 0.08022675663232803
16:15:59   >>>>>>>>>>>>>>>>>>>>>>>>>>>>>>
16:15:59   Mean positive scores: 11.633405685424805
16:15:59   Mean negative scores: 6.6511945724487305
16:15:59   BPR loss: 0.08760805428028107
16:16:05   >>>>>>>>>>>>>>>>>>>>>>>>>>>>>>
16:16:05   Mean positive scores: 15.855536460876465
16:16:05   Mean negative scores: 6.623543739318848
16:16:05   BPR loss: 0.048782601952552795
16:16:11   >>>>>>>>>>>>>>>>>>>>>>>>>>>>>>
16:16:11   Mean positive scores: 7.294291019439697
16:16:11   Mean negative scores: -0.3444709777832031
16:16:11   BPR loss: 0.023004503920674324
16:16:17   >>>>>>>>>>>>>>>>>>>>>>>>>>>>>>
16:16:18   Mean positive scores: 14.34130859375
16:16:18   Mean negative scores: 8.640387535095215
16:16:18   BPR loss: 0.06905831396579742
16:16:24   >>>>>>>>>>>>>>>>>>>>>>>>>>>>>>
16:16:24   Mean positive scores: 17.195005416870117
16:16:24   Mean negative scores: 9.828088760375977
16:16:24   BPR loss: 0.0736101046204567
16:16:30   >>>>>>>>>>>>>>>>>>>>>>>>>>>>>>
16:16:30   Mean positive scores: 13.72220516204834
16:16:30   Mean negative scores: 5.054960250854492
16:16:30   BPR loss: 0.0033212010748684406
16:16:36   >>>>>>>>>>>>>>>>>>>>>>>>>>>>>>
16:16:36   Mean positive scores: 11.825630187988281
16:16:36   Mean negative scores: 4.578833103179932
16:16:36   BPR loss: 0.011757979169487953
16:16:42   >>>>>>>>>>>>>>>>>>>>>>>>>>>>>>
16:16:42   Mean positive scores: 9.107535362243652
16:16:42   Mean negative scores: 3.214587688446045
16:16:42   BPR loss: 0.12717211246490479
16:16:49   >>>>>>>>>>>>>>>>>>>>>>>>>>>>>>
16:16:49   Mean positive scores: 15.653139114379883
16:16:49   Mean negative scores: 5.124313831329346
16:16:49   BPR loss: 0.026495303958654404
16:16:55   >>>>>>>>>>>>>>>>>>>>>>>>>>>>>>
16:16:55   Mean positive scores: 16.056068420410156
16:16:55   Mean negative scores: 8.211270332336426
16:16:55   BPR loss: 0.05155676230788231
16:17:01   >>>>>>>>>>>>>>>>>>>>>>>>>>>>>>
16:17:01   Mean positive scores: 18.978715896606445
16:17:01   Mean negative scores: 12.587015151977539
16:17:01   BPR loss: 0.048002637922763824
16:17:07   >>>>>>>>>>>>>>>>>>>>>>>>>>>>>>
16:17:07   Mean positive scores: 17.849571228027344
16:17:07   Mean negative scores: 8.163029670715332
16:17:07   BPR loss: 0.012582460418343544
16:17:08   >>>>>>>>>>>>>>>>>>>>>>>>>>>>>>
16:17:08   Epoch 12 end
16:17:08   ------------------------------
16:17:08   average bpr: 0.0725281
16:17:08   >>>>>>>>>>>>>>>>>>>>>>>>>>>>>>
16:17:08   Epoch 13 begin
16:17:13   >>>>>>>>>>>>>>>>>>>>>>>>>>>>>>
16:17:13   Mean positive scores: 17.054885864257812
16:17:13   Mean negative scores: 9.244504928588867
16:17:13   BPR loss: 0.054036520421504974
16:17:20   >>>>>>>>>>>>>>>>>>>>>>>>>>>>>>
16:17:20   Mean positive scores: 14.518308639526367
16:17:20   Mean negative scores: 7.400357246398926
16:17:20   BPR loss: 0.017734387889504433
16:17:26   >>>>>>>>>>>>>>>>>>>>>>>>>>>>>>
16:17:26   Mean positive scores: 15.733375549316406
16:17:26   Mean negative scores: 7.631577968597412
16:17:26   BPR loss: 0.01634727232158184
16:17:32   >>>>>>>>>>>>>>>>>>>>>>>>>>>>>>
16:17:32   Mean positive scores: 17.47325325012207
16:17:32   Mean negative scores: 8.787487983703613
16:17:32   BPR loss: 0.02027883566915989
16:17:38   >>>>>>>>>>>>>>>>>>>>>>>>>>>>>>
16:17:38   Mean positive scores: 13.555427551269531
16:17:38   Mean negative scores: 4.464675426483154
16:17:38   BPR loss: 0.0058381580747663975
16:17:44   >>>>>>>>>>>>>>>>>>>>>>>>>>>>>>
16:17:45   Mean positive scores: 12.62910270690918
16:17:45   Mean negative scores: 5.9918622970581055
16:17:45   BPR loss: 0.06271503865718842
16:17:51   >>>>>>>>>>>>>>>>>>>>>>>>>>>>>>
16:17:51   Mean positive scores: 15.066861152648926
16:17:51   Mean negative scores: 8.737534523010254
16:17:51   BPR loss: 0.02278536558151245
16:17:57   >>>>>>>>>>>>>>>>>>>>>>>>>>>>>>
16:17:57   Mean positive scores: 12.94415283203125
16:17:57   Mean negative scores: 6.574599742889404
16:17:57   BPR loss: 0.022197872400283813
16:18:03   >>>>>>>>>>>>>>>>>>>>>>>>>>>>>>
16:18:03   Mean positive scores: 12.447839736938477
16:18:03   Mean negative scores: 5.449791431427002
16:18:03   BPR loss: 0.0520101897418499
16:18:09   >>>>>>>>>>>>>>>>>>>>>>>>>>>>>>
16:18:09   Mean positive scores: 9.74793815612793
16:18:09   Mean negative scores: 2.0378637313842773
16:18:09   BPR loss: 0.045165009796619415
16:18:16   >>>>>>>>>>>>>>>>>>>>>>>>>>>>>>
16:18:16   Mean positive scores: 9.221837997436523
16:18:16   Mean negative scores: 0.2021331787109375
16:18:16   BPR loss: 0.01870228536427021
16:18:22   >>>>>>>>>>>>>>>>>>>>>>>>>>>>>>
16:18:22   Mean positive scores: 5.85468864440918
16:18:22   Mean negative scores: -0.4683103561401367
16:18:22   BPR loss: 0.03606737405061722
16:18:28   >>>>>>>>>>>>>>>>>>>>>>>>>>>>>>
16:18:28   Mean positive scores: 11.740954399108887
16:18:28   Mean negative scores: 4.412841796875
16:18:28   BPR loss: 0.028589997440576553
16:18:34   >>>>>>>>>>>>>>>>>>>>>>>>>>>>>>
16:18:34   Mean positive scores: 7.858999729156494
16:18:34   Mean negative scores: 0.6155309677124023
16:18:34   BPR loss: 0.037198618054389954
16:18:41   >>>>>>>>>>>>>>>>>>>>>>>>>>>>>>
16:18:41   Mean positive scores: 10.988401412963867
16:18:41   Mean negative scores: 4.2961955070495605
16:18:41   BPR loss: 0.028868038207292557
16:18:47   >>>>>>>>>>>>>>>>>>>>>>>>>>>>>>
16:18:47   Mean positive scores: 11.043832778930664
16:18:47   Mean negative scores: 4.447392463684082
16:18:47   BPR loss: 0.09017576277256012
16:18:53   >>>>>>>>>>>>>>>>>>>>>>>>>>>>>>
16:18:53   Mean positive scores: 13.388298034667969
16:18:53   Mean negative scores: 6.156650543212891
16:18:53   BPR loss: 0.05075015127658844
16:18:59   >>>>>>>>>>>>>>>>>>>>>>>>>>>>>>
16:18:59   Mean positive scores: 8.320717811584473
16:18:59   Mean negative scores: -0.3051128387451172
16:18:59   BPR loss: 0.006841061171144247
16:19:05   >>>>>>>>>>>>>>>>>>>>>>>>>>>>>>
16:19:05   Mean positive scores: 9.066290855407715
16:19:05   Mean negative scores: -0.0030517578125
16:19:05   BPR loss: 0.013634361326694489
16:19:11   >>>>>>>>>>>>>>>>>>>>>>>>>>>>>>
16:19:11   Epoch 13 end
16:19:11   ------------------------------
16:19:11   average bpr: 0.0712858
16:19:11   Save checkpoint to model_epoch_14.pth
16:19:11   >>>>>>>>>>>>>>>>>>>>>>>>>>>>>>
16:19:11   Evaluate on valid
16:19:17   mr: 145.333
16:19:17   mrr: 0.0345761
16:19:17   hits@1: 0.000253743
16:19:17   hits@3: 0.00469424
16:19:17   hits@10: 0.0994671
16:19:17   >>>>>>>>>>>>>>>>>>>>>>>>>>>>>>
16:19:17   Epoch 14 begin
16:19:18   >>>>>>>>>>>>>>>>>>>>>>>>>>>>>>
16:19:18   Mean positive scores: 12.391168594360352
16:19:18   Mean negative scores: 5.407217979431152
16:19:18   BPR loss: 0.014151278883218765
16:19:24   >>>>>>>>>>>>>>>>>>>>>>>>>>>>>>
16:19:24   Mean positive scores: 11.217266082763672
16:19:24   Mean negative scores: 1.143880844116211
16:19:24   BPR loss: 0.026098910719156265
16:19:30   >>>>>>>>>>>>>>>>>>>>>>>>>>>>>>
16:19:30   Mean positive scores: 6.914505958557129
16:19:30   Mean negative scores: -1.686600685119629
16:19:30   BPR loss: 0.025140807032585144
16:19:36   >>>>>>>>>>>>>>>>>>>>>>>>>>>>>>
16:19:36   Mean positive scores: 12.85719108581543
16:19:36   Mean negative scores: 2.9405159950256348
16:19:36   BPR loss: 0.027482464909553528
16:19:43   >>>>>>>>>>>>>>>>>>>>>>>>>>>>>>
16:19:43   Mean positive scores: 10.488703727722168
16:19:43   Mean negative scores: 0.9435253143310547
16:19:43   BPR loss: 0.011022774502635002
16:19:49   >>>>>>>>>>>>>>>>>>>>>>>>>>>>>>
16:19:49   Mean positive scores: 6.877104759216309
16:19:49   Mean negative scores: -1.651576042175293
16:19:49   BPR loss: 0.029661234468221664
16:19:55   >>>>>>>>>>>>>>>>>>>>>>>>>>>>>>
16:19:55   Mean positive scores: 5.58868408203125
16:19:55   Mean negative scores: 0.9710068702697754
16:19:55   BPR loss: 1.3948161602020264
16:20:02   >>>>>>>>>>>>>>>>>>>>>>>>>>>>>>
16:20:02   Mean positive scores: 0.30126094818115234
16:20:02   Mean negative scores: -6.573973655700684
16:20:02   BPR loss: 0.029216326773166656
16:20:08   >>>>>>>>>>>>>>>>>>>>>>>>>>>>>>
16:20:08   Mean positive scores: 2.9598965644836426
16:20:08   Mean negative scores: -4.303558349609375
16:20:08   BPR loss: 0.023977840319275856
16:20:14   >>>>>>>>>>>>>>>>>>>>>>>>>>>>>>
16:20:14   Mean positive scores: 2.213970184326172
16:20:14   Mean negative scores: -5.85698938369751
16:20:14   BPR loss: 0.04488348960876465
16:20:20   >>>>>>>>>>>>>>>>>>>>>>>>>>>>>>
16:20:20   Mean positive scores: 6.344074249267578
16:20:20   Mean negative scores: -0.4187154769897461
16:20:20   BPR loss: 0.04948173463344574
16:20:26   >>>>>>>>>>>>>>>>>>>>>>>>>>>>>>
16:20:26   Mean positive scores: 4.226141452789307
16:20:26   Mean negative scores: -2.305582046508789
16:20:26   BPR loss: 0.10101807117462158
16:20:33   >>>>>>>>>>>>>>>>>>>>>>>>>>>>>>
16:20:33   Mean positive scores: 9.478032112121582
16:20:33   Mean negative scores: 2.558100700378418
16:20:33   BPR loss: 0.046125806868076324
16:20:39   >>>>>>>>>>>>>>>>>>>>>>>>>>>>>>
16:20:39   Mean positive scores: 6.707440376281738
16:20:39   Mean negative scores: -1.1171207427978516
16:20:39   BPR loss: 0.0312684029340744
16:20:45   >>>>>>>>>>>>>>>>>>>>>>>>>>>>>>
16:20:45   Mean positive scores: 6.984591484069824
16:20:45   Mean negative scores: -0.3780517578125
16:20:45   BPR loss: 0.057410918176174164
16:20:51   >>>>>>>>>>>>>>>>>>>>>>>>>>>>>>
16:20:51   Mean positive scores: 7.9730401039123535
16:20:51   Mean negative scores: 2.0116567611694336
16:20:51   BPR loss: 0.05763566493988037
16:20:57   >>>>>>>>>>>>>>>>>>>>>>>>>>>>>>
16:20:57   Mean positive scores: 4.985009670257568
16:20:57   Mean negative scores: -3.8484487533569336
16:20:57   BPR loss: 0.014191312715411186
16:21:04   >>>>>>>>>>>>>>>>>>>>>>>>>>>>>>
16:21:04   Mean positive scores: 4.292296409606934
16:21:04   Mean negative scores: -1.9995918273925781
16:21:04   BPR loss: 0.030096907168626785
16:21:10   >>>>>>>>>>>>>>>>>>>>>>>>>>>>>>
16:21:10   Mean positive scores: 10.43556022644043
16:21:10   Mean negative scores: 3.2418861389160156
16:21:10   BPR loss: 0.040870167315006256
16:21:16   >>>>>>>>>>>>>>>>>>>>>>>>>>>>>>
16:21:16   Mean positive scores: 8.067232131958008
16:21:16   Mean negative scores: 0.34294891357421875
16:21:16   BPR loss: 0.07515080273151398
16:21:20   >>>>>>>>>>>>>>>>>>>>>>>>>>>>>>
16:21:20   Epoch 14 end
16:21:20   ------------------------------
16:21:20   average bpr: 0.0728681
16:21:20   >>>>>>>>>>>>>>>>>>>>>>>>>>>>>>
16:21:20   Epoch 15 begin
16:21:22   >>>>>>>>>>>>>>>>>>>>>>>>>>>>>>
16:21:22   Mean positive scores: 7.61508846282959
16:21:22   Mean negative scores: -0.8398780822753906
16:21:22   BPR loss: 0.09218862652778625
16:21:29   >>>>>>>>>>>>>>>>>>>>>>>>>>>>>>
16:21:29   Mean positive scores: 13.244598388671875
16:21:29   Mean negative scores: 3.781914710998535
16:21:29   BPR loss: 0.009784333407878876
16:21:35   >>>>>>>>>>>>>>>>>>>>>>>>>>>>>>
16:21:35   Mean positive scores: 7.916790962219238
16:21:35   Mean negative scores: 0.9691791534423828
16:21:35   BPR loss: 0.17699949443340302
16:21:41   >>>>>>>>>>>>>>>>>>>>>>>>>>>>>>
16:21:41   Mean positive scores: 7.761916160583496
16:21:41   Mean negative scores: -1.736689567565918
16:21:41   BPR loss: 0.01378845889121294
16:21:47   >>>>>>>>>>>>>>>>>>>>>>>>>>>>>>
16:21:47   Mean positive scores: 7.437054634094238
16:21:47   Mean negative scores: -1.0135068893432617
16:21:47   BPR loss: 0.007454170845448971
16:21:54   >>>>>>>>>>>>>>>>>>>>>>>>>>>>>>
16:21:54   Mean positive scores: 8.930572509765625
16:21:54   Mean negative scores: 2.3961877822875977
16:21:54   BPR loss: 0.04483932629227638
16:22:00   >>>>>>>>>>>>>>>>>>>>>>>>>>>>>>
16:22:00   Mean positive scores: 14.21976089477539
16:22:00   Mean negative scores: 5.116753578186035
16:22:00   BPR loss: 0.036943476647138596
16:22:06   >>>>>>>>>>>>>>>>>>>>>>>>>>>>>>
16:22:06   Mean positive scores: 10.325630187988281
16:22:06   Mean negative scores: 1.3116655349731445
16:22:06   BPR loss: 0.016520854085683823
16:22:12   >>>>>>>>>>>>>>>>>>>>>>>>>>>>>>
16:22:12   Mean positive scores: 10.15903091430664
16:22:12   Mean negative scores: 3.3629026412963867
16:22:12   BPR loss: 0.020768536254763603
16:22:18   >>>>>>>>>>>>>>>>>>>>>>>>>>>>>>
16:22:18   Mean positive scores: 5.253631591796875
16:22:18   Mean negative scores: -1.9831314086914062
16:22:18   BPR loss: 0.03779560327529907
16:22:25   >>>>>>>>>>>>>>>>>>>>>>>>>>>>>>
16:22:25   Mean positive scores: 5.268935203552246
16:22:25   Mean negative scores: -3.983288288116455
16:22:25   BPR loss: 0.0898352563381195
16:22:31   >>>>>>>>>>>>>>>>>>>>>>>>>>>>>>
16:22:31   Mean positive scores: -4.724730968475342
16:22:31   Mean negative scores: -12.961620330810547
16:22:31   BPR loss: 0.022141065448522568
16:22:37   >>>>>>>>>>>>>>>>>>>>>>>>>>>>>>
16:22:37   Mean positive scores: -3.067500591278076
16:22:37   Mean negative scores: -9.61210823059082
16:22:37   BPR loss: 0.16613997519016266
16:22:43   >>>>>>>>>>>>>>>>>>>>>>>>>>>>>>
16:22:43   Mean positive scores: -5.275501251220703
16:22:43   Mean negative scores: -11.824749946594238
16:22:43   BPR loss: 0.0572945810854435
16:22:49   >>>>>>>>>>>>>>>>>>>>>>>>>>>>>>
16:22:49   Mean positive scores: -2.21012020111084
16:22:49   Mean negative scores: -8.97171688079834
16:22:49   BPR loss: 0.010916423052549362
16:22:56   >>>>>>>>>>>>>>>>>>>>>>>>>>>>>>
16:22:56   Mean positive scores: 1.7922611236572266
16:22:56   Mean negative scores: -5.173089027404785
16:22:56   BPR loss: 0.016568245366215706
16:23:02   >>>>>>>>>>>>>>>>>>>>>>>>>>>>>>
16:23:02   Mean positive scores: 6.2180633544921875
16:23:02   Mean negative scores: -1.1849584579467773
16:23:02   BPR loss: 0.05516474321484566
16:23:08   >>>>>>>>>>>>>>>>>>>>>>>>>>>>>>
16:23:08   Mean positive scores: 1.6784143447875977
16:23:08   Mean negative scores: -5.39115047454834
16:23:08   BPR loss: 0.4175741374492645
16:23:14   >>>>>>>>>>>>>>>>>>>>>>>>>>>>>>
16:23:14   Mean positive scores: 12.014251708984375
16:23:14   Mean negative scores: 3.9224376678466797
16:23:14   BPR loss: 0.043286629021167755
16:23:21   >>>>>>>>>>>>>>>>>>>>>>>>>>>>>>
16:23:21   Mean positive scores: 5.403573036193848
16:23:21   Mean negative scores: -1.566375732421875
16:23:21   BPR loss: 0.43349289894104004
16:23:23   >>>>>>>>>>>>>>>>>>>>>>>>>>>>>>
16:23:23   Epoch 15 end
16:23:23   ------------------------------
16:23:23   average bpr: 0.0713587
16:23:23   Save checkpoint to model_epoch_16.pth
16:23:23   >>>>>>>>>>>>>>>>>>>>>>>>>>>>>>
16:23:23   Evaluate on valid
16:23:29   mr: 152.437
16:23:29   mrr: 0.0552814
16:23:29   hits@1: 0.0166201
16:23:29   hits@3: 0.0427556
16:23:29   hits@10: 0.117863
16:23:29   >>>>>>>>>>>>>>>>>>>>>>>>>>>>>>
16:23:29   Epoch 16 begin
16:23:33   >>>>>>>>>>>>>>>>>>>>>>>>>>>>>>
16:23:33   Mean positive scores: 8.145923614501953
16:23:33   Mean negative scores: 2.0338592529296875
16:23:33   BPR loss: 0.03310650959610939
16:23:39   >>>>>>>>>>>>>>>>>>>>>>>>>>>>>>
16:23:39   Mean positive scores: -0.8299908638000488
16:23:39   Mean negative scores: -7.807453155517578
16:23:39   BPR loss: 0.015221545472741127
16:23:45   >>>>>>>>>>>>>>>>>>>>>>>>>>>>>>
16:23:45   Mean positive scores: 5.498622894287109
16:23:45   Mean negative scores: -1.3616619110107422
16:23:45   BPR loss: 0.02898290753364563
16:23:51   >>>>>>>>>>>>>>>>>>>>>>>>>>>>>>
16:23:51   Mean positive scores: 5.035460472106934
16:23:51   Mean negative scores: -2.825556755065918
16:23:51   BPR loss: 0.12057621777057648
16:23:58   >>>>>>>>>>>>>>>>>>>>>>>>>>>>>>
16:23:58   Mean positive scores: 10.951286315917969
16:23:58   Mean negative scores: 3.710031509399414
16:23:58   BPR loss: 0.07303401827812195
16:24:04   >>>>>>>>>>>>>>>>>>>>>>>>>>>>>>
16:24:04   Mean positive scores: 8.759910583496094
16:24:04   Mean negative scores: 0.9806170463562012
16:24:04   BPR loss: 0.013657491654157639
16:24:10   >>>>>>>>>>>>>>>>>>>>>>>>>>>>>>
16:24:10   Mean positive scores: 8.578290939331055
16:24:10   Mean negative scores: -0.5222930908203125
16:24:10   BPR loss: 0.004124283790588379
16:24:17   >>>>>>>>>>>>>>>>>>>>>>>>>>>>>>
16:24:17   Mean positive scores: 5.210721492767334
16:24:17   Mean negative scores: -3.5339183807373047
16:24:17   BPR loss: 0.12237358838319778
16:24:23   >>>>>>>>>>>>>>>>>>>>>>>>>>>>>>
16:24:23   Mean positive scores: 4.805805206298828
16:24:23   Mean negative scores: -4.104937553405762
16:24:23   BPR loss: 0.10547725856304169
16:24:29   >>>>>>>>>>>>>>>>>>>>>>>>>>>>>>
16:24:29   Mean positive scores: 6.6802287101745605
16:24:29   Mean negative scores: -1.297229290008545
16:24:29   BPR loss: 0.010081477463245392
16:24:36   >>>>>>>>>>>>>>>>>>>>>>>>>>>>>>
16:24:36   Mean positive scores: 8.073487281799316
16:24:36   Mean negative scores: -0.1715412139892578
16:24:36   BPR loss: 0.09578163921833038
16:24:42   >>>>>>>>>>>>>>>>>>>>>>>>>>>>>>
16:24:42   Mean positive scores: 9.816025733947754
16:24:42   Mean negative scores: 1.0736446380615234
16:24:42   BPR loss: 0.03493751958012581
16:24:48   >>>>>>>>>>>>>>>>>>>>>>>>>>>>>>
16:24:48   Mean positive scores: 1.7290563583374023
16:24:48   Mean negative scores: -4.3421430587768555
16:24:48   BPR loss: 0.4110671877861023
16:24:55   >>>>>>>>>>>>>>>>>>>>>>>>>>>>>>
16:24:55   Mean positive scores: 5.490921974182129
16:24:55   Mean negative scores: -1.7060003280639648
16:24:55   BPR loss: 0.3355274200439453
16:25:01   >>>>>>>>>>>>>>>>>>>>>>>>>>>>>>
16:25:01   Mean positive scores: 2.8468475341796875
16:25:01   Mean negative scores: -4.384346008300781
16:25:01   BPR loss: 0.0476771704852581
16:25:07   >>>>>>>>>>>>>>>>>>>>>>>>>>>>>>
16:25:07   Mean positive scores: 3.7298994064331055
16:25:07   Mean negative scores: -3.4163031578063965
16:25:07   BPR loss: 0.011174280196428299
16:25:14   >>>>>>>>>>>>>>>>>>>>>>>>>>>>>>
16:25:14   Mean positive scores: 7.03333854675293
16:25:14   Mean negative scores: -0.1469593048095703
16:25:14   BPR loss: 0.02780233696103096
16:25:20   >>>>>>>>>>>>>>>>>>>>>>>>>>>>>>
16:25:20   Mean positive scores: 0.14762401580810547
16:25:20   Mean negative scores: -5.96767520904541
16:25:20   BPR loss: 0.06723655760288239
16:25:26   >>>>>>>>>>>>>>>>>>>>>>>>>>>>>>
16:25:26   Mean positive scores: 3.700279712677002
16:25:26   Mean negative scores: -4.195831298828125
16:25:26   BPR loss: 0.050513386726379395
16:25:32   >>>>>>>>>>>>>>>>>>>>>>>>>>>>>>
16:25:33   Mean positive scores: 5.700340270996094
16:25:33   Mean negative scores: -1.6100845336914062
16:25:33   BPR loss: 0.0948634147644043
16:25:34   >>>>>>>>>>>>>>>>>>>>>>>>>>>>>>
16:25:34   Epoch 16 end
16:25:34   ------------------------------
16:25:34   average bpr: 0.0728869
16:25:34   >>>>>>>>>>>>>>>>>>>>>>>>>>>>>>
16:25:34   Epoch 17 begin
16:25:39   >>>>>>>>>>>>>>>>>>>>>>>>>>>>>>
16:25:39   Mean positive scores: 3.821883201599121
16:25:39   Mean negative scores: -3.22928524017334
16:25:39   BPR loss: 0.04849543422460556
16:25:45   >>>>>>>>>>>>>>>>>>>>>>>>>>>>>>
16:25:45   Mean positive scores: -6.784262657165527
16:25:45   Mean negative scores: -13.130608558654785
16:25:45   BPR loss: 0.04972245171666145
16:25:51   >>>>>>>>>>>>>>>>>>>>>>>>>>>>>>
16:25:51   Mean positive scores: -2.7456936836242676
16:25:51   Mean negative scores: -9.846662521362305
16:25:51   BPR loss: 0.05506076663732529
16:25:58   >>>>>>>>>>>>>>>>>>>>>>>>>>>>>>
16:25:58   Mean positive scores: 1.4439888000488281
16:25:58   Mean negative scores: -6.1043853759765625
16:25:58   BPR loss: 0.06332170218229294
16:26:04   >>>>>>>>>>>>>>>>>>>>>>>>>>>>>>
16:26:04   Mean positive scores: 2.2812976837158203
16:26:04   Mean negative scores: -6.210765838623047
16:26:04   BPR loss: 0.20142339169979095
16:26:10   >>>>>>>>>>>>>>>>>>>>>>>>>>>>>>
16:26:10   Mean positive scores: 3.56923770904541
16:26:10   Mean negative scores: -5.439032554626465
16:26:10   BPR loss: 0.015231274999678135
16:26:16   >>>>>>>>>>>>>>>>>>>>>>>>>>>>>>
16:26:16   Mean positive scores: 1.518876075744629
16:26:16   Mean negative scores: -5.50799560546875
16:26:16   BPR loss: 0.035248443484306335
16:26:23   >>>>>>>>>>>>>>>>>>>>>>>>>>>>>>
16:26:23   Mean positive scores: 2.35904598236084
16:26:23   Mean negative scores: -4.9933576583862305
16:26:23   BPR loss: 0.17755264043807983
16:26:29   >>>>>>>>>>>>>>>>>>>>>>>>>>>>>>
16:26:29   Mean positive scores: -2.1753830909729004
16:26:29   Mean negative scores: -10.208711624145508
16:26:29   BPR loss: 0.007544973865151405
16:26:35   >>>>>>>>>>>>>>>>>>>>>>>>>>>>>>
16:26:35   Mean positive scores: 7.544766902923584
16:26:35   Mean negative scores: 1.0223217010498047
16:26:35   BPR loss: 0.18289653956890106
16:26:41   >>>>>>>>>>>>>>>>>>>>>>>>>>>>>>
16:26:41   Mean positive scores: 5.166099548339844
16:26:41   Mean negative scores: -1.2183856964111328
16:26:41   BPR loss: 0.017051905393600464
16:26:48   >>>>>>>>>>>>>>>>>>>>>>>>>>>>>>
16:26:48   Mean positive scores: 2.341763496398926
16:26:48   Mean negative scores: -4.1236724853515625
16:26:48   BPR loss: 0.0366104356944561
16:26:54   >>>>>>>>>>>>>>>>>>>>>>>>>>>>>>
16:26:54   Mean positive scores: -0.3805713653564453
16:26:54   Mean negative scores: -8.264714241027832
16:26:54   BPR loss: 0.00996461696922779
16:27:00   >>>>>>>>>>>>>>>>>>>>>>>>>>>>>>
16:27:00   Mean positive scores: 3.783270835876465
16:27:00   Mean negative scores: -4.503005027770996
16:27:00   BPR loss: 0.056186579167842865
16:27:06   >>>>>>>>>>>>>>>>>>>>>>>>>>>>>>
16:27:07   Mean positive scores: 1.1094894409179688
16:27:07   Mean negative scores: -7.496601104736328
16:27:07   BPR loss: 0.035635463893413544
16:27:13   >>>>>>>>>>>>>>>>>>>>>>>>>>>>>>
16:27:13   Mean positive scores: 3.1957054138183594
16:27:13   Mean negative scores: -3.2150073051452637
16:27:13   BPR loss: 0.30250096321105957
16:27:19   >>>>>>>>>>>>>>>>>>>>>>>>>>>>>>
16:27:19   Mean positive scores: 2.158578872680664
16:27:19   Mean negative scores: -6.4572954177856445
16:27:19   BPR loss: 0.14386525750160217
16:27:25   >>>>>>>>>>>>>>>>>>>>>>>>>>>>>>
16:27:25   Mean positive scores: -1.495840072631836
16:27:25   Mean negative scores: -9.310840606689453
16:27:25   BPR loss: 0.0043779839761555195
16:27:32   >>>>>>>>>>>>>>>>>>>>>>>>>>>>>>
16:27:32   Mean positive scores: 3.441072463989258
16:27:32   Mean negative scores: -3.7051734924316406
16:27:32   BPR loss: 0.20142193138599396
16:27:38   >>>>>>>>>>>>>>>>>>>>>>>>>>>>>>
16:27:38   Mean positive scores: -0.6805243492126465
16:27:38   Mean negative scores: -8.267248153686523
16:27:38   BPR loss: 0.03481334447860718
16:27:38   >>>>>>>>>>>>>>>>>>>>>>>>>>>>>>
16:27:38   Epoch 17 end
16:27:38   ------------------------------
16:27:38   average bpr: 0.0738323
16:27:38   Save checkpoint to model_epoch_18.pth
16:27:38   >>>>>>>>>>>>>>>>>>>>>>>>>>>>>>
16:27:38   Evaluate on valid
16:27:44   mr: 144.804
16:27:44   mrr: 0.0640046
16:27:44   hits@1: 0.02068
16:27:44   hits@3: 0.0544278
16:27:44   hits@10: 0.13664
16:27:44   >>>>>>>>>>>>>>>>>>>>>>>>>>>>>>
16:27:44   Epoch 18 begin
16:27:50   >>>>>>>>>>>>>>>>>>>>>>>>>>>>>>
16:27:50   Mean positive scores: 5.481095314025879
16:27:50   Mean negative scores: -3.306586265563965
16:27:50   BPR loss: 0.13947051763534546
16:27:56   >>>>>>>>>>>>>>>>>>>>>>>>>>>>>>
16:27:56   Mean positive scores: 3.0684404373168945
16:27:56   Mean negative scores: -3.3325252532958984
16:27:56   BPR loss: 0.047243986278772354
16:28:03   >>>>>>>>>>>>>>>>>>>>>>>>>>>>>>
16:28:03   Mean positive scores: 2.6703200340270996
16:28:03   Mean negative scores: -5.162818908691406
16:28:03   BPR loss: 0.04405142366886139
16:28:09   >>>>>>>>>>>>>>>>>>>>>>>>>>>>>>
16:28:09   Mean positive scores: 1.8745489120483398
16:28:09   Mean negative scores: -5.804121971130371
16:28:09   BPR loss: 0.01688084937632084
16:28:15   >>>>>>>>>>>>>>>>>>>>>>>>>>>>>>
16:28:15   Mean positive scores: 5.369601249694824
16:28:15   Mean negative scores: -3.440457344055176
16:28:15   BPR loss: 0.024802692234516144
16:28:21   >>>>>>>>>>>>>>>>>>>>>>>>>>>>>>
16:28:22   Mean positive scores: 3.3103713989257812
16:28:22   Mean negative scores: -5.123766899108887
16:28:22   BPR loss: 0.07445962727069855
16:28:28   >>>>>>>>>>>>>>>>>>>>>>>>>>>>>>
16:28:28   Mean positive scores: 1.0276422500610352
16:28:28   Mean negative scores: -7.423220634460449
16:28:28   BPR loss: 0.01148578617721796
16:28:34   >>>>>>>>>>>>>>>>>>>>>>>>>>>>>>
16:28:34   Mean positive scores: 6.621449947357178
16:28:34   Mean negative scores: -1.2818164825439453
16:28:34   BPR loss: 0.0201093852519989
16:28:40   >>>>>>>>>>>>>>>>>>>>>>>>>>>>>>
16:28:40   Mean positive scores: 7.244854927062988
16:28:40   Mean negative scores: -0.6328821182250977
16:28:40   BPR loss: 0.011651159264147282
16:28:47   >>>>>>>>>>>>>>>>>>>>>>>>>>>>>>
16:28:47   Mean positive scores: 9.393060684204102
16:28:47   Mean negative scores: 0.7890777587890625
16:28:47   BPR loss: 0.014605405740439892
16:28:53   >>>>>>>>>>>>>>>>>>>>>>>>>>>>>>
16:28:53   Mean positive scores: 12.862204551696777
16:28:53   Mean negative scores: 1.875925064086914
16:28:53   BPR loss: 0.05922546237707138
16:28:59   >>>>>>>>>>>>>>>>>>>>>>>>>>>>>>
16:28:59   Mean positive scores: 15.578093528747559
16:28:59   Mean negative scores: 3.123948097229004
16:28:59   BPR loss: 0.009883759543299675
16:29:05   >>>>>>>>>>>>>>>>>>>>>>>>>>>>>>
16:29:05   Mean positive scores: 7.1779255867004395
16:29:05   Mean negative scores: -3.6167163848876953
16:29:05   BPR loss: 0.010177199728786945
16:29:12   >>>>>>>>>>>>>>>>>>>>>>>>>>>>>>
16:29:12   Mean positive scores: 8.698044776916504
16:29:12   Mean negative scores: 0.16236114501953125
16:29:12   BPR loss: 0.02987387776374817
16:29:18   >>>>>>>>>>>>>>>>>>>>>>>>>>>>>>
16:29:18   Mean positive scores: 2.198495864868164
16:29:18   Mean negative scores: -5.965439319610596
16:29:18   BPR loss: 0.01829928159713745
16:29:24   >>>>>>>>>>>>>>>>>>>>>>>>>>>>>>
16:29:24   Mean positive scores: 0.9552040100097656
16:29:24   Mean negative scores: -5.175337791442871
16:29:24   BPR loss: 0.058283381164073944
16:29:31   >>>>>>>>>>>>>>>>>>>>>>>>>>>>>>
16:29:31   Mean positive scores: -5.446500778198242
16:29:31   Mean negative scores: -13.055882453918457
16:29:31   BPR loss: 0.013475308194756508
16:29:37   >>>>>>>>>>>>>>>>>>>>>>>>>>>>>>
16:29:37   Mean positive scores: 3.952364921569824
16:29:37   Mean negative scores: -3.554388999938965
16:29:37   BPR loss: 0.03443431854248047
16:29:43   >>>>>>>>>>>>>>>>>>>>>>>>>>>>>>
16:29:43   Mean positive scores: -3.208371162414551
16:29:43   Mean negative scores: -11.92078971862793
16:29:43   BPR loss: 0.12139055877923965
16:29:48   >>>>>>>>>>>>>>>>>>>>>>>>>>>>>>
16:29:48   Epoch 18 end
16:29:48   ------------------------------
16:29:48   average bpr: 0.0658157
16:29:48   >>>>>>>>>>>>>>>>>>>>>>>>>>>>>>
16:29:48   Epoch 19 begin
16:29:49   >>>>>>>>>>>>>>>>>>>>>>>>>>>>>>
16:29:49   Mean positive scores: 4.259124755859375
16:29:49   Mean negative scores: -5.6754045486450195
16:29:49   BPR loss: 0.0018689773278310895
16:29:56   >>>>>>>>>>>>>>>>>>>>>>>>>>>>>>
16:29:56   Mean positive scores: 1.0142040252685547
16:29:56   Mean negative scores: -8.4835844039917
16:29:56   BPR loss: 0.007197823841124773
16:30:02   >>>>>>>>>>>>>>>>>>>>>>>>>>>>>>
16:30:02   Mean positive scores: 1.206289291381836
16:30:02   Mean negative scores: -6.652326583862305
16:30:02   BPR loss: 0.08712070435285568
16:30:08   >>>>>>>>>>>>>>>>>>>>>>>>>>>>>>
16:30:08   Mean positive scores: 3.2396135330200195
16:30:08   Mean negative scores: -4.478145122528076
16:30:08   BPR loss: 0.04599767550826073
16:30:15   >>>>>>>>>>>>>>>>>>>>>>>>>>>>>>
16:30:15   Mean positive scores: 8.856821060180664
16:30:15   Mean negative scores: -0.4885263442993164
16:30:15   BPR loss: 0.004662984050810337
16:30:21   >>>>>>>>>>>>>>>>>>>>>>>>>>>>>>
16:30:21   Mean positive scores: 4.994890213012695
16:30:21   Mean negative scores: -3.799478530883789
16:30:21   BPR loss: 0.014553619548678398
16:30:27   >>>>>>>>>>>>>>>>>>>>>>>>>>>>>>
16:30:27   Mean positive scores: 0.029310226440429688
16:30:27   Mean negative scores: -7.9063401222229
16:30:27   BPR loss: 0.009142032824456692
16:30:33   >>>>>>>>>>>>>>>>>>>>>>>>>>>>>>
16:30:33   Mean positive scores: -3.7173233032226562
16:30:33   Mean negative scores: -10.756664276123047
16:30:33   BPR loss: 0.06707992404699326
16:30:40   >>>>>>>>>>>>>>>>>>>>>>>>>>>>>>
16:30:40   Mean positive scores: 3.093667984008789
16:30:40   Mean negative scores: -3.41656494140625
16:30:40   BPR loss: 0.04668194800615311
16:30:46   >>>>>>>>>>>>>>>>>>>>>>>>>>>>>>
16:30:46   Mean positive scores: 3.6120033264160156
16:30:46   Mean negative scores: -4.973076820373535
16:30:46   BPR loss: 0.003721844404935837
16:30:52   >>>>>>>>>>>>>>>>>>>>>>>>>>>>>>
16:30:52   Mean positive scores: 4.504687309265137
16:30:52   Mean negative scores: -3.174619674682617
16:30:52   BPR loss: 0.04842487722635269
16:30:58   >>>>>>>>>>>>>>>>>>>>>>>>>>>>>>
16:30:58   Mean positive scores: 7.845500946044922
16:30:58   Mean negative scores: -0.5596418380737305
16:30:58   BPR loss: 0.020076684653759003
16:31:05   >>>>>>>>>>>>>>>>>>>>>>>>>>>>>>
16:31:05   Mean positive scores: 5.077363014221191
16:31:05   Mean negative scores: -4.445718765258789
16:31:05   BPR loss: 0.02703576534986496
16:31:11   >>>>>>>>>>>>>>>>>>>>>>>>>>>>>>
16:31:11   Mean positive scores: 0.9073657989501953
16:31:11   Mean negative scores: -8.429773330688477
16:31:11   BPR loss: 0.08300574123859406
16:31:17   >>>>>>>>>>>>>>>>>>>>>>>>>>>>>>
16:31:17   Mean positive scores: -8.785114288330078
16:31:17   Mean negative scores: -18.2493953704834
16:31:17   BPR loss: 0.2394629418849945
16:31:23   >>>>>>>>>>>>>>>>>>>>>>>>>>>>>>
16:31:23   Mean positive scores: -4.2330169677734375
16:31:23   Mean negative scores: -12.87745475769043
16:31:23   BPR loss: 0.03111281432211399
16:31:30   >>>>>>>>>>>>>>>>>>>>>>>>>>>>>>
16:31:30   Mean positive scores: -6.138434886932373
16:31:30   Mean negative scores: -14.150684356689453
16:31:30   BPR loss: 0.011595629155635834
16:31:36   >>>>>>>>>>>>>>>>>>>>>>>>>>>>>>
16:31:36   Mean positive scores: 0.8406829833984375
16:31:36   Mean negative scores: -7.4063005447387695
16:31:36   BPR loss: 0.029855361208319664
16:31:42   >>>>>>>>>>>>>>>>>>>>>>>>>>>>>>
16:31:42   Mean positive scores: -0.5603599548339844
16:31:42   Mean negative scores: -8.940953254699707
16:31:42   BPR loss: 0.00780806690454483
16:31:49   >>>>>>>>>>>>>>>>>>>>>>>>>>>>>>
16:31:49   Mean positive scores: -0.8033580780029297
16:31:49   Mean negative scores: -10.4515380859375
16:31:49   BPR loss: 0.045234810560941696
16:31:52   >>>>>>>>>>>>>>>>>>>>>>>>>>>>>>
16:31:52   Epoch 19 end
16:31:52   ------------------------------
16:31:52   average bpr: 0.0651023
16:31:52   Save checkpoint to model_epoch_20.pth
16:31:52   >>>>>>>>>>>>>>>>>>>>>>>>>>>>>>
16:31:52   Evaluate on valid
16:31:59   mr: 179.197
16:31:59   mrr: 0.0228587
16:31:59   hits@1: 0.000253743
16:31:59   hits@3: 0.00672418
16:31:59   hits@10: 0.0466887
16:31:59   Load checkpoint from model_epoch_4.pth
16:31:59   >>>>>>>>>>>>>>>>>>>>>>>>>>>>>>
16:31:59   Evaluate on valid
16:32:05   mr: 139.362
16:32:05   mrr: 0.0737316
16:32:05   hits@1: 0.0265161
16:32:05   hits@3: 0.0664806
16:32:05   hits@10: 0.154656
16:32:05   >>>>>>>>>>>>>>>>>>>>>>>>>>>>>>
16:32:05   Evaluate on test
16:32:12   mr: 189.927
16:32:12   mrr: 0.0665365
16:32:12   hits@1: 0.0242218
16:32:12   hits@3: 0.0570458
16:32:12   hits@10: 0.14103
