/itet-stor/trachsele/net_scratch/conda/lib/python3.12/site-packages/conda/base/context.py:982: FutureWarning: Adding 'defaults' to the channel list implicitly is deprecated and will be removed in 25.3. 

To remove this warning, please choose a default channel explicitly via 'conda config --add channels <name>', e.g. 'conda config --add channels defaults'.
  deprecated.topic(
16:46:29   Random seed: 1024
16:46:29   Config file: config/recommender/first_steps.yaml
16:46:29   {'checkpoint': None,
 'dataset': {'class': 'MovieLens100k', 'root': '~/git/ULTRA/kg-datasets/'},
 'model': {'class': 'Ultra',
           'embedding_item': {'hidden_dims': [32, 32], 'input_dim': 18},
           'embedding_user': {'hidden_dims': [32, 32], 'input_dim': 24},
           'entity_model': {'aggregate_func': 'sum',
                            'class': 'EntityNBFNet',
                            'hidden_dims': [32, 32, 32, 32, 32],
                            'input_dim': 32,
                            'layer_norm': True,
                            'message_func': 'distmult',
                            'short_cut': True},
           'relation_model': {'aggregate_func': 'sum',
                              'class': 'RelNBFNet',
                              'hidden_dims': [8, 8],
                              'input_dim': 8,
                              'layer_norm': True,
                              'message_func': 'distmult',
                              'short_cut': True},
           'simple_model': {'aggregate_func': 'sum',
                            'class': 'SimpleNBFNet',
                            'hidden_dims': [40, 40, 40, 40],
                            'input_dim': 40,
                            'layer_norm': True,
                            'message_func': 'distmult',
                            'short_cut': True}},
 'optimizer': {'class': 'AdamW', 'lr': 0.005},
 'output_dir': '~/git/ULTRA/output',
 'task': {'adversarial_temperature': 0,
          'metric': ['mr', 'mrr', 'hits@1', 'hits@3', 'hits@10'],
          'name': 'TransductiveInference',
          'num_negative': 1,
          'strict_negative': True},
 'train': {'batch_per_epoch': 62,
           'batch_size': 1024,
           'gpus': [0],
           'log_interval': 100,
           'num_epoch': 20}}
wandb: Using wandb-core as the SDK backend. Please refer to https://wandb.me/wandb-core for more information.
wandb: Currently logged in as: pitri (pitri-eth-z-rich). Use `wandb login --relogin` to force relogin
wandb: Tracking run with wandb version 0.18.5
wandb: Run data is saved locally in /home/trachsele/git/ULTRA/output/Ultra/MovieLens100k/2024-11-19-16-46-29/wandb/run-20241119_164630-5pe5rjqz
wandb: Run `wandb offline` to turn off syncing.
wandb: Syncing run run-MovieLens100k-2024-11-19_16-46
wandb: ⭐️ View project at https://wandb.ai/pitri-eth-z-rich/tl4rec
wandb: 🚀 View run at https://wandb.ai/pitri-eth-z-rich/tl4rec/runs/5pe5rjqz
/usr/itetnas04/data-scratch-01/trachsele/data/tl4rec/ultra/tasks.py:299: UserWarning: Sparse CSR tensor support is in beta state. If you miss a functionality in the sparse tensor support, please submit a feature request to https://github.com/pytorch/pytorch/issues. (Triggered internally at /opt/conda/conda-bld/pytorch_1695392022560/work/aten/src/ATen/SparseCsrTensorImpl.cpp:53.)
  Ahh = torch.sparse.mm(EhT, Eh).coalesce()
16:46:33   MovieLens100k dataset
16:46:33   #train: 63283, #valid: 7882, #test: 8694
16:46:34   ------------------------------
16:46:34   Number of parameters: 156928
16:46:34   >>>>>>>>>>>>>>>>>>>>>>>>>>>>>>
16:46:34   Epoch 0 begin
16:46:34   >>>>>>>>>>>>>>>>>>>>>>>>>>>>>>
16:46:34   binary cross entropy: 0.693125
16:46:34   Note: NumExpr detected 32 cores but "NUMEXPR_MAX_THREADS" not set, so enforcing safe limit of 8.
16:46:34   NumExpr defaulting to 8 threads.
16:46:35   >>>>>>>>>>>>>>>>>>>>>>>>>>>>>>
16:46:35   Epoch 0 end
16:46:35   ------------------------------
16:46:35   average binary cross entropy: 0.663934
16:46:35   >>>>>>>>>>>>>>>>>>>>>>>>>>>>>>
16:46:35   Epoch 1 begin
16:46:36   >>>>>>>>>>>>>>>>>>>>>>>>>>>>>>
16:46:36   binary cross entropy: 0.638153
16:46:36   >>>>>>>>>>>>>>>>>>>>>>>>>>>>>>
16:46:36   Epoch 1 end
16:46:36   ------------------------------
16:46:36   average binary cross entropy: 0.639637
16:46:36   Save checkpoint to model_epoch_2.pth
16:46:36   >>>>>>>>>>>>>>>>>>>>>>>>>>>>>>
16:46:36   Evaluate on valid
16:46:36   mr: 230.652
16:46:36   mrr: 0.0572898
16:46:36   hits@1: 0.0227734
16:46:36   hits@3: 0.0519538
16:46:36   hits@10: 0.111964
16:46:36   >>>>>>>>>>>>>>>>>>>>>>>>>>>>>>
16:46:36   Epoch 2 begin
16:46:36   >>>>>>>>>>>>>>>>>>>>>>>>>>>>>>
16:46:36   Epoch 2 end
16:46:36   ------------------------------
16:46:36   average binary cross entropy: 0.628068
16:46:36   >>>>>>>>>>>>>>>>>>>>>>>>>>>>>>
16:46:36   Epoch 3 begin
16:46:36   >>>>>>>>>>>>>>>>>>>>>>>>>>>>>>
16:46:36   binary cross entropy: 0.617607
16:46:37   >>>>>>>>>>>>>>>>>>>>>>>>>>>>>>
16:46:37   Epoch 3 end
16:46:37   ------------------------------
16:46:37   average binary cross entropy: 0.619709
16:46:37   Save checkpoint to model_epoch_4.pth
16:46:37   >>>>>>>>>>>>>>>>>>>>>>>>>>>>>>
16:46:37   Evaluate on valid
16:46:37   mr: 237.086
16:46:37   mrr: 0.056242
16:46:37   hits@1: 0.0225831
16:46:37   hits@3: 0.0499239
16:46:37   hits@10: 0.110442
16:46:37   >>>>>>>>>>>>>>>>>>>>>>>>>>>>>>
16:46:37   Epoch 4 begin
16:46:38   >>>>>>>>>>>>>>>>>>>>>>>>>>>>>>
16:46:38   binary cross entropy: 0.606404
16:46:38   >>>>>>>>>>>>>>>>>>>>>>>>>>>>>>
16:46:38   Epoch 4 end
16:46:38   ------------------------------
16:46:38   average binary cross entropy: 0.615118
16:46:38   >>>>>>>>>>>>>>>>>>>>>>>>>>>>>>
16:46:38   Epoch 5 begin
16:46:38   >>>>>>>>>>>>>>>>>>>>>>>>>>>>>>
16:46:38   Epoch 5 end
16:46:38   ------------------------------
16:46:38   average binary cross entropy: 0.61009
16:46:38   Save checkpoint to model_epoch_6.pth
16:46:38   >>>>>>>>>>>>>>>>>>>>>>>>>>>>>>
16:46:38   Evaluate on valid
16:46:38   mr: 231.575
16:46:38   mrr: 0.0583927
16:46:38   hits@1: 0.024613
16:46:38   hits@3: 0.0507485
16:46:38   hits@10: 0.113233
16:46:38   >>>>>>>>>>>>>>>>>>>>>>>>>>>>>>
16:46:38   Epoch 6 begin
16:46:39   >>>>>>>>>>>>>>>>>>>>>>>>>>>>>>
16:46:39   binary cross entropy: 0.607361
16:46:39   >>>>>>>>>>>>>>>>>>>>>>>>>>>>>>
16:46:39   Epoch 6 end
16:46:39   ------------------------------
16:46:39   average binary cross entropy: 0.605594
16:46:39   >>>>>>>>>>>>>>>>>>>>>>>>>>>>>>
16:46:39   Epoch 7 begin
16:46:39   >>>>>>>>>>>>>>>>>>>>>>>>>>>>>>
16:46:39   Epoch 7 end
16:46:39   ------------------------------
16:46:39   average binary cross entropy: 0.603236
16:46:39   Save checkpoint to model_epoch_8.pth
16:46:39   >>>>>>>>>>>>>>>>>>>>>>>>>>>>>>
16:46:39   Evaluate on valid
16:46:40   mr: 223.298
16:46:40   mrr: 0.0605392
16:46:40   hits@1: 0.025628
16:46:40   hits@3: 0.0531591
16:46:40   hits@10: 0.117293
16:46:40   >>>>>>>>>>>>>>>>>>>>>>>>>>>>>>
16:46:40   Epoch 8 begin
16:46:40   >>>>>>>>>>>>>>>>>>>>>>>>>>>>>>
16:46:40   binary cross entropy: 0.598403
16:46:40   >>>>>>>>>>>>>>>>>>>>>>>>>>>>>>
16:46:40   Epoch 8 end
16:46:40   ------------------------------
16:46:40   average binary cross entropy: 0.601031
16:46:40   >>>>>>>>>>>>>>>>>>>>>>>>>>>>>>
16:46:40   Epoch 9 begin
16:46:40   >>>>>>>>>>>>>>>>>>>>>>>>>>>>>>
16:46:40   binary cross entropy: 0.592313
16:46:41   >>>>>>>>>>>>>>>>>>>>>>>>>>>>>>
16:46:41   Epoch 9 end
16:46:41   ------------------------------
16:46:41   average binary cross entropy: 0.597787
16:46:41   Save checkpoint to model_epoch_10.pth
16:46:41   >>>>>>>>>>>>>>>>>>>>>>>>>>>>>>
16:46:41   Evaluate on valid
16:46:41   mr: 215.821
16:46:41   mrr: 0.0613769
16:46:41   hits@1: 0.025184
16:46:41   hits@3: 0.0536031
16:46:41   hits@10: 0.12167
16:46:41   >>>>>>>>>>>>>>>>>>>>>>>>>>>>>>
16:46:41   Epoch 10 begin
16:46:41   >>>>>>>>>>>>>>>>>>>>>>>>>>>>>>
16:46:41   Epoch 10 end
16:46:41   ------------------------------
16:46:41   average binary cross entropy: 0.595213
16:46:41   >>>>>>>>>>>>>>>>>>>>>>>>>>>>>>
16:46:41   Epoch 11 begin
16:46:41   >>>>>>>>>>>>>>>>>>>>>>>>>>>>>>
16:46:41   binary cross entropy: 0.593118
16:46:42   >>>>>>>>>>>>>>>>>>>>>>>>>>>>>>
16:46:42   Epoch 11 end
16:46:42   ------------------------------
16:46:42   average binary cross entropy: 0.593518
16:46:42   Save checkpoint to model_epoch_12.pth
16:46:42   >>>>>>>>>>>>>>>>>>>>>>>>>>>>>>
16:46:42   Evaluate on valid
16:46:42   mr: 210.687
16:46:42   mrr: 0.0628832
16:46:42   hits@1: 0.0263258
16:46:42   hits@3: 0.055189
16:46:42   hits@10: 0.122114
16:46:42   >>>>>>>>>>>>>>>>>>>>>>>>>>>>>>
16:46:42   Epoch 12 begin
16:46:42   >>>>>>>>>>>>>>>>>>>>>>>>>>>>>>
16:46:42   binary cross entropy: 0.586011
16:46:42   >>>>>>>>>>>>>>>>>>>>>>>>>>>>>>
16:46:42   Epoch 12 end
16:46:42   ------------------------------
16:46:42   average binary cross entropy: 0.589901
16:46:42   >>>>>>>>>>>>>>>>>>>>>>>>>>>>>>
16:46:42   Epoch 13 begin
16:46:43   >>>>>>>>>>>>>>>>>>>>>>>>>>>>>>
16:46:43   Epoch 13 end
16:46:43   ------------------------------
16:46:43   average binary cross entropy: 0.585554
16:46:43   Save checkpoint to model_epoch_14.pth
16:46:43   >>>>>>>>>>>>>>>>>>>>>>>>>>>>>>
16:46:43   Evaluate on valid
16:46:43   mr: 207.621
16:46:43   mrr: 0.063073
16:46:43   hits@1: 0.0260086
16:46:43   hits@3: 0.0553793
16:46:43   hits@10: 0.123256
16:46:43   >>>>>>>>>>>>>>>>>>>>>>>>>>>>>>
16:46:43   Epoch 14 begin
16:46:43   >>>>>>>>>>>>>>>>>>>>>>>>>>>>>>
16:46:43   binary cross entropy: 0.583687
16:46:43   >>>>>>>>>>>>>>>>>>>>>>>>>>>>>>
16:46:43   Epoch 14 end
16:46:43   ------------------------------
16:46:43   average binary cross entropy: 0.585814
16:46:43   >>>>>>>>>>>>>>>>>>>>>>>>>>>>>>
16:46:43   Epoch 15 begin
16:46:44   >>>>>>>>>>>>>>>>>>>>>>>>>>>>>>
16:46:44   Epoch 15 end
16:46:44   ------------------------------
16:46:44   average binary cross entropy: 0.582644
16:46:44   Save checkpoint to model_epoch_16.pth
16:46:44   >>>>>>>>>>>>>>>>>>>>>>>>>>>>>>
16:46:44   Evaluate on valid
16:46:44   mr: 206.265
16:46:44   mrr: 0.0629921
16:46:44   hits@1: 0.0252474
16:46:44   hits@3: 0.0558234
16:46:44   hits@10: 0.125095
16:46:44   >>>>>>>>>>>>>>>>>>>>>>>>>>>>>>
16:46:44   Epoch 16 begin
16:46:44   >>>>>>>>>>>>>>>>>>>>>>>>>>>>>>
16:46:44   binary cross entropy: 0.575851
16:46:44   >>>>>>>>>>>>>>>>>>>>>>>>>>>>>>
16:46:44   Epoch 16 end
16:46:44   ------------------------------
16:46:44   average binary cross entropy: 0.581243
16:46:44   >>>>>>>>>>>>>>>>>>>>>>>>>>>>>>
16:46:44   Epoch 17 begin
16:46:45   >>>>>>>>>>>>>>>>>>>>>>>>>>>>>>
16:46:45   binary cross entropy: 0.591825
16:46:45   >>>>>>>>>>>>>>>>>>>>>>>>>>>>>>
16:46:45   Epoch 17 end
16:46:45   ------------------------------
16:46:45   average binary cross entropy: 0.579751
16:46:45   Save checkpoint to model_epoch_18.pth
16:46:45   >>>>>>>>>>>>>>>>>>>>>>>>>>>>>>
16:46:45   Evaluate on valid
16:46:45   mr: 204.191
16:46:45   mrr: 0.0641387
16:46:45   hits@1: 0.0262624
16:46:45   hits@3: 0.0568384
16:46:45   hits@10: 0.126491
16:46:45   >>>>>>>>>>>>>>>>>>>>>>>>>>>>>>
16:46:45   Epoch 18 begin
16:46:46   >>>>>>>>>>>>>>>>>>>>>>>>>>>>>>
16:46:46   Epoch 18 end
16:46:46   ------------------------------
16:46:46   average binary cross entropy: 0.5765
16:46:46   >>>>>>>>>>>>>>>>>>>>>>>>>>>>>>
16:46:46   Epoch 19 begin
16:46:46   >>>>>>>>>>>>>>>>>>>>>>>>>>>>>>
16:46:46   binary cross entropy: 0.57734
16:46:46   >>>>>>>>>>>>>>>>>>>>>>>>>>>>>>
16:46:46   Epoch 19 end
16:46:46   ------------------------------
16:46:46   average binary cross entropy: 0.574254
16:46:46   Save checkpoint to model_epoch_20.pth
16:46:46   >>>>>>>>>>>>>>>>>>>>>>>>>>>>>>
16:46:46   Evaluate on valid
16:46:46   mr: 201.587
16:46:46   mrr: 0.0644898
16:46:46   hits@1: 0.025628
16:46:46   hits@3: 0.0570921
16:46:46   hits@10: 0.127062
16:46:46   Load checkpoint from model_epoch_20.pth
16:46:46   >>>>>>>>>>>>>>>>>>>>>>>>>>>>>>
16:46:46   Evaluate on valid
16:46:47   mr: 201.587
16:46:47   mrr: 0.0644898
16:46:47   hits@1: 0.025628
16:46:47   hits@3: 0.0570921
16:46:47   hits@10: 0.127062
16:46:47   >>>>>>>>>>>>>>>>>>>>>>>>>>>>>>
16:46:47   Evaluate on test
16:46:47   mr: 219.401
16:46:47   mrr: 0.0617549
16:46:47   hits@1: 0.0249022
16:46:47   hits@3: 0.0549804
16:46:47   hits@10: 0.123131
