/itet-stor/trachsele/net_scratch/conda/lib/python3.12/site-packages/conda/base/context.py:982: FutureWarning: Adding 'defaults' to the channel list implicitly is deprecated and will be removed in 25.3. 

To remove this warning, please choose a default channel explicitly via 'conda config --add channels <name>', e.g. 'conda config --add channels defaults'.
  deprecated.topic(
16:52:27   Random seed: 1024
16:52:27   Config file: config/recommender/first_steps.yaml
16:52:27   {'checkpoint': None,
 'dataset': {'class': 'MovieLens100k', 'root': '~/git/ULTRA/kg-datasets/'},
 'model': {'class': 'Ultra',
           'embedding_item': {'hidden_dims': [32, 32], 'input_dim': 18},
           'embedding_user': {'hidden_dims': [32, 32], 'input_dim': 24},
           'entity_model': {'aggregate_func': 'sum',
                            'class': 'EntityNBFNet',
                            'hidden_dims': [32, 32, 32, 32, 32],
                            'input_dim': 32,
                            'layer_norm': True,
                            'message_func': 'distmult',
                            'short_cut': True},
           'relation_model': {'aggregate_func': 'sum',
                              'class': 'RelNBFNet',
                              'hidden_dims': [8, 8],
                              'input_dim': 8,
                              'layer_norm': True,
                              'message_func': 'distmult',
                              'short_cut': True},
           'simple_model': {'aggregate_func': 'sum',
                            'class': 'SimpleNBFNet',
                            'hidden_dims': [40, 40, 40, 40],
                            'input_dim': 40,
                            'layer_norm': True,
                            'message_func': 'distmult',
                            'short_cut': True}},
 'optimizer': {'class': 'AdamW', 'lr': 0.005},
 'output_dir': '~/git/ULTRA/output',
 'task': {'adversarial_temperature': 0,
          'metric': ['mr', 'mrr', 'hits@1', 'hits@3', 'hits@10'],
          'name': 'TransductiveInference',
          'num_negative': 1,
          'strict_negative': True},
 'train': {'batch_per_epoch': 62,
           'batch_size': 1024,
           'gpus': [0],
           'log_interval': 100,
           'num_epoch': 20}}
wandb: Using wandb-core as the SDK backend. Please refer to https://wandb.me/wandb-core for more information.
wandb: Currently logged in as: pitri (pitri-eth-z-rich). Use `wandb login --relogin` to force relogin
wandb: Tracking run with wandb version 0.18.5
wandb: Run data is saved locally in /home/trachsele/git/ULTRA/output/Ultra/MovieLens100k/2024-11-19-16-52-27/wandb/run-20241119_165228-2yp68l9x
wandb: Run `wandb offline` to turn off syncing.
wandb: Syncing run run-MovieLens100k-2024-11-19_16-52
wandb: ⭐️ View project at https://wandb.ai/pitri-eth-z-rich/tl4rec
wandb: 🚀 View run at https://wandb.ai/pitri-eth-z-rich/tl4rec/runs/2yp68l9x
/usr/itetnas04/data-scratch-01/trachsele/data/tl4rec/ultra/tasks.py:299: UserWarning: Sparse CSR tensor support is in beta state. If you miss a functionality in the sparse tensor support, please submit a feature request to https://github.com/pytorch/pytorch/issues. (Triggered internally at /opt/conda/conda-bld/pytorch_1695392022560/work/aten/src/ATen/SparseCsrTensorImpl.cpp:53.)
  Ahh = torch.sparse.mm(EhT, Eh).coalesce()
16:52:32   MovieLens100k dataset
16:52:32   #train: 63283, #valid: 7882, #test: 8694
16:52:32   ------------------------------
16:52:32   Number of parameters: 57521
16:52:32   >>>>>>>>>>>>>>>>>>>>>>>>>>>>>>
16:52:32   Epoch 0 begin
16:52:35   >>>>>>>>>>>>>>>>>>>>>>>>>>>>>>
16:52:35   binary cross entropy: 0.7046
16:52:35   Note: NumExpr detected 32 cores but "NUMEXPR_MAX_THREADS" not set, so enforcing safe limit of 8.
16:52:35   NumExpr defaulting to 8 threads.
16:54:16   >>>>>>>>>>>>>>>>>>>>>>>>>>>>>>
16:54:16   Epoch 0 end
16:54:16   ------------------------------
16:54:16   average binary cross entropy: 0.658197
16:54:16   >>>>>>>>>>>>>>>>>>>>>>>>>>>>>>
16:54:16   Epoch 1 begin
16:55:20   >>>>>>>>>>>>>>>>>>>>>>>>>>>>>>
16:55:22   binary cross entropy: 0.565418
16:56:00   >>>>>>>>>>>>>>>>>>>>>>>>>>>>>>
16:56:00   Epoch 1 end
16:56:00   ------------------------------
16:56:00   average binary cross entropy: 0.571721
16:56:00   Save checkpoint to model_epoch_2.pth
16:56:00   >>>>>>>>>>>>>>>>>>>>>>>>>>>>>>
16:56:00   Evaluate on valid
16:56:04   mr: 199.811
16:56:04   mrr: 0.0425139
16:56:04   hits@1: 0.0120528
16:56:04   hits@3: 0.0311469
16:56:04   hits@10: 0.0890637
16:56:04   >>>>>>>>>>>>>>>>>>>>>>>>>>>>>>
16:56:04   Epoch 2 begin
16:57:49   >>>>>>>>>>>>>>>>>>>>>>>>>>>>>>
16:57:49   Epoch 2 end
16:57:49   ------------------------------
16:57:49   average binary cross entropy: 0.55921
16:57:49   >>>>>>>>>>>>>>>>>>>>>>>>>>>>>>
16:57:49   Epoch 3 begin
16:58:13   >>>>>>>>>>>>>>>>>>>>>>>>>>>>>>
16:58:14   binary cross entropy: 0.543544
16:59:34   >>>>>>>>>>>>>>>>>>>>>>>>>>>>>>
16:59:34   Epoch 3 end
16:59:34   ------------------------------
16:59:34   average binary cross entropy: 0.551863
16:59:34   Save checkpoint to model_epoch_4.pth
16:59:34   >>>>>>>>>>>>>>>>>>>>>>>>>>>>>>
16:59:34   Evaluate on valid
16:59:38   mr: 187.692
16:59:38   mrr: 0.0539016
16:59:38   hits@1: 0.0187135
16:59:38   hits@3: 0.0436437
16:59:38   hits@10: 0.112852
16:59:38   >>>>>>>>>>>>>>>>>>>>>>>>>>>>>>
16:59:38   Epoch 4 begin
17:01:06   >>>>>>>>>>>>>>>>>>>>>>>>>>>>>>
17:01:08   binary cross entropy: 0.522276
17:01:23   >>>>>>>>>>>>>>>>>>>>>>>>>>>>>>
17:01:23   Epoch 4 end
17:01:23   ------------------------------
17:01:23   average binary cross entropy: 0.548494
17:01:23   >>>>>>>>>>>>>>>>>>>>>>>>>>>>>>
17:01:23   Epoch 5 begin
17:03:08   >>>>>>>>>>>>>>>>>>>>>>>>>>>>>>
17:03:08   Epoch 5 end
17:03:08   ------------------------------
17:03:08   average binary cross entropy: 0.536467
17:03:08   Save checkpoint to model_epoch_6.pth
17:03:08   >>>>>>>>>>>>>>>>>>>>>>>>>>>>>>
17:03:08   Evaluate on valid
17:03:12   mr: 174.846
17:03:12   mrr: 0.0570261
17:03:12   hits@1: 0.0205532
17:03:12   hits@3: 0.0480842
17:03:12   hits@10: 0.11799
17:03:12   >>>>>>>>>>>>>>>>>>>>>>>>>>>>>>
17:03:12   Epoch 6 begin
17:04:00   >>>>>>>>>>>>>>>>>>>>>>>>>>>>>>
17:04:02   binary cross entropy: 0.529503
17:04:58   >>>>>>>>>>>>>>>>>>>>>>>>>>>>>>
17:04:58   Epoch 6 end
17:04:58   ------------------------------
17:04:58   average binary cross entropy: 0.531797
17:04:58   >>>>>>>>>>>>>>>>>>>>>>>>>>>>>>
17:04:58   Epoch 7 begin
17:06:43   >>>>>>>>>>>>>>>>>>>>>>>>>>>>>>
17:06:43   Epoch 7 end
17:06:43   ------------------------------
17:06:43   average binary cross entropy: 0.531356
17:06:43   Save checkpoint to model_epoch_8.pth
17:06:43   >>>>>>>>>>>>>>>>>>>>>>>>>>>>>>
17:06:43   Evaluate on valid
17:06:47   mr: 175.507
17:06:47   mrr: 0.0583601
17:06:47   hits@1: 0.0221391
17:06:47   hits@3: 0.0506217
17:06:47   hits@10: 0.116975
17:06:47   >>>>>>>>>>>>>>>>>>>>>>>>>>>>>>
17:06:47   Epoch 8 begin
17:06:54   >>>>>>>>>>>>>>>>>>>>>>>>>>>>>>
17:06:56   binary cross entropy: 0.526693
17:08:32   >>>>>>>>>>>>>>>>>>>>>>>>>>>>>>
17:08:32   Epoch 8 end
17:08:32   ------------------------------
17:08:32   average binary cross entropy: 0.527581
17:08:32   >>>>>>>>>>>>>>>>>>>>>>>>>>>>>>
17:08:32   Epoch 9 begin
17:09:44   >>>>>>>>>>>>>>>>>>>>>>>>>>>>>>
17:09:46   binary cross entropy: 0.515306
17:10:18   >>>>>>>>>>>>>>>>>>>>>>>>>>>>>>
17:10:18   Epoch 9 end
17:10:18   ------------------------------
17:10:18   average binary cross entropy: 0.526583
17:10:18   Save checkpoint to model_epoch_10.pth
17:10:18   >>>>>>>>>>>>>>>>>>>>>>>>>>>>>>
17:10:18   Evaluate on valid
17:10:22   mr: 171.207
17:10:22   mrr: 0.0614161
17:10:22   hits@1: 0.0226465
17:10:22   hits@3: 0.0555062
17:10:22   hits@10: 0.126744
17:10:22   >>>>>>>>>>>>>>>>>>>>>>>>>>>>>>
17:10:22   Epoch 10 begin
17:12:07   >>>>>>>>>>>>>>>>>>>>>>>>>>>>>>
17:12:07   Epoch 10 end
17:12:07   ------------------------------
17:12:07   average binary cross entropy: 0.525564
17:12:07   >>>>>>>>>>>>>>>>>>>>>>>>>>>>>>
17:12:07   Epoch 11 begin
17:12:38   >>>>>>>>>>>>>>>>>>>>>>>>>>>>>>
17:12:39   binary cross entropy: 0.53436
17:13:52   >>>>>>>>>>>>>>>>>>>>>>>>>>>>>>
17:13:52   Epoch 11 end
17:13:52   ------------------------------
17:13:52   average binary cross entropy: 0.523133
17:13:52   Save checkpoint to model_epoch_12.pth
17:13:52   >>>>>>>>>>>>>>>>>>>>>>>>>>>>>>
17:13:52   Evaluate on valid
17:13:56   mr: 166.171
17:13:56   mrr: 0.0596264
17:13:56   hits@1: 0.0210606
17:13:56   hits@3: 0.0516366
17:13:56   hits@10: 0.125032
17:13:56   >>>>>>>>>>>>>>>>>>>>>>>>>>>>>>
17:13:56   Epoch 12 begin
17:15:32   >>>>>>>>>>>>>>>>>>>>>>>>>>>>>>
17:15:34   binary cross entropy: 0.504015
17:15:42   >>>>>>>>>>>>>>>>>>>>>>>>>>>>>>
17:15:42   Epoch 12 end
17:15:42   ------------------------------
17:15:42   average binary cross entropy: 0.518948
17:15:42   >>>>>>>>>>>>>>>>>>>>>>>>>>>>>>
17:15:42   Epoch 13 begin
17:17:27   >>>>>>>>>>>>>>>>>>>>>>>>>>>>>>
17:17:27   Epoch 13 end
17:17:27   ------------------------------
17:17:27   average binary cross entropy: 0.515572
17:17:27   Save checkpoint to model_epoch_14.pth
17:17:27   >>>>>>>>>>>>>>>>>>>>>>>>>>>>>>
17:17:27   Evaluate on valid
17:17:31   mr: 166.9
17:17:31   mrr: 0.0610825
17:17:31   hits@1: 0.0225831
17:17:31   hits@3: 0.0541106
17:17:31   hits@10: 0.125666
17:17:31   >>>>>>>>>>>>>>>>>>>>>>>>>>>>>>
17:17:31   Epoch 14 begin
17:18:26   >>>>>>>>>>>>>>>>>>>>>>>>>>>>>>
17:18:27   binary cross entropy: 0.514906
17:19:16   >>>>>>>>>>>>>>>>>>>>>>>>>>>>>>
17:19:16   Epoch 14 end
17:19:16   ------------------------------
17:19:16   average binary cross entropy: 0.515393
17:19:16   >>>>>>>>>>>>>>>>>>>>>>>>>>>>>>
17:19:16   Epoch 15 begin
17:21:02   >>>>>>>>>>>>>>>>>>>>>>>>>>>>>>
17:21:02   Epoch 15 end
17:21:02   ------------------------------
17:21:02   average binary cross entropy: 0.515163
17:21:02   Save checkpoint to model_epoch_16.pth
17:21:02   >>>>>>>>>>>>>>>>>>>>>>>>>>>>>>
17:21:02   Evaluate on valid
17:21:06   mr: 166.509
17:21:06   mrr: 0.0632637
17:21:06   hits@1: 0.0247399
17:21:06   hits@3: 0.0558234
17:21:06   hits@10: 0.125412
17:21:06   >>>>>>>>>>>>>>>>>>>>>>>>>>>>>>
17:21:06   Epoch 16 begin
17:21:19   >>>>>>>>>>>>>>>>>>>>>>>>>>>>>>
17:21:21   binary cross entropy: 0.503923
17:22:51   >>>>>>>>>>>>>>>>>>>>>>>>>>>>>>
17:22:51   Epoch 16 end
17:22:51   ------------------------------
17:22:51   average binary cross entropy: 0.510386
17:22:51   >>>>>>>>>>>>>>>>>>>>>>>>>>>>>>
17:22:51   Epoch 17 begin
17:24:09   >>>>>>>>>>>>>>>>>>>>>>>>>>>>>>
17:24:11   binary cross entropy: 0.520703
17:24:36   >>>>>>>>>>>>>>>>>>>>>>>>>>>>>>
17:24:36   Epoch 17 end
17:24:36   ------------------------------
17:24:36   average binary cross entropy: 0.509485
17:24:36   Save checkpoint to model_epoch_18.pth
17:24:36   >>>>>>>>>>>>>>>>>>>>>>>>>>>>>>
17:24:36   Evaluate on valid
17:24:40   mr: 154.073
17:24:40   mrr: 0.0720657
17:24:40   hits@1: 0.0303857
17:24:40   hits@3: 0.0655925
17:24:40   hits@10: 0.14273
17:24:40   >>>>>>>>>>>>>>>>>>>>>>>>>>>>>>
17:24:40   Epoch 18 begin
17:26:26   >>>>>>>>>>>>>>>>>>>>>>>>>>>>>>
17:26:26   Epoch 18 end
17:26:26   ------------------------------
17:26:26   average binary cross entropy: 0.507397
17:26:26   >>>>>>>>>>>>>>>>>>>>>>>>>>>>>>
17:26:26   Epoch 19 begin
17:27:03   >>>>>>>>>>>>>>>>>>>>>>>>>>>>>>
17:27:05   binary cross entropy: 0.502934
17:28:11   >>>>>>>>>>>>>>>>>>>>>>>>>>>>>>
17:28:11   Epoch 19 end
17:28:11   ------------------------------
17:28:11   average binary cross entropy: 0.501011
17:28:11   Save checkpoint to model_epoch_20.pth
17:28:11   >>>>>>>>>>>>>>>>>>>>>>>>>>>>>>
17:28:11   Evaluate on valid
17:28:15   mr: 152.398
17:28:15   mrr: 0.0724202
17:28:15   hits@1: 0.0310835
17:28:15   hits@3: 0.064641
17:28:15   hits@10: 0.145141
17:28:15   Load checkpoint from model_epoch_20.pth
17:28:15   >>>>>>>>>>>>>>>>>>>>>>>>>>>>>>
17:28:15   Evaluate on valid
17:28:19   mr: 152.398
17:28:19   mrr: 0.0724202
17:28:19   hits@1: 0.0310835
17:28:19   hits@3: 0.064641
17:28:19   hits@10: 0.145141
17:28:19   >>>>>>>>>>>>>>>>>>>>>>>>>>>>>>
17:28:19   Evaluate on test
17:28:23   mr: 171.856
17:28:23   mrr: 0.0717461
17:28:23   hits@1: 0.0326087
17:28:23   hits@3: 0.0636071
17:28:23   hits@10: 0.137854
