/itet-stor/trachsele/net_scratch/conda/lib/python3.12/site-packages/conda/base/context.py:982: FutureWarning: Adding 'defaults' to the channel list implicitly is deprecated and will be removed in 25.3. 

To remove this warning, please choose a default channel explicitly via 'conda config --add channels <name>', e.g. 'conda config --add channels defaults'.
  deprecated.topic(
11:40:12   Random seed: 1024
11:40:12   Config file: config/recommender/first_steps.yaml
11:40:12   {'checkpoint': None,
 'dataset': {'class': 'MovieLens100k', 'root': '~/git/ULTRA/kg-datasets/'},
 'model': {'class': 'Ultra',
           'embedding_item': {'hidden_dims': [32, 32], 'input_dim': 18},
           'embedding_user': {'hidden_dims': [32, 32], 'input_dim': 24},
           'entity_model': {'aggregate_func': 'sum',
                            'class': 'EntityNBFNet',
                            'hidden_dims': [32, 32, 32, 32, 32],
                            'input_dim': 32,
                            'layer_norm': True,
                            'message_func': 'distmult',
                            'short_cut': True},
           'relation_model': {'aggregate_func': 'sum',
                              'class': 'RelNBFNet',
                              'hidden_dims': [8, 8],
                              'input_dim': 8,
                              'layer_norm': True,
                              'message_func': 'distmult',
                              'short_cut': True},
           'simple_model': {'aggregate_func': 'sum',
                            'class': 'SimpleNBFNet',
                            'hidden_dims': [40, 40, 40, 40],
                            'input_dim': 40,
                            'layer_norm': True,
                            'message_func': 'distmult',
                            'short_cut': True}},
 'optimizer': {'class': 'AdamW', 'lr': 0.005},
 'output_dir': '~/git/ULTRA/output',
 'task': {'adversarial_temperature': 0,
          'metric': ['mr', 'mrr', 'hits@1', 'hits@3', 'hits@10'],
          'name': 'TransductiveInference',
          'num_negative': 32,
          'strict_negative': True},
 'train': {'batch_per_epoch': 1978,
           'batch_size': 32,
           'gpus': [0],
           'log_interval': 100,
           'num_epoch': 20}}
wandb: Using wandb-core as the SDK backend. Please refer to https://wandb.me/wandb-core for more information.
wandb: Currently logged in as: pitri (pitri-eth-z-rich). Use `wandb login --relogin` to force relogin
wandb: Tracking run with wandb version 0.18.5
wandb: Run data is saved locally in /home/trachsele/git/ULTRA/output/Ultra/MovieLens100k/2024-11-20-11-40-12/wandb/run-20241120_114013-0h6kw8xp
wandb: Run `wandb offline` to turn off syncing.
wandb: Syncing run run-MovieLens100k-2024-11-20_11-40
wandb: ⭐️ View project at https://wandb.ai/pitri-eth-z-rich/tl4rec
wandb: 🚀 View run at https://wandb.ai/pitri-eth-z-rich/tl4rec/runs/0h6kw8xp
/usr/itetnas04/data-scratch-01/trachsele/data/tl4rec/ultra/tasks.py:299: UserWarning: Sparse CSR tensor support is in beta state. If you miss a functionality in the sparse tensor support, please submit a feature request to https://github.com/pytorch/pytorch/issues. (Triggered internally at /opt/conda/conda-bld/pytorch_1695392022560/work/aten/src/ATen/SparseCsrTensorImpl.cpp:53.)
  Ahh = torch.sparse.mm(EhT, Eh).coalesce()
11:40:16   MovieLens100k dataset
11:40:16   #train: 63283, #valid: 7882, #test: 8835
11:40:17   ------------------------------
11:40:17   Number of parameters: 57521
11:40:17   >>>>>>>>>>>>>>>>>>>>>>>>>>>>>>
11:40:17   Epoch 0 begin
11:40:19   >>>>>>>>>>>>>>>>>>>>>>>>>>>>>>
11:40:19   binary cross entropy: 0.705075
11:40:19   Note: NumExpr detected 32 cores but "NUMEXPR_MAX_THREADS" not set, so enforcing safe limit of 8.
11:40:19   NumExpr defaulting to 8 threads.
11:40:25   >>>>>>>>>>>>>>>>>>>>>>>>>>>>>>
11:40:25   binary cross entropy: 0.638776
11:40:31   >>>>>>>>>>>>>>>>>>>>>>>>>>>>>>
11:40:31   binary cross entropy: 0.600419
11:40:37   >>>>>>>>>>>>>>>>>>>>>>>>>>>>>>
11:40:37   binary cross entropy: 0.459415
11:40:43   >>>>>>>>>>>>>>>>>>>>>>>>>>>>>>
11:40:43   binary cross entropy: 0.458696
11:40:49   >>>>>>>>>>>>>>>>>>>>>>>>>>>>>>
11:40:49   binary cross entropy: 0.491598
11:40:55   >>>>>>>>>>>>>>>>>>>>>>>>>>>>>>
11:40:55   binary cross entropy: 0.557687
11:41:01   >>>>>>>>>>>>>>>>>>>>>>>>>>>>>>
11:41:01   binary cross entropy: 0.554508
11:41:07   >>>>>>>>>>>>>>>>>>>>>>>>>>>>>>
11:41:07   binary cross entropy: 0.473534
11:41:13   >>>>>>>>>>>>>>>>>>>>>>>>>>>>>>
11:41:13   binary cross entropy: 0.44214
11:41:19   >>>>>>>>>>>>>>>>>>>>>>>>>>>>>>
11:41:19   binary cross entropy: 0.515136
11:41:25   >>>>>>>>>>>>>>>>>>>>>>>>>>>>>>
11:41:25   binary cross entropy: 0.50134
11:41:31   >>>>>>>>>>>>>>>>>>>>>>>>>>>>>>
11:41:31   binary cross entropy: 0.455423
11:41:37   >>>>>>>>>>>>>>>>>>>>>>>>>>>>>>
11:41:37   binary cross entropy: 0.478314
11:41:43   >>>>>>>>>>>>>>>>>>>>>>>>>>>>>>
11:41:43   binary cross entropy: 0.483104
11:41:49   >>>>>>>>>>>>>>>>>>>>>>>>>>>>>>
11:41:49   binary cross entropy: 0.516222
11:41:54   >>>>>>>>>>>>>>>>>>>>>>>>>>>>>>
11:41:55   binary cross entropy: 0.564347
11:42:00   >>>>>>>>>>>>>>>>>>>>>>>>>>>>>>
11:42:00   binary cross entropy: 0.563729
11:42:06   >>>>>>>>>>>>>>>>>>>>>>>>>>>>>>
11:42:06   binary cross entropy: 0.441885
11:42:12   >>>>>>>>>>>>>>>>>>>>>>>>>>>>>>
11:42:12   binary cross entropy: 0.514763
11:42:17   >>>>>>>>>>>>>>>>>>>>>>>>>>>>>>
11:42:17   Epoch 0 end
11:42:17   ------------------------------
11:42:17   average binary cross entropy: 0.523949
11:42:17   >>>>>>>>>>>>>>>>>>>>>>>>>>>>>>
11:42:17   Epoch 1 begin
11:42:18   >>>>>>>>>>>>>>>>>>>>>>>>>>>>>>
11:42:18   binary cross entropy: 0.489327
11:42:24   >>>>>>>>>>>>>>>>>>>>>>>>>>>>>>
11:42:24   binary cross entropy: 0.576416
11:42:30   >>>>>>>>>>>>>>>>>>>>>>>>>>>>>>
11:42:30   binary cross entropy: 0.526633
11:42:36   >>>>>>>>>>>>>>>>>>>>>>>>>>>>>>
11:42:36   binary cross entropy: 0.463319
11:42:42   >>>>>>>>>>>>>>>>>>>>>>>>>>>>>>
11:42:42   binary cross entropy: 0.531138
11:42:48   >>>>>>>>>>>>>>>>>>>>>>>>>>>>>>
11:42:48   binary cross entropy: 0.584749
11:42:54   >>>>>>>>>>>>>>>>>>>>>>>>>>>>>>
11:42:54   binary cross entropy: 0.493743
11:43:00   >>>>>>>>>>>>>>>>>>>>>>>>>>>>>>
11:43:00   binary cross entropy: 0.489772
11:43:06   >>>>>>>>>>>>>>>>>>>>>>>>>>>>>>
11:43:06   binary cross entropy: 0.48249
11:43:12   >>>>>>>>>>>>>>>>>>>>>>>>>>>>>>
11:43:12   binary cross entropy: 0.532322
11:43:18   >>>>>>>>>>>>>>>>>>>>>>>>>>>>>>
11:43:18   binary cross entropy: 0.555735
11:43:24   >>>>>>>>>>>>>>>>>>>>>>>>>>>>>>
11:43:24   binary cross entropy: 0.504167
11:43:30   >>>>>>>>>>>>>>>>>>>>>>>>>>>>>>
11:43:30   binary cross entropy: 0.403619
11:43:36   >>>>>>>>>>>>>>>>>>>>>>>>>>>>>>
11:43:36   binary cross entropy: 0.482866
11:43:42   >>>>>>>>>>>>>>>>>>>>>>>>>>>>>>
11:43:42   binary cross entropy: 0.482719
11:43:48   >>>>>>>>>>>>>>>>>>>>>>>>>>>>>>
11:43:48   binary cross entropy: 0.503438
11:43:54   >>>>>>>>>>>>>>>>>>>>>>>>>>>>>>
11:43:54   binary cross entropy: 0.482435
11:44:00   >>>>>>>>>>>>>>>>>>>>>>>>>>>>>>
11:44:00   binary cross entropy: 0.466527
11:44:06   >>>>>>>>>>>>>>>>>>>>>>>>>>>>>>
11:44:06   binary cross entropy: 0.523688
11:44:12   >>>>>>>>>>>>>>>>>>>>>>>>>>>>>>
11:44:12   binary cross entropy: 0.490092
11:44:16   >>>>>>>>>>>>>>>>>>>>>>>>>>>>>>
11:44:16   Epoch 1 end
11:44:16   ------------------------------
11:44:16   average binary cross entropy: 0.499022
11:44:16   Save checkpoint to model_epoch_2.pth
11:44:16   >>>>>>>>>>>>>>>>>>>>>>>>>>>>>>
11:44:16   Evaluate on valid
11:44:21   mr: 156.365
11:44:21   mrr: 0.0708374
11:44:21   hits@1: 0.0297513
11:44:21   hits@3: 0.0631185
11:44:21   hits@10: 0.14254
11:44:21   >>>>>>>>>>>>>>>>>>>>>>>>>>>>>>
11:44:21   Epoch 2 begin
11:44:24   >>>>>>>>>>>>>>>>>>>>>>>>>>>>>>
11:44:24   binary cross entropy: 0.52091
11:44:30   >>>>>>>>>>>>>>>>>>>>>>>>>>>>>>
11:44:30   binary cross entropy: 0.585272
11:44:36   >>>>>>>>>>>>>>>>>>>>>>>>>>>>>>
11:44:36   binary cross entropy: 0.514605
11:44:42   >>>>>>>>>>>>>>>>>>>>>>>>>>>>>>
11:44:42   binary cross entropy: 0.483817
11:44:48   >>>>>>>>>>>>>>>>>>>>>>>>>>>>>>
11:44:48   binary cross entropy: 0.482511
11:44:54   >>>>>>>>>>>>>>>>>>>>>>>>>>>>>>
11:44:54   binary cross entropy: 0.4996
11:45:00   >>>>>>>>>>>>>>>>>>>>>>>>>>>>>>
11:45:00   binary cross entropy: 0.525872
11:45:06   >>>>>>>>>>>>>>>>>>>>>>>>>>>>>>
11:45:06   binary cross entropy: 0.432371
11:45:12   >>>>>>>>>>>>>>>>>>>>>>>>>>>>>>
11:45:12   binary cross entropy: 0.472408
11:45:18   >>>>>>>>>>>>>>>>>>>>>>>>>>>>>>
11:45:18   binary cross entropy: 0.541399
11:45:24   >>>>>>>>>>>>>>>>>>>>>>>>>>>>>>
11:45:24   binary cross entropy: 0.397406
11:45:30   >>>>>>>>>>>>>>>>>>>>>>>>>>>>>>
11:45:30   binary cross entropy: 0.521466
11:45:35   >>>>>>>>>>>>>>>>>>>>>>>>>>>>>>
11:45:36   binary cross entropy: 0.425731
11:45:41   >>>>>>>>>>>>>>>>>>>>>>>>>>>>>>
11:45:42   binary cross entropy: 0.580738
11:45:47   >>>>>>>>>>>>>>>>>>>>>>>>>>>>>>
11:45:48   binary cross entropy: 0.431132
11:45:53   >>>>>>>>>>>>>>>>>>>>>>>>>>>>>>
11:45:54   binary cross entropy: 0.553455
11:45:59   >>>>>>>>>>>>>>>>>>>>>>>>>>>>>>
11:45:59   binary cross entropy: 0.414142
11:46:05   >>>>>>>>>>>>>>>>>>>>>>>>>>>>>>
11:46:05   binary cross entropy: 0.417997
11:46:11   >>>>>>>>>>>>>>>>>>>>>>>>>>>>>>
11:46:11   binary cross entropy: 0.553028
11:46:17   >>>>>>>>>>>>>>>>>>>>>>>>>>>>>>
11:46:17   binary cross entropy: 0.524204
11:46:19   >>>>>>>>>>>>>>>>>>>>>>>>>>>>>>
11:46:19   Epoch 2 end
11:46:19   ------------------------------
11:46:19   average binary cross entropy: 0.482686
11:46:19   >>>>>>>>>>>>>>>>>>>>>>>>>>>>>>
11:46:19   Epoch 3 begin
11:46:23   >>>>>>>>>>>>>>>>>>>>>>>>>>>>>>
11:46:23   binary cross entropy: 0.498682
11:46:29   >>>>>>>>>>>>>>>>>>>>>>>>>>>>>>
11:46:29   binary cross entropy: 0.462279
11:46:35   >>>>>>>>>>>>>>>>>>>>>>>>>>>>>>
11:46:35   binary cross entropy: 0.427076
11:46:41   >>>>>>>>>>>>>>>>>>>>>>>>>>>>>>
11:46:41   binary cross entropy: 0.464283
11:46:47   >>>>>>>>>>>>>>>>>>>>>>>>>>>>>>
11:46:47   binary cross entropy: 0.526684
11:46:53   >>>>>>>>>>>>>>>>>>>>>>>>>>>>>>
11:46:53   binary cross entropy: 0.47066
11:46:59   >>>>>>>>>>>>>>>>>>>>>>>>>>>>>>
11:46:59   binary cross entropy: 0.550406
11:47:05   >>>>>>>>>>>>>>>>>>>>>>>>>>>>>>
11:47:05   binary cross entropy: 0.472755
11:47:11   >>>>>>>>>>>>>>>>>>>>>>>>>>>>>>
11:47:11   binary cross entropy: 0.467115
11:47:17   >>>>>>>>>>>>>>>>>>>>>>>>>>>>>>
11:47:17   binary cross entropy: 0.514627
11:47:23   >>>>>>>>>>>>>>>>>>>>>>>>>>>>>>
11:47:23   binary cross entropy: 0.504091
11:47:29   >>>>>>>>>>>>>>>>>>>>>>>>>>>>>>
11:47:29   binary cross entropy: 0.454036
11:47:35   >>>>>>>>>>>>>>>>>>>>>>>>>>>>>>
11:47:35   binary cross entropy: 0.454517
11:47:41   >>>>>>>>>>>>>>>>>>>>>>>>>>>>>>
11:47:41   binary cross entropy: 0.475705
11:47:47   >>>>>>>>>>>>>>>>>>>>>>>>>>>>>>
11:47:47   binary cross entropy: 0.463128
11:47:53   >>>>>>>>>>>>>>>>>>>>>>>>>>>>>>
11:47:53   binary cross entropy: 0.468958
11:47:59   >>>>>>>>>>>>>>>>>>>>>>>>>>>>>>
11:47:59   binary cross entropy: 0.432021
11:48:05   >>>>>>>>>>>>>>>>>>>>>>>>>>>>>>
11:48:05   binary cross entropy: 0.478694
11:48:11   >>>>>>>>>>>>>>>>>>>>>>>>>>>>>>
11:48:11   binary cross entropy: 0.401708
11:48:17   >>>>>>>>>>>>>>>>>>>>>>>>>>>>>>
11:48:17   binary cross entropy: 0.494036
11:48:18   >>>>>>>>>>>>>>>>>>>>>>>>>>>>>>
11:48:18   Epoch 3 end
11:48:18   ------------------------------
11:48:18   average binary cross entropy: 0.474328
11:48:18   Save checkpoint to model_epoch_4.pth
11:48:18   >>>>>>>>>>>>>>>>>>>>>>>>>>>>>>
11:48:18   Evaluate on valid
11:48:23   mr: 137.667
11:48:23   mrr: 0.0792931
11:48:23   hits@1: 0.032035
11:48:23   hits@3: 0.0748541
11:48:23   hits@10: 0.16138
11:48:23   >>>>>>>>>>>>>>>>>>>>>>>>>>>>>>
11:48:23   Epoch 4 begin
11:48:29   >>>>>>>>>>>>>>>>>>>>>>>>>>>>>>
11:48:29   binary cross entropy: 0.457667
11:48:35   >>>>>>>>>>>>>>>>>>>>>>>>>>>>>>
11:48:35   binary cross entropy: 0.430656
11:48:41   >>>>>>>>>>>>>>>>>>>>>>>>>>>>>>
11:48:41   binary cross entropy: 0.514557
11:48:47   >>>>>>>>>>>>>>>>>>>>>>>>>>>>>>
11:48:47   binary cross entropy: 0.418906
11:48:53   >>>>>>>>>>>>>>>>>>>>>>>>>>>>>>
11:48:53   binary cross entropy: 0.500255
11:48:58   >>>>>>>>>>>>>>>>>>>>>>>>>>>>>>
11:48:59   binary cross entropy: 0.468947
11:49:04   >>>>>>>>>>>>>>>>>>>>>>>>>>>>>>
11:49:05   binary cross entropy: 0.4245
11:49:10   >>>>>>>>>>>>>>>>>>>>>>>>>>>>>>
11:49:10   binary cross entropy: 0.502661
11:49:16   >>>>>>>>>>>>>>>>>>>>>>>>>>>>>>
11:49:16   binary cross entropy: 0.411084
11:49:22   >>>>>>>>>>>>>>>>>>>>>>>>>>>>>>
11:49:22   binary cross entropy: 0.509196
11:49:28   >>>>>>>>>>>>>>>>>>>>>>>>>>>>>>
11:49:28   binary cross entropy: 0.433832
11:49:34   >>>>>>>>>>>>>>>>>>>>>>>>>>>>>>
11:49:34   binary cross entropy: 0.498341
11:49:40   >>>>>>>>>>>>>>>>>>>>>>>>>>>>>>
11:49:40   binary cross entropy: 0.558205
11:49:46   >>>>>>>>>>>>>>>>>>>>>>>>>>>>>>
11:49:46   binary cross entropy: 0.561991
11:49:52   >>>>>>>>>>>>>>>>>>>>>>>>>>>>>>
11:49:52   binary cross entropy: 0.564949
11:49:58   >>>>>>>>>>>>>>>>>>>>>>>>>>>>>>
11:49:58   binary cross entropy: 0.461027
11:50:04   >>>>>>>>>>>>>>>>>>>>>>>>>>>>>>
11:50:04   binary cross entropy: 0.420997
11:50:10   >>>>>>>>>>>>>>>>>>>>>>>>>>>>>>
11:50:10   binary cross entropy: 0.470054
11:50:16   >>>>>>>>>>>>>>>>>>>>>>>>>>>>>>
11:50:16   binary cross entropy: 0.460292
11:50:22   >>>>>>>>>>>>>>>>>>>>>>>>>>>>>>
11:50:22   Epoch 4 end
11:50:22   ------------------------------
11:50:22   average binary cross entropy: 0.470497
11:50:22   >>>>>>>>>>>>>>>>>>>>>>>>>>>>>>
11:50:22   Epoch 5 begin
11:50:22   >>>>>>>>>>>>>>>>>>>>>>>>>>>>>>
11:50:22   binary cross entropy: 0.494347
11:50:28   >>>>>>>>>>>>>>>>>>>>>>>>>>>>>>
11:50:28   binary cross entropy: 0.50021
11:50:34   >>>>>>>>>>>>>>>>>>>>>>>>>>>>>>
11:50:34   binary cross entropy: 0.44433
11:50:40   >>>>>>>>>>>>>>>>>>>>>>>>>>>>>>
11:50:40   binary cross entropy: 0.479475
11:50:46   >>>>>>>>>>>>>>>>>>>>>>>>>>>>>>
11:50:46   binary cross entropy: 0.466513
11:50:52   >>>>>>>>>>>>>>>>>>>>>>>>>>>>>>
11:50:52   binary cross entropy: 0.491771
11:50:58   >>>>>>>>>>>>>>>>>>>>>>>>>>>>>>
11:50:58   binary cross entropy: 0.444054
11:51:04   >>>>>>>>>>>>>>>>>>>>>>>>>>>>>>
11:51:04   binary cross entropy: 0.404573
11:51:10   >>>>>>>>>>>>>>>>>>>>>>>>>>>>>>
11:51:10   binary cross entropy: 0.444001
11:51:16   >>>>>>>>>>>>>>>>>>>>>>>>>>>>>>
11:51:16   binary cross entropy: 0.457118
11:51:22   >>>>>>>>>>>>>>>>>>>>>>>>>>>>>>
11:51:22   binary cross entropy: 0.409843
11:51:28   >>>>>>>>>>>>>>>>>>>>>>>>>>>>>>
11:51:28   binary cross entropy: 0.485202
11:51:34   >>>>>>>>>>>>>>>>>>>>>>>>>>>>>>
11:51:34   binary cross entropy: 0.447072
11:51:40   >>>>>>>>>>>>>>>>>>>>>>>>>>>>>>
11:51:40   binary cross entropy: 0.418796
11:51:46   >>>>>>>>>>>>>>>>>>>>>>>>>>>>>>
11:51:46   binary cross entropy: 0.496818
11:51:52   >>>>>>>>>>>>>>>>>>>>>>>>>>>>>>
11:51:52   binary cross entropy: 0.450884
11:51:58   >>>>>>>>>>>>>>>>>>>>>>>>>>>>>>
11:51:58   binary cross entropy: 0.450315
11:52:04   >>>>>>>>>>>>>>>>>>>>>>>>>>>>>>
11:52:04   binary cross entropy: 0.447838
11:52:10   >>>>>>>>>>>>>>>>>>>>>>>>>>>>>>
11:52:10   binary cross entropy: 0.418357
11:52:16   >>>>>>>>>>>>>>>>>>>>>>>>>>>>>>
11:52:16   binary cross entropy: 0.450679
11:52:20   >>>>>>>>>>>>>>>>>>>>>>>>>>>>>>
11:52:20   Epoch 5 end
11:52:20   ------------------------------
11:52:20   average binary cross entropy: 0.465843
11:52:20   Save checkpoint to model_epoch_6.pth
11:52:20   >>>>>>>>>>>>>>>>>>>>>>>>>>>>>>
11:52:20   Evaluate on valid
11:52:26   mr: 134.184
11:52:26   mrr: 0.0807296
11:52:26   hits@1: 0.0335575
11:52:26   hits@3: 0.0727607
11:52:26   hits@10: 0.163157
11:52:26   >>>>>>>>>>>>>>>>>>>>>>>>>>>>>>
11:52:26   Epoch 6 begin
11:52:28   >>>>>>>>>>>>>>>>>>>>>>>>>>>>>>
11:52:28   binary cross entropy: 0.517518
11:52:34   >>>>>>>>>>>>>>>>>>>>>>>>>>>>>>
11:52:34   binary cross entropy: 0.519333
11:52:40   >>>>>>>>>>>>>>>>>>>>>>>>>>>>>>
11:52:40   binary cross entropy: 0.460993
11:52:46   >>>>>>>>>>>>>>>>>>>>>>>>>>>>>>
11:52:46   binary cross entropy: 0.435694
11:52:52   >>>>>>>>>>>>>>>>>>>>>>>>>>>>>>
11:52:52   binary cross entropy: 0.512011
11:52:58   >>>>>>>>>>>>>>>>>>>>>>>>>>>>>>
11:52:58   binary cross entropy: 0.476924
11:53:04   >>>>>>>>>>>>>>>>>>>>>>>>>>>>>>
11:53:04   binary cross entropy: 0.493361
11:53:10   >>>>>>>>>>>>>>>>>>>>>>>>>>>>>>
11:53:10   binary cross entropy: 0.51945
11:53:16   >>>>>>>>>>>>>>>>>>>>>>>>>>>>>>
11:53:16   binary cross entropy: 0.506536
11:53:22   >>>>>>>>>>>>>>>>>>>>>>>>>>>>>>
11:53:22   binary cross entropy: 0.437974
11:53:28   >>>>>>>>>>>>>>>>>>>>>>>>>>>>>>
11:53:28   binary cross entropy: 0.422059
11:53:34   >>>>>>>>>>>>>>>>>>>>>>>>>>>>>>
11:53:34   binary cross entropy: 0.529713
11:53:40   >>>>>>>>>>>>>>>>>>>>>>>>>>>>>>
11:53:40   binary cross entropy: 0.416795
11:53:46   >>>>>>>>>>>>>>>>>>>>>>>>>>>>>>
11:53:46   binary cross entropy: 0.44934
11:53:53   >>>>>>>>>>>>>>>>>>>>>>>>>>>>>>
11:53:53   binary cross entropy: 0.441137
11:53:59   >>>>>>>>>>>>>>>>>>>>>>>>>>>>>>
11:53:59   binary cross entropy: 0.511287
11:54:05   >>>>>>>>>>>>>>>>>>>>>>>>>>>>>>
11:54:05   binary cross entropy: 0.463954
11:54:11   >>>>>>>>>>>>>>>>>>>>>>>>>>>>>>
11:54:11   binary cross entropy: 0.409691
11:54:17   >>>>>>>>>>>>>>>>>>>>>>>>>>>>>>
11:54:17   binary cross entropy: 0.432717
11:54:23   >>>>>>>>>>>>>>>>>>>>>>>>>>>>>>
11:54:23   binary cross entropy: 0.468491
11:54:26   >>>>>>>>>>>>>>>>>>>>>>>>>>>>>>
11:54:26   Epoch 6 end
11:54:26   ------------------------------
11:54:26   average binary cross entropy: 0.461726
11:54:26   >>>>>>>>>>>>>>>>>>>>>>>>>>>>>>
11:54:26   Epoch 7 begin
11:54:29   >>>>>>>>>>>>>>>>>>>>>>>>>>>>>>
11:54:29   binary cross entropy: 0.399135
11:54:35   >>>>>>>>>>>>>>>>>>>>>>>>>>>>>>
11:54:35   binary cross entropy: 0.43022
11:54:41   >>>>>>>>>>>>>>>>>>>>>>>>>>>>>>
11:54:41   binary cross entropy: 0.487147
11:54:47   >>>>>>>>>>>>>>>>>>>>>>>>>>>>>>
11:54:47   binary cross entropy: 0.472984
11:54:53   >>>>>>>>>>>>>>>>>>>>>>>>>>>>>>
11:54:53   binary cross entropy: 0.547023
11:54:59   >>>>>>>>>>>>>>>>>>>>>>>>>>>>>>
11:55:00   binary cross entropy: 0.442135
11:55:06   >>>>>>>>>>>>>>>>>>>>>>>>>>>>>>
11:55:06   binary cross entropy: 0.478662
11:55:12   >>>>>>>>>>>>>>>>>>>>>>>>>>>>>>
11:55:12   binary cross entropy: 0.493958
11:55:18   >>>>>>>>>>>>>>>>>>>>>>>>>>>>>>
11:55:18   binary cross entropy: 0.449375
11:55:24   >>>>>>>>>>>>>>>>>>>>>>>>>>>>>>
11:55:24   binary cross entropy: 0.455648
11:55:30   >>>>>>>>>>>>>>>>>>>>>>>>>>>>>>
11:55:30   binary cross entropy: 0.437059
11:55:36   >>>>>>>>>>>>>>>>>>>>>>>>>>>>>>
11:55:36   binary cross entropy: 0.458081
11:55:42   >>>>>>>>>>>>>>>>>>>>>>>>>>>>>>
11:55:42   binary cross entropy: 0.43272
11:55:48   >>>>>>>>>>>>>>>>>>>>>>>>>>>>>>
11:55:48   binary cross entropy: 0.452439
11:55:54   >>>>>>>>>>>>>>>>>>>>>>>>>>>>>>
11:55:54   binary cross entropy: 0.464747
11:56:00   >>>>>>>>>>>>>>>>>>>>>>>>>>>>>>
11:56:00   binary cross entropy: 0.4791
11:56:06   >>>>>>>>>>>>>>>>>>>>>>>>>>>>>>
11:56:06   binary cross entropy: 0.454837
11:56:12   >>>>>>>>>>>>>>>>>>>>>>>>>>>>>>
11:56:13   binary cross entropy: 0.439731
11:56:19   >>>>>>>>>>>>>>>>>>>>>>>>>>>>>>
11:56:19   binary cross entropy: 0.47265
11:56:25   >>>>>>>>>>>>>>>>>>>>>>>>>>>>>>
11:56:25   binary cross entropy: 0.389889
11:56:26   >>>>>>>>>>>>>>>>>>>>>>>>>>>>>>
11:56:26   Epoch 7 end
11:56:26   ------------------------------
11:56:26   average binary cross entropy: 0.461298
11:56:26   Save checkpoint to model_epoch_8.pth
11:56:26   >>>>>>>>>>>>>>>>>>>>>>>>>>>>>>
11:56:26   Evaluate on valid
11:56:32   mr: 132.767
11:56:32   mrr: 0.0836084
11:56:32   hits@1: 0.0358412
11:56:32   hits@3: 0.0763131
11:56:32   hits@10: 0.167216
11:56:32   >>>>>>>>>>>>>>>>>>>>>>>>>>>>>>
11:56:32   Epoch 8 begin
11:56:36   >>>>>>>>>>>>>>>>>>>>>>>>>>>>>>
11:56:36   binary cross entropy: 0.537953
11:56:42   >>>>>>>>>>>>>>>>>>>>>>>>>>>>>>
11:56:42   binary cross entropy: 0.433975
11:56:48   >>>>>>>>>>>>>>>>>>>>>>>>>>>>>>
11:56:48   binary cross entropy: 0.453342
11:56:54   >>>>>>>>>>>>>>>>>>>>>>>>>>>>>>
11:56:54   binary cross entropy: 0.393077
11:57:00   >>>>>>>>>>>>>>>>>>>>>>>>>>>>>>
11:57:00   binary cross entropy: 0.47239
11:57:06   >>>>>>>>>>>>>>>>>>>>>>>>>>>>>>
11:57:06   binary cross entropy: 0.376243
11:57:12   >>>>>>>>>>>>>>>>>>>>>>>>>>>>>>
11:57:12   binary cross entropy: 0.415102
11:57:18   >>>>>>>>>>>>>>>>>>>>>>>>>>>>>>
11:57:18   binary cross entropy: 0.662072
11:57:24   >>>>>>>>>>>>>>>>>>>>>>>>>>>>>>
11:57:24   binary cross entropy: 0.433973
11:57:30   >>>>>>>>>>>>>>>>>>>>>>>>>>>>>>
11:57:30   binary cross entropy: 0.441275
11:57:36   >>>>>>>>>>>>>>>>>>>>>>>>>>>>>>
11:57:36   binary cross entropy: 0.394802
11:57:42   >>>>>>>>>>>>>>>>>>>>>>>>>>>>>>
11:57:42   binary cross entropy: 0.466754
11:57:48   >>>>>>>>>>>>>>>>>>>>>>>>>>>>>>
11:57:48   binary cross entropy: 0.330213
11:57:54   >>>>>>>>>>>>>>>>>>>>>>>>>>>>>>
11:57:54   binary cross entropy: 0.477044
11:58:00   >>>>>>>>>>>>>>>>>>>>>>>>>>>>>>
11:58:00   binary cross entropy: 0.426481
11:58:06   >>>>>>>>>>>>>>>>>>>>>>>>>>>>>>
11:58:06   binary cross entropy: 0.464642
11:58:11   >>>>>>>>>>>>>>>>>>>>>>>>>>>>>>
11:58:12   binary cross entropy: 0.414599
11:58:17   >>>>>>>>>>>>>>>>>>>>>>>>>>>>>>
11:58:17   binary cross entropy: 0.423557
11:58:23   >>>>>>>>>>>>>>>>>>>>>>>>>>>>>>
11:58:23   binary cross entropy: 0.453048
11:58:29   >>>>>>>>>>>>>>>>>>>>>>>>>>>>>>
11:58:29   binary cross entropy: 0.491372
11:58:29   >>>>>>>>>>>>>>>>>>>>>>>>>>>>>>
11:58:29   Epoch 8 end
11:58:29   ------------------------------
11:58:29   average binary cross entropy: 0.45904
11:58:29   >>>>>>>>>>>>>>>>>>>>>>>>>>>>>>
11:58:29   Epoch 9 begin
11:58:35   >>>>>>>>>>>>>>>>>>>>>>>>>>>>>>
11:58:35   binary cross entropy: 0.411629
11:58:41   >>>>>>>>>>>>>>>>>>>>>>>>>>>>>>
11:58:41   binary cross entropy: 0.460961
11:58:47   >>>>>>>>>>>>>>>>>>>>>>>>>>>>>>
11:58:47   binary cross entropy: 0.417417
11:58:53   >>>>>>>>>>>>>>>>>>>>>>>>>>>>>>
11:58:53   binary cross entropy: 0.416152
11:58:59   >>>>>>>>>>>>>>>>>>>>>>>>>>>>>>
11:58:59   binary cross entropy: 0.501911
11:59:05   >>>>>>>>>>>>>>>>>>>>>>>>>>>>>>
11:59:05   binary cross entropy: 0.554907
11:59:11   >>>>>>>>>>>>>>>>>>>>>>>>>>>>>>
11:59:11   binary cross entropy: 0.455717
11:59:17   >>>>>>>>>>>>>>>>>>>>>>>>>>>>>>
11:59:17   binary cross entropy: 0.419287
11:59:23   >>>>>>>>>>>>>>>>>>>>>>>>>>>>>>
11:59:23   binary cross entropy: 0.524201
11:59:29   >>>>>>>>>>>>>>>>>>>>>>>>>>>>>>
11:59:29   binary cross entropy: 0.4008
11:59:35   >>>>>>>>>>>>>>>>>>>>>>>>>>>>>>
11:59:35   binary cross entropy: 0.418957
11:59:41   >>>>>>>>>>>>>>>>>>>>>>>>>>>>>>
11:59:41   binary cross entropy: 0.460674
11:59:47   >>>>>>>>>>>>>>>>>>>>>>>>>>>>>>
11:59:47   binary cross entropy: 0.507624
11:59:53   >>>>>>>>>>>>>>>>>>>>>>>>>>>>>>
11:59:53   binary cross entropy: 0.387017
11:59:59   >>>>>>>>>>>>>>>>>>>>>>>>>>>>>>
11:59:59   binary cross entropy: 0.410295
12:00:05   >>>>>>>>>>>>>>>>>>>>>>>>>>>>>>
12:00:05   binary cross entropy: 0.450691
12:00:11   >>>>>>>>>>>>>>>>>>>>>>>>>>>>>>
12:00:11   binary cross entropy: 0.429782
12:00:17   >>>>>>>>>>>>>>>>>>>>>>>>>>>>>>
12:00:17   binary cross entropy: 0.36984
12:00:23   >>>>>>>>>>>>>>>>>>>>>>>>>>>>>>
12:00:23   binary cross entropy: 0.419384
12:00:27   >>>>>>>>>>>>>>>>>>>>>>>>>>>>>>
12:00:27   Epoch 9 end
12:00:27   ------------------------------
12:00:27   average binary cross entropy: 0.457482
12:00:27   Save checkpoint to model_epoch_10.pth
12:00:27   >>>>>>>>>>>>>>>>>>>>>>>>>>>>>>
12:00:27   Evaluate on valid
12:00:33   mr: 131.258
12:00:33   mrr: 0.0861718
12:00:33   hits@1: 0.0370464
12:00:33   hits@3: 0.0804999
12:00:33   hits@10: 0.174512
12:00:33   >>>>>>>>>>>>>>>>>>>>>>>>>>>>>>
12:00:33   Epoch 10 begin
12:00:34   >>>>>>>>>>>>>>>>>>>>>>>>>>>>>>
12:00:34   binary cross entropy: 0.377535
12:00:40   >>>>>>>>>>>>>>>>>>>>>>>>>>>>>>
12:00:40   binary cross entropy: 0.576163
12:00:46   >>>>>>>>>>>>>>>>>>>>>>>>>>>>>>
12:00:46   binary cross entropy: 0.443814
12:00:52   >>>>>>>>>>>>>>>>>>>>>>>>>>>>>>
12:00:52   binary cross entropy: 0.494364
12:00:58   >>>>>>>>>>>>>>>>>>>>>>>>>>>>>>
12:00:58   binary cross entropy: 0.431508
12:01:04   >>>>>>>>>>>>>>>>>>>>>>>>>>>>>>
12:01:04   binary cross entropy: 0.407103
12:01:10   >>>>>>>>>>>>>>>>>>>>>>>>>>>>>>
12:01:10   binary cross entropy: 0.50874
12:01:16   >>>>>>>>>>>>>>>>>>>>>>>>>>>>>>
12:01:16   binary cross entropy: 0.391693
12:01:22   >>>>>>>>>>>>>>>>>>>>>>>>>>>>>>
12:01:22   binary cross entropy: 0.447008
12:01:28   >>>>>>>>>>>>>>>>>>>>>>>>>>>>>>
12:01:28   binary cross entropy: 0.44884
12:01:34   >>>>>>>>>>>>>>>>>>>>>>>>>>>>>>
12:01:34   binary cross entropy: 0.45308
12:01:40   >>>>>>>>>>>>>>>>>>>>>>>>>>>>>>
12:01:40   binary cross entropy: 0.512742
12:01:46   >>>>>>>>>>>>>>>>>>>>>>>>>>>>>>
12:01:46   binary cross entropy: 0.502249
12:01:52   >>>>>>>>>>>>>>>>>>>>>>>>>>>>>>
12:01:52   binary cross entropy: 0.424938
12:01:58   >>>>>>>>>>>>>>>>>>>>>>>>>>>>>>
12:01:58   binary cross entropy: 0.414349
12:02:04   >>>>>>>>>>>>>>>>>>>>>>>>>>>>>>
12:02:04   binary cross entropy: 0.500289
12:02:10   >>>>>>>>>>>>>>>>>>>>>>>>>>>>>>
12:02:10   binary cross entropy: 0.480329
12:02:16   >>>>>>>>>>>>>>>>>>>>>>>>>>>>>>
12:02:16   binary cross entropy: 0.403835
12:02:22   >>>>>>>>>>>>>>>>>>>>>>>>>>>>>>
12:02:22   binary cross entropy: 0.417505
12:02:28   >>>>>>>>>>>>>>>>>>>>>>>>>>>>>>
12:02:28   binary cross entropy: 0.415413
12:02:31   >>>>>>>>>>>>>>>>>>>>>>>>>>>>>>
12:02:31   Epoch 10 end
12:02:31   ------------------------------
12:02:31   average binary cross entropy: 0.454513
12:02:31   >>>>>>>>>>>>>>>>>>>>>>>>>>>>>>
12:02:31   Epoch 11 begin
12:02:34   >>>>>>>>>>>>>>>>>>>>>>>>>>>>>>
12:02:34   binary cross entropy: 0.448404
12:02:40   >>>>>>>>>>>>>>>>>>>>>>>>>>>>>>
12:02:40   binary cross entropy: 0.39043
12:02:46   >>>>>>>>>>>>>>>>>>>>>>>>>>>>>>
12:02:46   binary cross entropy: 0.477917
12:02:52   >>>>>>>>>>>>>>>>>>>>>>>>>>>>>>
12:02:52   binary cross entropy: 0.439029
12:02:58   >>>>>>>>>>>>>>>>>>>>>>>>>>>>>>
12:02:58   binary cross entropy: 0.426744
12:03:04   >>>>>>>>>>>>>>>>>>>>>>>>>>>>>>
12:03:04   binary cross entropy: 0.504386
12:03:10   >>>>>>>>>>>>>>>>>>>>>>>>>>>>>>
12:03:10   binary cross entropy: 0.414411
12:03:16   >>>>>>>>>>>>>>>>>>>>>>>>>>>>>>
12:03:16   binary cross entropy: 0.485168
12:03:22   >>>>>>>>>>>>>>>>>>>>>>>>>>>>>>
12:03:22   binary cross entropy: 0.490989
12:03:28   >>>>>>>>>>>>>>>>>>>>>>>>>>>>>>
12:03:28   binary cross entropy: 0.443241
12:03:34   >>>>>>>>>>>>>>>>>>>>>>>>>>>>>>
12:03:34   binary cross entropy: 0.512431
12:03:40   >>>>>>>>>>>>>>>>>>>>>>>>>>>>>>
12:03:40   binary cross entropy: 0.457419
12:03:46   >>>>>>>>>>>>>>>>>>>>>>>>>>>>>>
12:03:46   binary cross entropy: 0.428712
12:03:52   >>>>>>>>>>>>>>>>>>>>>>>>>>>>>>
12:03:52   binary cross entropy: 0.476458
12:03:58   >>>>>>>>>>>>>>>>>>>>>>>>>>>>>>
12:03:58   binary cross entropy: 0.441756
12:04:04   >>>>>>>>>>>>>>>>>>>>>>>>>>>>>>
12:04:04   binary cross entropy: 0.444245
12:04:10   >>>>>>>>>>>>>>>>>>>>>>>>>>>>>>
12:04:10   binary cross entropy: 0.409751
12:04:16   >>>>>>>>>>>>>>>>>>>>>>>>>>>>>>
12:04:16   binary cross entropy: 0.500314
12:04:22   >>>>>>>>>>>>>>>>>>>>>>>>>>>>>>
12:04:22   binary cross entropy: 0.375444
12:04:28   >>>>>>>>>>>>>>>>>>>>>>>>>>>>>>
12:04:28   binary cross entropy: 0.431366
12:04:30   >>>>>>>>>>>>>>>>>>>>>>>>>>>>>>
12:04:30   Epoch 11 end
12:04:30   ------------------------------
12:04:30   average binary cross entropy: 0.453003
12:04:30   Save checkpoint to model_epoch_12.pth
12:04:30   >>>>>>>>>>>>>>>>>>>>>>>>>>>>>>
12:04:30   Evaluate on valid
12:04:36   mr: 128.361
12:04:36   mrr: 0.0867361
12:04:36   hits@1: 0.0362852
12:04:36   hits@3: 0.0791677
12:04:36   hits@10: 0.179206
12:04:36   >>>>>>>>>>>>>>>>>>>>>>>>>>>>>>
12:04:36   Epoch 12 begin
12:04:39   >>>>>>>>>>>>>>>>>>>>>>>>>>>>>>
12:04:39   binary cross entropy: 0.528241
12:04:45   >>>>>>>>>>>>>>>>>>>>>>>>>>>>>>
12:04:45   binary cross entropy: 0.376044
12:04:51   >>>>>>>>>>>>>>>>>>>>>>>>>>>>>>
12:04:51   binary cross entropy: 0.416921
12:04:57   >>>>>>>>>>>>>>>>>>>>>>>>>>>>>>
12:04:57   binary cross entropy: 0.601105
12:05:03   >>>>>>>>>>>>>>>>>>>>>>>>>>>>>>
12:05:03   binary cross entropy: 0.441591
12:05:09   >>>>>>>>>>>>>>>>>>>>>>>>>>>>>>
12:05:09   binary cross entropy: 0.423078
12:05:15   >>>>>>>>>>>>>>>>>>>>>>>>>>>>>>
12:05:15   binary cross entropy: 0.400432
12:05:21   >>>>>>>>>>>>>>>>>>>>>>>>>>>>>>
12:05:21   binary cross entropy: 0.486818
12:05:27   >>>>>>>>>>>>>>>>>>>>>>>>>>>>>>
12:05:27   binary cross entropy: 0.549091
12:05:33   >>>>>>>>>>>>>>>>>>>>>>>>>>>>>>
12:05:33   binary cross entropy: 0.459511
12:05:39   >>>>>>>>>>>>>>>>>>>>>>>>>>>>>>
12:05:39   binary cross entropy: 0.432995
12:05:45   >>>>>>>>>>>>>>>>>>>>>>>>>>>>>>
12:05:45   binary cross entropy: 0.446372
12:05:51   >>>>>>>>>>>>>>>>>>>>>>>>>>>>>>
12:05:51   binary cross entropy: 0.494765
12:05:57   >>>>>>>>>>>>>>>>>>>>>>>>>>>>>>
12:05:57   binary cross entropy: 0.352433
12:06:03   >>>>>>>>>>>>>>>>>>>>>>>>>>>>>>
12:06:03   binary cross entropy: 0.452478
12:06:09   >>>>>>>>>>>>>>>>>>>>>>>>>>>>>>
12:06:09   binary cross entropy: 0.499366
12:06:15   >>>>>>>>>>>>>>>>>>>>>>>>>>>>>>
12:06:15   binary cross entropy: 0.428633
12:06:20   >>>>>>>>>>>>>>>>>>>>>>>>>>>>>>
12:06:20   binary cross entropy: 0.401238
12:06:26   >>>>>>>>>>>>>>>>>>>>>>>>>>>>>>
12:06:26   binary cross entropy: 0.370595
12:06:32   >>>>>>>>>>>>>>>>>>>>>>>>>>>>>>
12:06:32   binary cross entropy: 0.415123
12:06:33   >>>>>>>>>>>>>>>>>>>>>>>>>>>>>>
12:06:33   Epoch 12 end
12:06:33   ------------------------------
12:06:33   average binary cross entropy: 0.45241
12:06:33   >>>>>>>>>>>>>>>>>>>>>>>>>>>>>>
12:06:33   Epoch 13 begin
12:06:38   >>>>>>>>>>>>>>>>>>>>>>>>>>>>>>
12:06:38   binary cross entropy: 0.463511
12:06:44   >>>>>>>>>>>>>>>>>>>>>>>>>>>>>>
12:06:44   binary cross entropy: 0.413369
12:06:50   >>>>>>>>>>>>>>>>>>>>>>>>>>>>>>
12:06:50   binary cross entropy: 0.428377
12:06:56   >>>>>>>>>>>>>>>>>>>>>>>>>>>>>>
12:06:56   binary cross entropy: 0.501509
12:07:02   >>>>>>>>>>>>>>>>>>>>>>>>>>>>>>
12:07:02   binary cross entropy: 0.415534
12:07:08   >>>>>>>>>>>>>>>>>>>>>>>>>>>>>>
12:07:08   binary cross entropy: 0.445874
12:07:14   >>>>>>>>>>>>>>>>>>>>>>>>>>>>>>
12:07:14   binary cross entropy: 0.481536
12:07:20   >>>>>>>>>>>>>>>>>>>>>>>>>>>>>>
12:07:20   binary cross entropy: 0.510825
12:07:26   >>>>>>>>>>>>>>>>>>>>>>>>>>>>>>
12:07:26   binary cross entropy: 0.413144
12:07:32   >>>>>>>>>>>>>>>>>>>>>>>>>>>>>>
12:07:32   binary cross entropy: 0.441048
12:07:38   >>>>>>>>>>>>>>>>>>>>>>>>>>>>>>
12:07:38   binary cross entropy: 0.487224
12:07:44   >>>>>>>>>>>>>>>>>>>>>>>>>>>>>>
12:07:44   binary cross entropy: 0.46574
12:07:50   >>>>>>>>>>>>>>>>>>>>>>>>>>>>>>
12:07:50   binary cross entropy: 0.458646
12:07:56   >>>>>>>>>>>>>>>>>>>>>>>>>>>>>>
12:07:56   binary cross entropy: 0.450711
12:08:01   >>>>>>>>>>>>>>>>>>>>>>>>>>>>>>
12:08:01   binary cross entropy: 0.439132
12:08:07   >>>>>>>>>>>>>>>>>>>>>>>>>>>>>>
12:08:07   binary cross entropy: 0.522864
12:08:13   >>>>>>>>>>>>>>>>>>>>>>>>>>>>>>
12:08:13   binary cross entropy: 0.368692
12:08:19   >>>>>>>>>>>>>>>>>>>>>>>>>>>>>>
12:08:19   binary cross entropy: 0.434736
12:08:25   >>>>>>>>>>>>>>>>>>>>>>>>>>>>>>
12:08:25   binary cross entropy: 0.44986
12:08:31   >>>>>>>>>>>>>>>>>>>>>>>>>>>>>>
12:08:31   Epoch 13 end
12:08:31   ------------------------------
12:08:31   average binary cross entropy: 0.450055
12:08:31   Save checkpoint to model_epoch_14.pth
12:08:31   >>>>>>>>>>>>>>>>>>>>>>>>>>>>>>
12:08:31   Evaluate on valid
12:08:36   mr: 127.854
12:08:36   mrr: 0.089422
12:08:36   hits@1: 0.0382517
12:08:36   hits@3: 0.0855113
12:08:36   hits@10: 0.178698
12:08:36   >>>>>>>>>>>>>>>>>>>>>>>>>>>>>>
12:08:36   Epoch 14 begin
12:08:37   >>>>>>>>>>>>>>>>>>>>>>>>>>>>>>
12:08:37   binary cross entropy: 0.462989
12:08:43   >>>>>>>>>>>>>>>>>>>>>>>>>>>>>>
12:08:43   binary cross entropy: 0.463611
12:08:49   >>>>>>>>>>>>>>>>>>>>>>>>>>>>>>
12:08:49   binary cross entropy: 0.467124
12:08:55   >>>>>>>>>>>>>>>>>>>>>>>>>>>>>>
12:08:55   binary cross entropy: 0.489624
12:09:01   >>>>>>>>>>>>>>>>>>>>>>>>>>>>>>
12:09:01   binary cross entropy: 0.422034
12:09:07   >>>>>>>>>>>>>>>>>>>>>>>>>>>>>>
12:09:07   binary cross entropy: 0.461855
12:09:13   >>>>>>>>>>>>>>>>>>>>>>>>>>>>>>
12:09:13   binary cross entropy: 0.551462
12:09:19   >>>>>>>>>>>>>>>>>>>>>>>>>>>>>>
12:09:19   binary cross entropy: 0.369466
12:09:25   >>>>>>>>>>>>>>>>>>>>>>>>>>>>>>
12:09:25   binary cross entropy: 0.422865
12:09:31   >>>>>>>>>>>>>>>>>>>>>>>>>>>>>>
12:09:31   binary cross entropy: 0.47854
12:09:37   >>>>>>>>>>>>>>>>>>>>>>>>>>>>>>
12:09:37   binary cross entropy: 0.431317
12:09:43   >>>>>>>>>>>>>>>>>>>>>>>>>>>>>>
12:09:43   binary cross entropy: 0.490172
12:09:49   >>>>>>>>>>>>>>>>>>>>>>>>>>>>>>
12:09:49   binary cross entropy: 0.484542
12:09:55   >>>>>>>>>>>>>>>>>>>>>>>>>>>>>>
12:09:55   binary cross entropy: 0.433595
12:10:01   >>>>>>>>>>>>>>>>>>>>>>>>>>>>>>
12:10:01   binary cross entropy: 0.402149
12:10:07   >>>>>>>>>>>>>>>>>>>>>>>>>>>>>>
12:10:07   binary cross entropy: 0.441036
12:10:13   >>>>>>>>>>>>>>>>>>>>>>>>>>>>>>
12:10:13   binary cross entropy: 0.427716
12:10:19   >>>>>>>>>>>>>>>>>>>>>>>>>>>>>>
12:10:19   binary cross entropy: 0.437608
12:10:25   >>>>>>>>>>>>>>>>>>>>>>>>>>>>>>
12:10:25   binary cross entropy: 0.438527
12:10:31   >>>>>>>>>>>>>>>>>>>>>>>>>>>>>>
12:10:31   binary cross entropy: 0.457847
12:10:35   >>>>>>>>>>>>>>>>>>>>>>>>>>>>>>
12:10:35   Epoch 14 end
12:10:35   ------------------------------
12:10:35   average binary cross entropy: 0.449126
12:10:35   >>>>>>>>>>>>>>>>>>>>>>>>>>>>>>
12:10:35   Epoch 15 begin
12:10:37   >>>>>>>>>>>>>>>>>>>>>>>>>>>>>>
12:10:37   binary cross entropy: 0.49404
12:10:43   >>>>>>>>>>>>>>>>>>>>>>>>>>>>>>
12:10:43   binary cross entropy: 0.36991
12:10:49   >>>>>>>>>>>>>>>>>>>>>>>>>>>>>>
12:10:49   binary cross entropy: 0.426755
12:10:55   >>>>>>>>>>>>>>>>>>>>>>>>>>>>>>
12:10:55   binary cross entropy: 0.440017
12:11:01   >>>>>>>>>>>>>>>>>>>>>>>>>>>>>>
12:11:01   binary cross entropy: 0.421508
12:11:07   >>>>>>>>>>>>>>>>>>>>>>>>>>>>>>
12:11:07   binary cross entropy: 0.482232
12:11:13   >>>>>>>>>>>>>>>>>>>>>>>>>>>>>>
12:11:13   binary cross entropy: 0.368118
12:11:19   >>>>>>>>>>>>>>>>>>>>>>>>>>>>>>
12:11:19   binary cross entropy: 0.445451
12:11:25   >>>>>>>>>>>>>>>>>>>>>>>>>>>>>>
12:11:25   binary cross entropy: 0.459408
12:11:31   >>>>>>>>>>>>>>>>>>>>>>>>>>>>>>
12:11:32   binary cross entropy: 0.345825
12:11:38   >>>>>>>>>>>>>>>>>>>>>>>>>>>>>>
12:11:38   binary cross entropy: 0.483155
12:11:44   >>>>>>>>>>>>>>>>>>>>>>>>>>>>>>
12:11:44   binary cross entropy: 0.418793
12:11:50   >>>>>>>>>>>>>>>>>>>>>>>>>>>>>>
12:11:50   binary cross entropy: 0.48162
12:11:56   >>>>>>>>>>>>>>>>>>>>>>>>>>>>>>
12:11:56   binary cross entropy: 0.437421
12:12:02   >>>>>>>>>>>>>>>>>>>>>>>>>>>>>>
12:12:02   binary cross entropy: 0.438604
12:12:08   >>>>>>>>>>>>>>>>>>>>>>>>>>>>>>
12:12:08   binary cross entropy: 0.449444
12:12:14   >>>>>>>>>>>>>>>>>>>>>>>>>>>>>>
12:12:14   binary cross entropy: 0.450196
12:12:20   >>>>>>>>>>>>>>>>>>>>>>>>>>>>>>
12:12:20   binary cross entropy: 0.565918
12:12:26   >>>>>>>>>>>>>>>>>>>>>>>>>>>>>>
12:12:26   binary cross entropy: 0.508666
12:12:32   >>>>>>>>>>>>>>>>>>>>>>>>>>>>>>
12:12:32   binary cross entropy: 0.469781
12:12:35   >>>>>>>>>>>>>>>>>>>>>>>>>>>>>>
12:12:35   Epoch 15 end
12:12:35   ------------------------------
12:12:35   average binary cross entropy: 0.448098
12:12:35   Save checkpoint to model_epoch_16.pth
12:12:35   >>>>>>>>>>>>>>>>>>>>>>>>>>>>>>
12:12:35   Evaluate on valid
12:12:40   mr: 126.571
12:12:40   mrr: 0.0864285
12:12:40   hits@1: 0.0363486
12:12:40   hits@3: 0.0799289
12:12:40   hits@10: 0.17356
12:12:40   >>>>>>>>>>>>>>>>>>>>>>>>>>>>>>
12:12:40   Epoch 16 begin
12:12:43   >>>>>>>>>>>>>>>>>>>>>>>>>>>>>>
12:12:43   binary cross entropy: 0.435555
12:12:49   >>>>>>>>>>>>>>>>>>>>>>>>>>>>>>
12:12:49   binary cross entropy: 0.420725
12:12:55   >>>>>>>>>>>>>>>>>>>>>>>>>>>>>>
12:12:55   binary cross entropy: 0.405036
12:13:01   >>>>>>>>>>>>>>>>>>>>>>>>>>>>>>
12:13:01   binary cross entropy: 0.552446
12:13:07   >>>>>>>>>>>>>>>>>>>>>>>>>>>>>>
12:13:07   binary cross entropy: 0.438562
12:13:13   >>>>>>>>>>>>>>>>>>>>>>>>>>>>>>
12:13:13   binary cross entropy: 0.461372
12:13:19   >>>>>>>>>>>>>>>>>>>>>>>>>>>>>>
12:13:19   binary cross entropy: 0.368756
12:13:25   >>>>>>>>>>>>>>>>>>>>>>>>>>>>>>
12:13:25   binary cross entropy: 0.463119
12:13:31   >>>>>>>>>>>>>>>>>>>>>>>>>>>>>>
12:13:31   binary cross entropy: 0.453867
12:13:37   >>>>>>>>>>>>>>>>>>>>>>>>>>>>>>
12:13:37   binary cross entropy: 0.392284
12:13:43   >>>>>>>>>>>>>>>>>>>>>>>>>>>>>>
12:13:43   binary cross entropy: 0.495165
12:13:49   >>>>>>>>>>>>>>>>>>>>>>>>>>>>>>
12:13:49   binary cross entropy: 0.472584
12:13:55   >>>>>>>>>>>>>>>>>>>>>>>>>>>>>>
12:13:55   binary cross entropy: 0.500278
12:14:01   >>>>>>>>>>>>>>>>>>>>>>>>>>>>>>
12:14:01   binary cross entropy: 0.479259
12:14:07   >>>>>>>>>>>>>>>>>>>>>>>>>>>>>>
12:14:07   binary cross entropy: 0.415319
12:14:13   >>>>>>>>>>>>>>>>>>>>>>>>>>>>>>
12:14:13   binary cross entropy: 0.432201
12:14:19   >>>>>>>>>>>>>>>>>>>>>>>>>>>>>>
12:14:19   binary cross entropy: 0.431988
12:14:25   >>>>>>>>>>>>>>>>>>>>>>>>>>>>>>
12:14:25   binary cross entropy: 0.508277
12:14:31   >>>>>>>>>>>>>>>>>>>>>>>>>>>>>>
12:14:31   binary cross entropy: 0.432987
12:14:37   >>>>>>>>>>>>>>>>>>>>>>>>>>>>>>
12:14:37   binary cross entropy: 0.495225
12:14:38   >>>>>>>>>>>>>>>>>>>>>>>>>>>>>>
12:14:38   Epoch 16 end
12:14:38   ------------------------------
12:14:38   average binary cross entropy: 0.447359
12:14:38   >>>>>>>>>>>>>>>>>>>>>>>>>>>>>>
12:14:38   Epoch 17 begin
12:14:43   >>>>>>>>>>>>>>>>>>>>>>>>>>>>>>
12:14:43   binary cross entropy: 0.410748
12:14:49   >>>>>>>>>>>>>>>>>>>>>>>>>>>>>>
12:14:49   binary cross entropy: 0.454886
12:14:55   >>>>>>>>>>>>>>>>>>>>>>>>>>>>>>
12:14:55   binary cross entropy: 0.46084
12:15:01   >>>>>>>>>>>>>>>>>>>>>>>>>>>>>>
12:15:01   binary cross entropy: 0.44919
12:15:07   >>>>>>>>>>>>>>>>>>>>>>>>>>>>>>
12:15:07   binary cross entropy: 0.464792
12:15:13   >>>>>>>>>>>>>>>>>>>>>>>>>>>>>>
12:15:13   binary cross entropy: 0.397769
12:15:19   >>>>>>>>>>>>>>>>>>>>>>>>>>>>>>
12:15:19   binary cross entropy: 0.440316
12:15:25   >>>>>>>>>>>>>>>>>>>>>>>>>>>>>>
12:15:25   binary cross entropy: 0.424469
12:15:30   >>>>>>>>>>>>>>>>>>>>>>>>>>>>>>
12:15:31   binary cross entropy: 0.412328
12:15:36   >>>>>>>>>>>>>>>>>>>>>>>>>>>>>>
12:15:37   binary cross entropy: 0.499753
12:15:42   >>>>>>>>>>>>>>>>>>>>>>>>>>>>>>
12:15:42   binary cross entropy: 0.427912
12:15:48   >>>>>>>>>>>>>>>>>>>>>>>>>>>>>>
12:15:48   binary cross entropy: 0.393598
12:15:54   >>>>>>>>>>>>>>>>>>>>>>>>>>>>>>
12:15:54   binary cross entropy: 0.432231
12:16:00   >>>>>>>>>>>>>>>>>>>>>>>>>>>>>>
12:16:00   binary cross entropy: 0.472132
12:16:06   >>>>>>>>>>>>>>>>>>>>>>>>>>>>>>
12:16:06   binary cross entropy: 0.483584
12:16:12   >>>>>>>>>>>>>>>>>>>>>>>>>>>>>>
12:16:12   binary cross entropy: 0.521343
12:16:18   >>>>>>>>>>>>>>>>>>>>>>>>>>>>>>
12:16:18   binary cross entropy: 0.565742
12:16:24   >>>>>>>>>>>>>>>>>>>>>>>>>>>>>>
12:16:24   binary cross entropy: 0.430131
12:16:30   >>>>>>>>>>>>>>>>>>>>>>>>>>>>>>
12:16:30   binary cross entropy: 0.442387
12:16:36   >>>>>>>>>>>>>>>>>>>>>>>>>>>>>>
12:16:36   binary cross entropy: 0.404488
12:16:36   >>>>>>>>>>>>>>>>>>>>>>>>>>>>>>
12:16:36   Epoch 17 end
12:16:36   ------------------------------
12:16:36   average binary cross entropy: 0.446835
12:16:36   Save checkpoint to model_epoch_18.pth
12:16:36   >>>>>>>>>>>>>>>>>>>>>>>>>>>>>>
12:16:36   Evaluate on valid
12:16:42   mr: 127.226
12:16:42   mrr: 0.0872978
12:16:42   hits@1: 0.0382517
12:16:42   hits@3: 0.0791043
12:16:42   hits@10: 0.177112
12:16:42   >>>>>>>>>>>>>>>>>>>>>>>>>>>>>>
12:16:42   Epoch 18 begin
12:16:48   >>>>>>>>>>>>>>>>>>>>>>>>>>>>>>
12:16:48   binary cross entropy: 0.447695
12:16:54   >>>>>>>>>>>>>>>>>>>>>>>>>>>>>>
12:16:54   binary cross entropy: 0.555929
12:17:00   >>>>>>>>>>>>>>>>>>>>>>>>>>>>>>
12:17:00   binary cross entropy: 0.462462
12:17:06   >>>>>>>>>>>>>>>>>>>>>>>>>>>>>>
12:17:06   binary cross entropy: 0.500047
12:17:12   >>>>>>>>>>>>>>>>>>>>>>>>>>>>>>
12:17:12   binary cross entropy: 0.414987
12:17:18   >>>>>>>>>>>>>>>>>>>>>>>>>>>>>>
12:17:18   binary cross entropy: 0.510665
12:17:24   >>>>>>>>>>>>>>>>>>>>>>>>>>>>>>
12:17:24   binary cross entropy: 0.463161
12:17:30   >>>>>>>>>>>>>>>>>>>>>>>>>>>>>>
12:17:30   binary cross entropy: 0.512034
12:17:36   >>>>>>>>>>>>>>>>>>>>>>>>>>>>>>
12:17:36   binary cross entropy: 0.458148
12:17:42   >>>>>>>>>>>>>>>>>>>>>>>>>>>>>>
12:17:42   binary cross entropy: 0.372792
12:17:48   >>>>>>>>>>>>>>>>>>>>>>>>>>>>>>
12:17:48   binary cross entropy: 0.475987
12:17:54   >>>>>>>>>>>>>>>>>>>>>>>>>>>>>>
12:17:54   binary cross entropy: 0.423976
12:18:00   >>>>>>>>>>>>>>>>>>>>>>>>>>>>>>
12:18:00   binary cross entropy: 0.4213
12:18:06   >>>>>>>>>>>>>>>>>>>>>>>>>>>>>>
12:18:06   binary cross entropy: 0.493363
12:18:12   >>>>>>>>>>>>>>>>>>>>>>>>>>>>>>
12:18:12   binary cross entropy: 0.438181
12:18:18   >>>>>>>>>>>>>>>>>>>>>>>>>>>>>>
12:18:18   binary cross entropy: 0.452759
12:18:24   >>>>>>>>>>>>>>>>>>>>>>>>>>>>>>
12:18:24   binary cross entropy: 0.395448
12:18:30   >>>>>>>>>>>>>>>>>>>>>>>>>>>>>>
12:18:30   binary cross entropy: 0.416248
12:18:36   >>>>>>>>>>>>>>>>>>>>>>>>>>>>>>
12:18:36   binary cross entropy: 0.435917
12:18:41   >>>>>>>>>>>>>>>>>>>>>>>>>>>>>>
12:18:41   Epoch 18 end
12:18:41   ------------------------------
12:18:41   average binary cross entropy: 0.445072
12:18:41   >>>>>>>>>>>>>>>>>>>>>>>>>>>>>>
12:18:41   Epoch 19 begin
12:18:42   >>>>>>>>>>>>>>>>>>>>>>>>>>>>>>
12:18:42   binary cross entropy: 0.375877
12:18:48   >>>>>>>>>>>>>>>>>>>>>>>>>>>>>>
12:18:48   binary cross entropy: 0.440162
12:18:54   >>>>>>>>>>>>>>>>>>>>>>>>>>>>>>
12:18:54   binary cross entropy: 0.519231
12:19:00   >>>>>>>>>>>>>>>>>>>>>>>>>>>>>>
12:19:00   binary cross entropy: 0.520158
12:19:06   >>>>>>>>>>>>>>>>>>>>>>>>>>>>>>
12:19:06   binary cross entropy: 0.424628
12:19:12   >>>>>>>>>>>>>>>>>>>>>>>>>>>>>>
12:19:12   binary cross entropy: 0.418327
12:19:18   >>>>>>>>>>>>>>>>>>>>>>>>>>>>>>
12:19:18   binary cross entropy: 0.406392
12:19:24   >>>>>>>>>>>>>>>>>>>>>>>>>>>>>>
12:19:24   binary cross entropy: 0.486208
12:19:30   >>>>>>>>>>>>>>>>>>>>>>>>>>>>>>
12:19:30   binary cross entropy: 0.436276
12:19:36   >>>>>>>>>>>>>>>>>>>>>>>>>>>>>>
12:19:36   binary cross entropy: 0.453868
12:19:42   >>>>>>>>>>>>>>>>>>>>>>>>>>>>>>
12:19:42   binary cross entropy: 0.441256
12:19:48   >>>>>>>>>>>>>>>>>>>>>>>>>>>>>>
12:19:48   binary cross entropy: 0.45175
12:19:54   >>>>>>>>>>>>>>>>>>>>>>>>>>>>>>
12:19:54   binary cross entropy: 0.405319
12:20:00   >>>>>>>>>>>>>>>>>>>>>>>>>>>>>>
12:20:00   binary cross entropy: 0.447183
12:20:06   >>>>>>>>>>>>>>>>>>>>>>>>>>>>>>
12:20:06   binary cross entropy: 0.446871
12:20:12   >>>>>>>>>>>>>>>>>>>>>>>>>>>>>>
12:20:12   binary cross entropy: 0.394507
12:20:18   >>>>>>>>>>>>>>>>>>>>>>>>>>>>>>
12:20:18   binary cross entropy: 0.455819
12:20:24   >>>>>>>>>>>>>>>>>>>>>>>>>>>>>>
12:20:24   binary cross entropy: 0.491698
12:20:30   >>>>>>>>>>>>>>>>>>>>>>>>>>>>>>
12:20:30   binary cross entropy: 0.379734
12:20:36   >>>>>>>>>>>>>>>>>>>>>>>>>>>>>>
12:20:36   binary cross entropy: 0.412452
12:20:39   >>>>>>>>>>>>>>>>>>>>>>>>>>>>>>
12:20:39   Epoch 19 end
12:20:39   ------------------------------
12:20:39   average binary cross entropy: 0.443303
12:20:39   Save checkpoint to model_epoch_20.pth
12:20:39   >>>>>>>>>>>>>>>>>>>>>>>>>>>>>>
12:20:39   Evaluate on valid
12:20:45   mr: 124.041
12:20:45   mrr: 0.086402
12:20:45   hits@1: 0.0373002
12:20:45   hits@3: 0.0778356
12:20:45   hits@10: 0.174829
12:20:45   Load checkpoint from model_epoch_14.pth
12:20:45   >>>>>>>>>>>>>>>>>>>>>>>>>>>>>>
12:20:45   Evaluate on valid
12:20:50   mr: 127.854
12:20:50   mrr: 0.089422
12:20:50   hits@1: 0.0382517
12:20:50   hits@3: 0.0855113
12:20:50   hits@10: 0.178698
12:20:50   >>>>>>>>>>>>>>>>>>>>>>>>>>>>>>
12:20:50   Evaluate on test
12:20:57   mr: 152.824
12:20:57   mrr: 0.0889909
12:20:57   hits@1: 0.0415393
12:20:57   hits@3: 0.0834182
12:20:57   hits@10: 0.172156
