/itet-stor/trachsele/net_scratch/conda/lib/python3.12/site-packages/conda/base/context.py:982: FutureWarning: Adding 'defaults' to the channel list implicitly is deprecated and will be removed in 25.3. 

To remove this warning, please choose a default channel explicitly via 'conda config --add channels <name>', e.g. 'conda config --add channels defaults'.
  deprecated.topic(
11:57:39   Random seed: 1024
11:57:39   Config file: config/recommender/first_steps.yaml
11:57:39   {'checkpoint': None,
 'dataset': {'class': 'Yelp18',
             'root': '/itet-stor/trachsele/net_scratch/tl4rec/model_outputs/data'},
 'model': {'class': 'Ultra',
           'embedding_item': {'hidden_dims': [32, 32], 'input_dim': 18},
           'embedding_user': {'hidden_dims': [32, 32], 'input_dim': 24},
           'entity_model': {'aggregate_func': 'sum',
                            'class': 'EntityNBFNet',
                            'hidden_dims': [32, 32, 32, 32, 32],
                            'input_dim': 32,
                            'layer_norm': True,
                            'message_func': 'distmult',
                            'short_cut': True},
           'relation_model': {'aggregate_func': 'sum',
                              'class': 'RelNBFNet',
                              'hidden_dims': [8, 8],
                              'input_dim': 8,
                              'layer_norm': True,
                              'message_func': 'distmult',
                              'short_cut': True},
           'simple_model': {'aggregate_func': 'sum',
                            'class': 'SimpleNBFNet',
                            'hidden_dims': [40, 40, 40, 40],
                            'input_dim': 40,
                            'layer_norm': True,
                            'message_func': 'distmult',
                            'short_cut': True}},
 'optimizer': {'class': 'AdamW', 'lr': 0.005},
 'output_dir': '/itet-stor/trachsele/net_scratch/tl4rec/model_outputs/logs',
 'task': {'adversarial_temperature': 0,
          'metric': ['mr', 'mrr', 'hits@1', 'hits@3', 'hits@10'],
          'name': 'TransductiveInference',
          'num_negative': 1,
          'strict_negative': True},
 'train': {'batch_per_epoch': 48829,
           'batch_size': 64,
           'gpus': [0],
           'log_interval': 100,
           'num_epoch': 10}}
wandb: Using wandb-core as the SDK backend. Please refer to https://wandb.me/wandb-core for more information.
wandb: Currently logged in as: pitri (pitri-eth-z-rich). Use `wandb login --relogin` to force relogin
wandb: Tracking run with wandb version 0.18.5
wandb: Run data is saved locally in /usr/itetnas04/data-scratch-01/trachsele/data/tl4rec/model_outputs/logs/Ultra/Yelp18/2024-11-25-11-57-39/wandb/run-20241125_115740-68gwuhum
wandb: Run `wandb offline` to turn off syncing.
wandb: Syncing run run-Yelp18-2024-11-25_11-57
wandb: ⭐️ View project at https://wandb.ai/pitri-eth-z-rich/tl4rec
wandb: 🚀 View run at https://wandb.ai/pitri-eth-z-rich/tl4rec/runs/68gwuhum
11:57:40   Yelp18 dataset
11:57:40   #train: 1097007, #valid: 140252, #test: 324147
11:57:41   ------------------------------
11:57:41   Number of parameters: 4461824
11:57:41   >>>>>>>>>>>>>>>>>>>>>>>>>>>>>>
11:57:41   Epoch 0 begin
11:57:41   >>>>>>>>>>>>>>>>>>>>>>>>>>>>>>
11:57:41   Mean positive scores: 7.143324182834476e-06
11:57:41   Mean negative scores: -3.483888235678023e-07
11:57:41   BPR loss: 0.6931434273719788
11:57:41   Note: NumExpr detected 32 cores but "NUMEXPR_MAX_THREADS" not set, so enforcing safe limit of 8.
11:57:41   NumExpr defaulting to 8 threads.
11:57:46   >>>>>>>>>>>>>>>>>>>>>>>>>>>>>>
11:57:46   Mean positive scores: 0.9635251760482788
11:57:46   Mean negative scores: -0.013238638639450073
11:57:46   BPR loss: 0.39978212118148804
11:57:51   >>>>>>>>>>>>>>>>>>>>>>>>>>>>>>
11:57:51   Mean positive scores: 1.765956163406372
11:57:51   Mean negative scores: 0.03746065869927406
11:57:51   BPR loss: 0.27429625391960144
11:57:55   >>>>>>>>>>>>>>>>>>>>>>>>>>>>>>
11:57:55   Mean positive scores: 1.9888159036636353
11:57:55   Mean negative scores: 0.12136664241552353
11:57:55   BPR loss: 0.28129327297210693
11:58:00   >>>>>>>>>>>>>>>>>>>>>>>>>>>>>>
11:58:00   Mean positive scores: 1.9648211002349854
11:58:00   Mean negative scores: 0.028568189591169357
11:58:00   BPR loss: 0.2840254306793213
11:58:04   >>>>>>>>>>>>>>>>>>>>>>>>>>>>>>
11:58:04   Mean positive scores: 2.956756591796875
11:58:04   Mean negative scores: -0.09692521393299103
11:58:04   BPR loss: 0.23030968010425568
11:58:09   >>>>>>>>>>>>>>>>>>>>>>>>>>>>>>
11:58:09   Mean positive scores: 2.5641396045684814
11:58:09   Mean negative scores: -0.175918847322464
11:58:09   BPR loss: 0.21835047006607056
11:58:13   >>>>>>>>>>>>>>>>>>>>>>>>>>>>>>
11:58:13   Mean positive scores: 2.974522590637207
11:58:13   Mean negative scores: 0.4346364140510559
11:58:13   BPR loss: 0.3091813921928406
11:58:18   >>>>>>>>>>>>>>>>>>>>>>>>>>>>>>
11:58:18   Mean positive scores: 2.819061279296875
11:58:18   Mean negative scores: 0.15136316418647766
11:58:18   BPR loss: 0.23393277823925018
11:58:22   >>>>>>>>>>>>>>>>>>>>>>>>>>>>>>
11:58:22   Mean positive scores: 3.291504144668579
11:58:22   Mean negative scores: -0.07166366279125214
11:58:22   BPR loss: 0.16597437858581543
11:58:27   >>>>>>>>>>>>>>>>>>>>>>>>>>>>>>
11:58:27   Mean positive scores: 3.775756597518921
11:58:27   Mean negative scores: -0.04023422300815582
11:58:27   BPR loss: 0.11054353415966034
11:58:31   >>>>>>>>>>>>>>>>>>>>>>>>>>>>>>
11:58:31   Mean positive scores: 3.4261677265167236
11:58:31   Mean negative scores: 0.25201138854026794
11:58:31   BPR loss: 0.23983874917030334
11:58:36   >>>>>>>>>>>>>>>>>>>>>>>>>>>>>>
11:58:36   Mean positive scores: 3.7249557971954346
11:58:36   Mean negative scores: -0.05748370289802551
11:58:36   BPR loss: 0.11496099084615707
11:58:40   >>>>>>>>>>>>>>>>>>>>>>>>>>>>>>
11:58:40   Mean positive scores: 3.850872278213501
11:58:40   Mean negative scores: 0.08862414956092834
11:58:40   BPR loss: 0.1770622730255127
11:58:45   >>>>>>>>>>>>>>>>>>>>>>>>>>>>>>
11:58:45   Mean positive scores: 3.7227067947387695
11:58:45   Mean negative scores: 0.42352402210235596
11:58:45   BPR loss: 0.27084922790527344
11:58:49   >>>>>>>>>>>>>>>>>>>>>>>>>>>>>>
11:58:49   Mean positive scores: 3.5531232357025146
11:58:49   Mean negative scores: 0.3083733916282654
11:58:49   BPR loss: 0.23658433556556702
11:58:54   >>>>>>>>>>>>>>>>>>>>>>>>>>>>>>
11:58:54   Mean positive scores: 3.590280055999756
11:58:54   Mean negative scores: 0.15755730867385864
11:58:54   BPR loss: 0.24193377792835236
11:58:58   >>>>>>>>>>>>>>>>>>>>>>>>>>>>>>
11:58:58   Mean positive scores: 4.4705610275268555
11:58:58   Mean negative scores: -0.12331867218017578
11:58:58   BPR loss: 0.12424135953187943
11:59:03   >>>>>>>>>>>>>>>>>>>>>>>>>>>>>>
11:59:03   Mean positive scores: 3.632854461669922
11:59:03   Mean negative scores: 0.24132050573825836
11:59:03   BPR loss: 0.20615702867507935
11:59:08   >>>>>>>>>>>>>>>>>>>>>>>>>>>>>>
11:59:08   Mean positive scores: 3.909571647644043
11:59:08   Mean negative scores: -0.002175852656364441
11:59:08   BPR loss: 0.12003655731678009
11:59:12   >>>>>>>>>>>>>>>>>>>>>>>>>>>>>>
11:59:12   Mean positive scores: 4.678534984588623
11:59:12   Mean negative scores: -0.19667065143585205
11:59:12   BPR loss: 0.0886794850230217
11:59:17   >>>>>>>>>>>>>>>>>>>>>>>>>>>>>>
11:59:17   Mean positive scores: 4.604096412658691
11:59:17   Mean negative scores: 0.18767359852790833
11:59:17   BPR loss: 0.12916253507137299
11:59:21   >>>>>>>>>>>>>>>>>>>>>>>>>>>>>>
11:59:21   Mean positive scores: 5.004605770111084
11:59:21   Mean negative scores: 0.5854793190956116
11:59:21   BPR loss: 0.2467043101787567
11:59:26   >>>>>>>>>>>>>>>>>>>>>>>>>>>>>>
11:59:26   Mean positive scores: 3.642096519470215
11:59:26   Mean negative scores: -0.04649294912815094
11:59:26   BPR loss: 0.2773747444152832
11:59:30   >>>>>>>>>>>>>>>>>>>>>>>>>>>>>>
11:59:30   Mean positive scores: 4.092461585998535
11:59:30   Mean negative scores: -0.087071493268013
11:59:30   BPR loss: 0.16496968269348145
11:59:35   >>>>>>>>>>>>>>>>>>>>>>>>>>>>>>
11:59:35   Mean positive scores: 5.136111736297607
11:59:35   Mean negative scores: -0.27747565507888794
11:59:35   BPR loss: 0.09582455456256866
11:59:39   >>>>>>>>>>>>>>>>>>>>>>>>>>>>>>
11:59:39   Mean positive scores: 3.9403035640716553
11:59:39   Mean negative scores: -0.11910419911146164
11:59:39   BPR loss: 0.17453442513942719
11:59:44   >>>>>>>>>>>>>>>>>>>>>>>>>>>>>>
11:59:44   Mean positive scores: 4.075504779815674
11:59:44   Mean negative scores: 0.44044557213783264
11:59:44   BPR loss: 0.19710278511047363
11:59:48   >>>>>>>>>>>>>>>>>>>>>>>>>>>>>>
11:59:49   Mean positive scores: 4.825824737548828
11:59:49   Mean negative scores: -0.09625183790922165
11:59:49   BPR loss: 0.13793502748012543
11:59:53   >>>>>>>>>>>>>>>>>>>>>>>>>>>>>>
11:59:53   Mean positive scores: 3.916761875152588
11:59:53   Mean negative scores: 0.24877747893333435
11:59:53   BPR loss: 0.19175538420677185
11:59:58   >>>>>>>>>>>>>>>>>>>>>>>>>>>>>>
11:59:58   Mean positive scores: 4.878819942474365
11:59:58   Mean negative scores: 0.473347544670105
11:59:58   BPR loss: 0.22027692198753357
12:00:02   >>>>>>>>>>>>>>>>>>>>>>>>>>>>>>
12:00:02   Mean positive scores: 4.214734077453613
12:00:02   Mean negative scores: -0.1853032112121582
12:00:02   BPR loss: 0.1681724190711975
12:00:07   >>>>>>>>>>>>>>>>>>>>>>>>>>>>>>
12:00:07   Mean positive scores: 4.366650581359863
12:00:07   Mean negative scores: 0.14821620285511017
12:00:07   BPR loss: 0.1617787480354309
12:00:11   >>>>>>>>>>>>>>>>>>>>>>>>>>>>>>
12:00:11   Mean positive scores: 4.182984352111816
12:00:11   Mean negative scores: 0.11890284717082977
12:00:11   BPR loss: 0.24749809503555298
12:00:16   >>>>>>>>>>>>>>>>>>>>>>>>>>>>>>
12:00:16   Mean positive scores: 4.839935302734375
12:00:16   Mean negative scores: -0.1365494579076767
12:00:16   BPR loss: 0.15805307030677795
12:00:20   >>>>>>>>>>>>>>>>>>>>>>>>>>>>>>
12:00:20   Mean positive scores: 4.369021415710449
12:00:20   Mean negative scores: 0.022301502525806427
12:00:20   BPR loss: 0.2068159282207489
12:00:25   >>>>>>>>>>>>>>>>>>>>>>>>>>>>>>
12:00:25   Mean positive scores: 4.102031230926514
12:00:25   Mean negative scores: 0.10038325935602188
12:00:25   BPR loss: 0.2057476043701172
12:00:30   >>>>>>>>>>>>>>>>>>>>>>>>>>>>>>
12:00:30   Mean positive scores: 4.776613235473633
12:00:30   Mean negative scores: 0.0456618070602417
12:00:30   BPR loss: 0.19263917207717896
12:00:34   >>>>>>>>>>>>>>>>>>>>>>>>>>>>>>
12:00:34   Mean positive scores: 5.086526393890381
12:00:34   Mean negative scores: -0.1126914769411087
12:00:34   BPR loss: 0.1694096028804779
12:00:39   >>>>>>>>>>>>>>>>>>>>>>>>>>>>>>
12:00:39   Mean positive scores: 5.399219036102295
12:00:39   Mean negative scores: 0.5538980960845947
12:00:39   BPR loss: 0.10699336230754852
12:00:43   >>>>>>>>>>>>>>>>>>>>>>>>>>>>>>
12:00:43   Mean positive scores: 4.651704788208008
12:00:43   Mean negative scores: 0.0712532103061676
12:00:43   BPR loss: 0.19249340891838074
12:00:48   >>>>>>>>>>>>>>>>>>>>>>>>>>>>>>
12:00:48   Mean positive scores: 5.069662094116211
12:00:48   Mean negative scores: 0.04713256284594536
12:00:48   BPR loss: 0.271547794342041
12:00:53   >>>>>>>>>>>>>>>>>>>>>>>>>>>>>>
12:00:53   Mean positive scores: 4.560479164123535
12:00:53   Mean negative scores: 0.09476470947265625
12:00:53   BPR loss: 0.16943052411079407
12:00:57   >>>>>>>>>>>>>>>>>>>>>>>>>>>>>>
12:00:57   Mean positive scores: 4.513045310974121
12:00:57   Mean negative scores: 0.13999584317207336
12:00:57   BPR loss: 0.11596877872943878
12:01:02   >>>>>>>>>>>>>>>>>>>>>>>>>>>>>>
12:01:02   Mean positive scores: 5.021404266357422
12:01:02   Mean negative scores: -0.03576231747865677
12:01:02   BPR loss: 0.18430474400520325
12:01:06   >>>>>>>>>>>>>>>>>>>>>>>>>>>>>>
12:01:06   Mean positive scores: 4.086454391479492
12:01:06   Mean negative scores: 0.10319659113883972
12:01:06   BPR loss: 0.2439630776643753
12:01:11   >>>>>>>>>>>>>>>>>>>>>>>>>>>>>>
12:01:11   Mean positive scores: 5.297785758972168
12:01:11   Mean negative scores: -0.4715319871902466
12:01:11   BPR loss: 0.0697300136089325
12:01:16   >>>>>>>>>>>>>>>>>>>>>>>>>>>>>>
12:01:16   Mean positive scores: 5.227292060852051
12:01:16   Mean negative scores: -0.011373050510883331
12:01:16   BPR loss: 0.134649395942688
12:01:20   >>>>>>>>>>>>>>>>>>>>>>>>>>>>>>
12:01:20   Mean positive scores: 4.395987510681152
12:01:20   Mean negative scores: 0.7493090629577637
12:01:20   BPR loss: 0.3237806260585785
12:01:25   >>>>>>>>>>>>>>>>>>>>>>>>>>>>>>
12:01:25   Mean positive scores: 4.9275221824646
12:01:25   Mean negative scores: -0.06407149881124496
12:01:25   BPR loss: 0.18133389949798584
12:01:29   >>>>>>>>>>>>>>>>>>>>>>>>>>>>>>
12:01:29   Mean positive scores: 4.895200729370117
12:01:29   Mean negative scores: 0.4244486093521118
12:01:29   BPR loss: 0.561241626739502
12:01:34   >>>>>>>>>>>>>>>>>>>>>>>>>>>>>>
12:01:34   Mean positive scores: 5.013925075531006
12:01:34   Mean negative scores: 0.20281602442264557
12:01:34   BPR loss: 0.12242212891578674
12:01:39   >>>>>>>>>>>>>>>>>>>>>>>>>>>>>>
12:01:39   Mean positive scores: 5.521111965179443
12:01:39   Mean negative scores: 0.0893581211566925
12:01:39   BPR loss: 0.1912698596715927
12:01:43   >>>>>>>>>>>>>>>>>>>>>>>>>>>>>>
12:01:43   Mean positive scores: 4.772744178771973
12:01:43   Mean negative scores: 0.4995518922805786
12:01:43   BPR loss: 0.19265510141849518
12:01:48   >>>>>>>>>>>>>>>>>>>>>>>>>>>>>>
12:01:48   Mean positive scores: 4.981620788574219
12:01:48   Mean negative scores: 0.38528579473495483
12:01:48   BPR loss: 0.2500104308128357
12:01:52   >>>>>>>>>>>>>>>>>>>>>>>>>>>>>>
12:01:52   Mean positive scores: 4.4424543380737305
12:01:52   Mean negative scores: 0.7349335551261902
12:01:52   BPR loss: 0.37174054980278015
12:01:57   >>>>>>>>>>>>>>>>>>>>>>>>>>>>>>
12:01:57   Mean positive scores: 5.019350528717041
12:01:57   Mean negative scores: 0.4462890923023224
12:01:57   BPR loss: 0.21484911441802979
12:02:02   >>>>>>>>>>>>>>>>>>>>>>>>>>>>>>
12:02:02   Mean positive scores: 4.485623359680176
12:02:02   Mean negative scores: 0.3916550278663635
12:02:02   BPR loss: 0.18897727131843567
12:02:06   >>>>>>>>>>>>>>>>>>>>>>>>>>>>>>
12:02:06   Mean positive scores: 5.025966644287109
12:02:06   Mean negative scores: -0.032265931367874146
12:02:06   BPR loss: 0.11261045932769775
12:02:11   >>>>>>>>>>>>>>>>>>>>>>>>>>>>>>
12:02:11   Mean positive scores: 5.143308639526367
12:02:11   Mean negative scores: -0.012638017535209656
12:02:11   BPR loss: 0.11875156313180923
12:02:15   >>>>>>>>>>>>>>>>>>>>>>>>>>>>>>
12:02:15   Mean positive scores: 5.470911026000977
12:02:15   Mean negative scores: 0.010741882026195526
12:02:15   BPR loss: 0.24197565019130707
12:02:20   >>>>>>>>>>>>>>>>>>>>>>>>>>>>>>
12:02:20   Mean positive scores: 5.013832092285156
12:02:20   Mean negative scores: 0.024809136986732483
12:02:20   BPR loss: 0.08737996220588684
12:02:25   >>>>>>>>>>>>>>>>>>>>>>>>>>>>>>
12:02:25   Mean positive scores: 5.32138204574585
12:02:25   Mean negative scores: 0.4580150246620178
12:02:25   BPR loss: 0.32819482684135437
12:02:29   >>>>>>>>>>>>>>>>>>>>>>>>>>>>>>
12:02:29   Mean positive scores: 4.749350547790527
12:02:29   Mean negative scores: -0.5564635992050171
12:02:29   BPR loss: 0.07510371506214142
12:02:34   >>>>>>>>>>>>>>>>>>>>>>>>>>>>>>
12:02:34   Mean positive scores: 5.150245189666748
12:02:34   Mean negative scores: 0.1300186961889267
12:02:34   BPR loss: 0.1403544396162033
12:02:38   >>>>>>>>>>>>>>>>>>>>>>>>>>>>>>
12:02:38   Mean positive scores: 5.683813095092773
12:02:38   Mean negative scores: 0.21413356065750122
12:02:38   BPR loss: 0.19229534268379211
12:02:43   >>>>>>>>>>>>>>>>>>>>>>>>>>>>>>
12:02:43   Mean positive scores: 5.290554046630859
12:02:43   Mean negative scores: 0.12904535233974457
12:02:43   BPR loss: 0.15048620104789734
12:02:48   >>>>>>>>>>>>>>>>>>>>>>>>>>>>>>
12:02:48   Mean positive scores: 5.725067138671875
12:02:48   Mean negative scores: 0.47330182790756226
12:02:48   BPR loss: 0.1672523319721222
12:02:52   >>>>>>>>>>>>>>>>>>>>>>>>>>>>>>
12:02:52   Mean positive scores: 4.701694488525391
12:02:52   Mean negative scores: 0.040119439363479614
12:02:52   BPR loss: 0.1460176706314087
12:02:57   >>>>>>>>>>>>>>>>>>>>>>>>>>>>>>
12:02:57   Mean positive scores: 5.174232482910156
12:02:57   Mean negative scores: 0.6838135123252869
12:02:57   BPR loss: 0.23516947031021118
12:03:01   >>>>>>>>>>>>>>>>>>>>>>>>>>>>>>
12:03:02   Mean positive scores: 4.543315887451172
12:03:02   Mean negative scores: -0.07299485802650452
12:03:02   BPR loss: 0.14181777834892273
12:03:06   >>>>>>>>>>>>>>>>>>>>>>>>>>>>>>
12:03:06   Mean positive scores: 5.73045539855957
12:03:06   Mean negative scores: 0.166534885764122
12:03:06   BPR loss: 0.19051030278205872
12:03:11   >>>>>>>>>>>>>>>>>>>>>>>>>>>>>>
12:03:11   Mean positive scores: 5.330286026000977
12:03:11   Mean negative scores: 0.2693706452846527
12:03:11   BPR loss: 0.13996756076812744
12:03:15   >>>>>>>>>>>>>>>>>>>>>>>>>>>>>>
12:03:15   Mean positive scores: 4.739335060119629
12:03:15   Mean negative scores: 0.08318845927715302
12:03:15   BPR loss: 0.08378246426582336
12:03:20   >>>>>>>>>>>>>>>>>>>>>>>>>>>>>>
12:03:20   Mean positive scores: 4.935003280639648
12:03:20   Mean negative scores: 0.29389092326164246
12:03:20   BPR loss: 0.24261882901191711
12:03:25   >>>>>>>>>>>>>>>>>>>>>>>>>>>>>>
12:03:25   Mean positive scores: 4.855963706970215
12:03:25   Mean negative scores: 0.3547903597354889
12:03:25   BPR loss: 0.16017524898052216
12:03:29   >>>>>>>>>>>>>>>>>>>>>>>>>>>>>>
12:03:29   Mean positive scores: 5.4788432121276855
12:03:29   Mean negative scores: 0.0858677551150322
12:03:29   BPR loss: 0.1014387458562851
12:03:34   >>>>>>>>>>>>>>>>>>>>>>>>>>>>>>
12:03:34   Mean positive scores: 4.576267719268799
12:03:34   Mean negative scores: 0.10368905961513519
12:03:34   BPR loss: 0.23369726538658142
12:03:39   >>>>>>>>>>>>>>>>>>>>>>>>>>>>>>
12:03:39   Mean positive scores: 4.346367359161377
12:03:39   Mean negative scores: 0.3956795930862427
12:03:39   BPR loss: 0.2332305610179901
12:03:43   >>>>>>>>>>>>>>>>>>>>>>>>>>>>>>
12:03:43   Mean positive scores: 5.537103652954102
12:03:43   Mean negative scores: 0.48838868737220764
12:03:43   BPR loss: 0.16804823279380798
12:03:48   >>>>>>>>>>>>>>>>>>>>>>>>>>>>>>
12:03:48   Mean positive scores: 5.293019771575928
12:03:48   Mean negative scores: 0.3724774718284607
12:03:48   BPR loss: 0.2319403886795044
12:03:52   >>>>>>>>>>>>>>>>>>>>>>>>>>>>>>
12:03:52   Mean positive scores: 5.023520469665527
12:03:52   Mean negative scores: 0.23742637038230896
12:03:52   BPR loss: 0.19229239225387573
12:03:57   >>>>>>>>>>>>>>>>>>>>>>>>>>>>>>
12:03:57   Mean positive scores: 4.984468460083008
12:03:57   Mean negative scores: 0.11239102482795715
12:03:57   BPR loss: 0.2731091380119324
12:04:02   >>>>>>>>>>>>>>>>>>>>>>>>>>>>>>
12:04:02   Mean positive scores: 5.221548080444336
12:04:02   Mean negative scores: 0.1825207769870758
12:04:02   BPR loss: 0.18810820579528809
12:04:06   >>>>>>>>>>>>>>>>>>>>>>>>>>>>>>
12:04:06   Mean positive scores: 5.824416637420654
12:04:06   Mean negative scores: 0.537599503993988
12:04:06   BPR loss: 0.19913236796855927
12:04:11   >>>>>>>>>>>>>>>>>>>>>>>>>>>>>>
12:04:11   Mean positive scores: 5.13718318939209
12:04:11   Mean negative scores: 0.3217832148075104
12:04:11   BPR loss: 0.0670449435710907
12:04:15   >>>>>>>>>>>>>>>>>>>>>>>>>>>>>>
12:04:16   Mean positive scores: 5.130704402923584
12:04:16   Mean negative scores: 0.10193760693073273
12:04:16   BPR loss: 0.059304628521203995
12:04:20   >>>>>>>>>>>>>>>>>>>>>>>>>>>>>>
12:04:20   Mean positive scores: 4.5385541915893555
12:04:20   Mean negative scores: 0.5078043341636658
12:04:20   BPR loss: 0.26050901412963867
12:04:25   >>>>>>>>>>>>>>>>>>>>>>>>>>>>>>
12:04:25   Mean positive scores: 4.942508220672607
12:04:25   Mean negative scores: 0.44278764724731445
12:04:25   BPR loss: 0.24076373875141144
12:04:29   >>>>>>>>>>>>>>>>>>>>>>>>>>>>>>
12:04:29   Mean positive scores: 6.162169933319092
12:04:29   Mean negative scores: 0.18619759380817413
12:04:29   BPR loss: 0.14839982986450195
12:04:34   >>>>>>>>>>>>>>>>>>>>>>>>>>>>>>
12:04:34   Mean positive scores: 5.387953281402588
12:04:34   Mean negative scores: 0.45394784212112427
12:04:34   BPR loss: 0.16160856187343597
12:04:38   >>>>>>>>>>>>>>>>>>>>>>>>>>>>>>
12:04:38   Mean positive scores: 4.893596649169922
12:04:38   Mean negative scores: 0.1147899180650711
12:04:38   BPR loss: 0.20082345604896545
12:04:43   >>>>>>>>>>>>>>>>>>>>>>>>>>>>>>
12:04:43   Mean positive scores: 5.56098747253418
12:04:43   Mean negative scores: -0.20936408638954163
12:04:43   BPR loss: 0.08016664534807205
12:04:48   >>>>>>>>>>>>>>>>>>>>>>>>>>>>>>
12:04:48   Mean positive scores: 5.621530055999756
12:04:48   Mean negative scores: -0.07049500942230225
12:04:48   BPR loss: 0.11574441194534302
12:04:52   >>>>>>>>>>>>>>>>>>>>>>>>>>>>>>
12:04:52   Mean positive scores: 5.320561408996582
12:04:52   Mean negative scores: 0.17563693225383759
12:04:52   BPR loss: 0.1493896245956421
12:04:57   >>>>>>>>>>>>>>>>>>>>>>>>>>>>>>
12:04:57   Mean positive scores: 6.074398040771484
12:04:57   Mean negative scores: -0.0677013099193573
12:04:57   BPR loss: 0.08869848400354385
12:05:01   >>>>>>>>>>>>>>>>>>>>>>>>>>>>>>
12:05:01   Mean positive scores: 5.659435272216797
12:05:01   Mean negative scores: 0.27093082666397095
12:05:01   BPR loss: 0.17311963438987732
12:05:06   >>>>>>>>>>>>>>>>>>>>>>>>>>>>>>
12:05:06   Mean positive scores: 5.838274002075195
12:05:06   Mean negative scores: 0.17881904542446136
12:05:06   BPR loss: 0.08565910160541534
12:05:11   >>>>>>>>>>>>>>>>>>>>>>>>>>>>>>
12:05:11   Mean positive scores: 5.313833236694336
12:05:11   Mean negative scores: 0.1828976273536682
12:05:11   BPR loss: 0.15062804520130157
12:05:15   >>>>>>>>>>>>>>>>>>>>>>>>>>>>>>
12:05:15   Mean positive scores: 4.912114143371582
12:05:15   Mean negative scores: 0.7968650460243225
12:05:15   BPR loss: 0.3236920237541199
12:05:20   >>>>>>>>>>>>>>>>>>>>>>>>>>>>>>
12:05:20   Mean positive scores: 5.2618255615234375
12:05:20   Mean negative scores: 0.2889549732208252
12:05:20   BPR loss: 0.12613075971603394
12:05:24   >>>>>>>>>>>>>>>>>>>>>>>>>>>>>>
12:05:24   Mean positive scores: 4.945832252502441
12:05:24   Mean negative scores: 0.2904092073440552
12:05:24   BPR loss: 0.13457246124744415
12:05:29   >>>>>>>>>>>>>>>>>>>>>>>>>>>>>>
12:05:29   Mean positive scores: 5.121340751647949
12:05:29   Mean negative scores: 0.31640714406967163
12:05:29   BPR loss: 0.23978203535079956
12:05:34   >>>>>>>>>>>>>>>>>>>>>>>>>>>>>>
12:05:34   Mean positive scores: 5.141670227050781
12:05:34   Mean negative scores: 0.2791621685028076
12:05:34   BPR loss: 0.1977342814207077
12:05:38   >>>>>>>>>>>>>>>>>>>>>>>>>>>>>>
12:05:38   Mean positive scores: 5.134127140045166
12:05:38   Mean negative scores: 0.09060367941856384
12:05:38   BPR loss: 0.06996139138936996
12:05:43   >>>>>>>>>>>>>>>>>>>>>>>>>>>>>>
12:05:43   Mean positive scores: 5.680990219116211
12:05:43   Mean negative scores: 0.26429319381713867
12:05:43   BPR loss: 0.07883648574352264
12:05:47   >>>>>>>>>>>>>>>>>>>>>>>>>>>>>>
12:05:47   Mean positive scores: 6.340497970581055
12:05:47   Mean negative scores: 0.03229771926999092
12:05:47   BPR loss: 0.11365267634391785
12:05:52   >>>>>>>>>>>>>>>>>>>>>>>>>>>>>>
12:05:52   Mean positive scores: 5.972999572753906
12:05:52   Mean negative scores: 0.4557446241378784
12:05:52   BPR loss: 0.127879798412323
12:05:57   >>>>>>>>>>>>>>>>>>>>>>>>>>>>>>
12:05:57   Mean positive scores: 5.2791547775268555
12:05:57   Mean negative scores: 0.2330162525177002
12:05:57   BPR loss: 0.1662617176771164
12:06:01   >>>>>>>>>>>>>>>>>>>>>>>>>>>>>>
12:06:01   Mean positive scores: 5.655184745788574
12:06:01   Mean negative scores: 0.4335542321205139
12:06:01   BPR loss: 0.19184526801109314
12:06:06   >>>>>>>>>>>>>>>>>>>>>>>>>>>>>>
12:06:06   Mean positive scores: 5.62000036239624
12:06:06   Mean negative scores: 0.35608190298080444
12:06:06   BPR loss: 0.08255010843276978
12:06:10   >>>>>>>>>>>>>>>>>>>>>>>>>>>>>>
12:06:10   Mean positive scores: 6.231054306030273
12:06:10   Mean negative scores: 0.29629257321357727
12:06:10   BPR loss: 0.1613968312740326
12:06:15   >>>>>>>>>>>>>>>>>>>>>>>>>>>>>>
12:06:15   Mean positive scores: 5.7669358253479
12:06:15   Mean negative scores: 0.18888671696186066
12:06:15   BPR loss: 0.13759072124958038
12:06:20   >>>>>>>>>>>>>>>>>>>>>>>>>>>>>>
12:06:20   Mean positive scores: 5.670331954956055
12:06:20   Mean negative scores: 0.3915611803531647
12:06:20   BPR loss: 0.14782726764678955
12:06:24   >>>>>>>>>>>>>>>>>>>>>>>>>>>>>>
12:06:24   Mean positive scores: 6.543416976928711
12:06:24   Mean negative scores: 0.7562670707702637
12:06:24   BPR loss: 0.18075990676879883
12:06:29   >>>>>>>>>>>>>>>>>>>>>>>>>>>>>>
12:06:29   Mean positive scores: 5.70842981338501
12:06:29   Mean negative scores: 0.38408344984054565
12:06:29   BPR loss: 0.1281353384256363
12:06:33   >>>>>>>>>>>>>>>>>>>>>>>>>>>>>>
12:06:33   Mean positive scores: 5.647078990936279
12:06:33   Mean negative scores: 0.11474099010229111
12:06:33   BPR loss: 0.10665139555931091
12:06:38   >>>>>>>>>>>>>>>>>>>>>>>>>>>>>>
12:06:38   Mean positive scores: 5.842945098876953
12:06:38   Mean negative scores: -0.09884864091873169
12:06:38   BPR loss: 0.06195835769176483
12:06:43   >>>>>>>>>>>>>>>>>>>>>>>>>>>>>>
12:06:43   Mean positive scores: 5.204679012298584
12:06:43   Mean negative scores: 0.23729294538497925
12:06:43   BPR loss: 0.09968751668930054
12:06:47   >>>>>>>>>>>>>>>>>>>>>>>>>>>>>>
12:06:47   Mean positive scores: 6.199848175048828
12:06:47   Mean negative scores: 0.6942508816719055
12:06:47   BPR loss: 0.2044525444507599
12:06:52   >>>>>>>>>>>>>>>>>>>>>>>>>>>>>>
12:06:52   Mean positive scores: 5.538321495056152
12:06:52   Mean negative scores: 0.23597575724124908
12:06:52   BPR loss: 0.12098121643066406
12:06:56   >>>>>>>>>>>>>>>>>>>>>>>>>>>>>>
12:06:56   Mean positive scores: 5.296141624450684
12:06:56   Mean negative scores: 0.4311593174934387
12:06:56   BPR loss: 0.14824867248535156
12:07:01   >>>>>>>>>>>>>>>>>>>>>>>>>>>>>>
12:07:01   Mean positive scores: 4.676052093505859
12:07:01   Mean negative scores: 0.39457350969314575
12:07:01   BPR loss: 0.3052167594432831
12:07:06   >>>>>>>>>>>>>>>>>>>>>>>>>>>>>>
12:07:06   Mean positive scores: 5.766446113586426
12:07:06   Mean negative scores: 0.26320862770080566
12:07:06   BPR loss: 0.1637590080499649
12:07:10   >>>>>>>>>>>>>>>>>>>>>>>>>>>>>>
12:07:10   Mean positive scores: 5.601561069488525
12:07:10   Mean negative scores: 0.4638879895210266
12:07:10   BPR loss: 0.1500401496887207
12:07:15   >>>>>>>>>>>>>>>>>>>>>>>>>>>>>>
12:07:15   Mean positive scores: 5.710810661315918
12:07:15   Mean negative scores: 0.2896963953971863
12:07:15   BPR loss: 0.1411685347557068
12:07:19   >>>>>>>>>>>>>>>>>>>>>>>>>>>>>>
12:07:19   Mean positive scores: 5.279743194580078
12:07:19   Mean negative scores: 0.3750797510147095
12:07:19   BPR loss: 0.18989993631839752
12:07:24   >>>>>>>>>>>>>>>>>>>>>>>>>>>>>>
12:07:24   Mean positive scores: 5.230714797973633
12:07:24   Mean negative scores: 0.03623078018426895
12:07:24   BPR loss: 0.1321117877960205
12:07:28   >>>>>>>>>>>>>>>>>>>>>>>>>>>>>>
12:07:29   Mean positive scores: 5.564845085144043
12:07:29   Mean negative scores: 0.19961220026016235
12:07:29   BPR loss: 0.09917064011096954
12:07:33   >>>>>>>>>>>>>>>>>>>>>>>>>>>>>>
12:07:33   Mean positive scores: 5.193641662597656
12:07:33   Mean negative scores: -0.08497263491153717
12:07:33   BPR loss: 0.13387708365917206
12:07:38   >>>>>>>>>>>>>>>>>>>>>>>>>>>>>>
12:07:38   Mean positive scores: 5.450339317321777
12:07:38   Mean negative scores: 0.14804787933826447
12:07:38   BPR loss: 0.09493550658226013
12:07:42   >>>>>>>>>>>>>>>>>>>>>>>>>>>>>>
12:07:42   Mean positive scores: 5.617935657501221
12:07:42   Mean negative scores: 0.16400060057640076
12:07:42   BPR loss: 0.18375501036643982
12:07:47   >>>>>>>>>>>>>>>>>>>>>>>>>>>>>>
12:07:47   Mean positive scores: 5.532100200653076
12:07:47   Mean negative scores: 0.582598090171814
12:07:47   BPR loss: 0.22719494998455048
12:07:51   >>>>>>>>>>>>>>>>>>>>>>>>>>>>>>
12:07:51   Mean positive scores: 5.836523056030273
12:07:51   Mean negative scores: 0.12795448303222656
12:07:51   BPR loss: 0.10734277218580246
12:07:56   >>>>>>>>>>>>>>>>>>>>>>>>>>>>>>
12:07:56   Mean positive scores: 5.44246768951416
12:07:56   Mean negative scores: -0.10034603625535965
12:07:56   BPR loss: 0.052765123546123505
12:08:01   >>>>>>>>>>>>>>>>>>>>>>>>>>>>>>
12:08:01   Mean positive scores: 5.857832908630371
12:08:01   Mean negative scores: 0.0004161447286605835
12:08:01   BPR loss: 0.07111693173646927
12:08:05   >>>>>>>>>>>>>>>>>>>>>>>>>>>>>>
12:08:05   Mean positive scores: 5.877882957458496
12:08:05   Mean negative scores: 0.3541712760925293
12:08:05   BPR loss: 0.09015808254480362
12:08:10   >>>>>>>>>>>>>>>>>>>>>>>>>>>>>>
12:08:10   Mean positive scores: 5.29962682723999
12:08:10   Mean negative scores: 0.9367715716362
12:08:10   BPR loss: 0.2237948477268219
12:08:15   >>>>>>>>>>>>>>>>>>>>>>>>>>>>>>
12:08:15   Mean positive scores: 4.70564603805542
12:08:15   Mean negative scores: 0.5874761343002319
12:08:15   BPR loss: 0.3629933297634125
12:08:19   >>>>>>>>>>>>>>>>>>>>>>>>>>>>>>
12:08:19   Mean positive scores: 6.637303352355957
12:08:19   Mean negative scores: 0.22900256514549255
12:08:19   BPR loss: 0.12418407201766968
12:08:24   >>>>>>>>>>>>>>>>>>>>>>>>>>>>>>
12:08:24   Mean positive scores: 5.605465412139893
12:08:24   Mean negative scores: 0.48547953367233276
12:08:24   BPR loss: 0.22508202493190765
12:08:28   >>>>>>>>>>>>>>>>>>>>>>>>>>>>>>
12:08:28   Mean positive scores: 5.7932844161987305
12:08:28   Mean negative scores: 0.4360853135585785
12:08:28   BPR loss: 0.08659660816192627
12:08:33   >>>>>>>>>>>>>>>>>>>>>>>>>>>>>>
12:08:33   Mean positive scores: 5.490102291107178
12:08:33   Mean negative scores: 0.25874534249305725
12:08:33   BPR loss: 0.15758660435676575
12:08:38   >>>>>>>>>>>>>>>>>>>>>>>>>>>>>>
12:08:38   Mean positive scores: 5.799440383911133
12:08:38   Mean negative scores: 0.24308793246746063
12:08:38   BPR loss: 0.10859093815088272
12:08:42   >>>>>>>>>>>>>>>>>>>>>>>>>>>>>>
12:08:42   Mean positive scores: 5.782255172729492
12:08:42   Mean negative scores: 0.2046986222267151
12:08:42   BPR loss: 0.1475335657596588
12:08:47   >>>>>>>>>>>>>>>>>>>>>>>>>>>>>>
12:08:47   Mean positive scores: 5.722893238067627
12:08:47   Mean negative scores: 0.6654819250106812
12:08:47   BPR loss: 0.11658668518066406
12:08:52   >>>>>>>>>>>>>>>>>>>>>>>>>>>>>>
12:08:52   Mean positive scores: 5.549066543579102
12:08:52   Mean negative scores: 0.23110178112983704
12:08:52   BPR loss: 0.2310972809791565
12:08:56   >>>>>>>>>>>>>>>>>>>>>>>>>>>>>>
12:08:56   Mean positive scores: 5.163867950439453
12:08:56   Mean negative scores: 0.042278580367565155
12:08:56   BPR loss: 0.07760217785835266
12:09:01   >>>>>>>>>>>>>>>>>>>>>>>>>>>>>>
12:09:01   Mean positive scores: 5.504355430603027
12:09:01   Mean negative scores: -0.15713566541671753
12:09:01   BPR loss: 0.06483867019414902
12:09:05   >>>>>>>>>>>>>>>>>>>>>>>>>>>>>>
12:09:05   Mean positive scores: 5.547768592834473
12:09:05   Mean negative scores: 0.42456212639808655
12:09:05   BPR loss: 0.07734993100166321
12:09:10   >>>>>>>>>>>>>>>>>>>>>>>>>>>>>>
12:09:10   Mean positive scores: 6.1995391845703125
12:09:10   Mean negative scores: 0.14193660020828247
12:09:10   BPR loss: 0.17699500918388367
12:09:15   >>>>>>>>>>>>>>>>>>>>>>>>>>>>>>
12:09:15   Mean positive scores: 5.21174430847168
12:09:15   Mean negative scores: 0.26158028841018677
12:09:15   BPR loss: 0.11437033116817474
12:09:19   >>>>>>>>>>>>>>>>>>>>>>>>>>>>>>
12:09:19   Mean positive scores: 5.470830917358398
12:09:19   Mean negative scores: 0.5128222703933716
12:09:19   BPR loss: 0.20397254824638367
12:09:24   >>>>>>>>>>>>>>>>>>>>>>>>>>>>>>
12:09:24   Mean positive scores: 4.883929252624512
12:09:24   Mean negative scores: 0.3432081937789917
12:09:24   BPR loss: 0.13947273790836334
12:09:28   >>>>>>>>>>>>>>>>>>>>>>>>>>>>>>
12:09:28   Mean positive scores: 5.76939582824707
12:09:28   Mean negative scores: 0.2687053978443146
12:09:28   BPR loss: 0.14378570020198822
12:09:33   >>>>>>>>>>>>>>>>>>>>>>>>>>>>>>
12:09:33   Mean positive scores: 5.368433952331543
12:09:33   Mean negative scores: 0.2753310799598694
12:09:33   BPR loss: 0.13864535093307495
12:09:37   >>>>>>>>>>>>>>>>>>>>>>>>>>>>>>
12:09:37   Mean positive scores: 5.8055925369262695
12:09:37   Mean negative scores: 0.9222389459609985
12:09:37   BPR loss: 0.23494461178779602
12:09:42   >>>>>>>>>>>>>>>>>>>>>>>>>>>>>>
12:09:42   Mean positive scores: 5.4973063468933105
12:09:42   Mean negative scores: 0.172098308801651
12:09:42   BPR loss: 0.17809125781059265
12:09:47   >>>>>>>>>>>>>>>>>>>>>>>>>>>>>>
12:09:47   Mean positive scores: 6.148578643798828
12:09:47   Mean negative scores: 0.2571314871311188
12:09:47   BPR loss: 0.06865783780813217
12:09:51   >>>>>>>>>>>>>>>>>>>>>>>>>>>>>>
12:09:51   Mean positive scores: 5.942792892456055
12:09:51   Mean negative scores: 0.7414387464523315
12:09:51   BPR loss: 0.38862407207489014
12:09:56   >>>>>>>>>>>>>>>>>>>>>>>>>>>>>>
12:09:56   Mean positive scores: 4.798914909362793
12:09:56   Mean negative scores: 0.08709117770195007
12:09:56   BPR loss: 0.06659740209579468
12:10:00   >>>>>>>>>>>>>>>>>>>>>>>>>>>>>>
12:10:00   Mean positive scores: 5.729612350463867
12:10:00   Mean negative scores: 0.2285102754831314
12:10:00   BPR loss: 0.19507169723510742
12:10:05   >>>>>>>>>>>>>>>>>>>>>>>>>>>>>>
12:10:05   Mean positive scores: 5.8218207359313965
12:10:05   Mean negative scores: -0.01031176745891571
12:10:05   BPR loss: 0.09652315825223923
12:10:10   >>>>>>>>>>>>>>>>>>>>>>>>>>>>>>
12:10:10   Mean positive scores: 5.859536647796631
12:10:10   Mean negative scores: 0.23897531628608704
12:10:10   BPR loss: 0.16605202853679657
12:10:14   >>>>>>>>>>>>>>>>>>>>>>>>>>>>>>
12:10:14   Mean positive scores: 6.565874099731445
12:10:14   Mean negative scores: 0.3262379765510559
12:10:14   BPR loss: 0.12990418076515198
12:10:19   >>>>>>>>>>>>>>>>>>>>>>>>>>>>>>
12:10:19   Mean positive scores: 6.010819911956787
12:10:19   Mean negative scores: -0.27679556608200073
12:10:19   BPR loss: 0.11338388919830322
12:10:23   >>>>>>>>>>>>>>>>>>>>>>>>>>>>>>
12:10:23   Mean positive scores: 5.936924934387207
12:10:23   Mean negative scores: 0.8915861248970032
12:10:23   BPR loss: 0.272553414106369
12:10:28   >>>>>>>>>>>>>>>>>>>>>>>>>>>>>>
12:10:28   Mean positive scores: 5.220688819885254
12:10:28   Mean negative scores: 0.4566699266433716
12:10:28   BPR loss: 0.14041326940059662
12:10:33   >>>>>>>>>>>>>>>>>>>>>>>>>>>>>>
12:10:33   Mean positive scores: 5.866150856018066
12:10:33   Mean negative scores: 0.12448414415121078
12:10:33   BPR loss: 0.0915837213397026
12:10:37   >>>>>>>>>>>>>>>>>>>>>>>>>>>>>>
12:10:37   Mean positive scores: 6.321910858154297
12:10:37   Mean negative scores: 0.1145642101764679
12:10:37   BPR loss: 0.15129917860031128
12:10:42   >>>>>>>>>>>>>>>>>>>>>>>>>>>>>>
12:10:42   Mean positive scores: 6.359683036804199
12:10:42   Mean negative scores: 0.27488136291503906
12:10:42   BPR loss: 0.07644601166248322
12:10:46   >>>>>>>>>>>>>>>>>>>>>>>>>>>>>>
12:10:47   Mean positive scores: 6.498491287231445
12:10:47   Mean negative scores: -0.10734693706035614
12:10:47   BPR loss: 0.08643880486488342
12:10:48   >>>>>>>>>>>>>>>>>>>>>>>>>>>>>>
12:10:48   Epoch 0 end
12:10:48   ------------------------------
12:10:48   average bpr: 0.179198
12:10:48   Save checkpoint to model_epoch_1.pth
12:10:49   >>>>>>>>>>>>>>>>>>>>>>>>>>>>>>
12:10:49   Evaluate on valid
12:14:01   mr: 2038.46
12:14:01   mrr: 0.0149143
12:14:01   hits@1: 0.00436357
12:14:01   hits@3: 0.0113225
12:14:01   hits@10: 0.0289194
12:14:01   NDCG@20: 0.09195061028003693
12:14:01   >>>>>>>>>>>>>>>>>>>>>>>>>>>>>>
12:14:01   Epoch 1 begin
12:14:04   >>>>>>>>>>>>>>>>>>>>>>>>>>>>>>
12:14:04   Mean positive scores: 5.424386501312256
12:14:04   Mean negative scores: 0.034917354583740234
12:14:04   BPR loss: 0.13844984769821167
12:14:08   >>>>>>>>>>>>>>>>>>>>>>>>>>>>>>
12:14:08   Mean positive scores: 6.593611240386963
12:14:08   Mean negative scores: 0.5839838981628418
12:14:08   BPR loss: 0.1677994728088379
12:14:13   >>>>>>>>>>>>>>>>>>>>>>>>>>>>>>
12:14:13   Mean positive scores: 6.082858085632324
12:14:13   Mean negative scores: 0.4702281951904297
12:14:13   BPR loss: 0.08541780710220337
12:14:18   >>>>>>>>>>>>>>>>>>>>>>>>>>>>>>
12:14:18   Mean positive scores: 5.553215026855469
12:14:18   Mean negative scores: 0.2962396442890167
12:14:18   BPR loss: 0.1342092752456665
12:14:22   >>>>>>>>>>>>>>>>>>>>>>>>>>>>>>
12:14:22   Mean positive scores: 5.059039115905762
12:14:22   Mean negative scores: 0.33312469720840454
12:14:22   BPR loss: 0.14651265740394592
12:14:27   >>>>>>>>>>>>>>>>>>>>>>>>>>>>>>
12:14:27   Mean positive scores: 6.3516130447387695
12:14:27   Mean negative scores: 0.4486142098903656
12:14:27   BPR loss: 0.13432972133159637
12:14:31   >>>>>>>>>>>>>>>>>>>>>>>>>>>>>>
12:14:31   Mean positive scores: 5.902096748352051
12:14:31   Mean negative scores: 0.42571207880973816
12:14:31   BPR loss: 0.14046835899353027
12:14:36   >>>>>>>>>>>>>>>>>>>>>>>>>>>>>>
12:14:36   Mean positive scores: 5.706018447875977
12:14:36   Mean negative scores: 0.03186589479446411
12:14:36   BPR loss: 0.12892815470695496
12:14:40   >>>>>>>>>>>>>>>>>>>>>>>>>>>>>>
12:14:41   Mean positive scores: 5.326229572296143
12:14:41   Mean negative scores: 0.5969864130020142
12:14:41   BPR loss: 0.25562727451324463
12:14:45   >>>>>>>>>>>>>>>>>>>>>>>>>>>>>>
12:14:45   Mean positive scores: 5.9415130615234375
12:14:45   Mean negative scores: 0.28665995597839355
12:14:45   BPR loss: 0.09918531775474548
12:14:50   >>>>>>>>>>>>>>>>>>>>>>>>>>>>>>
12:14:50   Mean positive scores: 5.497824192047119
12:14:50   Mean negative scores: 0.5529209971427917
12:14:50   BPR loss: 0.3005809187889099
12:14:54   >>>>>>>>>>>>>>>>>>>>>>>>>>>>>>
12:14:54   Mean positive scores: 5.196773052215576
12:14:54   Mean negative scores: 0.46821656823158264
12:14:54   BPR loss: 0.16078945994377136
12:14:59   >>>>>>>>>>>>>>>>>>>>>>>>>>>>>>
12:14:59   Mean positive scores: 6.037585258483887
12:14:59   Mean negative scores: 0.3223227262496948
12:14:59   BPR loss: 0.14192351698875427
12:15:03   >>>>>>>>>>>>>>>>>>>>>>>>>>>>>>
12:15:03   Mean positive scores: 5.607882022857666
12:15:03   Mean negative scores: 0.09963244199752808
12:15:03   BPR loss: 0.0902562290430069
12:15:08   >>>>>>>>>>>>>>>>>>>>>>>>>>>>>>
12:15:08   Mean positive scores: 5.131340026855469
12:15:08   Mean negative scores: 0.0044696033000946045
12:15:08   BPR loss: 0.13208264112472534
12:15:13   >>>>>>>>>>>>>>>>>>>>>>>>>>>>>>
12:15:13   Mean positive scores: 6.014132022857666
12:15:13   Mean negative scores: 0.6141613125801086
12:15:13   BPR loss: 0.1586368978023529
12:15:17   >>>>>>>>>>>>>>>>>>>>>>>>>>>>>>
12:15:17   Mean positive scores: 6.260279178619385
12:15:17   Mean negative scores: 0.617831289768219
12:15:17   BPR loss: 0.21387642621994019
12:15:22   >>>>>>>>>>>>>>>>>>>>>>>>>>>>>>
12:15:22   Mean positive scores: 5.881891250610352
12:15:22   Mean negative scores: 0.5022321939468384
12:15:22   BPR loss: 0.284373015165329
12:15:26   >>>>>>>>>>>>>>>>>>>>>>>>>>>>>>
12:15:27   Mean positive scores: 5.952105522155762
12:15:27   Mean negative scores: 0.25323307514190674
12:15:27   BPR loss: 0.11039577424526215
12:15:31   >>>>>>>>>>>>>>>>>>>>>>>>>>>>>>
12:15:31   Mean positive scores: 5.73498010635376
12:15:31   Mean negative scores: -0.010171771049499512
12:15:31   BPR loss: 0.09864026308059692
12:15:36   >>>>>>>>>>>>>>>>>>>>>>>>>>>>>>
12:15:36   Mean positive scores: 6.061655044555664
12:15:36   Mean negative scores: 0.43866491317749023
12:15:36   BPR loss: 0.25097233057022095
12:15:40   >>>>>>>>>>>>>>>>>>>>>>>>>>>>>>
12:15:40   Mean positive scores: 5.685016632080078
12:15:40   Mean negative scores: 0.3217180669307709
12:15:40   BPR loss: 0.18838700652122498
12:15:45   >>>>>>>>>>>>>>>>>>>>>>>>>>>>>>
12:15:45   Mean positive scores: 5.391434669494629
12:15:45   Mean negative scores: 0.35204678773880005
12:15:45   BPR loss: 0.15346965193748474
12:15:50   >>>>>>>>>>>>>>>>>>>>>>>>>>>>>>
12:15:50   Mean positive scores: 6.616402626037598
12:15:50   Mean negative scores: 0.4138711988925934
12:15:50   BPR loss: 0.12349843978881836
12:15:54   >>>>>>>>>>>>>>>>>>>>>>>>>>>>>>
12:15:54   Mean positive scores: 4.818680286407471
12:15:54   Mean negative scores: -0.030921217054128647
12:15:54   BPR loss: 0.12458133697509766
12:15:59   >>>>>>>>>>>>>>>>>>>>>>>>>>>>>>
12:15:59   Mean positive scores: 4.878727436065674
12:15:59   Mean negative scores: 0.43134474754333496
12:15:59   BPR loss: 0.3743913769721985
12:16:03   >>>>>>>>>>>>>>>>>>>>>>>>>>>>>>
12:16:03   Mean positive scores: 6.495987892150879
12:16:03   Mean negative scores: 0.5589207410812378
12:16:03   BPR loss: 0.2282499372959137
12:16:08   >>>>>>>>>>>>>>>>>>>>>>>>>>>>>>
12:16:08   Mean positive scores: 5.991666316986084
12:16:08   Mean negative scores: 0.7507109642028809
12:16:08   BPR loss: 0.28725919127464294
12:16:12   >>>>>>>>>>>>>>>>>>>>>>>>>>>>>>
12:16:13   Mean positive scores: 6.138667106628418
12:16:13   Mean negative scores: 0.31470945477485657
12:16:13   BPR loss: 0.14788517355918884
12:16:17   >>>>>>>>>>>>>>>>>>>>>>>>>>>>>>
12:16:17   Mean positive scores: 6.443025588989258
12:16:17   Mean negative scores: 0.1424967497587204
12:16:17   BPR loss: 0.15581291913986206
12:16:22   >>>>>>>>>>>>>>>>>>>>>>>>>>>>>>
12:16:22   Mean positive scores: 5.52139139175415
12:16:22   Mean negative scores: 0.302708238363266
12:16:22   BPR loss: 0.2758076786994934
12:16:26   >>>>>>>>>>>>>>>>>>>>>>>>>>>>>>
12:16:26   Mean positive scores: 5.499486923217773
12:16:26   Mean negative scores: 0.24419084191322327
12:16:26   BPR loss: 0.1690334677696228
12:16:31   >>>>>>>>>>>>>>>>>>>>>>>>>>>>>>
12:16:31   Mean positive scores: 5.743175506591797
12:16:31   Mean negative scores: 0.642160177230835
12:16:31   BPR loss: 0.27682358026504517
12:16:35   >>>>>>>>>>>>>>>>>>>>>>>>>>>>>>
12:16:35   Mean positive scores: 6.77962589263916
12:16:35   Mean negative scores: 0.3261929452419281
12:16:35   BPR loss: 0.14715315401554108
12:16:40   >>>>>>>>>>>>>>>>>>>>>>>>>>>>>>
12:16:40   Mean positive scores: 5.914426803588867
12:16:40   Mean negative scores: 0.08292228728532791
12:16:40   BPR loss: 0.09530586004257202
12:16:45   >>>>>>>>>>>>>>>>>>>>>>>>>>>>>>
12:16:45   Mean positive scores: 5.090076446533203
12:16:45   Mean negative scores: 0.5708215236663818
12:16:45   BPR loss: 0.3671685457229614
12:16:49   >>>>>>>>>>>>>>>>>>>>>>>>>>>>>>
12:16:49   Mean positive scores: 6.160144805908203
12:16:49   Mean negative scores: 0.2789492905139923
12:16:49   BPR loss: 0.08890712261199951
12:16:54   >>>>>>>>>>>>>>>>>>>>>>>>>>>>>>
12:16:54   Mean positive scores: 6.5141706466674805
12:16:54   Mean negative scores: 0.4747098684310913
12:16:54   BPR loss: 0.2023037075996399
12:16:58   >>>>>>>>>>>>>>>>>>>>>>>>>>>>>>
12:16:58   Mean positive scores: 6.205584526062012
12:16:58   Mean negative scores: -0.08028778433799744
12:16:58   BPR loss: 0.11008717864751816
12:17:03   >>>>>>>>>>>>>>>>>>>>>>>>>>>>>>
12:17:03   Mean positive scores: 6.65484619140625
12:17:03   Mean negative scores: 0.1302509307861328
12:17:03   BPR loss: 0.12602297961711884
12:17:07   >>>>>>>>>>>>>>>>>>>>>>>>>>>>>>
12:17:08   Mean positive scores: 6.012459754943848
12:17:08   Mean negative scores: 0.3827078938484192
12:17:08   BPR loss: 0.13062167167663574
12:17:12   >>>>>>>>>>>>>>>>>>>>>>>>>>>>>>
12:17:12   Mean positive scores: 5.951203346252441
12:17:12   Mean negative scores: 0.2648938000202179
12:17:12   BPR loss: 0.08165626227855682
12:17:17   >>>>>>>>>>>>>>>>>>>>>>>>>>>>>>
12:17:17   Mean positive scores: 5.66994047164917
12:17:17   Mean negative scores: 0.36673569679260254
12:17:17   BPR loss: 0.13472172617912292
12:17:21   >>>>>>>>>>>>>>>>>>>>>>>>>>>>>>
12:17:21   Mean positive scores: 6.059635639190674
12:17:21   Mean negative scores: 0.7531704902648926
12:17:21   BPR loss: 0.13696756958961487
12:17:26   >>>>>>>>>>>>>>>>>>>>>>>>>>>>>>
12:17:26   Mean positive scores: 7.1705121994018555
12:17:26   Mean negative scores: 0.12490011751651764
12:17:26   BPR loss: 0.13599172234535217
12:17:30   >>>>>>>>>>>>>>>>>>>>>>>>>>>>>>
12:17:30   Mean positive scores: 6.461263656616211
12:17:30   Mean negative scores: 0.3937436044216156
12:17:30   BPR loss: 0.15404480695724487
12:17:35   >>>>>>>>>>>>>>>>>>>>>>>>>>>>>>
12:17:35   Mean positive scores: 6.125687599182129
12:17:35   Mean negative scores: 0.4606425166130066
12:17:35   BPR loss: 0.25023773312568665
12:17:40   >>>>>>>>>>>>>>>>>>>>>>>>>>>>>>
12:17:40   Mean positive scores: 5.307330131530762
12:17:40   Mean negative scores: 0.4797971546649933
12:17:40   BPR loss: 0.18010252714157104
12:17:44   >>>>>>>>>>>>>>>>>>>>>>>>>>>>>>
12:17:44   Mean positive scores: 5.821882247924805
12:17:44   Mean negative scores: 0.4907672107219696
12:17:44   BPR loss: 0.09964387118816376
12:17:49   >>>>>>>>>>>>>>>>>>>>>>>>>>>>>>
12:17:49   Mean positive scores: 5.696693420410156
12:17:49   Mean negative scores: -0.2229694426059723
12:17:49   BPR loss: 0.11891807615756989
12:17:53   >>>>>>>>>>>>>>>>>>>>>>>>>>>>>>
12:17:53   Mean positive scores: 5.606820583343506
12:17:53   Mean negative scores: 0.18311212956905365
12:17:53   BPR loss: 0.11752806603908539
12:17:58   >>>>>>>>>>>>>>>>>>>>>>>>>>>>>>
12:17:58   Mean positive scores: 5.528231620788574
12:17:58   Mean negative scores: 0.29401350021362305
12:17:58   BPR loss: 0.13261310756206512
12:18:02   >>>>>>>>>>>>>>>>>>>>>>>>>>>>>>
12:18:03   Mean positive scores: 6.010662078857422
12:18:03   Mean negative scores: 0.4456172585487366
12:18:03   BPR loss: 0.17474812269210815
12:18:07   >>>>>>>>>>>>>>>>>>>>>>>>>>>>>>
12:18:07   Mean positive scores: 6.224164962768555
12:18:07   Mean negative scores: 0.6520102620124817
12:18:07   BPR loss: 0.16776043176651
12:18:12   >>>>>>>>>>>>>>>>>>>>>>>>>>>>>>
12:18:12   Mean positive scores: 6.005356311798096
12:18:12   Mean negative scores: -0.14221073687076569
12:18:12   BPR loss: 0.032023195177316666
12:18:16   >>>>>>>>>>>>>>>>>>>>>>>>>>>>>>
12:18:16   Mean positive scores: 6.054043292999268
12:18:16   Mean negative scores: 0.30407658219337463
12:18:16   BPR loss: 0.07652506232261658
12:18:21   >>>>>>>>>>>>>>>>>>>>>>>>>>>>>>
12:18:21   Mean positive scores: 5.93192720413208
12:18:21   Mean negative scores: -0.11743487417697906
12:18:21   BPR loss: 0.07186310738325119
12:18:26   >>>>>>>>>>>>>>>>>>>>>>>>>>>>>>
12:18:26   Mean positive scores: 5.275802135467529
12:18:26   Mean negative scores: 0.3802211284637451
12:18:26   BPR loss: 0.3155208230018616
12:18:30   >>>>>>>>>>>>>>>>>>>>>>>>>>>>>>
12:18:30   Mean positive scores: 6.201961994171143
12:18:30   Mean negative scores: 0.11594630777835846
12:18:30   BPR loss: 0.11960506439208984
12:18:35   >>>>>>>>>>>>>>>>>>>>>>>>>>>>>>
12:18:35   Mean positive scores: 6.268243312835693
12:18:35   Mean negative scores: 0.23935991525650024
12:18:35   BPR loss: 0.05501889809966087
12:18:39   >>>>>>>>>>>>>>>>>>>>>>>>>>>>>>
12:18:39   Mean positive scores: 5.938972473144531
12:18:39   Mean negative scores: 0.6409850716590881
12:18:39   BPR loss: 0.2832988500595093
12:18:44   >>>>>>>>>>>>>>>>>>>>>>>>>>>>>>
12:18:44   Mean positive scores: 6.174432277679443
12:18:44   Mean negative scores: 0.2701142132282257
12:18:44   BPR loss: 0.10235285758972168
12:18:49   >>>>>>>>>>>>>>>>>>>>>>>>>>>>>>
12:18:49   Mean positive scores: 5.393704414367676
12:18:49   Mean negative scores: -0.03718789294362068
12:18:49   BPR loss: 0.09113462269306183
12:18:53   >>>>>>>>>>>>>>>>>>>>>>>>>>>>>>
12:18:53   Mean positive scores: 6.200814723968506
12:18:53   Mean negative scores: 0.19737035036087036
12:18:53   BPR loss: 0.1561397910118103
12:18:58   >>>>>>>>>>>>>>>>>>>>>>>>>>>>>>
12:18:58   Mean positive scores: 5.710446834564209
12:18:58   Mean negative scores: 0.4592934250831604
12:18:58   BPR loss: 0.15955299139022827
12:19:02   >>>>>>>>>>>>>>>>>>>>>>>>>>>>>>
12:19:02   Mean positive scores: 5.5091094970703125
12:19:02   Mean negative scores: 0.39253294467926025
12:19:02   BPR loss: 0.04991088807582855
12:19:07   >>>>>>>>>>>>>>>>>>>>>>>>>>>>>>
12:19:07   Mean positive scores: 5.261799335479736
12:19:07   Mean negative scores: 0.25139757990837097
12:19:07   BPR loss: 0.10757256299257278
12:19:12   >>>>>>>>>>>>>>>>>>>>>>>>>>>>>>
12:19:12   Mean positive scores: 6.020211219787598
12:19:12   Mean negative scores: 0.19597002863883972
12:19:12   BPR loss: 0.13111372292041779
12:19:16   >>>>>>>>>>>>>>>>>>>>>>>>>>>>>>
12:19:16   Mean positive scores: 5.770047187805176
12:19:16   Mean negative scores: 0.6279551982879639
12:19:16   BPR loss: 0.10971438139677048
12:19:21   >>>>>>>>>>>>>>>>>>>>>>>>>>>>>>
12:19:21   Mean positive scores: 6.17918586730957
12:19:21   Mean negative scores: 0.2940710783004761
12:19:21   BPR loss: 0.11449871957302094
12:19:25   >>>>>>>>>>>>>>>>>>>>>>>>>>>>>>
12:19:25   Mean positive scores: 5.935032844543457
12:19:25   Mean negative scores: 0.16581660509109497
12:19:25   BPR loss: 0.20570354163646698
12:19:30   >>>>>>>>>>>>>>>>>>>>>>>>>>>>>>
12:19:30   Mean positive scores: 5.375164031982422
12:19:30   Mean negative scores: 0.2496209591627121
12:19:30   BPR loss: 0.1422484815120697
12:19:34   >>>>>>>>>>>>>>>>>>>>>>>>>>>>>>
12:19:35   Mean positive scores: 5.623612403869629
12:19:35   Mean negative scores: 0.648123562335968
12:19:35   BPR loss: 0.3046792149543762
12:19:39   >>>>>>>>>>>>>>>>>>>>>>>>>>>>>>
12:19:39   Mean positive scores: 5.692000865936279
12:19:39   Mean negative scores: 0.3378215730190277
12:19:39   BPR loss: 0.12264478951692581
12:19:44   >>>>>>>>>>>>>>>>>>>>>>>>>>>>>>
12:19:44   Mean positive scores: 5.905399799346924
12:19:44   Mean negative scores: 1.0667080879211426
12:19:44   BPR loss: 0.27919623255729675
12:19:48   >>>>>>>>>>>>>>>>>>>>>>>>>>>>>>
12:19:48   Mean positive scores: 4.947266578674316
12:19:48   Mean negative scores: 0.024895817041397095
12:19:48   BPR loss: 0.16983574628829956
12:19:53   >>>>>>>>>>>>>>>>>>>>>>>>>>>>>>
12:19:53   Mean positive scores: 6.0328569412231445
12:19:53   Mean negative scores: 0.2615254521369934
12:19:53   BPR loss: 0.12284962832927704
12:19:58   >>>>>>>>>>>>>>>>>>>>>>>>>>>>>>
12:19:58   Mean positive scores: 6.085906028747559
12:19:58   Mean negative scores: 0.4238281548023224
12:19:58   BPR loss: 0.1382884979248047
12:20:02   >>>>>>>>>>>>>>>>>>>>>>>>>>>>>>
12:20:02   Mean positive scores: 5.848899841308594
12:20:02   Mean negative scores: 0.03863239288330078
12:20:02   BPR loss: 0.15346607565879822
12:20:07   >>>>>>>>>>>>>>>>>>>>>>>>>>>>>>
12:20:07   Mean positive scores: 6.745575904846191
12:20:07   Mean negative scores: 0.1770954579114914
12:20:07   BPR loss: 0.037145644426345825
12:20:11   >>>>>>>>>>>>>>>>>>>>>>>>>>>>>>
12:20:11   Mean positive scores: 5.415804862976074
12:20:11   Mean negative scores: 0.17970919609069824
12:20:11   BPR loss: 0.1303538978099823
12:20:16   >>>>>>>>>>>>>>>>>>>>>>>>>>>>>>
12:20:16   Mean positive scores: 5.643179893493652
12:20:16   Mean negative scores: 0.21998845040798187
12:20:16   BPR loss: 0.1255401372909546
12:20:20   >>>>>>>>>>>>>>>>>>>>>>>>>>>>>>
12:20:20   Mean positive scores: 5.528302192687988
12:20:20   Mean negative scores: 0.217934712767601
12:20:20   BPR loss: 0.17336854338645935
12:20:25   >>>>>>>>>>>>>>>>>>>>>>>>>>>>>>
12:20:25   Mean positive scores: 5.642331123352051
12:20:25   Mean negative scores: 0.05279432237148285
12:20:25   BPR loss: 0.13251632452011108
12:20:30   >>>>>>>>>>>>>>>>>>>>>>>>>>>>>>
12:20:30   Mean positive scores: 5.615662097930908
12:20:30   Mean negative scores: 0.30404916405677795
12:20:30   BPR loss: 0.08589008450508118
12:20:34   >>>>>>>>>>>>>>>>>>>>>>>>>>>>>>
12:20:34   Mean positive scores: 5.435309410095215
12:20:34   Mean negative scores: 0.01565568894147873
12:20:34   BPR loss: 0.09559568017721176
12:20:39   >>>>>>>>>>>>>>>>>>>>>>>>>>>>>>
12:20:39   Mean positive scores: 6.3102216720581055
12:20:39   Mean negative scores: -0.12275281548500061
12:20:39   BPR loss: 0.057343825697898865
12:20:43   >>>>>>>>>>>>>>>>>>>>>>>>>>>>>>
12:20:43   Mean positive scores: 6.459273338317871
12:20:43   Mean negative scores: 0.2299557477235794
12:20:43   BPR loss: 0.16719378530979156
12:20:48   >>>>>>>>>>>>>>>>>>>>>>>>>>>>>>
12:20:48   Mean positive scores: 6.114760875701904
12:20:48   Mean negative scores: 0.4835823178291321
12:20:48   BPR loss: 0.19395262002944946
12:20:53   >>>>>>>>>>>>>>>>>>>>>>>>>>>>>>
12:20:53   Mean positive scores: 5.845873832702637
12:20:53   Mean negative scores: 0.13407546281814575
12:20:53   BPR loss: 0.04574577510356903
12:20:57   >>>>>>>>>>>>>>>>>>>>>>>>>>>>>>
12:20:57   Mean positive scores: 6.147451400756836
12:20:57   Mean negative scores: -0.21937188506126404
12:20:57   BPR loss: 0.05181913822889328
12:21:02   >>>>>>>>>>>>>>>>>>>>>>>>>>>>>>
12:21:02   Mean positive scores: 6.939558029174805
12:21:02   Mean negative scores: 0.004378456622362137
12:21:02   BPR loss: 0.1439003348350525
12:21:06   >>>>>>>>>>>>>>>>>>>>>>>>>>>>>>
12:21:06   Mean positive scores: 6.099294185638428
12:21:06   Mean negative scores: -0.19540448486804962
12:21:06   BPR loss: 0.14419186115264893
12:21:11   >>>>>>>>>>>>>>>>>>>>>>>>>>>>>>
12:21:11   Mean positive scores: 5.965149402618408
12:21:11   Mean negative scores: 0.7099049091339111
12:21:11   BPR loss: 0.16945230960845947
12:21:15   >>>>>>>>>>>>>>>>>>>>>>>>>>>>>>
12:21:15   Mean positive scores: 6.167923450469971
12:21:15   Mean negative scores: 0.2353675365447998
12:21:15   BPR loss: 0.10299350321292877
12:21:20   >>>>>>>>>>>>>>>>>>>>>>>>>>>>>>
12:21:20   Mean positive scores: 6.422942161560059
12:21:20   Mean negative scores: 0.4778936207294464
12:21:20   BPR loss: 0.1924538016319275
12:21:25   >>>>>>>>>>>>>>>>>>>>>>>>>>>>>>
12:21:25   Mean positive scores: 6.6876020431518555
12:21:25   Mean negative scores: 0.3696308135986328
12:21:25   BPR loss: 0.2852393388748169
12:21:29   >>>>>>>>>>>>>>>>>>>>>>>>>>>>>>
12:21:29   Mean positive scores: 6.0732316970825195
12:21:29   Mean negative scores: 0.1646229326725006
12:21:29   BPR loss: 0.17717671394348145
12:21:34   >>>>>>>>>>>>>>>>>>>>>>>>>>>>>>
12:21:34   Mean positive scores: 6.308220863342285
12:21:34   Mean negative scores: -0.1293506920337677
12:21:34   BPR loss: 0.17229120433330536
12:21:38   >>>>>>>>>>>>>>>>>>>>>>>>>>>>>>
12:21:38   Mean positive scores: 6.657872200012207
12:21:38   Mean negative scores: 0.1699906438589096
12:21:38   BPR loss: 0.0806073546409607
12:21:43   >>>>>>>>>>>>>>>>>>>>>>>>>>>>>>
12:21:43   Mean positive scores: 5.577858924865723
12:21:43   Mean negative scores: -0.013235628604888916
12:21:43   BPR loss: 0.10944385826587677
12:21:48   >>>>>>>>>>>>>>>>>>>>>>>>>>>>>>
12:21:48   Mean positive scores: 5.642793655395508
12:21:48   Mean negative scores: 0.3609808087348938
12:21:48   BPR loss: 0.1779969483613968
12:21:52   >>>>>>>>>>>>>>>>>>>>>>>>>>>>>>
12:21:52   Mean positive scores: 5.361081123352051
12:21:52   Mean negative scores: -0.03237598389387131
12:21:52   BPR loss: 0.14958517253398895
12:21:57   >>>>>>>>>>>>>>>>>>>>>>>>>>>>>>
12:21:57   Mean positive scores: 5.9225382804870605
12:21:57   Mean negative scores: 0.16460585594177246
12:21:57   BPR loss: 0.08147481083869934
12:22:01   >>>>>>>>>>>>>>>>>>>>>>>>>>>>>>
12:22:01   Mean positive scores: 5.843345642089844
12:22:01   Mean negative scores: 0.5731651186943054
12:22:01   BPR loss: 0.2052626609802246
12:22:06   >>>>>>>>>>>>>>>>>>>>>>>>>>>>>>
12:22:06   Mean positive scores: 5.910865783691406
12:22:06   Mean negative scores: -0.1920032501220703
12:22:06   BPR loss: 0.10339993238449097
12:22:10   >>>>>>>>>>>>>>>>>>>>>>>>>>>>>>
12:22:10   Mean positive scores: 6.3943705558776855
12:22:10   Mean negative scores: 0.07448015362024307
12:22:10   BPR loss: 0.13826559484004974
12:22:15   >>>>>>>>>>>>>>>>>>>>>>>>>>>>>>
12:22:15   Mean positive scores: 6.197605133056641
12:22:15   Mean negative scores: 0.03973585367202759
12:22:15   BPR loss: 0.08472618460655212
12:22:20   >>>>>>>>>>>>>>>>>>>>>>>>>>>>>>
12:22:20   Mean positive scores: 6.362456798553467
12:22:20   Mean negative scores: 0.43410438299179077
12:22:20   BPR loss: 0.1869543194770813
12:22:24   >>>>>>>>>>>>>>>>>>>>>>>>>>>>>>
12:22:24   Mean positive scores: 6.255651473999023
12:22:24   Mean negative scores: 0.47360289096832275
12:22:24   BPR loss: 0.15321135520935059
12:22:29   >>>>>>>>>>>>>>>>>>>>>>>>>>>>>>
12:22:29   Mean positive scores: 5.908463478088379
12:22:29   Mean negative scores: 0.380811870098114
12:22:29   BPR loss: 0.17062494158744812
