/itet-stor/trachsele/net_scratch/conda/lib/python3.12/site-packages/conda/base/context.py:982: FutureWarning: Adding 'defaults' to the channel list implicitly is deprecated and will be removed in 25.3. 

To remove this warning, please choose a default channel explicitly via 'conda config --add channels <name>', e.g. 'conda config --add channels defaults'.
  deprecated.topic(
09:59:02   Random seed: 1024
09:59:02   Config file: config/recommender/first_steps.yaml
09:59:02   {'checkpoint': None,
 'dataset': {'class': 'MovieLens100k', 'root': '~/git/ULTRA/kg-datasets/'},
 'model': {'class': 'Ultra',
           'embedding_item': {'hidden_dims': [32, 32], 'input_dim': 18},
           'embedding_user': {'hidden_dims': [32, 32], 'input_dim': 24},
           'entity_model': {'aggregate_func': 'sum',
                            'class': 'EntityNBFNet',
                            'hidden_dims': [32, 32, 32, 32, 32],
                            'input_dim': 32,
                            'layer_norm': True,
                            'message_func': 'distmult',
                            'short_cut': True},
           'relation_model': {'aggregate_func': 'sum',
                              'class': 'RelNBFNet',
                              'hidden_dims': [8, 8],
                              'input_dim': 8,
                              'layer_norm': True,
                              'message_func': 'distmult',
                              'short_cut': True},
           'simple_model': {'aggregate_func': 'sum',
                            'class': 'SimpleNBFNet',
                            'hidden_dims': [40, 40, 40, 40],
                            'input_dim': 40,
                            'layer_norm': True,
                            'message_func': 'distmult',
                            'short_cut': True}},
 'optimizer': {'class': 'AdamW', 'lr': 0.005},
 'output_dir': '~/git/ULTRA/output',
 'task': {'adversarial_temperature': 0,
          'metric': ['mr', 'mrr', 'hits@1', 'hits@3', 'hits@10'],
          'name': 'TransductiveInference',
          'num_negative': 1,
          'strict_negative': True},
 'train': {'batch_per_epoch': 48829,
           'batch_size': 64,
           'gpus': [0],
           'log_interval': 100,
           'num_epoch': 10}}
wandb: Using wandb-core as the SDK backend. Please refer to https://wandb.me/wandb-core for more information.
wandb: Currently logged in as: pitri (pitri-eth-z-rich). Use `wandb login --relogin` to force relogin
wandb: Tracking run with wandb version 0.18.5
wandb: Run data is saved locally in /home/trachsele/git/ULTRA/output/Ultra/MovieLens100k/2024-11-25-09-59-02/wandb/run-20241125_095904-beustw1r
wandb: Run `wandb offline` to turn off syncing.
wandb: Syncing run run-MovieLens100k-2024-11-25_09-59
wandb: ⭐️ View project at https://wandb.ai/pitri-eth-z-rich/tl4rec
wandb: 🚀 View run at https://wandb.ai/pitri-eth-z-rich/tl4rec/runs/beustw1r
/usr/itetnas04/data-scratch-01/trachsele/data/tl4rec/ultra/tasks.py:368: UserWarning: Sparse CSR tensor support is in beta state. If you miss a functionality in the sparse tensor support, please submit a feature request to https://github.com/pytorch/pytorch/issues. (Triggered internally at /opt/conda/conda-bld/pytorch_1695392022560/work/aten/src/ATen/SparseCsrTensorImpl.cpp:53.)
  Ahh = torch.sparse.mm(EhT, Eh).coalesce()
09:59:09   MovieLens100k dataset
09:59:09   #train: 63283, #valid: 7882, #test: 8835
09:59:09   ------------------------------
09:59:09   Number of parameters: 165952
09:59:09   >>>>>>>>>>>>>>>>>>>>>>>>>>>>>>
09:59:09   Epoch 0 begin
09:59:09   >>>>>>>>>>>>>>>>>>>>>>>>>>>>>>
09:59:09   Mean positive scores: 6.810064951423556e-05
09:59:09   Mean negative scores: 7.556265336461365e-05
09:59:09   BPR loss: 0.6931509971618652
09:59:12   Note: NumExpr detected 32 cores but "NUMEXPR_MAX_THREADS" not set, so enforcing safe limit of 8.
09:59:12   NumExpr defaulting to 8 threads.
09:59:15   >>>>>>>>>>>>>>>>>>>>>>>>>>>>>>
09:59:15   Mean positive scores: 1.234332799911499
09:59:15   Mean negative scores: 0.6726006865501404
09:59:15   BPR loss: 0.5050593018531799
09:59:15   >>>>>>>>>>>>>>>>>>>>>>>>>>>>>>
09:59:15   Mean positive scores: 1.7295488119125366
09:59:15   Mean negative scores: 0.9873993396759033
09:59:15   BPR loss: 0.5133293867111206
09:59:16   >>>>>>>>>>>>>>>>>>>>>>>>>>>>>>
09:59:16   Mean positive scores: 2.20963191986084
09:59:16   Mean negative scores: 1.124192237854004
09:59:16   BPR loss: 0.412632554769516
09:59:17   >>>>>>>>>>>>>>>>>>>>>>>>>>>>>>
09:59:17   Mean positive scores: 2.4814088344573975
09:59:17   Mean negative scores: 1.554215669631958
09:59:17   BPR loss: 0.48474228382110596
09:59:17   >>>>>>>>>>>>>>>>>>>>>>>>>>>>>>
09:59:17   Mean positive scores: 2.669445753097534
09:59:17   Mean negative scores: 1.3600893020629883
09:59:17   BPR loss: 0.39862060546875
09:59:18   >>>>>>>>>>>>>>>>>>>>>>>>>>>>>>
09:59:18   Mean positive scores: 2.6048424243927
09:59:18   Mean negative scores: 1.2888245582580566
09:59:18   BPR loss: 0.35424742102622986
09:59:18   >>>>>>>>>>>>>>>>>>>>>>>>>>>>>>
09:59:18   Mean positive scores: 2.826725482940674
09:59:18   Mean negative scores: 1.7111908197402954
09:59:18   BPR loss: 0.5891780257225037
09:59:19   >>>>>>>>>>>>>>>>>>>>>>>>>>>>>>
09:59:19   Mean positive scores: 2.826663017272949
09:59:19   Mean negative scores: 1.6943871974945068
09:59:19   BPR loss: 0.573845624923706
09:59:19   >>>>>>>>>>>>>>>>>>>>>>>>>>>>>>
09:59:19   Mean positive scores: 2.9828755855560303
09:59:19   Mean negative scores: 1.8361787796020508
09:59:19   BPR loss: 0.47385311126708984
09:59:20   >>>>>>>>>>>>>>>>>>>>>>>>>>>>>>
09:59:20   Epoch 0 end
09:59:20   ------------------------------
09:59:20   average bpr: 0.465371
09:59:20   Save checkpoint to model_epoch_1.pth
09:59:20   >>>>>>>>>>>>>>>>>>>>>>>>>>>>>>
09:59:20   Evaluate on valid
09:59:21   mr: 215.237
09:59:21   mrr: 0.0584044
09:59:21   hits@1: 0.0241056
09:59:21   hits@3: 0.0520173
09:59:21   hits@10: 0.115326
09:59:21   NDCG@20: 0.25652486085891724
09:59:21   >>>>>>>>>>>>>>>>>>>>>>>>>>>>>>
09:59:21   Epoch 1 begin
09:59:21   >>>>>>>>>>>>>>>>>>>>>>>>>>>>>>
09:59:21   Mean positive scores: 2.964677095413208
09:59:21   Mean negative scores: 1.322232961654663
09:59:21   BPR loss: 0.28589266538619995
09:59:21   >>>>>>>>>>>>>>>>>>>>>>>>>>>>>>
09:59:21   Mean positive scores: 3.0709848403930664
09:59:21   Mean negative scores: 1.3998336791992188
09:59:21   BPR loss: 0.3290333151817322
09:59:22   >>>>>>>>>>>>>>>>>>>>>>>>>>>>>>
09:59:22   Mean positive scores: 3.0612239837646484
09:59:22   Mean negative scores: 1.4040318727493286
09:59:22   BPR loss: 0.3918837010860443
09:59:22   >>>>>>>>>>>>>>>>>>>>>>>>>>>>>>
09:59:22   Mean positive scores: 2.8267242908477783
09:59:22   Mean negative scores: 1.1435153484344482
09:59:22   BPR loss: 0.33877432346343994
09:59:23   >>>>>>>>>>>>>>>>>>>>>>>>>>>>>>
09:59:23   Mean positive scores: 2.770993947982788
09:59:23   Mean negative scores: 1.8762249946594238
09:59:23   BPR loss: 0.5958884954452515
09:59:24   >>>>>>>>>>>>>>>>>>>>>>>>>>>>>>
09:59:24   Mean positive scores: 3.230715751647949
09:59:24   Mean negative scores: 1.6783931255340576
09:59:24   BPR loss: 0.4347551763057709
09:59:24   >>>>>>>>>>>>>>>>>>>>>>>>>>>>>>
09:59:24   Mean positive scores: 3.2812132835388184
09:59:24   Mean negative scores: 1.501570224761963
09:59:24   BPR loss: 0.2998220920562744
09:59:25   >>>>>>>>>>>>>>>>>>>>>>>>>>>>>>
09:59:25   Mean positive scores: 2.936614751815796
09:59:25   Mean negative scores: 1.463197946548462
09:59:25   BPR loss: 0.40094828605651855
09:59:26   >>>>>>>>>>>>>>>>>>>>>>>>>>>>>>
09:59:26   Mean positive scores: 3.0608558654785156
09:59:26   Mean negative scores: 1.4869706630706787
09:59:26   BPR loss: 0.4029431641101837
09:59:26   >>>>>>>>>>>>>>>>>>>>>>>>>>>>>>
09:59:26   Mean positive scores: 2.7683215141296387
09:59:26   Mean negative scores: 1.546708583831787
09:59:26   BPR loss: 0.5456705689430237
09:59:27   >>>>>>>>>>>>>>>>>>>>>>>>>>>>>>
09:59:27   Epoch 1 end
09:59:27   ------------------------------
09:59:27   average bpr: 0.419514
09:59:27   Save checkpoint to model_epoch_2.pth
09:59:27   >>>>>>>>>>>>>>>>>>>>>>>>>>>>>>
09:59:27   Evaluate on valid
09:59:28   mr: 194.268
09:59:28   mrr: 0.068811
09:59:28   hits@1: 0.0293073
09:59:28   hits@3: 0.0633088
09:59:28   hits@10: 0.132581
09:59:28   NDCG@20: 0.268154501914978
09:59:28   >>>>>>>>>>>>>>>>>>>>>>>>>>>>>>
09:59:28   Epoch 2 begin
09:59:28   >>>>>>>>>>>>>>>>>>>>>>>>>>>>>>
09:59:28   Mean positive scores: 3.1396450996398926
09:59:28   Mean negative scores: 1.6262903213500977
09:59:28   BPR loss: 0.4210483133792877
09:59:28   >>>>>>>>>>>>>>>>>>>>>>>>>>>>>>
09:59:28   Mean positive scores: 3.2507786750793457
09:59:28   Mean negative scores: 1.677363395690918
09:59:28   BPR loss: 0.45947104692459106
09:59:29   >>>>>>>>>>>>>>>>>>>>>>>>>>>>>>
09:59:29   Mean positive scores: 2.9752705097198486
09:59:29   Mean negative scores: 1.5736113786697388
09:59:29   BPR loss: 0.3998125195503235
09:59:30   >>>>>>>>>>>>>>>>>>>>>>>>>>>>>>
09:59:30   Mean positive scores: 2.872938632965088
09:59:30   Mean negative scores: 1.3846821784973145
09:59:30   BPR loss: 0.42392343282699585
09:59:30   >>>>>>>>>>>>>>>>>>>>>>>>>>>>>>
09:59:30   Mean positive scores: 2.9968936443328857
09:59:30   Mean negative scores: 1.5044807195663452
09:59:30   BPR loss: 0.35486018657684326
09:59:31   >>>>>>>>>>>>>>>>>>>>>>>>>>>>>>
09:59:31   Mean positive scores: 2.869274616241455
09:59:31   Mean negative scores: 1.4744904041290283
09:59:31   BPR loss: 0.4392881393432617
09:59:31   >>>>>>>>>>>>>>>>>>>>>>>>>>>>>>
09:59:31   Mean positive scores: 3.115565299987793
09:59:31   Mean negative scores: 1.4939652681350708
09:59:31   BPR loss: 0.4287387728691101
09:59:32   >>>>>>>>>>>>>>>>>>>>>>>>>>>>>>
09:59:32   Mean positive scores: 3.3557472229003906
09:59:32   Mean negative scores: 1.452742576599121
09:59:32   BPR loss: 0.3291553854942322
09:59:33   >>>>>>>>>>>>>>>>>>>>>>>>>>>>>>
09:59:33   Mean positive scores: 3.030747890472412
09:59:33   Mean negative scores: 1.7031002044677734
09:59:33   BPR loss: 0.4354984760284424
09:59:33   >>>>>>>>>>>>>>>>>>>>>>>>>>>>>>
09:59:33   Mean positive scores: 2.930739641189575
09:59:33   Mean negative scores: 1.3314439058303833
09:59:33   BPR loss: 0.442724347114563
09:59:34   >>>>>>>>>>>>>>>>>>>>>>>>>>>>>>
09:59:34   Epoch 2 end
09:59:34   ------------------------------
09:59:34   average bpr: 0.393305
09:59:34   Save checkpoint to model_epoch_3.pth
09:59:34   >>>>>>>>>>>>>>>>>>>>>>>>>>>>>>
09:59:34   Evaluate on valid
09:59:35   mr: 185.246
09:59:35   mrr: 0.0723689
09:59:35   hits@1: 0.0293073
09:59:35   hits@3: 0.069018
09:59:35   hits@10: 0.145902
09:59:35   NDCG@20: 0.2673592269420624
09:59:35   >>>>>>>>>>>>>>>>>>>>>>>>>>>>>>
09:59:35   Epoch 3 begin
09:59:35   >>>>>>>>>>>>>>>>>>>>>>>>>>>>>>
09:59:35   Mean positive scores: 3.211684226989746
09:59:35   Mean negative scores: 1.2938625812530518
09:59:35   BPR loss: 0.3429539203643799
09:59:35   >>>>>>>>>>>>>>>>>>>>>>>>>>>>>>
09:59:35   Mean positive scores: 3.5608763694763184
09:59:35   Mean negative scores: 1.6468183994293213
09:59:35   BPR loss: 0.32366225123405457
09:59:36   >>>>>>>>>>>>>>>>>>>>>>>>>>>>>>
09:59:36   Mean positive scores: 3.091295003890991
09:59:36   Mean negative scores: 1.3019843101501465
09:59:36   BPR loss: 0.44677257537841797
09:59:37   >>>>>>>>>>>>>>>>>>>>>>>>>>>>>>
09:59:37   Mean positive scores: 3.050154685974121
09:59:37   Mean negative scores: 1.3626940250396729
09:59:37   BPR loss: 0.33985966444015503
09:59:37   >>>>>>>>>>>>>>>>>>>>>>>>>>>>>>
09:59:37   Mean positive scores: 3.0562326908111572
09:59:37   Mean negative scores: 1.7197681665420532
09:59:37   BPR loss: 0.4628848433494568
09:59:38   >>>>>>>>>>>>>>>>>>>>>>>>>>>>>>
09:59:38   Mean positive scores: 3.309831142425537
09:59:38   Mean negative scores: 1.965110182762146
09:59:38   BPR loss: 0.4688033163547516
09:59:39   >>>>>>>>>>>>>>>>>>>>>>>>>>>>>>
09:59:39   Mean positive scores: 3.356274127960205
09:59:39   Mean negative scores: 1.8241885900497437
09:59:39   BPR loss: 0.43225741386413574
09:59:39   >>>>>>>>>>>>>>>>>>>>>>>>>>>>>>
09:59:39   Mean positive scores: 3.4775075912475586
09:59:39   Mean negative scores: 1.4883326292037964
09:59:39   BPR loss: 0.37375959753990173
09:59:40   >>>>>>>>>>>>>>>>>>>>>>>>>>>>>>
09:59:40   Mean positive scores: 3.235062599182129
09:59:40   Mean negative scores: 1.7056894302368164
09:59:40   BPR loss: 0.4553391635417938
09:59:40   >>>>>>>>>>>>>>>>>>>>>>>>>>>>>>
09:59:40   Mean positive scores: 3.6536879539489746
09:59:40   Mean negative scores: 1.8439984321594238
09:59:40   BPR loss: 0.33005690574645996
09:59:41   >>>>>>>>>>>>>>>>>>>>>>>>>>>>>>
09:59:41   Epoch 3 end
09:59:41   ------------------------------
09:59:41   average bpr: 0.369912
09:59:41   Save checkpoint to model_epoch_4.pth
09:59:41   >>>>>>>>>>>>>>>>>>>>>>>>>>>>>>
09:59:41   Evaluate on valid
09:59:41   mr: 180.705
09:59:41   mrr: 0.0744857
09:59:41   hits@1: 0.0303223
09:59:41   hits@3: 0.0715554
09:59:41   hits@10: 0.149074
09:59:41   NDCG@20: 0.2738352119922638
09:59:41   >>>>>>>>>>>>>>>>>>>>>>>>>>>>>>
09:59:41   Epoch 4 begin
09:59:42   >>>>>>>>>>>>>>>>>>>>>>>>>>>>>>
09:59:42   Mean positive scores: 3.6144659519195557
09:59:42   Mean negative scores: 1.4436182975769043
09:59:42   BPR loss: 0.29123902320861816
09:59:42   >>>>>>>>>>>>>>>>>>>>>>>>>>>>>>
09:59:42   Mean positive scores: 3.2056002616882324
09:59:42   Mean negative scores: 1.5965983867645264
09:59:42   BPR loss: 0.37015342712402344
09:59:43   >>>>>>>>>>>>>>>>>>>>>>>>>>>>>>
09:59:43   Mean positive scores: 3.521796941757202
09:59:43   Mean negative scores: 1.522192358970642
09:59:43   BPR loss: 0.3472807705402374
09:59:44   >>>>>>>>>>>>>>>>>>>>>>>>>>>>>>
09:59:44   Mean positive scores: 3.2008142471313477
09:59:44   Mean negative scores: 1.2347111701965332
09:59:44   BPR loss: 0.3373100161552429
09:59:44   >>>>>>>>>>>>>>>>>>>>>>>>>>>>>>
09:59:44   Mean positive scores: 3.3069214820861816
09:59:44   Mean negative scores: 1.5316239595413208
09:59:44   BPR loss: 0.32508766651153564
09:59:45   >>>>>>>>>>>>>>>>>>>>>>>>>>>>>>
09:59:45   Mean positive scores: 3.172210693359375
09:59:45   Mean negative scores: 1.5522222518920898
09:59:45   BPR loss: 0.38928115367889404
09:59:45   >>>>>>>>>>>>>>>>>>>>>>>>>>>>>>
09:59:45   Mean positive scores: 3.298027753829956
09:59:45   Mean negative scores: 1.2569799423217773
09:59:45   BPR loss: 0.3117659091949463
09:59:46   >>>>>>>>>>>>>>>>>>>>>>>>>>>>>>
09:59:46   Mean positive scores: 3.065404176712036
09:59:46   Mean negative scores: 1.2512683868408203
09:59:46   BPR loss: 0.295035183429718
09:59:47   >>>>>>>>>>>>>>>>>>>>>>>>>>>>>>
09:59:47   Mean positive scores: 3.632448434829712
09:59:47   Mean negative scores: 1.4927923679351807
09:59:47   BPR loss: 0.3185047507286072
09:59:47   >>>>>>>>>>>>>>>>>>>>>>>>>>>>>>
09:59:47   Mean positive scores: 3.608049154281616
09:59:47   Mean negative scores: 1.3502908945083618
09:59:47   BPR loss: 0.2474999725818634
09:59:47   >>>>>>>>>>>>>>>>>>>>>>>>>>>>>>
09:59:47   Epoch 4 end
09:59:47   ------------------------------
09:59:47   average bpr: 0.364706
09:59:47   Save checkpoint to model_epoch_5.pth
09:59:47   >>>>>>>>>>>>>>>>>>>>>>>>>>>>>>
09:59:47   Evaluate on valid
09:59:48   mr: 178.227
09:59:48   mrr: 0.0747584
09:59:48   hits@1: 0.031591
09:59:48   hits@3: 0.0695255
09:59:48   hits@10: 0.150469
09:59:48   NDCG@20: 0.2719757556915283
09:59:48   >>>>>>>>>>>>>>>>>>>>>>>>>>>>>>
09:59:48   Epoch 5 begin
09:59:48   >>>>>>>>>>>>>>>>>>>>>>>>>>>>>>
09:59:48   Mean positive scores: 3.4735212326049805
09:59:48   Mean negative scores: 1.4723676443099976
09:59:48   BPR loss: 0.30553293228149414
09:59:49   >>>>>>>>>>>>>>>>>>>>>>>>>>>>>>
09:59:49   Mean positive scores: 3.57723331451416
09:59:49   Mean negative scores: 1.7934643030166626
09:59:49   BPR loss: 0.4622802436351776
09:59:49   >>>>>>>>>>>>>>>>>>>>>>>>>>>>>>
09:59:49   Mean positive scores: 3.627110481262207
09:59:49   Mean negative scores: 1.4646646976470947
09:59:49   BPR loss: 0.28614240884780884
09:59:50   >>>>>>>>>>>>>>>>>>>>>>>>>>>>>>
09:59:50   Mean positive scores: 3.3710694313049316
09:59:50   Mean negative scores: 1.1827536821365356
09:59:50   BPR loss: 0.31027060747146606
09:59:51   >>>>>>>>>>>>>>>>>>>>>>>>>>>>>>
09:59:51   Mean positive scores: 3.3983592987060547
09:59:51   Mean negative scores: 1.202934980392456
09:59:51   BPR loss: 0.2734854519367218
09:59:51   >>>>>>>>>>>>>>>>>>>>>>>>>>>>>>
09:59:51   Mean positive scores: 3.5427134037017822
09:59:51   Mean negative scores: 1.6642124652862549
09:59:51   BPR loss: 0.4353151321411133
09:59:52   >>>>>>>>>>>>>>>>>>>>>>>>>>>>>>
09:59:52   Mean positive scores: 3.597762107849121
09:59:52   Mean negative scores: 1.3592063188552856
09:59:52   BPR loss: 0.33504489064216614
09:59:52   >>>>>>>>>>>>>>>>>>>>>>>>>>>>>>
09:59:52   Mean positive scores: 3.8034937381744385
09:59:52   Mean negative scores: 1.4041348695755005
09:59:52   BPR loss: 0.3282528519630432
09:59:53   >>>>>>>>>>>>>>>>>>>>>>>>>>>>>>
09:59:53   Mean positive scores: 3.406400203704834
09:59:53   Mean negative scores: 1.7606099843978882
09:59:53   BPR loss: 0.4088708758354187
09:59:54   >>>>>>>>>>>>>>>>>>>>>>>>>>>>>>
09:59:54   Mean positive scores: 3.4182636737823486
09:59:54   Mean negative scores: 1.4258848428726196
09:59:54   BPR loss: 0.44167208671569824
09:59:54   >>>>>>>>>>>>>>>>>>>>>>>>>>>>>>
09:59:54   Epoch 5 end
09:59:54   ------------------------------
09:59:54   average bpr: 0.36014
09:59:54   Save checkpoint to model_epoch_6.pth
09:59:54   >>>>>>>>>>>>>>>>>>>>>>>>>>>>>>
09:59:54   Evaluate on valid
09:59:55   mr: 175.869
09:59:55   mrr: 0.0735529
09:59:55   hits@1: 0.0301954
09:59:55   hits@3: 0.0686374
09:59:55   hits@10: 0.14641
09:59:55   NDCG@20: 0.2707928717136383
09:59:55   >>>>>>>>>>>>>>>>>>>>>>>>>>>>>>
09:59:55   Epoch 6 begin
09:59:55   >>>>>>>>>>>>>>>>>>>>>>>>>>>>>>
09:59:55   Mean positive scores: 3.182089328765869
09:59:55   Mean negative scores: 1.7136459350585938
09:59:55   BPR loss: 0.48323550820350647
09:59:56   >>>>>>>>>>>>>>>>>>>>>>>>>>>>>>
09:59:56   Mean positive scores: 3.186980724334717
09:59:56   Mean negative scores: 1.118011474609375
09:59:56   BPR loss: 0.337510883808136
09:59:56   >>>>>>>>>>>>>>>>>>>>>>>>>>>>>>
09:59:56   Mean positive scores: 3.6700642108917236
09:59:56   Mean negative scores: 1.4861260652542114
09:59:56   BPR loss: 0.3810438811779022
09:59:57   >>>>>>>>>>>>>>>>>>>>>>>>>>>>>>
09:59:57   Mean positive scores: 3.3356497287750244
09:59:57   Mean negative scores: 1.4519391059875488
09:59:57   BPR loss: 0.33426475524902344
09:59:57   >>>>>>>>>>>>>>>>>>>>>>>>>>>>>>
09:59:57   Mean positive scores: 3.6324543952941895
09:59:57   Mean negative scores: 1.6788541078567505
09:59:57   BPR loss: 0.3954886198043823
09:59:58   >>>>>>>>>>>>>>>>>>>>>>>>>>>>>>
09:59:58   Mean positive scores: 3.6186363697052
09:59:58   Mean negative scores: 1.3346059322357178
09:59:58   BPR loss: 0.3309538960456848
09:59:58   >>>>>>>>>>>>>>>>>>>>>>>>>>>>>>
09:59:58   Mean positive scores: 3.7577645778656006
09:59:58   Mean negative scores: 1.8313148021697998
09:59:58   BPR loss: 0.3825695514678955
09:59:59   >>>>>>>>>>>>>>>>>>>>>>>>>>>>>>
09:59:59   Mean positive scores: 3.489405870437622
09:59:59   Mean negative scores: 1.4327607154846191
09:59:59   BPR loss: 0.38264358043670654
10:00:00   >>>>>>>>>>>>>>>>>>>>>>>>>>>>>>
10:00:00   Mean positive scores: 3.2867181301116943
10:00:00   Mean negative scores: 1.2444407939910889
10:00:00   BPR loss: 0.38191407918930054
10:00:00   >>>>>>>>>>>>>>>>>>>>>>>>>>>>>>
10:00:00   Mean positive scores: 3.7899489402770996
10:00:00   Mean negative scores: 1.5379847288131714
10:00:00   BPR loss: 0.41167372465133667
10:00:00   >>>>>>>>>>>>>>>>>>>>>>>>>>>>>>
10:00:00   Epoch 6 end
10:00:00   ------------------------------
10:00:00   average bpr: 0.3551
10:00:00   Save checkpoint to model_epoch_7.pth
10:00:01   >>>>>>>>>>>>>>>>>>>>>>>>>>>>>>
10:00:01   Evaluate on valid
10:00:01   mr: 174.068
10:00:01   mrr: 0.0736199
10:00:01   hits@1: 0.0296879
10:00:01   hits@3: 0.0682568
10:00:01   hits@10: 0.149962
10:00:01   NDCG@20: 0.27105504274368286
10:00:01   >>>>>>>>>>>>>>>>>>>>>>>>>>>>>>
10:00:01   Epoch 7 begin
10:00:02   >>>>>>>>>>>>>>>>>>>>>>>>>>>>>>
10:00:02   Mean positive scores: 3.6670985221862793
10:00:02   Mean negative scores: 1.5375757217407227
10:00:02   BPR loss: 0.32697948813438416
10:00:02   >>>>>>>>>>>>>>>>>>>>>>>>>>>>>>
10:00:02   Mean positive scores: 3.333660125732422
10:00:02   Mean negative scores: 1.0840004682540894
10:00:02   BPR loss: 0.35384103655815125
10:00:03   >>>>>>>>>>>>>>>>>>>>>>>>>>>>>>
10:00:03   Mean positive scores: 3.6202478408813477
10:00:03   Mean negative scores: 1.2355246543884277
10:00:03   BPR loss: 0.24979795515537262
10:00:03   >>>>>>>>>>>>>>>>>>>>>>>>>>>>>>
10:00:03   Mean positive scores: 3.5145506858825684
10:00:03   Mean negative scores: 1.3488506078720093
10:00:03   BPR loss: 0.34138399362564087
10:00:04   >>>>>>>>>>>>>>>>>>>>>>>>>>>>>>
10:00:04   Mean positive scores: 3.7244725227355957
10:00:04   Mean negative scores: 1.1358706951141357
10:00:04   BPR loss: 0.27405238151550293
10:00:04   >>>>>>>>>>>>>>>>>>>>>>>>>>>>>>
10:00:04   Mean positive scores: 3.8053090572357178
10:00:04   Mean negative scores: 1.4704015254974365
10:00:04   BPR loss: 0.33085620403289795
10:00:05   >>>>>>>>>>>>>>>>>>>>>>>>>>>>>>
10:00:05   Mean positive scores: 3.379868984222412
10:00:05   Mean negative scores: 1.5522338151931763
10:00:05   BPR loss: 0.3840041160583496
10:00:06   >>>>>>>>>>>>>>>>>>>>>>>>>>>>>>
10:00:06   Mean positive scores: 3.776254177093506
10:00:06   Mean negative scores: 1.5310375690460205
10:00:06   BPR loss: 0.41503626108169556
10:00:06   >>>>>>>>>>>>>>>>>>>>>>>>>>>>>>
10:00:06   Mean positive scores: 3.677522659301758
10:00:06   Mean negative scores: 1.9031161069869995
10:00:06   BPR loss: 0.3672958016395569
10:00:07   >>>>>>>>>>>>>>>>>>>>>>>>>>>>>>
10:00:07   Mean positive scores: 3.766310691833496
10:00:07   Mean negative scores: 1.2806705236434937
10:00:07   BPR loss: 0.3248668909072876
10:00:07   >>>>>>>>>>>>>>>>>>>>>>>>>>>>>>
10:00:07   Epoch 7 end
10:00:07   ------------------------------
10:00:07   average bpr: 0.346553
10:00:07   Save checkpoint to model_epoch_8.pth
10:00:07   >>>>>>>>>>>>>>>>>>>>>>>>>>>>>>
10:00:07   Evaluate on valid
10:00:08   mr: 171.607
10:00:08   mrr: 0.073668
10:00:08   hits@1: 0.0289267
10:00:08   hits@3: 0.0676224
10:00:08   hits@10: 0.149581
10:00:08   NDCG@20: 0.26437562704086304
10:00:08   >>>>>>>>>>>>>>>>>>>>>>>>>>>>>>
10:00:08   Epoch 8 begin
10:00:08   >>>>>>>>>>>>>>>>>>>>>>>>>>>>>>
10:00:08   Mean positive scores: 3.7734215259552
10:00:08   Mean negative scores: 1.4609260559082031
10:00:08   BPR loss: 0.28540441393852234
10:00:08   >>>>>>>>>>>>>>>>>>>>>>>>>>>>>>
10:00:08   Mean positive scores: 3.7700748443603516
10:00:08   Mean negative scores: 1.4625850915908813
10:00:08   BPR loss: 0.34646284580230713
10:00:09   >>>>>>>>>>>>>>>>>>>>>>>>>>>>>>
10:00:09   Mean positive scores: 3.598102569580078
10:00:09   Mean negative scores: 1.1579954624176025
10:00:09   BPR loss: 0.2465779185295105
10:00:10   >>>>>>>>>>>>>>>>>>>>>>>>>>>>>>
10:00:10   Mean positive scores: 3.296060562133789
10:00:10   Mean negative scores: 1.2930576801300049
10:00:10   BPR loss: 0.49819648265838623
10:00:10   >>>>>>>>>>>>>>>>>>>>>>>>>>>>>>
10:00:10   Mean positive scores: 3.831611394882202
10:00:10   Mean negative scores: 1.2001521587371826
10:00:10   BPR loss: 0.25005292892456055
10:00:11   >>>>>>>>>>>>>>>>>>>>>>>>>>>>>>
10:00:11   Mean positive scores: 3.6855132579803467
10:00:11   Mean negative scores: 1.0625841617584229
10:00:11   BPR loss: 0.3141782283782959
10:00:11   >>>>>>>>>>>>>>>>>>>>>>>>>>>>>>
10:00:11   Mean positive scores: 3.5981059074401855
10:00:11   Mean negative scores: 1.5141270160675049
10:00:11   BPR loss: 0.4745723307132721
10:00:12   >>>>>>>>>>>>>>>>>>>>>>>>>>>>>>
10:00:12   Mean positive scores: 3.3502197265625
10:00:12   Mean negative scores: 1.2184157371520996
10:00:12   BPR loss: 0.32528156042099
10:00:12   >>>>>>>>>>>>>>>>>>>>>>>>>>>>>>
10:00:12   Mean positive scores: 3.831132411956787
10:00:12   Mean negative scores: 1.1241919994354248
10:00:12   BPR loss: 0.2095077484846115
10:00:13   >>>>>>>>>>>>>>>>>>>>>>>>>>>>>>
10:00:13   Mean positive scores: 3.520880937576294
10:00:13   Mean negative scores: 1.7762696743011475
10:00:13   BPR loss: 0.36775365471839905
10:00:13   >>>>>>>>>>>>>>>>>>>>>>>>>>>>>>
10:00:13   Epoch 8 end
10:00:13   ------------------------------
10:00:13   average bpr: 0.344129
10:00:13   Save checkpoint to model_epoch_9.pth
10:00:13   >>>>>>>>>>>>>>>>>>>>>>>>>>>>>>
10:00:13   Evaluate on valid
10:00:14   mr: 168.2
10:00:14   mrr: 0.0736187
10:00:14   hits@1: 0.0289267
10:00:14   hits@3: 0.0688911
10:00:14   hits@10: 0.151992
10:00:14   NDCG@20: 0.26517942547798157
10:00:14   >>>>>>>>>>>>>>>>>>>>>>>>>>>>>>
10:00:14   Epoch 9 begin
10:00:14   >>>>>>>>>>>>>>>>>>>>>>>>>>>>>>
10:00:14   Mean positive scores: 3.8758578300476074
10:00:14   Mean negative scores: 1.5851898193359375
10:00:14   BPR loss: 0.3698454797267914
10:00:15   >>>>>>>>>>>>>>>>>>>>>>>>>>>>>>
10:00:15   Mean positive scores: 3.693291664123535
10:00:15   Mean negative scores: 1.1736295223236084
10:00:15   BPR loss: 0.31360089778900146
10:00:16   >>>>>>>>>>>>>>>>>>>>>>>>>>>>>>
10:00:16   Mean positive scores: 3.5492773056030273
10:00:16   Mean negative scores: 1.1746597290039062
10:00:16   BPR loss: 0.2882998585700989
10:00:16   >>>>>>>>>>>>>>>>>>>>>>>>>>>>>>
10:00:16   Mean positive scores: 3.699357509613037
10:00:16   Mean negative scores: 0.7750331163406372
10:00:16   BPR loss: 0.19622847437858582
10:00:17   >>>>>>>>>>>>>>>>>>>>>>>>>>>>>>
10:00:17   Mean positive scores: 3.7844347953796387
10:00:17   Mean negative scores: 1.34760320186615
10:00:17   BPR loss: 0.2897232174873352
10:00:17   >>>>>>>>>>>>>>>>>>>>>>>>>>>>>>
10:00:17   Mean positive scores: 3.4543609619140625
10:00:17   Mean negative scores: 0.9072989821434021
10:00:17   BPR loss: 0.26802170276641846
10:00:18   >>>>>>>>>>>>>>>>>>>>>>>>>>>>>>
10:00:18   Mean positive scores: 3.6769886016845703
10:00:18   Mean negative scores: 1.601942539215088
10:00:18   BPR loss: 0.5048883557319641
10:00:18   >>>>>>>>>>>>>>>>>>>>>>>>>>>>>>
10:00:18   Mean positive scores: 3.479904890060425
10:00:18   Mean negative scores: 1.4833601713180542
10:00:18   BPR loss: 0.39037272334098816
10:00:19   >>>>>>>>>>>>>>>>>>>>>>>>>>>>>>
10:00:19   Mean positive scores: 3.654897689819336
10:00:19   Mean negative scores: 1.1209051609039307
10:00:19   BPR loss: 0.3378787636756897
10:00:19   >>>>>>>>>>>>>>>>>>>>>>>>>>>>>>
10:00:19   Epoch 9 end
10:00:19   ------------------------------
10:00:19   average bpr: 0.337673
10:00:19   Save checkpoint to model_epoch_10.pth
10:00:19   >>>>>>>>>>>>>>>>>>>>>>>>>>>>>>
10:00:19   Evaluate on valid
10:00:20   mr: 163.995
10:00:20   mrr: 0.0759218
10:00:20   hits@1: 0.0301954
10:00:20   hits@3: 0.070033
10:00:20   hits@10: 0.156306
10:00:20   NDCG@20: 0.2708030343055725
10:00:20   Load checkpoint from model_epoch_4.pth
10:00:20   >>>>>>>>>>>>>>>>>>>>>>>>>>>>>>
10:00:20   Evaluate on valid
10:00:21   mr: 180.705
10:00:21   mrr: 0.0744857
10:00:21   hits@1: 0.0303223
10:00:21   hits@3: 0.0715554
10:00:21   hits@10: 0.149074
10:00:21   NDCG@20: 0.2738350033760071
10:00:21   >>>>>>>>>>>>>>>>>>>>>>>>>>>>>>
10:00:21   Evaluate on test
10:00:22   mr: 231.794
10:00:22   mrr: 0.0669715
10:00:22   hits@1: 0.0288625
10:00:22   hits@3: 0.0604414
10:00:22   hits@10: 0.130277
10:00:22   NDCG@20: 0.2638629972934723
