/itet-stor/trachsele/net_scratch/conda/lib/python3.12/site-packages/conda/base/context.py:982: FutureWarning: Adding 'defaults' to the channel list implicitly is deprecated and will be removed in 25.3. 

To remove this warning, please choose a default channel explicitly via 'conda config --add channels <name>', e.g. 'conda config --add channels defaults'.
  deprecated.topic(
11:02:06   Random seed: 1024
11:02:06   Config file: config/recommender/slurm_cfg.yaml
11:02:06   {'checkpoint': None,
 'dataset': {'class': 'Yelp18',
             'root': '/itet-stor/trachsele/net_scratch/tl4rec/model_outputs/data'},
 'model': {'class': 'Ultra',
           'embedding_item': {'hidden_dims': [32, 32], 'input_dim': 18},
           'embedding_user': {'hidden_dims': [32, 32], 'input_dim': 24},
           'entity_model': {'aggregate_func': 'sum',
                            'class': 'EntityNBFNet',
                            'hidden_dims': [32, 32, 32, 32, 32],
                            'input_dim': 32,
                            'layer_norm': True,
                            'message_func': 'distmult',
                            'short_cut': True},
           'relation_model': {'aggregate_func': 'sum',
                              'class': 'RelNBFNet',
                              'hidden_dims': [8, 8],
                              'input_dim': 8,
                              'layer_norm': True,
                              'message_func': 'distmult',
                              'short_cut': True},
           'simple_model': {'aggregate_func': 'sum',
                            'class': 'SimpleNBFNet',
                            'hidden_dims': [40, 40, 40, 40],
                            'input_dim': 40,
                            'layer_norm': True,
                            'message_func': 'distmult',
                            'short_cut': True}},
 'model_type': 'LightGCN',
 'optimizer': {'class': 'AdamW', 'lr': 0.005},
 'output_dir': '/itet-stor/trachsele/net_scratch/tl4rec/model_outputs/logs',
 'task': {'adversarial_temperature': 0,
          'metric': ['mr', 'mrr', 'hits@1', 'hits@3', 'hits@10', 'ndcg@20'],
          'name': 'TransductiveInference',
          'num_negative': 1,
          'strict_negative': True},
 'train': {'batch_per_epoch': 48829,
           'batch_size': 64,
           'gpus': [0],
           'gradient_clip': False,
           'init_linear_weights': False,
           'log_interval': 100,
           'loss': 'bpr',
           'num_epoch': 10,
           'target_metric': 'ndcg@20',
           'wandb': True}}
wandb: Using wandb-core as the SDK backend. Please refer to https://wandb.me/wandb-core for more information.
wandb: Currently logged in as: pitri (pitri-eth-z-rich). Use `wandb login --relogin` to force relogin
wandb: Tracking run with wandb version 0.18.5
wandb: Run data is saved locally in /usr/itetnas04/data-scratch-01/trachsele/data/tl4rec/model_outputs/logs/Ultra/Yelp18/2024-12-03-11-02-06/wandb/run-20241203_110207-bm0asi3q
wandb: Run `wandb offline` to turn off syncing.
wandb: Syncing run run-Yelp18-2024-12-03_11-02
wandb: ⭐️ View project at https://wandb.ai/pitri-eth-z-rich/tl4rec
wandb: 🚀 View run at https://wandb.ai/pitri-eth-z-rich/tl4rec/runs/bm0asi3q
11:02:11   Yelp18 dataset
11:02:11   #train: 1097007, #valid: 140252, #test: 324147
11:02:11   ------------------------------
11:02:11   Number of parameters: 4461824
11:02:11   >>>>>>>>>>>>>>>>>>>>>>>>>>>>>>
11:02:11   Epoch 0 begin
11:02:11   >>>>>>>>>>>>>>>>>>>>>>>>>>>>>>
11:02:11   Mean positive scores: 2.9853345040464774e-06
11:02:11   Mean negative scores: 2.635644250403857e-06
11:02:11   BPR loss: 0.6931470036506653
11:02:16   >>>>>>>>>>>>>>>>>>>>>>>>>>>>>>
11:02:16   Mean positive scores: 0.9511296153068542
11:02:16   Mean negative scores: -0.021480955183506012
11:02:16   BPR loss: 0.40216338634490967
11:02:20   >>>>>>>>>>>>>>>>>>>>>>>>>>>>>>
11:02:20   Mean positive scores: 1.7479541301727295
11:02:20   Mean negative scores: 0.03530266880989075
11:02:20   BPR loss: 0.2768387794494629
11:02:25   >>>>>>>>>>>>>>>>>>>>>>>>>>>>>>
11:02:25   Mean positive scores: 1.9646155834197998
11:02:25   Mean negative scores: 0.13031771779060364
11:02:25   BPR loss: 0.28666338324546814
11:02:29   >>>>>>>>>>>>>>>>>>>>>>>>>>>>>>
11:02:29   Mean positive scores: 1.9405615329742432
11:02:29   Mean negative scores: 0.01770966500043869
11:02:29   BPR loss: 0.2859579622745514
11:02:34   >>>>>>>>>>>>>>>>>>>>>>>>>>>>>>
11:02:34   Mean positive scores: 2.9167609214782715
11:02:34   Mean negative scores: -0.11258816719055176
11:02:34   BPR loss: 0.23773673176765442
11:02:38   >>>>>>>>>>>>>>>>>>>>>>>>>>>>>>
11:02:38   Mean positive scores: 2.532149314880371
11:02:38   Mean negative scores: -0.1962161362171173
11:02:38   BPR loss: 0.22328117489814758
11:02:43   >>>>>>>>>>>>>>>>>>>>>>>>>>>>>>
11:02:43   Mean positive scores: 2.9381093978881836
11:02:43   Mean negative scores: 0.421890527009964
11:02:43   BPR loss: 0.31019729375839233
11:02:47   >>>>>>>>>>>>>>>>>>>>>>>>>>>>>>
11:02:47   Mean positive scores: 2.784989833831787
11:02:47   Mean negative scores: 0.16142170131206512
11:02:47   BPR loss: 0.23366378247737885
11:02:52   >>>>>>>>>>>>>>>>>>>>>>>>>>>>>>
11:02:52   Mean positive scores: 3.2584917545318604
11:02:52   Mean negative scores: -0.07743005454540253
11:02:52   BPR loss: 0.16557079553604126
11:02:56   >>>>>>>>>>>>>>>>>>>>>>>>>>>>>>
11:02:56   Mean positive scores: 3.7297205924987793
11:02:56   Mean negative scores: -0.06347083300352097
11:02:56   BPR loss: 0.11233803629875183
11:03:01   >>>>>>>>>>>>>>>>>>>>>>>>>>>>>>
11:03:01   Mean positive scores: 3.394727945327759
11:03:01   Mean negative scores: 0.2801857590675354
11:03:01   BPR loss: 0.24010217189788818
11:03:05   >>>>>>>>>>>>>>>>>>>>>>>>>>>>>>
11:03:05   Mean positive scores: 3.6889913082122803
11:03:05   Mean negative scores: -0.04720519483089447
11:03:05   BPR loss: 0.11420483142137527
11:03:10   >>>>>>>>>>>>>>>>>>>>>>>>>>>>>>
11:03:10   Mean positive scores: 3.8195738792419434
11:03:10   Mean negative scores: 0.08469608426094055
11:03:10   BPR loss: 0.17828379571437836
11:03:14   >>>>>>>>>>>>>>>>>>>>>>>>>>>>>>
11:03:14   Mean positive scores: 3.693209171295166
11:03:14   Mean negative scores: 0.4473276734352112
11:03:14   BPR loss: 0.26688510179519653
11:03:19   >>>>>>>>>>>>>>>>>>>>>>>>>>>>>>
11:03:19   Mean positive scores: 3.515533447265625
11:03:19   Mean negative scores: 0.3060463070869446
11:03:19   BPR loss: 0.23808127641677856
11:03:23   >>>>>>>>>>>>>>>>>>>>>>>>>>>>>>
11:03:23   Mean positive scores: 3.5529518127441406
11:03:23   Mean negative scores: 0.1591133028268814
11:03:23   BPR loss: 0.24324651062488556
11:03:28   >>>>>>>>>>>>>>>>>>>>>>>>>>>>>>
11:03:28   Mean positive scores: 4.427242755889893
11:03:28   Mean negative scores: -0.1290847510099411
11:03:28   BPR loss: 0.12661541998386383
11:03:32   >>>>>>>>>>>>>>>>>>>>>>>>>>>>>>
11:03:32   Mean positive scores: 3.5971899032592773
11:03:32   Mean negative scores: 0.22833868861198425
11:03:32   BPR loss: 0.21019983291625977
11:03:37   >>>>>>>>>>>>>>>>>>>>>>>>>>>>>>
11:03:37   Mean positive scores: 3.882101535797119
11:03:37   Mean negative scores: 0.01579710841178894
11:03:37   BPR loss: 0.1214745044708252
11:03:41   >>>>>>>>>>>>>>>>>>>>>>>>>>>>>>
11:03:41   Mean positive scores: 4.648441791534424
11:03:41   Mean negative scores: -0.17141172289848328
11:03:41   BPR loss: 0.08954902738332748
11:03:46   >>>>>>>>>>>>>>>>>>>>>>>>>>>>>>
11:03:46   Mean positive scores: 4.573359489440918
11:03:46   Mean negative scores: 0.18329684436321259
11:03:46   BPR loss: 0.12959221005439758
11:03:50   >>>>>>>>>>>>>>>>>>>>>>>>>>>>>>
11:03:50   Mean positive scores: 4.986555099487305
11:03:50   Mean negative scores: 0.5994613170623779
11:03:50   BPR loss: 0.24763861298561096
11:03:55   >>>>>>>>>>>>>>>>>>>>>>>>>>>>>>
11:03:55   Mean positive scores: 3.608813762664795
11:03:55   Mean negative scores: -0.036975935101509094
11:03:55   BPR loss: 0.278481662273407
11:03:59   >>>>>>>>>>>>>>>>>>>>>>>>>>>>>>
11:03:59   Mean positive scores: 4.068255424499512
11:03:59   Mean negative scores: -0.08274473249912262
11:03:59   BPR loss: 0.1666393280029297
11:04:04   >>>>>>>>>>>>>>>>>>>>>>>>>>>>>>
11:04:04   Mean positive scores: 5.106660842895508
11:04:04   Mean negative scores: -0.2973344326019287
11:04:04   BPR loss: 0.09643761813640594
11:04:08   >>>>>>>>>>>>>>>>>>>>>>>>>>>>>>
11:04:08   Mean positive scores: 3.91786527633667
11:04:08   Mean negative scores: -0.10050935298204422
11:04:08   BPR loss: 0.175496906042099
11:04:13   >>>>>>>>>>>>>>>>>>>>>>>>>>>>>>
11:04:13   Mean positive scores: 4.052870273590088
11:04:13   Mean negative scores: 0.4191848337650299
11:04:13   BPR loss: 0.19697076082229614
11:04:17   >>>>>>>>>>>>>>>>>>>>>>>>>>>>>>
11:04:18   Mean positive scores: 4.812373161315918
11:04:18   Mean negative scores: -0.11247467994689941
11:04:18   BPR loss: 0.14330622553825378
11:04:22   >>>>>>>>>>>>>>>>>>>>>>>>>>>>>>
11:04:22   Mean positive scores: 3.8969528675079346
11:04:22   Mean negative scores: 0.2329614907503128
11:04:22   BPR loss: 0.19048890471458435
11:04:27   >>>>>>>>>>>>>>>>>>>>>>>>>>>>>>
11:04:27   Mean positive scores: 4.8778276443481445
11:04:27   Mean negative scores: 0.44311973452568054
11:04:27   BPR loss: 0.21875998377799988
11:04:31   >>>>>>>>>>>>>>>>>>>>>>>>>>>>>>
11:04:31   Mean positive scores: 4.193419456481934
11:04:31   Mean negative scores: -0.17438991367816925
11:04:31   BPR loss: 0.1719053089618683
11:04:36   >>>>>>>>>>>>>>>>>>>>>>>>>>>>>>
11:04:36   Mean positive scores: 4.349983215332031
11:04:36   Mean negative scores: 0.1309875249862671
11:04:36   BPR loss: 0.1594569981098175
11:04:40   >>>>>>>>>>>>>>>>>>>>>>>>>>>>>>
11:04:40   Mean positive scores: 4.151175022125244
11:04:40   Mean negative scores: 0.1064479798078537
11:04:40   BPR loss: 0.24817875027656555
11:04:45   >>>>>>>>>>>>>>>>>>>>>>>>>>>>>>
11:04:45   Mean positive scores: 4.839871883392334
11:04:45   Mean negative scores: -0.12846145033836365
11:04:45   BPR loss: 0.15786416828632355
11:04:49   >>>>>>>>>>>>>>>>>>>>>>>>>>>>>>
11:04:49   Mean positive scores: 4.365942478179932
11:04:49   Mean negative scores: 0.006203792989253998
11:04:49   BPR loss: 0.20709030330181122
11:04:54   >>>>>>>>>>>>>>>>>>>>>>>>>>>>>>
11:04:54   Mean positive scores: 4.089200973510742
11:04:54   Mean negative scores: 0.09535061568021774
11:04:54   BPR loss: 0.20372682809829712
11:04:59   >>>>>>>>>>>>>>>>>>>>>>>>>>>>>>
11:04:59   Mean positive scores: 4.783872604370117
11:04:59   Mean negative scores: 0.07223910093307495
11:04:59   BPR loss: 0.18745237588882446
11:05:03   >>>>>>>>>>>>>>>>>>>>>>>>>>>>>>
11:05:03   Mean positive scores: 5.067116737365723
11:05:03   Mean negative scores: -0.11069926619529724
11:05:03   BPR loss: 0.1702900379896164
11:05:08   >>>>>>>>>>>>>>>>>>>>>>>>>>>>>>
11:05:08   Mean positive scores: 5.364833831787109
11:05:08   Mean negative scores: 0.5590859055519104
11:05:08   BPR loss: 0.10705354064702988
11:05:12   >>>>>>>>>>>>>>>>>>>>>>>>>>>>>>
11:05:12   Mean positive scores: 4.634462356567383
11:05:12   Mean negative scores: 0.1077100932598114
11:05:12   BPR loss: 0.19512999057769775
11:05:17   >>>>>>>>>>>>>>>>>>>>>>>>>>>>>>
11:05:17   Mean positive scores: 5.060215950012207
11:05:17   Mean negative scores: 0.08024425804615021
11:05:17   BPR loss: 0.27679216861724854
11:05:21   >>>>>>>>>>>>>>>>>>>>>>>>>>>>>>
11:05:21   Mean positive scores: 4.565392971038818
11:05:21   Mean negative scores: 0.08692272007465363
11:05:21   BPR loss: 0.16802385449409485
11:05:26   >>>>>>>>>>>>>>>>>>>>>>>>>>>>>>
11:05:26   Mean positive scores: 4.501194000244141
11:05:26   Mean negative scores: 0.15509022772312164
11:05:26   BPR loss: 0.11631584167480469
11:05:31   >>>>>>>>>>>>>>>>>>>>>>>>>>>>>>
11:05:31   Mean positive scores: 5.0266828536987305
11:05:31   Mean negative scores: -0.015159223228693008
11:05:31   BPR loss: 0.18478752672672272
11:05:35   >>>>>>>>>>>>>>>>>>>>>>>>>>>>>>
11:05:35   Mean positive scores: 4.097170829772949
11:05:35   Mean negative scores: 0.10453628748655319
11:05:35   BPR loss: 0.24214261770248413
11:05:40   >>>>>>>>>>>>>>>>>>>>>>>>>>>>>>
11:05:40   Mean positive scores: 5.297849655151367
11:05:40   Mean negative scores: -0.4865759611129761
11:05:40   BPR loss: 0.06862900406122208
11:05:44   >>>>>>>>>>>>>>>>>>>>>>>>>>>>>>
11:05:44   Mean positive scores: 5.2393999099731445
11:05:44   Mean negative scores: -0.01055891439318657
11:05:44   BPR loss: 0.13573145866394043
11:05:49   >>>>>>>>>>>>>>>>>>>>>>>>>>>>>>
11:05:49   Mean positive scores: 4.394817352294922
11:05:49   Mean negative scores: 0.74624103307724
11:05:49   BPR loss: 0.32281428575515747
11:05:54   >>>>>>>>>>>>>>>>>>>>>>>>>>>>>>
11:05:54   Mean positive scores: 4.932305335998535
11:05:54   Mean negative scores: -0.052417196333408356
11:05:54   BPR loss: 0.17986932396888733
11:05:58   >>>>>>>>>>>>>>>>>>>>>>>>>>>>>>
11:05:58   Mean positive scores: 4.882948398590088
11:05:58   Mean negative scores: 0.4466674029827118
11:05:58   BPR loss: 0.5838971734046936
11:06:03   >>>>>>>>>>>>>>>>>>>>>>>>>>>>>>
11:06:03   Mean positive scores: 5.0327348709106445
11:06:03   Mean negative scores: 0.218489408493042
11:06:03   BPR loss: 0.1223037987947464
11:06:07   >>>>>>>>>>>>>>>>>>>>>>>>>>>>>>
11:06:07   Mean positive scores: 5.526644706726074
11:06:07   Mean negative scores: 0.09922627359628677
11:06:07   BPR loss: 0.19000893831253052
11:06:12   >>>>>>>>>>>>>>>>>>>>>>>>>>>>>>
11:06:12   Mean positive scores: 4.774721145629883
11:06:12   Mean negative scores: 0.4923142194747925
11:06:12   BPR loss: 0.19529584050178528
11:06:17   >>>>>>>>>>>>>>>>>>>>>>>>>>>>>>
11:06:17   Mean positive scores: 4.996706485748291
11:06:17   Mean negative scores: 0.3946266174316406
11:06:17   BPR loss: 0.25266149640083313
11:06:21   >>>>>>>>>>>>>>>>>>>>>>>>>>>>>>
11:06:21   Mean positive scores: 4.45888614654541
11:06:21   Mean negative scores: 0.720881462097168
11:06:21   BPR loss: 0.37188369035720825
11:06:26   >>>>>>>>>>>>>>>>>>>>>>>>>>>>>>
11:06:26   Mean positive scores: 5.032144546508789
11:06:26   Mean negative scores: 0.4730834364891052
11:06:26   BPR loss: 0.21433857083320618
11:06:30   >>>>>>>>>>>>>>>>>>>>>>>>>>>>>>
11:06:30   Mean positive scores: 4.499297142028809
11:06:30   Mean negative scores: 0.3896576166152954
11:06:30   BPR loss: 0.1862543523311615
11:06:35   >>>>>>>>>>>>>>>>>>>>>>>>>>>>>>
11:06:35   Mean positive scores: 5.054135322570801
11:06:35   Mean negative scores: -0.02172991633415222
11:06:35   BPR loss: 0.11208967119455338
11:06:40   >>>>>>>>>>>>>>>>>>>>>>>>>>>>>>
11:06:40   Mean positive scores: 5.139801025390625
11:06:40   Mean negative scores: 0.0060621947050094604
11:06:40   BPR loss: 0.12082570046186447
11:06:44   >>>>>>>>>>>>>>>>>>>>>>>>>>>>>>
11:06:44   Mean positive scores: 5.470970153808594
11:06:44   Mean negative scores: 0.015461981296539307
11:06:44   BPR loss: 0.23951484262943268
11:06:49   >>>>>>>>>>>>>>>>>>>>>>>>>>>>>>
11:06:49   Mean positive scores: 5.033266067504883
11:06:49   Mean negative scores: 0.012283697724342346
11:06:49   BPR loss: 0.08611959218978882
11:06:53   >>>>>>>>>>>>>>>>>>>>>>>>>>>>>>
11:06:53   Mean positive scores: 5.336599349975586
11:06:53   Mean negative scores: 0.4892205595970154
11:06:53   BPR loss: 0.3269008994102478
11:06:58   >>>>>>>>>>>>>>>>>>>>>>>>>>>>>>
11:06:58   Mean positive scores: 4.77857780456543
11:06:58   Mean negative scores: -0.5601712465286255
11:06:58   BPR loss: 0.07422911375761032
11:07:03   >>>>>>>>>>>>>>>>>>>>>>>>>>>>>>
11:07:03   Mean positive scores: 5.155609607696533
11:07:03   Mean negative scores: 0.09585411846637726
11:07:03   BPR loss: 0.13866721093654633
11:07:07   >>>>>>>>>>>>>>>>>>>>>>>>>>>>>>
11:07:07   Mean positive scores: 5.682553768157959
11:07:07   Mean negative scores: 0.20375417172908783
11:07:07   BPR loss: 0.1923653483390808
11:07:12   >>>>>>>>>>>>>>>>>>>>>>>>>>>>>>
11:07:12   Mean positive scores: 5.3162689208984375
11:07:12   Mean negative scores: 0.13084030151367188
11:07:12   BPR loss: 0.14783070981502533
11:07:16   >>>>>>>>>>>>>>>>>>>>>>>>>>>>>>
11:07:16   Mean positive scores: 5.74144172668457
11:07:16   Mean negative scores: 0.47560811042785645
11:07:16   BPR loss: 0.17029663920402527
11:07:21   >>>>>>>>>>>>>>>>>>>>>>>>>>>>>>
11:07:21   Mean positive scores: 4.717988967895508
11:07:21   Mean negative scores: 0.05313500761985779
11:07:21   BPR loss: 0.14516876637935638
11:07:25   >>>>>>>>>>>>>>>>>>>>>>>>>>>>>>
11:07:26   Mean positive scores: 5.18568754196167
11:07:26   Mean negative scores: 0.6568688154220581
11:07:26   BPR loss: 0.2342122495174408
11:07:30   >>>>>>>>>>>>>>>>>>>>>>>>>>>>>>
11:07:30   Mean positive scores: 4.558853626251221
11:07:30   Mean negative scores: -0.06072518229484558
11:07:30   BPR loss: 0.14062073826789856
11:07:35   >>>>>>>>>>>>>>>>>>>>>>>>>>>>>>
11:07:35   Mean positive scores: 5.771401405334473
11:07:35   Mean negative scores: 0.16158170998096466
11:07:35   BPR loss: 0.19060009717941284
11:07:39   >>>>>>>>>>>>>>>>>>>>>>>>>>>>>>
11:07:39   Mean positive scores: 5.362349987030029
11:07:39   Mean negative scores: 0.27650076150894165
11:07:39   BPR loss: 0.13590236008167267
11:07:44   >>>>>>>>>>>>>>>>>>>>>>>>>>>>>>
11:07:44   Mean positive scores: 4.776005744934082
11:07:44   Mean negative scores: 0.05787511169910431
11:07:44   BPR loss: 0.08323660492897034
11:07:48   >>>>>>>>>>>>>>>>>>>>>>>>>>>>>>
11:07:48   Mean positive scores: 4.958864212036133
11:07:48   Mean negative scores: 0.2923474907875061
11:07:48   BPR loss: 0.24163387715816498
11:07:53   >>>>>>>>>>>>>>>>>>>>>>>>>>>>>>
11:07:53   Mean positive scores: 4.877420425415039
11:07:53   Mean negative scores: 0.3851683735847473
11:07:53   BPR loss: 0.15530315041542053
11:07:58   >>>>>>>>>>>>>>>>>>>>>>>>>>>>>>
11:07:58   Mean positive scores: 5.499157905578613
11:07:58   Mean negative scores: 0.10391345620155334
11:07:58   BPR loss: 0.10072523355484009
11:08:02   >>>>>>>>>>>>>>>>>>>>>>>>>>>>>>
11:08:02   Mean positive scores: 4.593050956726074
11:08:02   Mean negative scores: 0.09667253494262695
11:08:02   BPR loss: 0.22481989860534668
11:08:07   >>>>>>>>>>>>>>>>>>>>>>>>>>>>>>
11:08:07   Mean positive scores: 4.3711748123168945
11:08:07   Mean negative scores: 0.387018620967865
11:08:07   BPR loss: 0.2339184582233429
11:08:11   >>>>>>>>>>>>>>>>>>>>>>>>>>>>>>
11:08:11   Mean positive scores: 5.572696208953857
11:08:11   Mean negative scores: 0.49459314346313477
11:08:11   BPR loss: 0.1652173399925232
11:08:16   >>>>>>>>>>>>>>>>>>>>>>>>>>>>>>
11:08:16   Mean positive scores: 5.314020156860352
11:08:16   Mean negative scores: 0.3673480153083801
11:08:16   BPR loss: 0.2233462929725647
11:08:21   >>>>>>>>>>>>>>>>>>>>>>>>>>>>>>
11:08:21   Mean positive scores: 5.046881675720215
11:08:21   Mean negative scores: 0.23575907945632935
11:08:21   BPR loss: 0.18802887201309204
11:08:25   >>>>>>>>>>>>>>>>>>>>>>>>>>>>>>
11:08:25   Mean positive scores: 5.006587028503418
11:08:25   Mean negative scores: 0.09827977418899536
11:08:25   BPR loss: 0.26925772428512573
11:08:30   >>>>>>>>>>>>>>>>>>>>>>>>>>>>>>
11:08:30   Mean positive scores: 5.256415367126465
11:08:30   Mean negative scores: 0.21885305643081665
11:08:30   BPR loss: 0.18618503212928772
11:08:34   >>>>>>>>>>>>>>>>>>>>>>>>>>>>>>
11:08:35   Mean positive scores: 5.842449188232422
11:08:35   Mean negative scores: 0.5476537942886353
11:08:35   BPR loss: 0.20215943455696106
11:08:39   >>>>>>>>>>>>>>>>>>>>>>>>>>>>>>
11:08:39   Mean positive scores: 5.166983604431152
11:08:39   Mean negative scores: 0.33495572209358215
11:08:39   BPR loss: 0.06527374684810638
11:08:44   >>>>>>>>>>>>>>>>>>>>>>>>>>>>>>
11:08:44   Mean positive scores: 5.1454668045043945
11:08:44   Mean negative scores: 0.1071251779794693
11:08:44   BPR loss: 0.05928865075111389
11:08:48   >>>>>>>>>>>>>>>>>>>>>>>>>>>>>>
11:08:48   Mean positive scores: 4.567475318908691
11:08:48   Mean negative scores: 0.5022329092025757
11:08:48   BPR loss: 0.25740835070610046
11:08:53   >>>>>>>>>>>>>>>>>>>>>>>>>>>>>>
11:08:53   Mean positive scores: 4.962180137634277
11:08:53   Mean negative scores: 0.44879308342933655
11:08:53   BPR loss: 0.24222826957702637
11:08:58   >>>>>>>>>>>>>>>>>>>>>>>>>>>>>>
11:08:58   Mean positive scores: 6.191897392272949
11:08:58   Mean negative scores: 0.2030622959136963
11:08:58   BPR loss: 0.1470237672328949
11:09:02   >>>>>>>>>>>>>>>>>>>>>>>>>>>>>>
11:09:02   Mean positive scores: 5.400322914123535
11:09:02   Mean negative scores: 0.46421104669570923
11:09:02   BPR loss: 0.16340529918670654
11:09:07   >>>>>>>>>>>>>>>>>>>>>>>>>>>>>>
11:09:07   Mean positive scores: 4.947149276733398
11:09:07   Mean negative scores: 0.09781587868928909
11:09:07   BPR loss: 0.19807648658752441
11:09:11   >>>>>>>>>>>>>>>>>>>>>>>>>>>>>>
11:09:12   Mean positive scores: 5.598428726196289
11:09:12   Mean negative scores: -0.20040637254714966
11:09:12   BPR loss: 0.07825298607349396
11:09:16   >>>>>>>>>>>>>>>>>>>>>>>>>>>>>>
11:09:16   Mean positive scores: 5.667323112487793
11:09:16   Mean negative scores: -0.051087141036987305
11:09:16   BPR loss: 0.11694414913654327
11:09:21   >>>>>>>>>>>>>>>>>>>>>>>>>>>>>>
11:09:21   Mean positive scores: 5.350512504577637
11:09:21   Mean negative scores: 0.19217953085899353
11:09:21   BPR loss: 0.1407938450574875
11:09:25   >>>>>>>>>>>>>>>>>>>>>>>>>>>>>>
11:09:25   Mean positive scores: 6.1395792961120605
11:09:25   Mean negative scores: -0.09497988969087601
11:09:25   BPR loss: 0.0861179381608963
11:09:30   >>>>>>>>>>>>>>>>>>>>>>>>>>>>>>
11:09:30   Mean positive scores: 5.698580265045166
11:09:30   Mean negative scores: 0.2942456603050232
11:09:30   BPR loss: 0.17073795199394226
11:09:35   >>>>>>>>>>>>>>>>>>>>>>>>>>>>>>
11:09:35   Mean positive scores: 5.916665554046631
11:09:35   Mean negative scores: 0.22985681891441345
11:09:35   BPR loss: 0.0810222178697586
11:09:39   >>>>>>>>>>>>>>>>>>>>>>>>>>>>>>
11:09:39   Mean positive scores: 5.36406946182251
11:09:39   Mean negative scores: 0.18771357834339142
11:09:39   BPR loss: 0.14565004408359528
11:09:44   >>>>>>>>>>>>>>>>>>>>>>>>>>>>>>
11:09:44   Mean positive scores: 4.958809852600098
11:09:44   Mean negative scores: 0.8406550884246826
11:09:44   BPR loss: 0.3173554539680481
11:09:48   >>>>>>>>>>>>>>>>>>>>>>>>>>>>>>
11:09:48   Mean positive scores: 5.3041534423828125
11:09:48   Mean negative scores: 0.28957390785217285
11:09:48   BPR loss: 0.1255580186843872
11:09:53   >>>>>>>>>>>>>>>>>>>>>>>>>>>>>>
11:09:53   Mean positive scores: 4.988297939300537
11:09:53   Mean negative scores: 0.29618582129478455
11:09:53   BPR loss: 0.12615671753883362
11:09:58   >>>>>>>>>>>>>>>>>>>>>>>>>>>>>>
11:09:58   Mean positive scores: 5.165075302124023
11:09:58   Mean negative scores: 0.30493617057800293
11:09:58   BPR loss: 0.23621656000614166
11:10:02   >>>>>>>>>>>>>>>>>>>>>>>>>>>>>>
11:10:02   Mean positive scores: 5.158468723297119
11:10:02   Mean negative scores: 0.27241575717926025
11:10:02   BPR loss: 0.19884471595287323
11:10:07   >>>>>>>>>>>>>>>>>>>>>>>>>>>>>>
11:10:07   Mean positive scores: 5.182951927185059
11:10:07   Mean negative scores: 0.09575601667165756
11:10:07   BPR loss: 0.06678270548582077
11:10:11   >>>>>>>>>>>>>>>>>>>>>>>>>>>>>>
11:10:11   Mean positive scores: 5.725394248962402
11:10:11   Mean negative scores: 0.2945200502872467
11:10:11   BPR loss: 0.07730485498905182
11:10:16   >>>>>>>>>>>>>>>>>>>>>>>>>>>>>>
11:10:16   Mean positive scores: 6.376565456390381
11:10:16   Mean negative scores: 0.07279229164123535
11:10:16   BPR loss: 0.10737620294094086
11:10:21   >>>>>>>>>>>>>>>>>>>>>>>>>>>>>>
11:10:21   Mean positive scores: 6.007139682769775
11:10:21   Mean negative scores: 0.47304844856262207
11:10:21   BPR loss: 0.12456829845905304
11:10:25   >>>>>>>>>>>>>>>>>>>>>>>>>>>>>>
11:10:25   Mean positive scores: 5.335187911987305
11:10:25   Mean negative scores: 0.25826865434646606
11:10:25   BPR loss: 0.15189561247825623
11:10:30   >>>>>>>>>>>>>>>>>>>>>>>>>>>>>>
11:10:30   Mean positive scores: 5.710798263549805
11:10:30   Mean negative scores: 0.4235759675502777
11:10:30   BPR loss: 0.19136548042297363
11:10:34   >>>>>>>>>>>>>>>>>>>>>>>>>>>>>>
11:10:34   Mean positive scores: 5.688675880432129
11:10:34   Mean negative scores: 0.35021618008613586
11:10:34   BPR loss: 0.07848411798477173
11:10:39   >>>>>>>>>>>>>>>>>>>>>>>>>>>>>>
11:10:39   Mean positive scores: 6.301952362060547
11:10:39   Mean negative scores: 0.30452483892440796
11:10:39   BPR loss: 0.1582438051700592
11:10:44   >>>>>>>>>>>>>>>>>>>>>>>>>>>>>>
11:10:44   Mean positive scores: 5.797575950622559
11:10:44   Mean negative scores: 0.19038379192352295
11:10:44   BPR loss: 0.13281746208667755
11:10:48   >>>>>>>>>>>>>>>>>>>>>>>>>>>>>>
11:10:48   Mean positive scores: 5.7317023277282715
11:10:48   Mean negative scores: 0.39972859621047974
11:10:48   BPR loss: 0.14730000495910645
11:10:53   >>>>>>>>>>>>>>>>>>>>>>>>>>>>>>
11:10:53   Mean positive scores: 6.583488464355469
11:10:53   Mean negative scores: 0.7544277906417847
11:10:53   BPR loss: 0.16833709180355072
11:10:57   >>>>>>>>>>>>>>>>>>>>>>>>>>>>>>
11:10:57   Mean positive scores: 5.782317638397217
11:10:57   Mean negative scores: 0.3552064895629883
11:10:57   BPR loss: 0.12236762046813965
11:11:02   >>>>>>>>>>>>>>>>>>>>>>>>>>>>>>
11:11:02   Mean positive scores: 5.681008815765381
11:11:02   Mean negative scores: 0.09967105090618134
11:11:02   BPR loss: 0.10059849917888641
11:11:07   >>>>>>>>>>>>>>>>>>>>>>>>>>>>>>
11:11:07   Mean positive scores: 5.851746082305908
11:11:07   Mean negative scores: -0.0837203711271286
11:11:07   BPR loss: 0.06332134455442429
11:11:11   >>>>>>>>>>>>>>>>>>>>>>>>>>>>>>
11:11:11   Mean positive scores: 5.270201683044434
11:11:11   Mean negative scores: 0.26635855436325073
11:11:11   BPR loss: 0.09761860221624374
11:11:16   >>>>>>>>>>>>>>>>>>>>>>>>>>>>>>
11:11:16   Mean positive scores: 6.252138137817383
11:11:16   Mean negative scores: 0.6819674372673035
11:11:16   BPR loss: 0.20182737708091736
11:11:20   >>>>>>>>>>>>>>>>>>>>>>>>>>>>>>
11:11:20   Mean positive scores: 5.610747337341309
11:11:20   Mean negative scores: 0.25130796432495117
11:11:20   BPR loss: 0.12364055216312408
11:11:25   >>>>>>>>>>>>>>>>>>>>>>>>>>>>>>
11:11:25   Mean positive scores: 5.356117248535156
11:11:25   Mean negative scores: 0.4528418779373169
11:11:25   BPR loss: 0.14701548218727112
11:11:30   >>>>>>>>>>>>>>>>>>>>>>>>>>>>>>
11:11:30   Mean positive scores: 4.753221035003662
11:11:30   Mean negative scores: 0.40228337049484253
11:11:30   BPR loss: 0.30997270345687866
11:11:34   >>>>>>>>>>>>>>>>>>>>>>>>>>>>>>
11:11:34   Mean positive scores: 5.844484329223633
11:11:34   Mean negative scores: 0.2829161286354065
11:11:34   BPR loss: 0.1570882350206375
11:11:39   >>>>>>>>>>>>>>>>>>>>>>>>>>>>>>
11:11:39   Mean positive scores: 5.667677402496338
11:11:39   Mean negative scores: 0.4551374018192291
11:11:39   BPR loss: 0.1473146229982376
11:11:43   >>>>>>>>>>>>>>>>>>>>>>>>>>>>>>
11:11:43   Mean positive scores: 5.769204139709473
11:11:43   Mean negative scores: 0.26721787452697754
11:11:43   BPR loss: 0.13803793489933014
11:11:48   >>>>>>>>>>>>>>>>>>>>>>>>>>>>>>
11:11:48   Mean positive scores: 5.347261905670166
11:11:48   Mean negative scores: 0.3908112049102783
11:11:48   BPR loss: 0.18894487619400024
11:11:52   >>>>>>>>>>>>>>>>>>>>>>>>>>>>>>
11:11:52   Mean positive scores: 5.295044898986816
11:11:52   Mean negative scores: 0.06170964241027832
11:11:52   BPR loss: 0.13137994706630707
11:11:57   >>>>>>>>>>>>>>>>>>>>>>>>>>>>>>
11:11:57   Mean positive scores: 5.63751220703125
11:11:57   Mean negative scores: 0.20249685645103455
11:11:57   BPR loss: 0.09262949228286743
11:12:02   >>>>>>>>>>>>>>>>>>>>>>>>>>>>>>
11:12:02   Mean positive scores: 5.262054920196533
11:12:02   Mean negative scores: -0.060855232179164886
11:12:02   BPR loss: 0.1320885568857193
11:12:06   >>>>>>>>>>>>>>>>>>>>>>>>>>>>>>
11:12:06   Mean positive scores: 5.518546104431152
11:12:06   Mean negative scores: 0.18266908824443817
11:12:06   BPR loss: 0.09415838122367859
11:12:11   >>>>>>>>>>>>>>>>>>>>>>>>>>>>>>
11:12:11   Mean positive scores: 5.662909507751465
11:12:11   Mean negative scores: 0.19672787189483643
11:12:11   BPR loss: 0.1842637062072754
11:12:15   >>>>>>>>>>>>>>>>>>>>>>>>>>>>>>
11:12:15   Mean positive scores: 5.596826553344727
11:12:15   Mean negative scores: 0.5866843461990356
11:12:15   BPR loss: 0.228412926197052
11:12:20   >>>>>>>>>>>>>>>>>>>>>>>>>>>>>>
11:12:20   Mean positive scores: 5.908476829528809
11:12:20   Mean negative scores: 0.17876391112804413
11:12:20   BPR loss: 0.10850353538990021
11:12:25   >>>>>>>>>>>>>>>>>>>>>>>>>>>>>>
11:12:25   Mean positive scores: 5.499722480773926
11:12:25   Mean negative scores: -0.09675714373588562
11:12:25   BPR loss: 0.04837322607636452
11:12:29   >>>>>>>>>>>>>>>>>>>>>>>>>>>>>>
11:12:29   Mean positive scores: 5.924691200256348
11:12:29   Mean negative scores: 0.008082002401351929
11:12:29   BPR loss: 0.06989893317222595
11:12:34   >>>>>>>>>>>>>>>>>>>>>>>>>>>>>>
11:12:34   Mean positive scores: 5.944028377532959
11:12:34   Mean negative scores: 0.34286367893218994
11:12:34   BPR loss: 0.08767126500606537
11:12:38   >>>>>>>>>>>>>>>>>>>>>>>>>>>>>>
11:12:38   Mean positive scores: 5.379458427429199
11:12:38   Mean negative scores: 0.9126023054122925
11:12:38   BPR loss: 0.22139066457748413
11:12:43   >>>>>>>>>>>>>>>>>>>>>>>>>>>>>>
11:12:43   Mean positive scores: 4.749943733215332
11:12:43   Mean negative scores: 0.5771714448928833
11:12:43   BPR loss: 0.3483023941516876
11:12:47   >>>>>>>>>>>>>>>>>>>>>>>>>>>>>>
11:12:48   Mean positive scores: 6.698611259460449
11:12:48   Mean negative scores: 0.23461169004440308
11:12:48   BPR loss: 0.12542793154716492
11:12:52   >>>>>>>>>>>>>>>>>>>>>>>>>>>>>>
11:12:52   Mean positive scores: 5.677997589111328
11:12:52   Mean negative scores: 0.5010749697685242
11:12:52   BPR loss: 0.22239530086517334
11:12:57   >>>>>>>>>>>>>>>>>>>>>>>>>>>>>>
11:12:57   Mean positive scores: 5.856268882751465
11:12:57   Mean negative scores: 0.4610242545604706
11:12:57   BPR loss: 0.08533737063407898
11:13:01   >>>>>>>>>>>>>>>>>>>>>>>>>>>>>>
11:13:01   Mean positive scores: 5.531467437744141
11:13:01   Mean negative scores: 0.24453365802764893
11:13:01   BPR loss: 0.15721577405929565
11:13:06   >>>>>>>>>>>>>>>>>>>>>>>>>>>>>>
11:13:06   Mean positive scores: 5.867133140563965
11:13:06   Mean negative scores: 0.26574912667274475
11:13:06   BPR loss: 0.10464385896921158
11:13:10   >>>>>>>>>>>>>>>>>>>>>>>>>>>>>>
11:13:10   Mean positive scores: 5.87067985534668
11:13:10   Mean negative scores: 0.20423324406147003
11:13:10   BPR loss: 0.14287160336971283
11:13:15   >>>>>>>>>>>>>>>>>>>>>>>>>>>>>>
11:13:15   Mean positive scores: 5.802520751953125
11:13:15   Mean negative scores: 0.679141640663147
11:13:15   BPR loss: 0.11579058319330215
11:13:20   >>>>>>>>>>>>>>>>>>>>>>>>>>>>>>
11:13:20   Mean positive scores: 5.581534385681152
11:13:20   Mean negative scores: 0.23045216500759125
11:13:20   BPR loss: 0.21636658906936646
11:13:24   >>>>>>>>>>>>>>>>>>>>>>>>>>>>>>
11:13:24   Mean positive scores: 5.231493949890137
11:13:24   Mean negative scores: 0.06067927926778793
11:13:24   BPR loss: 0.07721725106239319
11:13:29   >>>>>>>>>>>>>>>>>>>>>>>>>>>>>>
11:13:29   Mean positive scores: 5.583583831787109
11:13:29   Mean negative scores: -0.12643179297447205
11:13:29   BPR loss: 0.06353894621133804
11:13:33   >>>>>>>>>>>>>>>>>>>>>>>>>>>>>>
11:13:33   Mean positive scores: 5.589749813079834
11:13:33   Mean negative scores: 0.4372820556163788
11:13:33   BPR loss: 0.07340563833713531
11:13:38   >>>>>>>>>>>>>>>>>>>>>>>>>>>>>>
11:13:38   Mean positive scores: 6.284791469573975
11:13:38   Mean negative scores: 0.1370532512664795
11:13:38   BPR loss: 0.16437111794948578
11:13:42   >>>>>>>>>>>>>>>>>>>>>>>>>>>>>>
11:13:43   Mean positive scores: 5.248150825500488
11:13:43   Mean negative scores: 0.2626357674598694
11:13:43   BPR loss: 0.11463405191898346
11:13:47   >>>>>>>>>>>>>>>>>>>>>>>>>>>>>>
11:13:47   Mean positive scores: 5.541800498962402
11:13:47   Mean negative scores: 0.5242226719856262
11:13:47   BPR loss: 0.20007628202438354
11:13:52   >>>>>>>>>>>>>>>>>>>>>>>>>>>>>>
11:13:52   Mean positive scores: 4.973855018615723
11:13:52   Mean negative scores: 0.38322123885154724
11:13:52   BPR loss: 0.14083240926265717
11:13:56   >>>>>>>>>>>>>>>>>>>>>>>>>>>>>>
11:13:56   Mean positive scores: 5.819033622741699
11:13:56   Mean negative scores: 0.3055014908313751
11:13:56   BPR loss: 0.13880828022956848
11:14:01   >>>>>>>>>>>>>>>>>>>>>>>>>>>>>>
11:14:01   Mean positive scores: 5.425991058349609
11:14:01   Mean negative scores: 0.27902165055274963
11:14:01   BPR loss: 0.13284945487976074
11:14:05   >>>>>>>>>>>>>>>>>>>>>>>>>>>>>>
11:14:05   Mean positive scores: 5.8730034828186035
11:14:05   Mean negative scores: 0.9065797924995422
11:14:05   BPR loss: 0.23256255686283112
11:14:10   >>>>>>>>>>>>>>>>>>>>>>>>>>>>>>
11:14:10   Mean positive scores: 5.559167861938477
11:14:10   Mean negative scores: 0.16959267854690552
11:14:10   BPR loss: 0.17393475770950317
11:14:15   >>>>>>>>>>>>>>>>>>>>>>>>>>>>>>
11:14:15   Mean positive scores: 6.219821929931641
11:14:15   Mean negative scores: 0.24059434235095978
11:14:15   BPR loss: 0.06867916882038116
11:14:19   >>>>>>>>>>>>>>>>>>>>>>>>>>>>>>
11:14:19   Mean positive scores: 6.0166015625
11:14:19   Mean negative scores: 0.7381157279014587
11:14:19   BPR loss: 0.37908846139907837
11:14:24   >>>>>>>>>>>>>>>>>>>>>>>>>>>>>>
11:14:24   Mean positive scores: 4.850677013397217
11:14:24   Mean negative scores: 0.10147234797477722
11:14:24   BPR loss: 0.063841313123703
11:14:28   >>>>>>>>>>>>>>>>>>>>>>>>>>>>>>
11:14:28   Mean positive scores: 5.779412269592285
11:14:28   Mean negative scores: 0.24902138113975525
11:14:28   BPR loss: 0.19469860196113586
11:14:33   >>>>>>>>>>>>>>>>>>>>>>>>>>>>>>
11:14:33   Mean positive scores: 5.877830505371094
11:14:33   Mean negative scores: -0.012061133980751038
11:14:33   BPR loss: 0.09360606968402863
11:14:37   >>>>>>>>>>>>>>>>>>>>>>>>>>>>>>
11:14:37   Mean positive scores: 5.935769081115723
11:14:37   Mean negative scores: 0.26244020462036133
11:14:37   BPR loss: 0.16035179793834686
11:14:42   >>>>>>>>>>>>>>>>>>>>>>>>>>>>>>
11:14:42   Mean positive scores: 6.601499080657959
11:14:42   Mean negative scores: 0.33974093198776245
11:14:42   BPR loss: 0.12734857201576233
11:14:47   >>>>>>>>>>>>>>>>>>>>>>>>>>>>>>
11:14:47   Mean positive scores: 6.064724922180176
11:14:47   Mean negative scores: -0.28268352150917053
11:14:47   BPR loss: 0.10579551756381989
11:14:51   >>>>>>>>>>>>>>>>>>>>>>>>>>>>>>
11:14:51   Mean positive scores: 6.004637718200684
11:14:51   Mean negative scores: 0.8809770345687866
11:14:51   BPR loss: 0.26865798234939575
11:14:56   >>>>>>>>>>>>>>>>>>>>>>>>>>>>>>
11:14:56   Mean positive scores: 5.23762845993042
11:14:56   Mean negative scores: 0.4877166748046875
11:14:56   BPR loss: 0.14095434546470642
11:15:00   >>>>>>>>>>>>>>>>>>>>>>>>>>>>>>
11:15:00   Mean positive scores: 5.871561527252197
11:15:00   Mean negative scores: 0.111788809299469
11:15:00   BPR loss: 0.09335148334503174
11:15:05   >>>>>>>>>>>>>>>>>>>>>>>>>>>>>>
11:15:05   Mean positive scores: 6.357831001281738
11:15:05   Mean negative scores: 0.11015438288450241
11:15:05   BPR loss: 0.149846151471138
11:15:10   >>>>>>>>>>>>>>>>>>>>>>>>>>>>>>
11:15:10   Mean positive scores: 6.4015607833862305
11:15:10   Mean negative scores: 0.26133933663368225
11:15:10   BPR loss: 0.07421284168958664
11:15:14   >>>>>>>>>>>>>>>>>>>>>>>>>>>>>>
11:15:14   Mean positive scores: 6.553227424621582
11:15:14   Mean negative scores: -0.0910850241780281
11:15:14   BPR loss: 0.0848914310336113
11:15:16   >>>>>>>>>>>>>>>>>>>>>>>>>>>>>>
11:15:16   Epoch 0 end
11:15:16   ------------------------------
11:15:16   average loss: 0.177621
11:15:16   Save checkpoint to model_epoch_1.pth
11:15:16   >>>>>>>>>>>>>>>>>>>>>>>>>>>>>>
11:15:16   Evaluate on valid
