/itet-stor/trachsele/net_scratch/conda/lib/python3.12/site-packages/conda/base/context.py:982: FutureWarning: Adding 'defaults' to the channel list implicitly is deprecated and will be removed in 25.3. 

To remove this warning, please choose a default channel explicitly via 'conda config --add channels <name>', e.g. 'conda config --add channels defaults'.
  deprecated.topic(
12:03:51   Random seed: 1024
12:03:51   Config file: config/recommender/slurm_cfg.yaml
12:03:51   {'checkpoint': None,
 'dataset': {'class': 'Amazon_Beauty',
             'root': '/itet-stor/trachsele/net_scratch/tl4rec/model_outputs/data'},
 'model': {'class': 'Ultra',
           'embedding_item': {'hidden_dims': [32, 32], 'input_dim': 6421},
           'embedding_user': {'hidden_dims': [32, 32], 'input_dim': 20},
           'entity_model': {'aggregate_func': 'sum',
                            'class': 'EntityNBFNet',
                            'hidden_dims': [32, 32, 32, 32, 32],
                            'input_dim': 32,
                            'layer_norm': True,
                            'message_func': 'distmult',
                            'short_cut': True},
           'relation_model': {'aggregate_func': 'sum',
                              'class': 'RelNBFNet',
                              'hidden_dims': [8, 8],
                              'input_dim': 8,
                              'layer_norm': True,
                              'message_func': 'distmult',
                              'short_cut': True},
           'simple_model': {'aggregate_func': 'sum',
                            'class': 'SimpleNBFNet',
                            'hidden_dims': [40, 40, 40, 40],
                            'input_dim': 40,
                            'layer_norm': True,
                            'message_func': 'distmult',
                            'short_cut': True}},
 'model_type': 'LightGCN',
 'optimizer': {'class': 'AdamW', 'lr': 0.005},
 'output_dir': '/itet-stor/trachsele/net_scratch/tl4rec/model_outputs/logs',
 'task': {'adversarial_temperature': 0,
          'metric': ['mr', 'mrr', 'hits@1', 'hits@3', 'hits@10', 'ndcg@20'],
          'name': 'TransductiveInference',
          'num_negative': 8,
          'strict_negative': True},
 'train': {'batch_per_epoch': 575,
           'batch_size': 512,
           'gpus': [0],
           'gradient_clip': False,
           'init_linear_weights': False,
           'log_interval': 100,
           'loss': 'bpr',
           'num_epoch': 100,
           'num_evals': 10,
           'target_metric': 'ndcg@20',
           'test_batch_size': 8,
           'wandb': True}}
wandb: Using wandb-core as the SDK backend. Please refer to https://wandb.me/wandb-core for more information.
wandb: Currently logged in as: pitri (pitri-eth-z-rich). Use `wandb login --relogin` to force relogin
wandb: Tracking run with wandb version 0.18.5
wandb: Run data is saved locally in /usr/itetnas04/data-scratch-01/trachsele/data/tl4rec/model_outputs/logs/Ultra/Amazon_Beauty/2024-12-10-12-03-51/wandb/run-20241210_120351-nsffmo9m
wandb: Run `wandb offline` to turn off syncing.
wandb: Syncing run run-Amazon_Beauty-2024-12-10_12-03
wandb: ⭐️ View project at https://wandb.ai/pitri-eth-z-rich/tl4rec
wandb: 🚀 View run at https://wandb.ai/pitri-eth-z-rich/tl4rec/runs/nsffmo9m
12:03:54   Amazon_Beauty dataset
12:03:54   #train: 293912, #valid: 50498, #test: 50498
12:03:55   ------------------------------
12:03:55   Number of parameters: 7007552
12:03:55   >>>>>>>>>>>>>>>>>>>>>>>>>>>>>>
12:03:55   Epoch 0 begin
12:03:56   >>>>>>>>>>>>>>>>>>>>>>>>>>>>>>
12:03:56   Mean positive scores: 4.1872888687066734e-05
12:03:56   Mean negative scores: 1.0384234627736078e-07
12:03:56   BPR loss: 0.6931263208389282
12:03:57   >>>>>>>>>>>>>>>>>>>>>>>>>>>>>>
12:03:58   Mean positive scores: 0.45868897438049316
12:03:58   Mean negative scores: 0.035018421709537506
12:03:58   BPR loss: 0.5553668737411499
12:03:59   >>>>>>>>>>>>>>>>>>>>>>>>>>>>>>
12:03:59   Mean positive scores: 0.7318052649497986
12:04:00   Mean negative scores: 0.08246093988418579
12:04:00   BPR loss: 0.5179533958435059
12:04:01   >>>>>>>>>>>>>>>>>>>>>>>>>>>>>>
12:04:01   Mean positive scores: 1.0165576934814453
12:04:01   Mean negative scores: 0.11572429537773132
12:04:01   BPR loss: 0.46295055747032166
12:04:03   >>>>>>>>>>>>>>>>>>>>>>>>>>>>>>
12:04:03   Mean positive scores: 1.2501951456069946
12:04:03   Mean negative scores: 0.1639949232339859
12:04:03   BPR loss: 0.43572375178337097
12:04:05   >>>>>>>>>>>>>>>>>>>>>>>>>>>>>>
12:04:05   Mean positive scores: 1.772840976715088
12:04:05   Mean negative scores: 0.18446514010429382
12:04:05   BPR loss: 0.38608595728874207
12:04:07   >>>>>>>>>>>>>>>>>>>>>>>>>>>>>>
12:04:07   Epoch 0 end
12:04:07   ------------------------------
12:04:07   average loss: 0.48474
12:04:07   >>>>>>>>>>>>>>>>>>>>>>>>>>>>>>
12:04:07   Epoch 1 begin
12:04:07   >>>>>>>>>>>>>>>>>>>>>>>>>>>>>>
12:04:08   Mean positive scores: 2.0946271419525146
12:04:08   Mean negative scores: 0.20244759321212769
12:04:08   BPR loss: 0.3551938533782959
12:04:09   >>>>>>>>>>>>>>>>>>>>>>>>>>>>>>
12:04:09   Mean positive scores: 2.119471311569214
12:04:09   Mean negative scores: 0.3009333610534668
12:04:09   BPR loss: 0.3431614339351654
12:04:11   >>>>>>>>>>>>>>>>>>>>>>>>>>>>>>
12:04:11   Mean positive scores: 2.61452054977417
12:04:11   Mean negative scores: 0.3021217882633209
12:04:11   BPR loss: 0.30766791105270386
12:04:13   >>>>>>>>>>>>>>>>>>>>>>>>>>>>>>
12:04:13   Mean positive scores: 2.7568094730377197
12:04:13   Mean negative scores: 0.35935378074645996
12:04:13   BPR loss: 0.29194843769073486
12:04:15   >>>>>>>>>>>>>>>>>>>>>>>>>>>>>>
12:04:15   Mean positive scores: 2.722390651702881
12:04:15   Mean negative scores: 0.3245987594127655
12:04:15   BPR loss: 0.2999098002910614
12:04:17   >>>>>>>>>>>>>>>>>>>>>>>>>>>>>>
12:04:17   Mean positive scores: 3.2806999683380127
12:04:17   Mean negative scores: 0.39248955249786377
12:04:17   BPR loss: 0.27699723839759827
12:04:18   >>>>>>>>>>>>>>>>>>>>>>>>>>>>>>
12:04:18   Epoch 1 end
12:04:18   ------------------------------
12:04:18   average loss: 0.316317
12:04:18   >>>>>>>>>>>>>>>>>>>>>>>>>>>>>>
12:04:18   Epoch 2 begin
12:04:19   >>>>>>>>>>>>>>>>>>>>>>>>>>>>>>
12:04:19   Mean positive scores: 3.1623992919921875
12:04:19   Mean negative scores: 0.3995877504348755
12:04:19   BPR loss: 0.26692330837249756
12:04:21   >>>>>>>>>>>>>>>>>>>>>>>>>>>>>>
12:04:21   Mean positive scores: 3.909940242767334
12:04:21   Mean negative scores: 0.45137935876846313
12:04:21   BPR loss: 0.24162326753139496
12:04:23   >>>>>>>>>>>>>>>>>>>>>>>>>>>>>>
12:04:23   Mean positive scores: 3.7856028079986572
12:04:23   Mean negative scores: 0.4474356174468994
12:04:23   BPR loss: 0.2501485347747803
12:04:25   >>>>>>>>>>>>>>>>>>>>>>>>>>>>>>
12:04:25   Mean positive scores: 3.9449939727783203
12:04:25   Mean negative scores: 0.5005675554275513
12:04:25   BPR loss: 0.2283284068107605
12:04:27   >>>>>>>>>>>>>>>>>>>>>>>>>>>>>>
12:04:27   Mean positive scores: 4.315911293029785
12:04:27   Mean negative scores: 0.4556881785392761
12:04:27   BPR loss: 0.22459040582180023
12:04:29   >>>>>>>>>>>>>>>>>>>>>>>>>>>>>>
12:04:29   Mean positive scores: 4.340538024902344
12:04:29   Mean negative scores: 0.44931524991989136
12:04:29   BPR loss: 0.2075672447681427
12:04:30   >>>>>>>>>>>>>>>>>>>>>>>>>>>>>>
12:04:30   Epoch 2 end
12:04:30   ------------------------------
12:04:30   average loss: 0.234623
12:04:30   >>>>>>>>>>>>>>>>>>>>>>>>>>>>>>
12:04:30   Epoch 3 begin
12:04:31   >>>>>>>>>>>>>>>>>>>>>>>>>>>>>>
12:04:31   Mean positive scores: 4.413211822509766
12:04:31   Mean negative scores: 0.5655112266540527
12:04:31   BPR loss: 0.18739493191242218
12:04:33   >>>>>>>>>>>>>>>>>>>>>>>>>>>>>>
12:04:33   Mean positive scores: 4.859111309051514
12:04:33   Mean negative scores: 0.5261932611465454
12:04:33   BPR loss: 0.17131435871124268
12:04:35   >>>>>>>>>>>>>>>>>>>>>>>>>>>>>>
12:04:35   Mean positive scores: 4.5967912673950195
12:04:35   Mean negative scores: 0.47583651542663574
12:04:35   BPR loss: 0.1679162085056305
12:04:37   >>>>>>>>>>>>>>>>>>>>>>>>>>>>>>
12:04:37   Mean positive scores: 4.957006931304932
12:04:37   Mean negative scores: 0.45939570665359497
12:04:37   BPR loss: 0.18058332800865173
12:04:39   >>>>>>>>>>>>>>>>>>>>>>>>>>>>>>
12:04:39   Mean positive scores: 4.793564319610596
12:04:39   Mean negative scores: 0.5282456874847412
12:04:39   BPR loss: 0.19922944903373718
12:04:41   >>>>>>>>>>>>>>>>>>>>>>>>>>>>>>
12:04:41   Epoch 3 end
12:04:41   ------------------------------
12:04:41   average loss: 0.185041
12:04:41   >>>>>>>>>>>>>>>>>>>>>>>>>>>>>>
12:04:41   Epoch 4 begin
12:04:41   >>>>>>>>>>>>>>>>>>>>>>>>>>>>>>
12:04:41   Mean positive scores: 4.960015296936035
12:04:41   Mean negative scores: 0.49130386114120483
12:04:41   BPR loss: 0.1543792486190796
12:04:43   >>>>>>>>>>>>>>>>>>>>>>>>>>>>>>
12:04:43   Mean positive scores: 5.400270462036133
12:04:43   Mean negative scores: 0.5380735397338867
12:04:43   BPR loss: 0.16196474432945251
12:04:45   >>>>>>>>>>>>>>>>>>>>>>>>>>>>>>
12:04:45   Mean positive scores: 5.717504978179932
12:04:45   Mean negative scores: 0.5488466024398804
12:04:45   BPR loss: 0.13530439138412476
12:04:47   >>>>>>>>>>>>>>>>>>>>>>>>>>>>>>
12:04:47   Mean positive scores: 4.927497863769531
12:04:47   Mean negative scores: 0.4837024211883545
12:04:47   BPR loss: 0.15872126817703247
12:04:49   >>>>>>>>>>>>>>>>>>>>>>>>>>>>>>
12:04:49   Mean positive scores: 5.5035200119018555
12:04:49   Mean negative scores: 0.48650357127189636
12:04:49   BPR loss: 0.13745605945587158
12:04:51   >>>>>>>>>>>>>>>>>>>>>>>>>>>>>>
12:04:51   Mean positive scores: 5.551055908203125
12:04:51   Mean negative scores: 0.5545228719711304
12:04:51   BPR loss: 0.1316746026277542
12:04:53   >>>>>>>>>>>>>>>>>>>>>>>>>>>>>>
12:04:53   Epoch 4 end
12:04:53   ------------------------------
12:04:53   average loss: 0.150251
12:04:53   >>>>>>>>>>>>>>>>>>>>>>>>>>>>>>
12:04:53   Epoch 5 begin
12:04:53   >>>>>>>>>>>>>>>>>>>>>>>>>>>>>>
12:04:53   Mean positive scores: 5.807822227478027
12:04:53   Mean negative scores: 0.5717101097106934
12:04:53   BPR loss: 0.12906356155872345
12:04:55   >>>>>>>>>>>>>>>>>>>>>>>>>>>>>>
12:04:55   Mean positive scores: 6.052909851074219
12:04:55   Mean negative scores: 0.586166262626648
12:04:55   BPR loss: 0.14627596735954285
12:04:57   >>>>>>>>>>>>>>>>>>>>>>>>>>>>>>
12:04:57   Mean positive scores: 6.270490646362305
12:04:57   Mean negative scores: 0.5256751775741577
12:04:57   BPR loss: 0.12021098285913467
12:04:59   >>>>>>>>>>>>>>>>>>>>>>>>>>>>>>
12:04:59   Mean positive scores: 6.35698127746582
12:04:59   Mean negative scores: 0.5019350051879883
12:04:59   BPR loss: 0.11301742494106293
12:05:01   >>>>>>>>>>>>>>>>>>>>>>>>>>>>>>
12:05:01   Mean positive scores: 6.0378265380859375
12:05:01   Mean negative scores: 0.4816433787345886
12:05:01   BPR loss: 0.13269376754760742
12:05:03   >>>>>>>>>>>>>>>>>>>>>>>>>>>>>>
12:05:03   Mean positive scores: 6.049580097198486
12:05:03   Mean negative scores: 0.5190236568450928
12:05:03   BPR loss: 0.12397976219654083
12:05:04   >>>>>>>>>>>>>>>>>>>>>>>>>>>>>>
12:05:04   Epoch 5 end
12:05:04   ------------------------------
12:05:04   average loss: 0.12528
12:05:04   >>>>>>>>>>>>>>>>>>>>>>>>>>>>>>
12:05:04   Epoch 6 begin
12:05:05   >>>>>>>>>>>>>>>>>>>>>>>>>>>>>>
12:05:05   Mean positive scores: 6.333799362182617
12:05:05   Mean negative scores: 0.6061863303184509
12:05:05   BPR loss: 0.11884379386901855
12:05:07   >>>>>>>>>>>>>>>>>>>>>>>>>>>>>>
12:05:07   Mean positive scores: 6.337217807769775
12:05:07   Mean negative scores: 0.49267739057540894
12:05:07   BPR loss: 0.1260654479265213
12:05:09   >>>>>>>>>>>>>>>>>>>>>>>>>>>>>>
12:05:09   Mean positive scores: 6.277199745178223
12:05:09   Mean negative scores: 0.5002679228782654
12:05:09   BPR loss: 0.10043797641992569
12:05:11   >>>>>>>>>>>>>>>>>>>>>>>>>>>>>>
12:05:11   Mean positive scores: 6.451475143432617
12:05:11   Mean negative scores: 0.505519449710846
12:05:11   BPR loss: 0.12387709319591522
12:05:13   >>>>>>>>>>>>>>>>>>>>>>>>>>>>>>
12:05:13   Mean positive scores: 6.634404182434082
12:05:13   Mean negative scores: 0.45622333884239197
12:05:13   BPR loss: 0.12268431484699249
12:05:15   >>>>>>>>>>>>>>>>>>>>>>>>>>>>>>
12:05:15   Mean positive scores: 6.190788269042969
12:05:15   Mean negative scores: 0.4475523829460144
12:05:15   BPR loss: 0.10930042713880539
12:05:16   >>>>>>>>>>>>>>>>>>>>>>>>>>>>>>
12:05:16   Epoch 6 end
12:05:16   ------------------------------
12:05:16   average loss: 0.104485
12:05:16   >>>>>>>>>>>>>>>>>>>>>>>>>>>>>>
12:05:16   Epoch 7 begin
12:05:17   >>>>>>>>>>>>>>>>>>>>>>>>>>>>>>
12:05:17   Mean positive scores: 6.894906044006348
12:05:17   Mean negative scores: 0.4539289176464081
12:05:17   BPR loss: 0.0869307667016983
12:05:19   >>>>>>>>>>>>>>>>>>>>>>>>>>>>>>
12:05:19   Mean positive scores: 7.029414176940918
12:05:19   Mean negative scores: 0.35070353746414185
12:05:19   BPR loss: 0.08735005557537079
12:05:21   >>>>>>>>>>>>>>>>>>>>>>>>>>>>>>
12:05:21   Mean positive scores: 7.402059078216553
12:05:21   Mean negative scores: 0.3670874834060669
12:05:21   BPR loss: 0.09595305472612381
12:05:23   >>>>>>>>>>>>>>>>>>>>>>>>>>>>>>
12:05:23   Mean positive scores: 6.835407257080078
12:05:23   Mean negative scores: 0.5731052160263062
12:05:23   BPR loss: 0.09822769463062286
12:05:25   >>>>>>>>>>>>>>>>>>>>>>>>>>>>>>
12:05:25   Mean positive scores: 7.4098711013793945
12:05:25   Mean negative scores: 0.47235116362571716
12:05:25   BPR loss: 0.08751154690980911
12:05:27   >>>>>>>>>>>>>>>>>>>>>>>>>>>>>>
12:05:27   Epoch 7 end
12:05:27   ------------------------------
12:05:27   average loss: 0.0881573
12:05:27   >>>>>>>>>>>>>>>>>>>>>>>>>>>>>>
12:05:27   Epoch 8 begin
12:05:27   >>>>>>>>>>>>>>>>>>>>>>>>>>>>>>
12:05:27   Mean positive scores: 7.805716514587402
12:05:27   Mean negative scores: 0.4453193247318268
12:05:27   BPR loss: 0.06992391496896744
12:05:29   >>>>>>>>>>>>>>>>>>>>>>>>>>>>>>
12:05:29   Mean positive scores: 7.230032920837402
12:05:29   Mean negative scores: 0.41083887219429016
12:05:29   BPR loss: 0.08293162286281586
12:05:31   >>>>>>>>>>>>>>>>>>>>>>>>>>>>>>
12:05:31   Mean positive scores: 7.719797134399414
12:05:31   Mean negative scores: 0.3825151324272156
12:05:31   BPR loss: 0.061006560921669006
12:05:33   >>>>>>>>>>>>>>>>>>>>>>>>>>>>>>
12:05:33   Mean positive scores: 7.659270286560059
12:05:33   Mean negative scores: 0.435311496257782
12:05:33   BPR loss: 0.06817281991243362
12:05:35   >>>>>>>>>>>>>>>>>>>>>>>>>>>>>>
12:05:35   Mean positive scores: 7.035736560821533
12:05:35   Mean negative scores: 0.39357316493988037
12:05:35   BPR loss: 0.08783219009637833
12:05:37   >>>>>>>>>>>>>>>>>>>>>>>>>>>>>>
12:05:37   Mean positive scores: 7.400768280029297
12:05:37   Mean negative scores: 0.39364612102508545
12:05:37   BPR loss: 0.06874221563339233
12:05:39   >>>>>>>>>>>>>>>>>>>>>>>>>>>>>>
12:05:39   Epoch 8 end
12:05:39   ------------------------------
12:05:39   average loss: 0.0746642
12:05:39   >>>>>>>>>>>>>>>>>>>>>>>>>>>>>>
12:05:39   Epoch 9 begin
12:05:39   >>>>>>>>>>>>>>>>>>>>>>>>>>>>>>
12:05:39   Mean positive scores: 7.352137565612793
12:05:39   Mean negative scores: 0.42311370372772217
12:05:39   BPR loss: 0.0879412442445755
12:05:41   >>>>>>>>>>>>>>>>>>>>>>>>>>>>>>
12:05:41   Mean positive scores: 7.479358673095703
12:05:41   Mean negative scores: 0.40355226397514343
12:05:41   BPR loss: 0.06326812505722046
12:05:43   >>>>>>>>>>>>>>>>>>>>>>>>>>>>>>
12:05:43   Mean positive scores: 8.032129287719727
12:05:43   Mean negative scores: 0.4329698085784912
12:05:43   BPR loss: 0.05683998391032219
12:05:45   >>>>>>>>>>>>>>>>>>>>>>>>>>>>>>
12:05:45   Mean positive scores: 7.668880462646484
12:05:45   Mean negative scores: 0.2936711311340332
12:05:45   BPR loss: 0.055493906140327454
12:05:47   >>>>>>>>>>>>>>>>>>>>>>>>>>>>>>
12:05:47   Mean positive scores: 7.933685302734375
12:05:47   Mean negative scores: 0.33258795738220215
12:05:47   BPR loss: 0.06380750238895416
12:05:49   >>>>>>>>>>>>>>>>>>>>>>>>>>>>>>
12:05:49   Mean positive scores: 8.09412956237793
12:05:49   Mean negative scores: 0.35783177614212036
12:05:49   BPR loss: 0.05012034252285957
12:05:50   >>>>>>>>>>>>>>>>>>>>>>>>>>>>>>
12:05:50   Epoch 9 end
12:05:50   ------------------------------
12:05:50   average loss: 0.0628356
12:05:50   Save checkpoint to model_epoch_10.pth
12:05:51   >>>>>>>>>>>>>>>>>>>>>>>>>>>>>>
12:05:51   Evaluate on valid
12:08:12   mr: 14892.1
12:08:12   mrr: 0.0111426
12:08:12   hits@1: 0.00326746
12:08:12   hits@3: 0.00942612
12:08:12   hits@10: 0.0237039
12:08:12   ndcg@20: 0.0133489
12:08:12   >>>>>>>>>>>>>>>>>>>>>>>>>>>>>>
12:08:12   Epoch 10 begin
12:08:13   >>>>>>>>>>>>>>>>>>>>>>>>>>>>>>
12:08:13   Mean positive scores: 8.468563079833984
12:08:13   Mean negative scores: 0.43967872858047485
12:08:13   BPR loss: 0.04234372451901436
12:08:15   >>>>>>>>>>>>>>>>>>>>>>>>>>>>>>
12:08:15   Mean positive scores: 8.31206226348877
12:08:15   Mean negative scores: 0.36506426334381104
12:08:15   BPR loss: 0.04854770377278328
12:08:17   >>>>>>>>>>>>>>>>>>>>>>>>>>>>>>
12:08:17   Mean positive scores: 8.39986801147461
12:08:17   Mean negative scores: 0.42724913358688354
12:08:17   BPR loss: 0.0564332976937294
12:08:19   >>>>>>>>>>>>>>>>>>>>>>>>>>>>>>
12:08:19   Mean positive scores: 7.96237850189209
12:08:19   Mean negative scores: 0.40612298250198364
12:08:19   BPR loss: 0.05816490203142166
12:08:21   >>>>>>>>>>>>>>>>>>>>>>>>>>>>>>
12:08:21   Mean positive scores: 8.619942665100098
12:08:21   Mean negative scores: 0.2586944103240967
12:08:21   BPR loss: 0.046431466937065125
12:08:23   >>>>>>>>>>>>>>>>>>>>>>>>>>>>>>
12:08:23   Mean positive scores: 7.865570068359375
12:08:23   Mean negative scores: 0.38833916187286377
12:08:23   BPR loss: 0.05292937532067299
12:08:24   >>>>>>>>>>>>>>>>>>>>>>>>>>>>>>
12:08:24   Epoch 10 end
12:08:24   ------------------------------
12:08:24   average loss: 0.0528425
12:08:24   >>>>>>>>>>>>>>>>>>>>>>>>>>>>>>
12:08:24   Epoch 11 begin
12:08:25   >>>>>>>>>>>>>>>>>>>>>>>>>>>>>>
12:08:25   Mean positive scores: 8.679516792297363
12:08:25   Mean negative scores: 0.30220383405685425
12:08:25   BPR loss: 0.03453440964221954
12:08:27   >>>>>>>>>>>>>>>>>>>>>>>>>>>>>>
12:08:27   Mean positive scores: 8.088595390319824
12:08:27   Mean negative scores: 0.36361241340637207
12:08:27   BPR loss: 0.03700659051537514
12:08:29   >>>>>>>>>>>>>>>>>>>>>>>>>>>>>>
12:08:29   Mean positive scores: 8.629779815673828
12:08:29   Mean negative scores: 0.3781506419181824
12:08:29   BPR loss: 0.039745528250932693
12:08:31   >>>>>>>>>>>>>>>>>>>>>>>>>>>>>>
12:08:31   Mean positive scores: 8.952392578125
12:08:31   Mean negative scores: 0.25676706433296204
12:08:31   BPR loss: 0.04185015708208084
12:08:33   >>>>>>>>>>>>>>>>>>>>>>>>>>>>>>
12:08:33   Mean positive scores: 8.495233535766602
12:08:33   Mean negative scores: 0.38074618577957153
12:08:33   BPR loss: 0.03941833972930908
12:08:35   >>>>>>>>>>>>>>>>>>>>>>>>>>>>>>
12:08:35   Epoch 11 end
12:08:35   ------------------------------
12:08:35   average loss: 0.0448521
12:08:35   >>>>>>>>>>>>>>>>>>>>>>>>>>>>>>
12:08:35   Epoch 12 begin
12:08:35   >>>>>>>>>>>>>>>>>>>>>>>>>>>>>>
12:08:35   Mean positive scores: 8.361014366149902
12:08:35   Mean negative scores: 0.3072375953197479
12:08:35   BPR loss: 0.04208611696958542
12:08:37   >>>>>>>>>>>>>>>>>>>>>>>>>>>>>>
12:08:37   Mean positive scores: 9.199256896972656
12:08:37   Mean negative scores: 0.4567107856273651
12:08:37   BPR loss: 0.043377120047807693
12:08:39   >>>>>>>>>>>>>>>>>>>>>>>>>>>>>>
12:08:39   Mean positive scores: 8.906026840209961
12:08:39   Mean negative scores: 0.2838309407234192
12:08:39   BPR loss: 0.0380447693169117
12:08:41   >>>>>>>>>>>>>>>>>>>>>>>>>>>>>>
12:08:41   Mean positive scores: 9.339282989501953
12:08:41   Mean negative scores: 0.2386888563632965
12:08:41   BPR loss: 0.029727797955274582
12:08:43   >>>>>>>>>>>>>>>>>>>>>>>>>>>>>>
12:08:43   Mean positive scores: 8.635059356689453
12:08:43   Mean negative scores: 0.38196465373039246
12:08:43   BPR loss: 0.04770084470510483
12:08:45   >>>>>>>>>>>>>>>>>>>>>>>>>>>>>>
12:08:45   Mean positive scores: 8.95969009399414
12:08:45   Mean negative scores: 0.37197399139404297
12:08:45   BPR loss: 0.039297934621572495
12:08:47   >>>>>>>>>>>>>>>>>>>>>>>>>>>>>>
12:08:47   Epoch 12 end
12:08:47   ------------------------------
12:08:47   average loss: 0.0378281
12:08:47   >>>>>>>>>>>>>>>>>>>>>>>>>>>>>>
12:08:47   Epoch 13 begin
12:08:47   >>>>>>>>>>>>>>>>>>>>>>>>>>>>>>
12:08:47   Mean positive scores: 8.38099193572998
12:08:47   Mean negative scores: 0.3295291066169739
12:08:47   BPR loss: 0.039615049958229065
12:08:49   >>>>>>>>>>>>>>>>>>>>>>>>>>>>>>
12:08:49   Mean positive scores: 9.388256072998047
12:08:49   Mean negative scores: 0.251848042011261
12:08:49   BPR loss: 0.04551810771226883
12:08:51   >>>>>>>>>>>>>>>>>>>>>>>>>>>>>>
12:08:51   Mean positive scores: 8.889749526977539
12:08:51   Mean negative scores: 0.42016714811325073
12:08:51   BPR loss: 0.034145016223192215
12:08:53   >>>>>>>>>>>>>>>>>>>>>>>>>>>>>>
12:08:53   Mean positive scores: 9.026272773742676
12:08:53   Mean negative scores: 0.4400755763053894
12:08:53   BPR loss: 0.05163329094648361
12:08:55   >>>>>>>>>>>>>>>>>>>>>>>>>>>>>>
12:08:56   Mean positive scores: 8.88211441040039
12:08:56   Mean negative scores: 0.2823293209075928
12:08:56   BPR loss: 0.04295985773205757
12:08:57   >>>>>>>>>>>>>>>>>>>>>>>>>>>>>>
12:08:58   Mean positive scores: 9.882230758666992
12:08:58   Mean negative scores: 0.31182312965393066
12:08:58   BPR loss: 0.029977068305015564
12:08:58   >>>>>>>>>>>>>>>>>>>>>>>>>>>>>>
12:08:58   Epoch 13 end
12:08:58   ------------------------------
12:08:58   average loss: 0.03159
12:08:58   >>>>>>>>>>>>>>>>>>>>>>>>>>>>>>
12:08:58   Epoch 14 begin
12:09:00   >>>>>>>>>>>>>>>>>>>>>>>>>>>>>>
12:09:00   Mean positive scores: 9.83471393585205
12:09:00   Mean negative scores: 0.23441560566425323
12:09:00   BPR loss: 0.02282625623047352
12:09:02   >>>>>>>>>>>>>>>>>>>>>>>>>>>>>>
12:09:02   Mean positive scores: 9.924083709716797
12:09:02   Mean negative scores: 0.22757622599601746
12:09:02   BPR loss: 0.03267446160316467
12:09:04   >>>>>>>>>>>>>>>>>>>>>>>>>>>>>>
12:09:04   Mean positive scores: 10.005353927612305
12:09:04   Mean negative scores: 0.2506925165653229
12:09:04   BPR loss: 0.031532470136880875
12:09:06   >>>>>>>>>>>>>>>>>>>>>>>>>>>>>>
12:09:06   Mean positive scores: 9.485756874084473
12:09:06   Mean negative scores: 0.29654553532600403
12:09:06   BPR loss: 0.025567520409822464
12:09:08   >>>>>>>>>>>>>>>>>>>>>>>>>>>>>>
12:09:08   Mean positive scores: 9.498919486999512
12:09:08   Mean negative scores: 0.4329562783241272
12:09:08   BPR loss: 0.02709018439054489
12:09:10   >>>>>>>>>>>>>>>>>>>>>>>>>>>>>>
12:09:10   Mean positive scores: 9.712657928466797
12:09:10   Mean negative scores: 0.1980220377445221
12:09:10   BPR loss: 0.02103131078183651
12:09:10   >>>>>>>>>>>>>>>>>>>>>>>>>>>>>>
12:09:10   Epoch 14 end
12:09:10   ------------------------------
12:09:10   average loss: 0.0264229
12:09:10   >>>>>>>>>>>>>>>>>>>>>>>>>>>>>>
12:09:10   Epoch 15 begin
12:09:12   >>>>>>>>>>>>>>>>>>>>>>>>>>>>>>
12:09:12   Mean positive scores: 9.738208770751953
12:09:12   Mean negative scores: 0.3017639219760895
12:09:12   BPR loss: 0.030308187007904053
12:09:14   >>>>>>>>>>>>>>>>>>>>>>>>>>>>>>
12:09:14   Mean positive scores: 10.170869827270508
12:09:14   Mean negative scores: 0.16954435408115387
12:09:14   BPR loss: 0.014312343671917915
12:09:16   >>>>>>>>>>>>>>>>>>>>>>>>>>>>>>
12:09:16   Mean positive scores: 9.887992858886719
12:09:16   Mean negative scores: 0.18204596638679504
12:09:16   BPR loss: 0.023626862093806267
12:09:18   >>>>>>>>>>>>>>>>>>>>>>>>>>>>>>
12:09:18   Mean positive scores: 9.879388809204102
12:09:18   Mean negative scores: 0.17974050343036652
12:09:18   BPR loss: 0.026732342317700386
12:09:20   >>>>>>>>>>>>>>>>>>>>>>>>>>>>>>
12:09:20   Mean positive scores: 9.634838104248047
12:09:20   Mean negative scores: 0.30426254868507385
12:09:20   BPR loss: 0.02031668648123741
12:09:22   >>>>>>>>>>>>>>>>>>>>>>>>>>>>>>
12:09:22   Epoch 15 end
12:09:22   ------------------------------
12:09:22   average loss: 0.0221083
12:09:22   >>>>>>>>>>>>>>>>>>>>>>>>>>>>>>
12:09:22   Epoch 16 begin
12:09:22   >>>>>>>>>>>>>>>>>>>>>>>>>>>>>>
12:09:22   Mean positive scores: 9.688860893249512
12:09:22   Mean negative scores: 0.32596826553344727
12:09:22   BPR loss: 0.03489765524864197
12:09:24   >>>>>>>>>>>>>>>>>>>>>>>>>>>>>>
12:09:24   Mean positive scores: 10.15865707397461
12:09:24   Mean negative scores: 0.12414269894361496
12:09:24   BPR loss: 0.01542136911302805
12:09:26   >>>>>>>>>>>>>>>>>>>>>>>>>>>>>>
12:09:26   Mean positive scores: 10.113831520080566
12:09:26   Mean negative scores: 0.4017539620399475
12:09:26   BPR loss: 0.016917262226343155
12:09:28   >>>>>>>>>>>>>>>>>>>>>>>>>>>>>>
12:09:28   Mean positive scores: 10.133935928344727
12:09:28   Mean negative scores: 0.254868745803833
12:09:28   BPR loss: 0.014231356792151928
12:09:30   >>>>>>>>>>>>>>>>>>>>>>>>>>>>>>
12:09:30   Mean positive scores: 10.651435852050781
12:09:30   Mean negative scores: 0.1805627942085266
12:09:30   BPR loss: 0.02060530334711075
12:09:32   >>>>>>>>>>>>>>>>>>>>>>>>>>>>>>
12:09:32   Mean positive scores: 10.86340618133545
12:09:32   Mean negative scores: 0.17228469252586365
12:09:32   BPR loss: 0.01736363396048546
12:09:33   >>>>>>>>>>>>>>>>>>>>>>>>>>>>>>
12:09:33   Epoch 16 end
12:09:33   ------------------------------
12:09:33   average loss: 0.0185297
12:09:33   >>>>>>>>>>>>>>>>>>>>>>>>>>>>>>
12:09:33   Epoch 17 begin
12:09:34   >>>>>>>>>>>>>>>>>>>>>>>>>>>>>>
12:09:34   Mean positive scores: 10.569601058959961
12:09:34   Mean negative scores: 0.34435248374938965
12:09:34   BPR loss: 0.03215979039669037
12:09:36   >>>>>>>>>>>>>>>>>>>>>>>>>>>>>>
12:09:36   Mean positive scores: 10.245697021484375
12:09:36   Mean negative scores: 0.34029218554496765
12:09:36   BPR loss: 0.018726393580436707
12:09:38   >>>>>>>>>>>>>>>>>>>>>>>>>>>>>>
12:09:38   Mean positive scores: 10.351125717163086
12:09:38   Mean negative scores: 0.32306668162345886
12:09:38   BPR loss: 0.018448079004883766
12:09:40   >>>>>>>>>>>>>>>>>>>>>>>>>>>>>>
12:09:40   Mean positive scores: 10.771292686462402
12:09:40   Mean negative scores: 0.15869374573230743
12:09:40   BPR loss: 0.009956520050764084
12:09:42   >>>>>>>>>>>>>>>>>>>>>>>>>>>>>>
12:09:42   Mean positive scores: 11.053049087524414
12:09:42   Mean negative scores: 0.1799861043691635
12:09:42   BPR loss: 0.009475257247686386
12:09:44   >>>>>>>>>>>>>>>>>>>>>>>>>>>>>>
12:09:44   Mean positive scores: 11.502236366271973
12:09:44   Mean negative scores: 0.23839551210403442
12:09:44   BPR loss: 0.014528349973261356
12:09:45   >>>>>>>>>>>>>>>>>>>>>>>>>>>>>>
12:09:45   Epoch 17 end
12:09:45   ------------------------------
12:09:45   average loss: 0.0156495
12:09:45   >>>>>>>>>>>>>>>>>>>>>>>>>>>>>>
12:09:45   Epoch 18 begin
12:09:46   >>>>>>>>>>>>>>>>>>>>>>>>>>>>>>
12:09:46   Mean positive scores: 10.554643630981445
12:09:46   Mean negative scores: 0.1357305943965912
12:09:46   BPR loss: 0.012214899994432926
12:09:48   >>>>>>>>>>>>>>>>>>>>>>>>>>>>>>
12:09:48   Mean positive scores: 11.1680326461792
12:09:48   Mean negative scores: 0.15400801599025726
12:09:48   BPR loss: 0.013134373351931572
12:09:50   >>>>>>>>>>>>>>>>>>>>>>>>>>>>>>
12:09:50   Mean positive scores: 10.668161392211914
12:09:50   Mean negative scores: 0.12445694953203201
12:09:50   BPR loss: 0.01404508575797081
12:09:52   >>>>>>>>>>>>>>>>>>>>>>>>>>>>>>
12:09:52   Mean positive scores: 10.725522994995117
12:09:52   Mean negative scores: 0.20446348190307617
12:09:52   BPR loss: 0.012826808728277683
12:09:54   >>>>>>>>>>>>>>>>>>>>>>>>>>>>>>
12:09:54   Mean positive scores: 10.44609260559082
12:09:54   Mean negative scores: 0.08015957474708557
12:09:54   BPR loss: 0.014246022328734398
12:09:56   >>>>>>>>>>>>>>>>>>>>>>>>>>>>>>
12:09:56   Mean positive scores: 11.033493041992188
12:09:56   Mean negative scores: 0.12931327521800995
12:09:56   BPR loss: 0.009396631270647049
12:09:56   >>>>>>>>>>>>>>>>>>>>>>>>>>>>>>
12:09:56   Epoch 18 end
12:09:56   ------------------------------
12:09:56   average loss: 0.0134834
12:09:56   >>>>>>>>>>>>>>>>>>>>>>>>>>>>>>
12:09:56   Epoch 19 begin
12:09:58   >>>>>>>>>>>>>>>>>>>>>>>>>>>>>>
12:09:58   Mean positive scores: 10.921773910522461
12:09:58   Mean negative scores: 0.06103183701634407
12:09:58   BPR loss: 0.008373970165848732
12:10:00   >>>>>>>>>>>>>>>>>>>>>>>>>>>>>>
12:10:00   Mean positive scores: 11.08073616027832
12:10:00   Mean negative scores: 0.21461090445518494
12:10:00   BPR loss: 0.008610639721155167
12:10:02   >>>>>>>>>>>>>>>>>>>>>>>>>>>>>>
12:10:02   Mean positive scores: 11.2783842086792
12:10:02   Mean negative scores: 0.14152997732162476
12:10:02   BPR loss: 0.007378881331533194
12:10:04   >>>>>>>>>>>>>>>>>>>>>>>>>>>>>>
12:10:04   Mean positive scores: 11.052593231201172
12:10:04   Mean negative scores: 0.05957549065351486
12:10:04   BPR loss: 0.00791088119149208
12:10:06   >>>>>>>>>>>>>>>>>>>>>>>>>>>>>>
12:10:06   Mean positive scores: 10.421815872192383
12:10:06   Mean negative scores: 0.21067148447036743
12:10:06   BPR loss: 0.008456068113446236
12:10:08   >>>>>>>>>>>>>>>>>>>>>>>>>>>>>>
12:10:08   Epoch 19 end
12:10:08   ------------------------------
12:10:08   average loss: 0.0112
12:10:08   Save checkpoint to model_epoch_20.pth
12:10:08   >>>>>>>>>>>>>>>>>>>>>>>>>>>>>>
12:10:08   Evaluate on valid
12:12:30   mr: 15155.2
12:12:30   mrr: 0.0124579
12:12:30   hits@1: 0.00392095
12:12:30   hits@3: 0.0105153
12:12:30   hits@10: 0.027407
12:12:30   ndcg@20: 0.0149646
12:12:30   >>>>>>>>>>>>>>>>>>>>>>>>>>>>>>
12:12:30   Epoch 20 begin
12:12:30   >>>>>>>>>>>>>>>>>>>>>>>>>>>>>>
12:12:30   Mean positive scores: 10.889764785766602
12:12:30   Mean negative scores: 0.24992436170578003
12:12:30   BPR loss: 0.008560455404222012
12:12:32   >>>>>>>>>>>>>>>>>>>>>>>>>>>>>>
12:12:32   Mean positive scores: 11.01197338104248
12:12:32   Mean negative scores: 0.22796711325645447
12:12:32   BPR loss: 0.008962421678006649
12:12:34   >>>>>>>>>>>>>>>>>>>>>>>>>>>>>>
12:12:34   Mean positive scores: 11.34733772277832
12:12:34   Mean negative scores: 0.051018353551626205
12:12:34   BPR loss: 0.006662754341959953
12:12:36   >>>>>>>>>>>>>>>>>>>>>>>>>>>>>>
12:12:36   Mean positive scores: 11.445423126220703
12:12:36   Mean negative scores: 0.18406826257705688
12:12:36   BPR loss: 0.007035771384835243
12:12:38   >>>>>>>>>>>>>>>>>>>>>>>>>>>>>>
12:12:38   Mean positive scores: 11.224998474121094
12:12:38   Mean negative scores: 0.14510588347911835
12:12:38   BPR loss: 0.005479876883327961
12:12:40   >>>>>>>>>>>>>>>>>>>>>>>>>>>>>>
12:12:40   Mean positive scores: 11.023055076599121
12:12:40   Mean negative scores: 0.16230714321136475
12:12:40   BPR loss: 0.014473531395196915
12:12:42   >>>>>>>>>>>>>>>>>>>>>>>>>>>>>>
12:12:42   Epoch 20 end
12:12:42   ------------------------------
12:12:42   average loss: 0.00933467
12:12:42   >>>>>>>>>>>>>>>>>>>>>>>>>>>>>>
12:12:42   Epoch 21 begin
12:12:42   >>>>>>>>>>>>>>>>>>>>>>>>>>>>>>
12:12:42   Mean positive scores: 11.507757186889648
12:12:42   Mean negative scores: 0.1779535561800003
12:12:42   BPR loss: 0.006839640438556671
12:12:44   >>>>>>>>>>>>>>>>>>>>>>>>>>>>>>
12:12:44   Mean positive scores: 11.385431289672852
12:12:44   Mean negative scores: 0.2325895130634308
12:12:44   BPR loss: 0.006494397297501564
12:12:46   >>>>>>>>>>>>>>>>>>>>>>>>>>>>>>
12:12:46   Mean positive scores: 11.256245613098145
12:12:46   Mean negative scores: 0.1662883460521698
12:12:46   BPR loss: 0.009746952913701534
12:12:48   >>>>>>>>>>>>>>>>>>>>>>>>>>>>>>
12:12:48   Mean positive scores: 10.873424530029297
12:12:48   Mean negative scores: 0.05468541383743286
12:12:48   BPR loss: 0.006020333152264357
12:12:50   >>>>>>>>>>>>>>>>>>>>>>>>>>>>>>
12:12:50   Mean positive scores: 12.07996940612793
12:12:50   Mean negative scores: 0.17863962054252625
12:12:50   BPR loss: 0.004205997567623854
12:12:52   >>>>>>>>>>>>>>>>>>>>>>>>>>>>>>
12:12:52   Mean positive scores: 11.313497543334961
12:12:52   Mean negative scores: 0.1295849233865738
12:12:52   BPR loss: 0.010683514177799225
12:12:53   >>>>>>>>>>>>>>>>>>>>>>>>>>>>>>
12:12:53   Epoch 21 end
12:12:53   ------------------------------
12:12:53   average loss: 0.00786276
12:12:53   >>>>>>>>>>>>>>>>>>>>>>>>>>>>>>
12:12:53   Epoch 22 begin
12:12:55   >>>>>>>>>>>>>>>>>>>>>>>>>>>>>>
12:12:55   Mean positive scores: 11.99581527709961
12:12:55   Mean negative scores: 0.12597723305225372
12:12:55   BPR loss: 0.006301328539848328
12:12:57   >>>>>>>>>>>>>>>>>>>>>>>>>>>>>>
12:12:57   Mean positive scores: 11.16726303100586
12:12:57   Mean negative scores: 0.08881130814552307
12:12:57   BPR loss: 0.006559887435287237
12:12:59   >>>>>>>>>>>>>>>>>>>>>>>>>>>>>>
12:12:59   Mean positive scores: 11.783831596374512
12:12:59   Mean negative scores: 0.17069952189922333
12:12:59   BPR loss: 0.008466700091958046
12:13:01   >>>>>>>>>>>>>>>>>>>>>>>>>>>>>>
12:13:01   Mean positive scores: 11.393858909606934
12:13:01   Mean negative scores: 0.07706573605537415
12:13:01   BPR loss: 0.006471788976341486
12:13:03   >>>>>>>>>>>>>>>>>>>>>>>>>>>>>>
12:13:03   Mean positive scores: 12.646678924560547
12:13:03   Mean negative scores: 0.08333378285169601
12:13:03   BPR loss: 0.00439066905528307
12:13:05   >>>>>>>>>>>>>>>>>>>>>>>>>>>>>>
12:13:05   Mean positive scores: 12.22233772277832
12:13:05   Mean negative scores: 0.06942898780107498
12:13:05   BPR loss: 0.005933396518230438
12:13:05   >>>>>>>>>>>>>>>>>>>>>>>>>>>>>>
12:13:05   Epoch 22 end
12:13:05   ------------------------------
12:13:05   average loss: 0.00640044
12:13:05   >>>>>>>>>>>>>>>>>>>>>>>>>>>>>>
12:13:05   Epoch 23 begin
12:13:07   >>>>>>>>>>>>>>>>>>>>>>>>>>>>>>
12:13:07   Mean positive scores: 12.69481372833252
12:13:07   Mean negative scores: 0.06274618208408356
12:13:07   BPR loss: 0.0035175352822989225
12:13:09   >>>>>>>>>>>>>>>>>>>>>>>>>>>>>>
12:13:09   Mean positive scores: 11.838095664978027
12:13:09   Mean negative scores: 0.1142938882112503
12:13:09   BPR loss: 0.0030125118792057037
12:13:11   >>>>>>>>>>>>>>>>>>>>>>>>>>>>>>
12:13:11   Mean positive scores: 12.495367050170898
12:13:11   Mean negative scores: 0.3197261691093445
12:13:11   BPR loss: 0.010179832577705383
12:13:13   >>>>>>>>>>>>>>>>>>>>>>>>>>>>>>
12:13:13   Mean positive scores: 12.047367095947266
12:13:13   Mean negative scores: 0.09433304518461227
12:13:13   BPR loss: 0.0036664949730038643
12:13:15   >>>>>>>>>>>>>>>>>>>>>>>>>>>>>>
12:13:15   Mean positive scores: 12.129926681518555
12:13:15   Mean negative scores: 0.17032375931739807
12:13:15   BPR loss: 0.004626705776900053
12:13:17   >>>>>>>>>>>>>>>>>>>>>>>>>>>>>>
12:13:17   Epoch 23 end
12:13:17   ------------------------------
12:13:17   average loss: 0.00561526
12:13:17   >>>>>>>>>>>>>>>>>>>>>>>>>>>>>>
12:13:17   Epoch 24 begin
12:13:17   >>>>>>>>>>>>>>>>>>>>>>>>>>>>>>
12:13:17   Mean positive scores: 12.35008716583252
12:13:17   Mean negative scores: 0.03312677890062332
12:13:17   BPR loss: 0.0035898827482014894
12:13:19   >>>>>>>>>>>>>>>>>>>>>>>>>>>>>>
12:13:19   Mean positive scores: 12.091829299926758
12:13:19   Mean negative scores: 0.0519232451915741
12:13:19   BPR loss: 0.004026993177831173
12:13:21   >>>>>>>>>>>>>>>>>>>>>>>>>>>>>>
12:13:21   Mean positive scores: 12.301494598388672
12:13:21   Mean negative scores: 0.07462896406650543
12:13:21   BPR loss: 0.0036074784584343433
12:13:23   >>>>>>>>>>>>>>>>>>>>>>>>>>>>>>
12:13:23   Mean positive scores: 12.420502662658691
12:13:23   Mean negative scores: 0.07102201133966446
12:13:23   BPR loss: 0.0037457512225955725
12:13:25   >>>>>>>>>>>>>>>>>>>>>>>>>>>>>>
12:13:25   Mean positive scores: 12.365750312805176
12:13:25   Mean negative scores: 0.2073320597410202
12:13:25   BPR loss: 0.008694430813193321
12:13:27   >>>>>>>>>>>>>>>>>>>>>>>>>>>>>>
12:13:27   Mean positive scores: 12.66982650756836
12:13:27   Mean negative scores: 0.10601741075515747
12:13:27   BPR loss: 0.012289715930819511
12:13:28   >>>>>>>>>>>>>>>>>>>>>>>>>>>>>>
12:13:28   Epoch 24 end
12:13:28   ------------------------------
12:13:28   average loss: 0.00464174
12:13:28   >>>>>>>>>>>>>>>>>>>>>>>>>>>>>>
12:13:28   Epoch 25 begin
12:13:29   >>>>>>>>>>>>>>>>>>>>>>>>>>>>>>
12:13:29   Mean positive scores: 13.15355110168457
12:13:29   Mean negative scores: 0.01992921344935894
12:13:29   BPR loss: 0.0030627227388322353
12:13:31   >>>>>>>>>>>>>>>>>>>>>>>>>>>>>>
12:13:31   Mean positive scores: 12.459327697753906
12:13:31   Mean negative scores: 0.03504869341850281
12:13:31   BPR loss: 0.003495891112834215
12:13:33   >>>>>>>>>>>>>>>>>>>>>>>>>>>>>>
12:13:33   Mean positive scores: 12.810596466064453
12:13:33   Mean negative scores: 0.19489608705043793
12:13:33   BPR loss: 0.0020568084437400103
12:13:35   >>>>>>>>>>>>>>>>>>>>>>>>>>>>>>
12:13:35   Mean positive scores: 12.832294464111328
12:13:35   Mean negative scores: 0.04866987466812134
12:13:35   BPR loss: 0.0036876476369798183
12:13:37   >>>>>>>>>>>>>>>>>>>>>>>>>>>>>>
12:13:37   Mean positive scores: 13.332137107849121
12:13:37   Mean negative scores: 0.04621274024248123
12:13:37   BPR loss: 0.0019185008713975549
12:13:39   >>>>>>>>>>>>>>>>>>>>>>>>>>>>>>
12:13:39   Mean positive scores: 13.019271850585938
12:13:39   Mean negative scores: 0.17835462093353271
12:13:39   BPR loss: 0.007049694657325745
12:13:40   >>>>>>>>>>>>>>>>>>>>>>>>>>>>>>
12:13:40   Epoch 25 end
12:13:40   ------------------------------
12:13:40   average loss: 0.00380178
12:13:40   >>>>>>>>>>>>>>>>>>>>>>>>>>>>>>
12:13:40   Epoch 26 begin
12:13:41   >>>>>>>>>>>>>>>>>>>>>>>>>>>>>>
12:13:41   Mean positive scores: 12.473634719848633
12:13:41   Mean negative scores: -0.03385196626186371
12:13:41   BPR loss: 0.005119927693158388
12:13:43   >>>>>>>>>>>>>>>>>>>>>>>>>>>>>>
12:13:43   Mean positive scores: 12.86831283569336
12:13:43   Mean negative scores: 0.1547384411096573
12:13:43   BPR loss: 0.0016362189780920744
12:13:45   >>>>>>>>>>>>>>>>>>>>>>>>>>>>>>
12:13:45   Mean positive scores: 13.026373863220215
12:13:45   Mean negative scores: 0.14876019954681396
12:13:45   BPR loss: 0.0021784023847430944
12:13:47   >>>>>>>>>>>>>>>>>>>>>>>>>>>>>>
12:13:47   Mean positive scores: 13.06482219696045
12:13:47   Mean negative scores: 0.17124465107917786
12:13:47   BPR loss: 0.003050132654607296
12:13:49   >>>>>>>>>>>>>>>>>>>>>>>>>>>>>>
12:13:49   Mean positive scores: 13.162323951721191
12:13:49   Mean negative scores: 0.14102767407894135
12:13:49   BPR loss: 0.005055811256170273
12:13:51   >>>>>>>>>>>>>>>>>>>>>>>>>>>>>>
12:13:51   Mean positive scores: 13.048294067382812
12:13:51   Mean negative scores: 0.08125058561563492
12:13:51   BPR loss: 0.007135565392673016
12:13:51   >>>>>>>>>>>>>>>>>>>>>>>>>>>>>>
12:13:51   Epoch 26 end
12:13:51   ------------------------------
12:13:51   average loss: 0.00333309
12:13:51   >>>>>>>>>>>>>>>>>>>>>>>>>>>>>>
12:13:51   Epoch 27 begin
12:13:53   >>>>>>>>>>>>>>>>>>>>>>>>>>>>>>
12:13:53   Mean positive scores: 13.076260566711426
12:13:53   Mean negative scores: -0.01873260736465454
12:13:53   BPR loss: 0.0020575490780174732
12:13:55   >>>>>>>>>>>>>>>>>>>>>>>>>>>>>>
12:13:55   Mean positive scores: 12.654216766357422
12:13:55   Mean negative scores: 0.09160768985748291
12:13:55   BPR loss: 0.002428971929475665
12:13:57   >>>>>>>>>>>>>>>>>>>>>>>>>>>>>>
12:13:57   Mean positive scores: 13.035709381103516
12:13:57   Mean negative scores: 0.030300796031951904
12:13:57   BPR loss: 0.0027370252646505833
12:13:59   >>>>>>>>>>>>>>>>>>>>>>>>>>>>>>
12:13:59   Mean positive scores: 14.063344955444336
12:13:59   Mean negative scores: 0.015032902359962463
12:13:59   BPR loss: 0.004673753399401903
12:14:01   >>>>>>>>>>>>>>>>>>>>>>>>>>>>>>
12:14:01   Mean positive scores: 12.162116050720215
12:14:01   Mean negative scores: -0.08792732656002045
12:14:01   BPR loss: 0.0017497609369456768
12:14:03   >>>>>>>>>>>>>>>>>>>>>>>>>>>>>>
12:14:03   Epoch 27 end
12:14:03   ------------------------------
12:14:03   average loss: 0.0029118
12:14:03   >>>>>>>>>>>>>>>>>>>>>>>>>>>>>>
12:14:03   Epoch 28 begin
12:14:03   >>>>>>>>>>>>>>>>>>>>>>>>>>>>>>
12:14:03   Mean positive scores: 13.289652824401855
12:14:03   Mean negative scores: -0.0007394552230834961
12:14:03   BPR loss: 0.0020103876013308764
12:14:05   >>>>>>>>>>>>>>>>>>>>>>>>>>>>>>
12:14:05   Mean positive scores: 12.978446960449219
12:14:05   Mean negative scores: -0.012165877968072891
12:14:05   BPR loss: 0.0013542445376515388
12:14:07   >>>>>>>>>>>>>>>>>>>>>>>>>>>>>>
12:14:07   Mean positive scores: 13.895967483520508
12:14:07   Mean negative scores: -0.03498508408665657
12:14:07   BPR loss: 0.0026924784760922194
12:14:09   >>>>>>>>>>>>>>>>>>>>>>>>>>>>>>
12:14:09   Mean positive scores: 12.690378189086914
12:14:09   Mean negative scores: -0.03785369545221329
12:14:09   BPR loss: 0.004454432521015406
12:14:11   >>>>>>>>>>>>>>>>>>>>>>>>>>>>>>
12:14:11   Mean positive scores: 13.379782676696777
12:14:11   Mean negative scores: 0.07125978171825409
12:14:11   BPR loss: 0.0019091261783614755
12:14:13   >>>>>>>>>>>>>>>>>>>>>>>>>>>>>>
12:14:13   Mean positive scores: 13.448660850524902
12:14:13   Mean negative scores: 0.13989561796188354
12:14:13   BPR loss: 0.001696081948466599
12:14:14   >>>>>>>>>>>>>>>>>>>>>>>>>>>>>>
12:14:14   Epoch 28 end
12:14:14   ------------------------------
12:14:14   average loss: 0.0025225
12:14:14   >>>>>>>>>>>>>>>>>>>>>>>>>>>>>>
12:14:14   Epoch 29 begin
12:14:15   >>>>>>>>>>>>>>>>>>>>>>>>>>>>>>
12:14:15   Mean positive scores: 13.557130813598633
12:14:15   Mean negative scores: -0.13405881822109222
12:14:15   BPR loss: 0.0027390713803470135
12:14:17   >>>>>>>>>>>>>>>>>>>>>>>>>>>>>>
12:14:17   Mean positive scores: 13.589134216308594
12:14:17   Mean negative scores: 0.01117447018623352
12:14:17   BPR loss: 0.002343937288969755
12:14:19   >>>>>>>>>>>>>>>>>>>>>>>>>>>>>>
12:14:19   Mean positive scores: 13.538461685180664
12:14:19   Mean negative scores: -0.002221260219812393
12:14:19   BPR loss: 0.0012374292127788067
12:14:21   >>>>>>>>>>>>>>>>>>>>>>>>>>>>>>
12:14:21   Mean positive scores: 13.929071426391602
12:14:21   Mean negative scores: -0.18477632105350494
12:14:21   BPR loss: 0.002414032584056258
12:14:23   >>>>>>>>>>>>>>>>>>>>>>>>>>>>>>
12:14:23   Mean positive scores: 14.502851486206055
12:14:23   Mean negative scores: 0.018222663551568985
12:14:23   BPR loss: 0.0018615595763549209
12:14:25   >>>>>>>>>>>>>>>>>>>>>>>>>>>>>>
12:14:25   Mean positive scores: 14.076604843139648
12:14:25   Mean negative scores: 0.026499371975660324
12:14:25   BPR loss: 0.0014199111610651016
12:14:26   >>>>>>>>>>>>>>>>>>>>>>>>>>>>>>
12:14:26   Epoch 29 end
12:14:26   ------------------------------
12:14:26   average loss: 0.00211694
12:14:26   Save checkpoint to model_epoch_30.pth
12:14:26   >>>>>>>>>>>>>>>>>>>>>>>>>>>>>>
12:14:26   Evaluate on valid
