/itet-stor/trachsele/net_scratch/conda/lib/python3.12/site-packages/conda/base/context.py:982: FutureWarning: Adding 'defaults' to the channel list implicitly is deprecated and will be removed in 25.3. 

To remove this warning, please choose a default channel explicitly via 'conda config --add channels <name>', e.g. 'conda config --add channels defaults'.
  deprecated.topic(
12:43:05   Random seed: 1024
12:43:05   Config file: config/recommender/slurm_cfg.yaml
12:43:05   {'checkpoint': None,
 'dataset': {'class': 'Yelp18',
             'root': '/itet-stor/trachsele/net_scratch/tl4rec/model_outputs/data'},
 'model': {'class': 'Ultra',
           'embedding_item': {'hidden_dims': [32, 32], 'input_dim': 18},
           'embedding_user': {'hidden_dims': [32, 32], 'input_dim': 24},
           'entity_model': {'aggregate_func': 'sum',
                            'class': 'EntityNBFNet',
                            'hidden_dims': [32, 32, 32, 32, 32],
                            'input_dim': 32,
                            'layer_norm': True,
                            'message_func': 'distmult',
                            'short_cut': True},
           'relation_model': {'aggregate_func': 'sum',
                              'class': 'RelNBFNet',
                              'hidden_dims': [8, 8],
                              'input_dim': 8,
                              'layer_norm': True,
                              'message_func': 'distmult',
                              'short_cut': True},
           'simple_model': {'aggregate_func': 'sum',
                            'class': 'SimpleNBFNet',
                            'hidden_dims': [40, 40, 40, 40],
                            'input_dim': 40,
                            'layer_norm': True,
                            'message_func': 'distmult',
                            'short_cut': True}},
 'model_type': 'Ultra',
 'optimizer': {'class': 'AdamW', 'lr': 0.005},
 'output_dir': '/itet-stor/trachsele/net_scratch/tl4rec/model_outputs/logs',
 'task': {'adversarial_temperature': 0,
          'metric': ['mr', 'mrr', 'hits@1', 'hits@3', 'hits@10', 'ndcg@20'],
          'name': 'TransductiveInference',
          'num_negative': 8,
          'strict_negative': True},
 'train': {'batch_per_epoch': 34282,
           'batch_size': 32,
           'gpus': [0],
           'gradient_clip': False,
           'init_linear_weights': False,
           'log_interval': 100,
           'loss': 'bpr',
           'num_epoch': 15,
           'num_evals': 10,
           'target_metric': 'ndcg@20',
           'test_batch_size': 8,
           'wandb': True}}
wandb: Using wandb-core as the SDK backend. Please refer to https://wandb.me/wandb-core for more information.
wandb: Currently logged in as: pitri (pitri-eth-z-rich). Use `wandb login --relogin` to force relogin
wandb: Tracking run with wandb version 0.18.5
wandb: Run data is saved locally in /usr/itetnas04/data-scratch-01/trachsele/data/tl4rec/model_outputs/logs/Ultra/Yelp18/2024-12-09-12-43-05/wandb/run-20241209_124306-iwy1jih4
wandb: Run `wandb offline` to turn off syncing.
wandb: Syncing run run-Yelp18-2024-12-09_12-43
wandb: ⭐️ View project at https://wandb.ai/pitri-eth-z-rich/tl4rec
wandb: 🚀 View run at https://wandb.ai/pitri-eth-z-rich/tl4rec/runs/iwy1jih4
12:43:09   Yelp18 dataset
12:43:09   #train: 1097007, #valid: 140252, #test: 324147
12:43:10   ------------------------------
12:43:10   Number of parameters: 57521
12:43:10   >>>>>>>>>>>>>>>>>>>>>>>>>>>>>>
12:43:10   Epoch 0 begin
Traceback (most recent call last):
  File "/usr/itetnas04/data-scratch-01/trachsele/data/tl4rec/script/run.py", line 452, in <module>
    train_and_validate(cfg, model, train_data, valid_data, filtered_data=val_filtered_data, device=device, batch_per_epoch=cfg.train.batch_per_epoch, logger=logger)
  File "/usr/itetnas04/data-scratch-01/trachsele/data/tl4rec/script/run.py", line 77, in train_and_validate
    pred = parallel_model(train_data, batch)
  File "/itet-stor/trachsele/net_scratch/conda_envs/ba_bugfix/lib/python3.9/site-packages/torch/nn/modules/module.py", line 1518, in _wrapped_call_impl
    return self._call_impl(*args, **kwargs)
  File "/itet-stor/trachsele/net_scratch/conda_envs/ba_bugfix/lib/python3.9/site-packages/torch/nn/modules/module.py", line 1527, in _call_impl
    return forward_call(*args, **kwargs)
  File "/usr/itetnas04/data-scratch-01/trachsele/data/tl4rec/ultra/models.py", line 63, in forward
    user_embedding = self.user_mlp(data.x_user)  # shape: (num_users, 16)
  File "/itet-stor/trachsele/net_scratch/conda_envs/ba_bugfix/lib/python3.9/site-packages/torch/nn/modules/module.py", line 1518, in _wrapped_call_impl
    return self._call_impl(*args, **kwargs)
  File "/itet-stor/trachsele/net_scratch/conda_envs/ba_bugfix/lib/python3.9/site-packages/torch/nn/modules/module.py", line 1527, in _call_impl
    return forward_call(*args, **kwargs)
  File "/usr/itetnas04/data-scratch-01/trachsele/data/tl4rec/ultra/models.py", line 269, in forward
    x = layer(x)
  File "/itet-stor/trachsele/net_scratch/conda_envs/ba_bugfix/lib/python3.9/site-packages/torch/nn/modules/module.py", line 1518, in _wrapped_call_impl
    return self._call_impl(*args, **kwargs)
  File "/itet-stor/trachsele/net_scratch/conda_envs/ba_bugfix/lib/python3.9/site-packages/torch/nn/modules/module.py", line 1527, in _call_impl
    return forward_call(*args, **kwargs)
  File "/itet-stor/trachsele/net_scratch/conda_envs/ba_bugfix/lib/python3.9/site-packages/torch/nn/modules/linear.py", line 114, in forward
    return F.linear(input, self.weight, self.bias)
RuntimeError: mat1 and mat2 shapes cannot be multiplied (31668x20 and 24x32)
