/itet-stor/trachsele/net_scratch/conda/lib/python3.12/site-packages/conda/base/context.py:982: FutureWarning: Adding 'defaults' to the channel list implicitly is deprecated and will be removed in 25.3. 

To remove this warning, please choose a default channel explicitly via 'conda config --add channels <name>', e.g. 'conda config --add channels defaults'.
  deprecated.topic(
12:46:43   Random seed: 1024
12:46:43   Config file: config/recommender/slurm_cfg.yaml
12:46:43   {'checkpoint': None,
 'dataset': {'class': 'Yelp18',
             'root': '/itet-stor/trachsele/net_scratch/tl4rec/model_outputs/data'},
 'model': {'class': 'Ultra',
           'embedding_item': {'hidden_dims': [32, 32], 'input_dim': 6421},
           'embedding_user': {'hidden_dims': [32, 32], 'input_dim': 20},
           'entity_model': {'aggregate_func': 'sum',
                            'class': 'EntityNBFNet',
                            'hidden_dims': [32, 32, 32, 32, 32],
                            'input_dim': 32,
                            'layer_norm': True,
                            'message_func': 'distmult',
                            'short_cut': True},
           'relation_model': {'aggregate_func': 'sum',
                              'class': 'RelNBFNet',
                              'hidden_dims': [8, 8],
                              'input_dim': 8,
                              'layer_norm': True,
                              'message_func': 'distmult',
                              'short_cut': True},
           'simple_model': {'aggregate_func': 'sum',
                            'class': 'SimpleNBFNet',
                            'hidden_dims': [40, 40, 40, 40],
                            'input_dim': 40,
                            'layer_norm': True,
                            'message_func': 'distmult',
                            'short_cut': True}},
 'model_type': 'Ultra',
 'optimizer': {'class': 'AdamW', 'lr': 0.005},
 'output_dir': '/itet-stor/trachsele/net_scratch/tl4rec/model_outputs/logs',
 'task': {'adversarial_temperature': 0,
          'metric': ['mr', 'mrr', 'hits@1', 'hits@3', 'hits@10', 'ndcg@20'],
          'name': 'TransductiveInference',
          'num_negative': 8,
          'strict_negative': True},
 'train': {'batch_per_epoch': 34282,
           'batch_size': 32,
           'gpus': [0],
           'gradient_clip': False,
           'init_linear_weights': False,
           'log_interval': 100,
           'loss': 'bpr',
           'num_epoch': 15,
           'num_evals': 10,
           'target_metric': 'ndcg@20',
           'test_batch_size': 8,
           'wandb': True}}
wandb: Using wandb-core as the SDK backend. Please refer to https://wandb.me/wandb-core for more information.
wandb: Currently logged in as: pitri (pitri-eth-z-rich). Use `wandb login --relogin` to force relogin
wandb: Tracking run with wandb version 0.18.5
wandb: Run data is saved locally in /usr/itetnas04/data-scratch-01/trachsele/data/tl4rec/model_outputs/logs/Ultra/Yelp18/2024-12-09-12-46-43/wandb/run-20241209_124643-970vpjpl
wandb: Run `wandb offline` to turn off syncing.
wandb: Syncing run run-Yelp18-2024-12-09_12-46
wandb: ⭐️ View project at https://wandb.ai/pitri-eth-z-rich/tl4rec
wandb: 🚀 View run at https://wandb.ai/pitri-eth-z-rich/tl4rec/runs/970vpjpl
12:46:45   Yelp18 dataset
12:46:45   #train: 1097007, #valid: 140252, #test: 324147
12:46:46   ------------------------------
12:46:46   Number of parameters: 262289
12:46:46   >>>>>>>>>>>>>>>>>>>>>>>>>>>>>>
12:46:46   Epoch 0 begin
12:46:49   >>>>>>>>>>>>>>>>>>>>>>>>>>>>>>
12:46:49   Mean positive scores: -0.04674626141786575
12:46:49   Mean negative scores: -0.039863523095846176
12:46:49   BPR loss: 0.6967812180519104
12:49:57   >>>>>>>>>>>>>>>>>>>>>>>>>>>>>>
12:49:59   Mean positive scores: 10.414358139038086
12:49:59   Mean negative scores: 8.778793334960938
12:49:59   BPR loss: 0.35631027817726135
12:53:09   >>>>>>>>>>>>>>>>>>>>>>>>>>>>>>
12:53:11   Mean positive scores: 5.047492027282715
12:53:11   Mean negative scores: 1.8064627647399902
12:53:11   BPR loss: 0.24047592282295227
12:56:23   >>>>>>>>>>>>>>>>>>>>>>>>>>>>>>
12:56:24   Mean positive scores: 1.4419336318969727
12:56:24   Mean negative scores: -3.653134346008301
12:56:24   BPR loss: 0.044544100761413574
12:59:36   >>>>>>>>>>>>>>>>>>>>>>>>>>>>>>
12:59:38   Mean positive scores: 12.15401840209961
12:59:38   Mean negative scores: 4.527528285980225
12:59:38   BPR loss: 0.014917483553290367
13:02:50   >>>>>>>>>>>>>>>>>>>>>>>>>>>>>>
13:02:51   Mean positive scores: 9.226922988891602
13:02:51   Mean negative scores: -2.506472587585449
13:02:51   BPR loss: 0.10372839868068695
13:06:03   >>>>>>>>>>>>>>>>>>>>>>>>>>>>>>
13:06:05   Mean positive scores: 5.5441389083862305
13:06:05   Mean negative scores: -3.6872034072875977
13:06:05   BPR loss: 0.09327216446399689
13:09:16   >>>>>>>>>>>>>>>>>>>>>>>>>>>>>>
13:09:18   Mean positive scores: 14.862751960754395
13:09:18   Mean negative scores: -1.7512331008911133
13:09:18   BPR loss: 0.01819038763642311
13:12:30   >>>>>>>>>>>>>>>>>>>>>>>>>>>>>>
13:12:31   Mean positive scores: 7.712502479553223
13:12:31   Mean negative scores: 1.0036487579345703
13:12:31   BPR loss: 0.19680455327033997
13:15:43   >>>>>>>>>>>>>>>>>>>>>>>>>>>>>>
13:15:45   Mean positive scores: 23.95530891418457
13:15:45   Mean negative scores: 10.1935396194458
13:15:45   BPR loss: 0.009854469448328018
13:18:56   >>>>>>>>>>>>>>>>>>>>>>>>>>>>>>
13:18:58   Mean positive scores: 25.418283462524414
13:18:58   Mean negative scores: 6.673975944519043
13:18:58   BPR loss: 0.08558578789234161
13:22:10   >>>>>>>>>>>>>>>>>>>>>>>>>>>>>>
13:22:11   Mean positive scores: 37.32617950439453
13:22:11   Mean negative scores: 25.314655303955078
13:22:11   BPR loss: 0.11157292872667313
13:25:23   >>>>>>>>>>>>>>>>>>>>>>>>>>>>>>
13:25:25   Mean positive scores: 21.978050231933594
13:25:25   Mean negative scores: 12.341127395629883
13:25:25   BPR loss: 0.11350938677787781
13:28:36   >>>>>>>>>>>>>>>>>>>>>>>>>>>>>>
13:28:38   Mean positive scores: 29.840560913085938
13:28:38   Mean negative scores: 19.634363174438477
13:28:38   BPR loss: 0.06100371107459068
13:31:49   >>>>>>>>>>>>>>>>>>>>>>>>>>>>>>
13:31:51   Mean positive scores: 36.987178802490234
13:31:51   Mean negative scores: 30.865266799926758
13:31:51   BPR loss: 0.08031981438398361
13:35:03   >>>>>>>>>>>>>>>>>>>>>>>>>>>>>>
13:35:05   Mean positive scores: 33.14472961425781
13:35:05   Mean negative scores: 15.576332092285156
13:35:05   BPR loss: 0.0060095698572695255
13:38:17   >>>>>>>>>>>>>>>>>>>>>>>>>>>>>>
13:38:18   Mean positive scores: 38.6419792175293
13:38:18   Mean negative scores: 27.126510620117188
13:38:18   BPR loss: 0.10880497097969055
13:41:30   >>>>>>>>>>>>>>>>>>>>>>>>>>>>>>
13:41:32   Mean positive scores: 37.163909912109375
13:41:32   Mean negative scores: 19.875865936279297
13:41:32   BPR loss: 0.003020733827725053
13:44:44   >>>>>>>>>>>>>>>>>>>>>>>>>>>>>>
13:44:45   Mean positive scores: 45.85868835449219
13:44:45   Mean negative scores: 30.58437728881836
13:44:45   BPR loss: 0.03868930786848068
13:47:57   >>>>>>>>>>>>>>>>>>>>>>>>>>>>>>
13:47:59   Mean positive scores: 35.38329315185547
13:47:59   Mean negative scores: 24.117450714111328
13:47:59   BPR loss: 0.17835263907909393
13:51:11   >>>>>>>>>>>>>>>>>>>>>>>>>>>>>>
13:51:12   Mean positive scores: 14.242181777954102
13:51:12   Mean negative scores: 3.2519593238830566
13:51:12   BPR loss: 0.03160493075847626
13:54:24   >>>>>>>>>>>>>>>>>>>>>>>>>>>>>>
13:54:26   Mean positive scores: 29.78009796142578
13:54:26   Mean negative scores: 14.579605102539062
13:54:26   BPR loss: 0.05834799259901047
13:57:37   >>>>>>>>>>>>>>>>>>>>>>>>>>>>>>
13:57:39   Mean positive scores: 15.619166374206543
13:57:39   Mean negative scores: 4.295913219451904
13:57:39   BPR loss: 0.02603926695883274
14:00:51   >>>>>>>>>>>>>>>>>>>>>>>>>>>>>>
14:00:53   Mean positive scores: 27.454317092895508
14:00:53   Mean negative scores: 12.888185501098633
14:00:53   BPR loss: 0.13765046000480652
14:04:04   >>>>>>>>>>>>>>>>>>>>>>>>>>>>>>
14:04:06   Mean positive scores: 28.25538444519043
14:04:06   Mean negative scores: 12.869344711303711
14:04:06   BPR loss: 0.048217590898275375
14:07:18   >>>>>>>>>>>>>>>>>>>>>>>>>>>>>>
14:07:20   Mean positive scores: 30.591569900512695
14:07:20   Mean negative scores: 16.848419189453125
14:07:20   BPR loss: 0.03177044913172722
14:10:32   >>>>>>>>>>>>>>>>>>>>>>>>>>>>>>
14:10:33   Mean positive scores: 29.55112075805664
14:10:33   Mean negative scores: 19.35132598876953
14:10:33   BPR loss: 0.14844757318496704
14:13:45   >>>>>>>>>>>>>>>>>>>>>>>>>>>>>>
14:13:47   Mean positive scores: 44.96874237060547
14:13:47   Mean negative scores: 34.51707458496094
14:13:47   BPR loss: 0.04806799441576004
14:16:59   >>>>>>>>>>>>>>>>>>>>>>>>>>>>>>
14:17:00   Mean positive scores: 44.95537567138672
14:17:00   Mean negative scores: 28.99798583984375
14:17:00   BPR loss: 0.003735101083293557
14:20:12   >>>>>>>>>>>>>>>>>>>>>>>>>>>>>>
14:20:14   Mean positive scores: 41.498661041259766
14:20:14   Mean negative scores: 30.567285537719727
14:20:14   BPR loss: 0.03339328616857529
14:23:26   >>>>>>>>>>>>>>>>>>>>>>>>>>>>>>
14:23:27   Mean positive scores: 28.677085876464844
14:23:27   Mean negative scores: 16.637500762939453
14:23:27   BPR loss: 0.06921236217021942
14:26:39   >>>>>>>>>>>>>>>>>>>>>>>>>>>>>>
14:26:41   Mean positive scores: 40.48400115966797
14:26:41   Mean negative scores: 27.717390060424805
14:26:41   BPR loss: 0.00602584145963192
14:29:52   >>>>>>>>>>>>>>>>>>>>>>>>>>>>>>
14:29:54   Mean positive scores: 38.84862518310547
14:29:54   Mean negative scores: 24.747106552124023
14:29:54   BPR loss: 0.005116778891533613
14:33:05   >>>>>>>>>>>>>>>>>>>>>>>>>>>>>>
14:33:07   Mean positive scores: 39.25163269042969
14:33:07   Mean negative scores: 30.353261947631836
14:33:07   BPR loss: 0.04964546114206314
14:36:19   >>>>>>>>>>>>>>>>>>>>>>>>>>>>>>
14:36:21   Mean positive scores: 48.64146041870117
14:36:21   Mean negative scores: 35.78224182128906
14:36:21   BPR loss: 0.00285082939080894
14:39:32   >>>>>>>>>>>>>>>>>>>>>>>>>>>>>>
14:39:34   Mean positive scores: 46.20343780517578
14:39:34   Mean negative scores: 36.97085952758789
14:39:34   BPR loss: 0.09972734749317169
14:42:45   >>>>>>>>>>>>>>>>>>>>>>>>>>>>>>
14:42:47   Mean positive scores: 39.84607696533203
14:42:47   Mean negative scores: 27.190967559814453
14:42:47   BPR loss: 0.15985621511936188
14:45:59   >>>>>>>>>>>>>>>>>>>>>>>>>>>>>>
14:46:01   Mean positive scores: 45.77854919433594
14:46:01   Mean negative scores: 38.80150604248047
14:46:01   BPR loss: 0.0317465178668499
14:49:12   >>>>>>>>>>>>>>>>>>>>>>>>>>>>>>
14:49:14   Mean positive scores: 43.24858856201172
14:49:14   Mean negative scores: 25.366941452026367
14:49:14   BPR loss: 0.009470121003687382
14:52:26   >>>>>>>>>>>>>>>>>>>>>>>>>>>>>>
14:52:27   Mean positive scores: 28.162443161010742
14:52:27   Mean negative scores: 12.713500022888184
14:52:27   BPR loss: 0.10090018808841705
14:55:39   >>>>>>>>>>>>>>>>>>>>>>>>>>>>>>
14:55:41   Mean positive scores: 31.57765769958496
14:55:41   Mean negative scores: 17.94683837890625
14:55:41   BPR loss: 0.0011306836968287826
14:58:52   >>>>>>>>>>>>>>>>>>>>>>>>>>>>>>
14:58:54   Mean positive scores: 37.18916320800781
14:58:54   Mean negative scores: 25.887319564819336
14:58:54   BPR loss: 0.00517295952886343
15:02:06   >>>>>>>>>>>>>>>>>>>>>>>>>>>>>>
15:02:08   Mean positive scores: 34.40110778808594
15:02:08   Mean negative scores: 21.61205291748047
15:02:08   BPR loss: 0.023800991475582123
15:05:19   >>>>>>>>>>>>>>>>>>>>>>>>>>>>>>
15:05:21   Mean positive scores: 40.5050048828125
15:05:21   Mean negative scores: 29.837404251098633
15:05:21   BPR loss: 0.143260657787323
15:08:33   >>>>>>>>>>>>>>>>>>>>>>>>>>>>>>
15:08:35   Mean positive scores: 29.76064682006836
15:08:35   Mean negative scores: 14.319271087646484
15:08:35   BPR loss: 0.028499452397227287
15:11:46   >>>>>>>>>>>>>>>>>>>>>>>>>>>>>>
15:11:48   Mean positive scores: 31.93838882446289
15:11:48   Mean negative scores: 16.724218368530273
15:11:48   BPR loss: 0.04333154484629631
15:15:00   >>>>>>>>>>>>>>>>>>>>>>>>>>>>>>
15:15:01   Mean positive scores: 18.51207733154297
15:15:01   Mean negative scores: 8.96382999420166
15:15:01   BPR loss: 0.09548352658748627
15:18:13   >>>>>>>>>>>>>>>>>>>>>>>>>>>>>>
15:18:15   Mean positive scores: 34.01869201660156
15:18:15   Mean negative scores: 19.493160247802734
15:18:15   BPR loss: 0.008922554552555084
15:21:26   >>>>>>>>>>>>>>>>>>>>>>>>>>>>>>
15:21:28   Mean positive scores: 34.514129638671875
15:21:28   Mean negative scores: 22.20486068725586
15:21:28   BPR loss: 0.04532488062977791
15:24:40   >>>>>>>>>>>>>>>>>>>>>>>>>>>>>>
15:24:42   Mean positive scores: 38.482513427734375
15:24:42   Mean negative scores: 20.977458953857422
15:24:42   BPR loss: 0.0019947621040046215
15:27:53   >>>>>>>>>>>>>>>>>>>>>>>>>>>>>>
15:27:55   Mean positive scores: 43.370262145996094
15:27:55   Mean negative scores: 33.048282623291016
15:27:55   BPR loss: 0.010049587115645409
15:31:07   >>>>>>>>>>>>>>>>>>>>>>>>>>>>>>
15:31:09   Mean positive scores: 41.86203384399414
15:31:09   Mean negative scores: 34.26110076904297
15:31:09   BPR loss: 0.032549455761909485
15:34:21   >>>>>>>>>>>>>>>>>>>>>>>>>>>>>>
15:34:22   Mean positive scores: 37.949554443359375
15:34:22   Mean negative scores: 24.72190284729004
15:34:22   BPR loss: 0.1213693767786026
15:37:34   >>>>>>>>>>>>>>>>>>>>>>>>>>>>>>
15:37:36   Mean positive scores: 35.50058364868164
15:37:36   Mean negative scores: 21.855567932128906
15:37:36   BPR loss: 0.001056948909536004
15:40:47   >>>>>>>>>>>>>>>>>>>>>>>>>>>>>>
15:40:49   Mean positive scores: 19.982072830200195
15:40:49   Mean negative scores: 4.573637008666992
15:40:49   BPR loss: 0.002412348287180066
15:44:01   >>>>>>>>>>>>>>>>>>>>>>>>>>>>>>
15:44:02   Mean positive scores: 33.1042366027832
15:44:02   Mean negative scores: 24.301414489746094
15:44:02   BPR loss: 0.07790741324424744
15:47:14   >>>>>>>>>>>>>>>>>>>>>>>>>>>>>>
15:47:16   Mean positive scores: 24.38631820678711
15:47:16   Mean negative scores: 14.245205879211426
15:47:16   BPR loss: 0.0046067312359809875
15:50:28   >>>>>>>>>>>>>>>>>>>>>>>>>>>>>>
15:50:29   Mean positive scores: 25.43502426147461
15:50:29   Mean negative scores: 16.67953109741211
15:50:29   BPR loss: 0.08219511061906815
15:53:41   >>>>>>>>>>>>>>>>>>>>>>>>>>>>>>
15:53:43   Mean positive scores: 32.42750549316406
15:53:43   Mean negative scores: 18.77180290222168
15:53:43   BPR loss: 0.08395960181951523
15:56:54   >>>>>>>>>>>>>>>>>>>>>>>>>>>>>>
15:56:56   Mean positive scores: 34.119102478027344
15:56:56   Mean negative scores: 23.819862365722656
15:56:56   BPR loss: 0.039421916007995605
16:00:08   >>>>>>>>>>>>>>>>>>>>>>>>>>>>>>
16:00:10   Mean positive scores: 32.936588287353516
16:00:10   Mean negative scores: 25.811859130859375
16:00:10   BPR loss: 0.03738413006067276
16:03:21   >>>>>>>>>>>>>>>>>>>>>>>>>>>>>>
16:03:23   Mean positive scores: 34.809452056884766
16:03:23   Mean negative scores: 23.342937469482422
16:03:23   BPR loss: 0.004639834631234407
16:06:35   >>>>>>>>>>>>>>>>>>>>>>>>>>>>>>
16:06:37   Mean positive scores: 42.35961151123047
16:06:37   Mean negative scores: 33.017967224121094
16:06:37   BPR loss: 0.025044016540050507
16:09:48   >>>>>>>>>>>>>>>>>>>>>>>>>>>>>>
16:09:50   Mean positive scores: 46.91313934326172
16:09:50   Mean negative scores: 30.447111129760742
16:09:50   BPR loss: 0.023505529388785362
16:13:02   >>>>>>>>>>>>>>>>>>>>>>>>>>>>>>
16:13:03   Mean positive scores: 41.980899810791016
16:13:03   Mean negative scores: 31.560659408569336
16:13:03   BPR loss: 0.1351405829191208
16:16:15   >>>>>>>>>>>>>>>>>>>>>>>>>>>>>>
16:16:17   Mean positive scores: 45.31327438354492
16:16:17   Mean negative scores: 33.39475631713867
16:16:17   BPR loss: 0.0013896109303459525
16:19:28   >>>>>>>>>>>>>>>>>>>>>>>>>>>>>>
16:19:30   Mean positive scores: 44.549224853515625
16:19:30   Mean negative scores: 31.986454010009766
16:19:30   BPR loss: 0.0006560182082466781
16:22:42   >>>>>>>>>>>>>>>>>>>>>>>>>>>>>>
16:22:44   Mean positive scores: 40.41204833984375
16:22:44   Mean negative scores: 27.447277069091797
16:22:44   BPR loss: 0.05874016880989075
16:25:55   >>>>>>>>>>>>>>>>>>>>>>>>>>>>>>
16:25:57   Mean positive scores: 47.49479675292969
16:25:57   Mean negative scores: 32.64659118652344
16:25:57   BPR loss: 0.0022228341549634933
16:29:09   >>>>>>>>>>>>>>>>>>>>>>>>>>>>>>
16:29:10   Mean positive scores: 21.67780303955078
16:29:10   Mean negative scores: 14.862183570861816
16:29:10   BPR loss: 0.05586130544543266
16:32:22   >>>>>>>>>>>>>>>>>>>>>>>>>>>>>>
16:32:24   Mean positive scores: 37.734031677246094
16:32:24   Mean negative scores: 27.772878646850586
16:32:24   BPR loss: 0.00789732113480568
16:35:36   >>>>>>>>>>>>>>>>>>>>>>>>>>>>>>
16:35:37   Mean positive scores: 45.24950408935547
16:35:37   Mean negative scores: 34.83202362060547
16:35:37   BPR loss: 0.0011450618039816618
16:38:49   >>>>>>>>>>>>>>>>>>>>>>>>>>>>>>
16:38:51   Mean positive scores: 37.24570083618164
16:38:51   Mean negative scores: 25.750900268554688
16:38:51   BPR loss: 0.05458569526672363
16:42:03   >>>>>>>>>>>>>>>>>>>>>>>>>>>>>>
16:42:04   Mean positive scores: 43.287750244140625
16:42:04   Mean negative scores: 30.696086883544922
16:42:04   BPR loss: 0.013213520869612694
16:45:16   >>>>>>>>>>>>>>>>>>>>>>>>>>>>>>
16:45:18   Mean positive scores: 49.37535858154297
16:45:18   Mean negative scores: 40.81546401977539
16:45:18   BPR loss: 0.028482986614108086
16:48:30   >>>>>>>>>>>>>>>>>>>>>>>>>>>>>>
16:48:31   Mean positive scores: 21.340065002441406
16:48:31   Mean negative scores: 0.5544919967651367
16:48:31   BPR loss: 0.0008148861234076321
16:51:43   >>>>>>>>>>>>>>>>>>>>>>>>>>>>>>
16:51:45   Mean positive scores: 20.29912757873535
16:51:45   Mean negative scores: 6.738327980041504
16:51:45   BPR loss: 0.02173076942563057
16:54:56   >>>>>>>>>>>>>>>>>>>>>>>>>>>>>>
16:54:58   Mean positive scores: 24.69023323059082
16:54:58   Mean negative scores: 14.430607795715332
16:54:58   BPR loss: 0.028631392866373062
16:58:10   >>>>>>>>>>>>>>>>>>>>>>>>>>>>>>
16:58:12   Mean positive scores: 31.371889114379883
16:58:12   Mean negative scores: 18.63421058654785
16:58:12   BPR loss: 0.0008678085869178176
17:01:23   >>>>>>>>>>>>>>>>>>>>>>>>>>>>>>
17:01:25   Mean positive scores: 31.05170249938965
17:01:25   Mean negative scores: 19.3687744140625
17:01:25   BPR loss: 0.0037108100950717926
17:04:37   >>>>>>>>>>>>>>>>>>>>>>>>>>>>>>
17:04:38   Mean positive scores: 32.960304260253906
17:04:38   Mean negative scores: 19.686058044433594
17:04:38   BPR loss: 0.061814047396183014
17:07:50   >>>>>>>>>>>>>>>>>>>>>>>>>>>>>>
17:07:52   Mean positive scores: 21.693984985351562
17:07:52   Mean negative scores: 7.731474876403809
17:07:52   BPR loss: 0.0008546184981241822
17:11:03   >>>>>>>>>>>>>>>>>>>>>>>>>>>>>>
17:11:05   Mean positive scores: 28.438457489013672
17:11:05   Mean negative scores: 18.76930046081543
17:11:05   BPR loss: 0.05260680615901947
17:14:17   >>>>>>>>>>>>>>>>>>>>>>>>>>>>>>
17:14:19   Mean positive scores: 22.32568359375
17:14:19   Mean negative scores: 15.4462251663208
17:14:19   BPR loss: 0.048098545521497726
17:17:30   >>>>>>>>>>>>>>>>>>>>>>>>>>>>>>
17:17:32   Mean positive scores: 28.64657974243164
17:17:32   Mean negative scores: 17.919021606445312
17:17:32   BPR loss: 0.07488235086202621
17:20:44   >>>>>>>>>>>>>>>>>>>>>>>>>>>>>>
17:20:45   Mean positive scores: 33.543357849121094
17:20:45   Mean negative scores: 25.182647705078125
17:20:45   BPR loss: 0.024483557790517807
17:23:57   >>>>>>>>>>>>>>>>>>>>>>>>>>>>>>
17:23:59   Mean positive scores: 29.81972885131836
17:23:59   Mean negative scores: 12.001893043518066
17:23:59   BPR loss: 0.2548847198486328
17:27:10   >>>>>>>>>>>>>>>>>>>>>>>>>>>>>>
17:27:12   Mean positive scores: 30.789886474609375
17:27:12   Mean negative scores: 22.503067016601562
17:27:12   BPR loss: 0.034037403762340546
17:30:24   >>>>>>>>>>>>>>>>>>>>>>>>>>>>>>
17:30:26   Mean positive scores: 28.37107276916504
17:30:26   Mean negative scores: 15.868987083435059
17:30:26   BPR loss: 0.005680928472429514
17:33:38   >>>>>>>>>>>>>>>>>>>>>>>>>>>>>>
17:33:39   Mean positive scores: 34.70560836791992
17:33:39   Mean negative scores: 24.53937530517578
17:33:39   BPR loss: 0.0037270700559020042
17:36:51   >>>>>>>>>>>>>>>>>>>>>>>>>>>>>>
17:36:53   Mean positive scores: 33.501182556152344
17:36:53   Mean negative scores: 26.141647338867188
17:36:53   BPR loss: 0.07116717845201492
17:40:05   >>>>>>>>>>>>>>>>>>>>>>>>>>>>>>
17:40:06   Mean positive scores: 38.677330017089844
17:40:06   Mean negative scores: 25.095745086669922
17:40:06   BPR loss: 0.0016820146702229977
17:43:18   >>>>>>>>>>>>>>>>>>>>>>>>>>>>>>
17:43:20   Mean positive scores: 37.94050979614258
17:43:20   Mean negative scores: 27.317058563232422
17:43:20   BPR loss: 0.0037427188362926245
17:46:31   >>>>>>>>>>>>>>>>>>>>>>>>>>>>>>
17:46:33   Mean positive scores: 41.328182220458984
17:46:33   Mean negative scores: 29.86888885498047
17:46:33   BPR loss: 0.008701510727405548
17:49:45   >>>>>>>>>>>>>>>>>>>>>>>>>>>>>>
17:49:47   Mean positive scores: 43.660255432128906
17:49:47   Mean negative scores: 31.959590911865234
17:49:47   BPR loss: 0.014111742377281189
17:52:58   >>>>>>>>>>>>>>>>>>>>>>>>>>>>>>
17:53:00   Mean positive scores: 44.949432373046875
17:53:00   Mean negative scores: 33.78263854980469
17:53:00   BPR loss: 0.011530169285833836
17:56:11   >>>>>>>>>>>>>>>>>>>>>>>>>>>>>>
17:56:13   Mean positive scores: 39.327239990234375
17:56:13   Mean negative scores: 29.334535598754883
17:56:13   BPR loss: 0.01017376221716404
17:59:25   >>>>>>>>>>>>>>>>>>>>>>>>>>>>>>
17:59:27   Mean positive scores: 29.550777435302734
17:59:27   Mean negative scores: 23.315288543701172
17:59:27   BPR loss: 0.052823133766651154
18:02:38   >>>>>>>>>>>>>>>>>>>>>>>>>>>>>>
18:02:40   Mean positive scores: 37.29627227783203
18:02:40   Mean negative scores: 24.164873123168945
18:02:40   BPR loss: 0.020815802738070488
18:05:51   >>>>>>>>>>>>>>>>>>>>>>>>>>>>>>
18:05:53   Mean positive scores: 42.07207107543945
18:05:53   Mean negative scores: 30.149303436279297
18:05:53   BPR loss: 0.0045587169006466866
18:09:05   >>>>>>>>>>>>>>>>>>>>>>>>>>>>>>
18:09:07   Mean positive scores: 39.606536865234375
18:09:07   Mean negative scores: 33.21284866333008
18:09:07   BPR loss: 0.05336902290582657
18:12:18   >>>>>>>>>>>>>>>>>>>>>>>>>>>>>>
18:12:20   Mean positive scores: 43.256004333496094
18:12:20   Mean negative scores: 30.837234497070312
18:12:20   BPR loss: 0.0002393936738371849
18:15:32   >>>>>>>>>>>>>>>>>>>>>>>>>>>>>>
18:15:33   Mean positive scores: 42.855709075927734
18:15:33   Mean negative scores: 31.92662239074707
18:15:33   BPR loss: 0.01913863979279995
18:18:45   >>>>>>>>>>>>>>>>>>>>>>>>>>>>>>
18:18:47   Mean positive scores: 36.982120513916016
18:18:47   Mean negative scores: 27.278512954711914
18:18:47   BPR loss: 0.006589548662304878
18:21:58   >>>>>>>>>>>>>>>>>>>>>>>>>>>>>>
18:22:00   Mean positive scores: 29.154178619384766
18:22:00   Mean negative scores: 16.271697998046875
18:22:00   BPR loss: 0.0035691712982952595
18:25:12   >>>>>>>>>>>>>>>>>>>>>>>>>>>>>>
18:25:13   Mean positive scores: 23.384475708007812
18:25:13   Mean negative scores: 14.358137130737305
18:25:13   BPR loss: 0.0017296492587774992
18:28:25   >>>>>>>>>>>>>>>>>>>>>>>>>>>>>>
18:28:27   Mean positive scores: 28.092544555664062
18:28:27   Mean negative scores: 16.66019630432129
18:28:27   BPR loss: 0.03456258028745651
18:31:38   >>>>>>>>>>>>>>>>>>>>>>>>>>>>>>
18:31:40   Mean positive scores: 34.068389892578125
18:31:40   Mean negative scores: 24.66314125061035
18:31:40   BPR loss: 0.032239459455013275
18:34:52   >>>>>>>>>>>>>>>>>>>>>>>>>>>>>>
18:34:53   Mean positive scores: 34.66638946533203
18:34:53   Mean negative scores: 22.570148468017578
18:34:53   BPR loss: 0.013093333691358566
18:38:05   >>>>>>>>>>>>>>>>>>>>>>>>>>>>>>
18:38:07   Mean positive scores: 30.50368881225586
18:38:07   Mean negative scores: 19.765838623046875
18:38:07   BPR loss: 0.08938223868608475
18:41:18   >>>>>>>>>>>>>>>>>>>>>>>>>>>>>>
18:41:20   Mean positive scores: 31.648578643798828
18:41:20   Mean negative scores: 16.42859649658203
18:41:20   BPR loss: 0.15665137767791748
18:44:32   >>>>>>>>>>>>>>>>>>>>>>>>>>>>>>
18:44:33   Mean positive scores: 28.349071502685547
18:44:33   Mean negative scores: 18.519729614257812
18:44:33   BPR loss: 0.03540154919028282
18:47:45   >>>>>>>>>>>>>>>>>>>>>>>>>>>>>>
18:47:47   Mean positive scores: 32.99555969238281
18:47:47   Mean negative scores: 20.890193939208984
18:47:47   BPR loss: 0.0018021336290985346
18:50:58   >>>>>>>>>>>>>>>>>>>>>>>>>>>>>>
18:51:00   Mean positive scores: 29.297534942626953
18:51:00   Mean negative scores: 16.926254272460938
18:51:00   BPR loss: 0.12058448046445847
18:54:12   >>>>>>>>>>>>>>>>>>>>>>>>>>>>>>
18:54:13   Mean positive scores: 33.21356201171875
18:54:13   Mean negative scores: 22.380599975585938
18:54:13   BPR loss: 0.04392378404736519
18:57:25   >>>>>>>>>>>>>>>>>>>>>>>>>>>>>>
18:57:27   Mean positive scores: 11.197394371032715
18:57:27   Mean negative scores: 1.668910026550293
18:57:27   BPR loss: 0.006071590352803469
19:00:38   >>>>>>>>>>>>>>>>>>>>>>>>>>>>>>
19:00:40   Mean positive scores: 21.175186157226562
19:00:40   Mean negative scores: 11.045296669006348
19:00:40   BPR loss: 0.0015944101614877582
19:03:52   >>>>>>>>>>>>>>>>>>>>>>>>>>>>>>
19:03:54   Mean positive scores: 27.879629135131836
19:03:54   Mean negative scores: 18.308975219726562
19:03:54   BPR loss: 0.004162987694144249
19:07:05   >>>>>>>>>>>>>>>>>>>>>>>>>>>>>>
19:07:07   Mean positive scores: 27.11072540283203
19:07:07   Mean negative scores: 18.61660385131836
19:07:07   BPR loss: 0.041259296238422394
19:10:18   >>>>>>>>>>>>>>>>>>>>>>>>>>>>>>
19:10:20   Mean positive scores: 28.562786102294922
19:10:20   Mean negative scores: 15.951929092407227
19:10:20   BPR loss: 0.02587364800274372
19:13:32   >>>>>>>>>>>>>>>>>>>>>>>>>>>>>>
19:13:33   Mean positive scores: 24.066776275634766
19:13:33   Mean negative scores: 15.219563484191895
19:13:33   BPR loss: 0.04356790706515312
19:16:45   >>>>>>>>>>>>>>>>>>>>>>>>>>>>>>
19:16:47   Mean positive scores: 20.797531127929688
19:16:47   Mean negative scores: 12.635213851928711
19:16:47   BPR loss: 0.016573596745729446
19:19:59   >>>>>>>>>>>>>>>>>>>>>>>>>>>>>>
19:20:00   Mean positive scores: 24.902284622192383
19:20:00   Mean negative scores: 15.704998970031738
19:20:00   BPR loss: 0.03365591540932655
19:23:12   >>>>>>>>>>>>>>>>>>>>>>>>>>>>>>
19:23:14   Mean positive scores: 28.04171371459961
19:23:14   Mean negative scores: 18.8310546875
19:23:14   BPR loss: 0.10798171162605286
19:26:26   >>>>>>>>>>>>>>>>>>>>>>>>>>>>>>
19:26:28   Mean positive scores: 33.853302001953125
19:26:28   Mean negative scores: 21.359485626220703
19:26:28   BPR loss: 0.09160906821489334
19:29:40   >>>>>>>>>>>>>>>>>>>>>>>>>>>>>>
19:29:42   Mean positive scores: 30.609073638916016
19:29:42   Mean negative scores: 22.274394989013672
19:29:42   BPR loss: 0.2284381240606308
19:32:54   >>>>>>>>>>>>>>>>>>>>>>>>>>>>>>
19:32:56   Mean positive scores: 35.99140548706055
19:32:56   Mean negative scores: 27.808513641357422
19:32:56   BPR loss: 0.0053402818739414215
19:36:09   >>>>>>>>>>>>>>>>>>>>>>>>>>>>>>
19:36:10   Mean positive scores: 18.62845230102539
19:36:10   Mean negative scores: 3.3504767417907715
19:36:10   BPR loss: 0.032821282744407654
19:39:23   >>>>>>>>>>>>>>>>>>>>>>>>>>>>>>
19:39:24   Mean positive scores: 25.13108253479004
19:39:24   Mean negative scores: 13.825508117675781
19:39:24   BPR loss: 0.005791211035102606
19:42:37   >>>>>>>>>>>>>>>>>>>>>>>>>>>>>>
19:42:39   Mean positive scores: 25.25112533569336
19:42:39   Mean negative scores: 15.170061111450195
19:42:39   BPR loss: 0.004600536078214645
19:45:51   >>>>>>>>>>>>>>>>>>>>>>>>>>>>>>
19:45:53   Mean positive scores: 29.475967407226562
19:45:53   Mean negative scores: 17.341136932373047
19:45:53   BPR loss: 9.546694491291419e-05
19:49:06   >>>>>>>>>>>>>>>>>>>>>>>>>>>>>>
19:49:07   Mean positive scores: 20.63822364807129
19:49:07   Mean negative scores: 10.709416389465332
19:49:07   BPR loss: 0.001135882455855608
19:52:20   >>>>>>>>>>>>>>>>>>>>>>>>>>>>>>
19:52:21   Mean positive scores: 23.752172470092773
19:52:21   Mean negative scores: 14.929888725280762
19:52:21   BPR loss: 0.01609005406498909
19:55:34   >>>>>>>>>>>>>>>>>>>>>>>>>>>>>>
19:55:35   Mean positive scores: 27.647289276123047
19:55:35   Mean negative scores: 17.736713409423828
19:55:35   BPR loss: 0.04299226403236389
19:58:47   >>>>>>>>>>>>>>>>>>>>>>>>>>>>>>
19:58:49   Mean positive scores: 30.975845336914062
19:58:49   Mean negative scores: 16.905424118041992
19:58:49   BPR loss: 0.0004095204349141568
20:02:01   >>>>>>>>>>>>>>>>>>>>>>>>>>>>>>
20:02:03   Mean positive scores: 30.69316291809082
20:02:03   Mean negative scores: 18.762584686279297
20:02:03   BPR loss: 0.0005680280737578869
20:05:14   >>>>>>>>>>>>>>>>>>>>>>>>>>>>>>
20:05:16   Mean positive scores: 27.240257263183594
20:05:16   Mean negative scores: 15.555107116699219
20:05:16   BPR loss: 0.07750999182462692
20:08:27   >>>>>>>>>>>>>>>>>>>>>>>>>>>>>>
20:08:29   Mean positive scores: 21.642044067382812
20:08:29   Mean negative scores: 15.249736785888672
20:08:29   BPR loss: 0.014401478692889214
20:11:41   >>>>>>>>>>>>>>>>>>>>>>>>>>>>>>
20:11:43   Mean positive scores: 28.034177780151367
20:11:43   Mean negative scores: 18.881587982177734
20:11:43   BPR loss: 0.011389014311134815
20:14:54   >>>>>>>>>>>>>>>>>>>>>>>>>>>>>>
20:14:56   Mean positive scores: 30.297069549560547
20:14:56   Mean negative scores: 17.859235763549805
20:14:56   BPR loss: 0.0007593962363898754
20:18:07   >>>>>>>>>>>>>>>>>>>>>>>>>>>>>>
20:18:09   Mean positive scores: 29.151504516601562
20:18:09   Mean negative scores: 18.877777099609375
20:18:09   BPR loss: 0.001368352910503745
20:21:21   >>>>>>>>>>>>>>>>>>>>>>>>>>>>>>
20:21:22   Mean positive scores: 30.888671875
20:21:22   Mean negative scores: 20.32280921936035
20:21:22   BPR loss: 0.006070846226066351
20:24:34   >>>>>>>>>>>>>>>>>>>>>>>>>>>>>>
20:24:36   Mean positive scores: 33.229732513427734
20:24:36   Mean negative scores: 24.58303451538086
20:24:36   BPR loss: 0.01590665616095066
20:27:47   >>>>>>>>>>>>>>>>>>>>>>>>>>>>>>
20:27:49   Mean positive scores: 29.799571990966797
20:27:49   Mean negative scores: 20.16861915588379
20:27:49   BPR loss: 0.0047284201718866825
20:31:01   >>>>>>>>>>>>>>>>>>>>>>>>>>>>>>
20:31:03   Mean positive scores: 38.26136779785156
20:31:03   Mean negative scores: 22.98126220703125
20:31:03   BPR loss: 0.005503186956048012
20:34:14   >>>>>>>>>>>>>>>>>>>>>>>>>>>>>>
20:34:16   Mean positive scores: 33.689308166503906
20:34:16   Mean negative scores: 23.324050903320312
20:34:16   BPR loss: 0.006687970366328955
20:37:27   >>>>>>>>>>>>>>>>>>>>>>>>>>>>>>
20:37:29   Mean positive scores: 30.833633422851562
20:37:29   Mean negative scores: 19.560768127441406
20:37:29   BPR loss: 0.011758405715227127
20:40:40   >>>>>>>>>>>>>>>>>>>>>>>>>>>>>>
20:40:42   Mean positive scores: 29.368865966796875
20:40:42   Mean negative scores: 23.020206451416016
20:40:42   BPR loss: 0.051694419234991074
20:43:54   >>>>>>>>>>>>>>>>>>>>>>>>>>>>>>
20:43:56   Mean positive scores: 35.891357421875
20:43:56   Mean negative scores: 27.59178924560547
20:43:56   BPR loss: 0.062385194003582
20:47:07   >>>>>>>>>>>>>>>>>>>>>>>>>>>>>>
20:47:09   Mean positive scores: 32.32650375366211
20:47:09   Mean negative scores: 23.315399169921875
20:47:09   BPR loss: 0.007851531729102135
20:50:21   >>>>>>>>>>>>>>>>>>>>>>>>>>>>>>
20:50:23   Mean positive scores: 27.990306854248047
20:50:23   Mean negative scores: 20.236141204833984
20:50:23   BPR loss: 0.03319146856665611
20:53:34   >>>>>>>>>>>>>>>>>>>>>>>>>>>>>>
20:53:36   Mean positive scores: 25.516563415527344
20:53:36   Mean negative scores: 14.65438461303711
20:53:36   BPR loss: 0.11354728043079376
20:56:48   >>>>>>>>>>>>>>>>>>>>>>>>>>>>>>
20:56:49   Mean positive scores: 28.648895263671875
20:56:49   Mean negative scores: 21.3289794921875
20:56:49   BPR loss: 0.03607475757598877
21:00:01   >>>>>>>>>>>>>>>>>>>>>>>>>>>>>>
21:00:03   Mean positive scores: 32.79408264160156
21:00:03   Mean negative scores: 17.088607788085938
21:00:03   BPR loss: 9.666419646237046e-05
21:03:14   >>>>>>>>>>>>>>>>>>>>>>>>>>>>>>
21:03:16   Mean positive scores: 30.95864486694336
21:03:16   Mean negative scores: 21.130111694335938
21:03:16   BPR loss: 0.07918012142181396
21:06:27   >>>>>>>>>>>>>>>>>>>>>>>>>>>>>>
21:06:29   Mean positive scores: 34.12342071533203
21:06:29   Mean negative scores: 19.27473258972168
21:06:29   BPR loss: 0.0008105477900244296
21:09:40   >>>>>>>>>>>>>>>>>>>>>>>>>>>>>>
21:09:42   Mean positive scores: 34.93030548095703
21:09:42   Mean negative scores: 27.404800415039062
21:09:42   BPR loss: 0.009557966142892838
21:12:53   >>>>>>>>>>>>>>>>>>>>>>>>>>>>>>
21:12:55   Mean positive scores: 33.9458122253418
21:12:55   Mean negative scores: 25.135944366455078
21:12:55   BPR loss: 0.002794040134176612
21:16:07   >>>>>>>>>>>>>>>>>>>>>>>>>>>>>>
21:16:08   Mean positive scores: 36.48646926879883
21:16:08   Mean negative scores: 22.231966018676758
21:16:08   BPR loss: 0.0012608402175828815
21:19:20   >>>>>>>>>>>>>>>>>>>>>>>>>>>>>>
21:19:22   Mean positive scores: 41.96662521362305
21:19:22   Mean negative scores: 29.304546356201172
21:19:22   BPR loss: 0.003285626880824566
21:22:33   >>>>>>>>>>>>>>>>>>>>>>>>>>>>>>
21:22:35   Mean positive scores: 40.22889709472656
21:22:35   Mean negative scores: 30.47473907470703
21:22:35   BPR loss: 0.1012609601020813
21:25:47   >>>>>>>>>>>>>>>>>>>>>>>>>>>>>>
21:25:49   Mean positive scores: 36.802207946777344
21:25:49   Mean negative scores: 25.834627151489258
21:25:49   BPR loss: 0.03745322301983833
21:29:01   >>>>>>>>>>>>>>>>>>>>>>>>>>>>>>
21:29:02   Mean positive scores: 33.98103332519531
21:29:02   Mean negative scores: 25.990745544433594
21:29:02   BPR loss: 0.1863817721605301
21:32:15   >>>>>>>>>>>>>>>>>>>>>>>>>>>>>>
21:32:16   Mean positive scores: 34.97080993652344
21:32:16   Mean negative scores: 21.915889739990234
21:32:16   BPR loss: 0.07470597326755524
21:35:28   >>>>>>>>>>>>>>>>>>>>>>>>>>>>>>
21:35:30   Mean positive scores: 40.1320915222168
21:35:30   Mean negative scores: 26.17957878112793
21:35:30   BPR loss: 0.00027917700936086476
21:38:42   >>>>>>>>>>>>>>>>>>>>>>>>>>>>>>
21:38:44   Mean positive scores: 37.813804626464844
21:38:44   Mean negative scores: 25.183074951171875
21:38:44   BPR loss: 0.00041695934487506747
21:41:56   >>>>>>>>>>>>>>>>>>>>>>>>>>>>>>
21:41:58   Mean positive scores: 32.80377960205078
21:41:58   Mean negative scores: 24.837459564208984
21:41:58   BPR loss: 0.016073575243353844
21:45:11   >>>>>>>>>>>>>>>>>>>>>>>>>>>>>>
21:45:12   Mean positive scores: 29.605060577392578
21:45:12   Mean negative scores: 22.143390655517578
21:45:12   BPR loss: 0.0352364182472229
21:48:25   >>>>>>>>>>>>>>>>>>>>>>>>>>>>>>
21:48:26   Mean positive scores: 36.195648193359375
21:48:26   Mean negative scores: 23.000804901123047
21:48:26   BPR loss: 0.0004670302150771022
21:51:39   >>>>>>>>>>>>>>>>>>>>>>>>>>>>>>
21:51:40   Mean positive scores: 33.67488479614258
21:51:40   Mean negative scores: 21.673105239868164
21:51:40   BPR loss: 0.009082736447453499
21:54:53   >>>>>>>>>>>>>>>>>>>>>>>>>>>>>>
21:54:54   Mean positive scores: 31.695913314819336
21:54:54   Mean negative scores: 18.644145965576172
21:54:54   BPR loss: 0.01471483614295721
21:58:07   >>>>>>>>>>>>>>>>>>>>>>>>>>>>>>
21:58:09   Mean positive scores: 29.392303466796875
21:58:09   Mean negative scores: 18.973041534423828
21:58:09   BPR loss: 0.0027275285683572292
22:01:20   >>>>>>>>>>>>>>>>>>>>>>>>>>>>>>
22:01:22   Mean positive scores: 27.496795654296875
22:01:22   Mean negative scores: 17.432453155517578
22:01:22   BPR loss: 0.007363018114119768
22:04:34   >>>>>>>>>>>>>>>>>>>>>>>>>>>>>>
22:04:36   Mean positive scores: 29.058940887451172
22:04:36   Mean negative scores: 19.681907653808594
22:04:36   BPR loss: 0.11972634494304657
22:07:48   >>>>>>>>>>>>>>>>>>>>>>>>>>>>>>
22:07:50   Mean positive scores: 30.12802505493164
22:07:50   Mean negative scores: 21.206859588623047
22:07:50   BPR loss: 0.009376251138746738
22:11:02   >>>>>>>>>>>>>>>>>>>>>>>>>>>>>>
22:11:04   Mean positive scores: 32.12480926513672
22:11:04   Mean negative scores: 13.680270195007324
22:11:04   BPR loss: 0.0013443013885989785
22:14:16   >>>>>>>>>>>>>>>>>>>>>>>>>>>>>>
22:14:17   Mean positive scores: 33.15066909790039
22:14:17   Mean negative scores: 24.986194610595703
22:14:17   BPR loss: 0.03596328943967819
22:17:30   >>>>>>>>>>>>>>>>>>>>>>>>>>>>>>
22:17:32   Mean positive scores: 30.985187530517578
22:17:32   Mean negative scores: 18.845966339111328
22:17:32   BPR loss: 0.0003322401025798172
22:20:44   >>>>>>>>>>>>>>>>>>>>>>>>>>>>>>
22:20:46   Mean positive scores: 33.628143310546875
22:20:46   Mean negative scores: 18.978981018066406
22:20:46   BPR loss: 0.0062443288043141365
22:23:58   >>>>>>>>>>>>>>>>>>>>>>>>>>>>>>
22:24:00   Mean positive scores: 31.71674346923828
22:24:00   Mean negative scores: 17.831745147705078
22:24:00   BPR loss: 0.005587106104940176
22:27:12   >>>>>>>>>>>>>>>>>>>>>>>>>>>>>>
22:27:13   Mean positive scores: 31.280019760131836
22:27:13   Mean negative scores: 21.090286254882812
22:27:13   BPR loss: 0.14985297620296478
22:30:25   >>>>>>>>>>>>>>>>>>>>>>>>>>>>>>
22:30:27   Mean positive scores: 32.13275146484375
22:30:27   Mean negative scores: 19.882917404174805
22:30:27   BPR loss: 0.0019303044537082314
22:33:39   >>>>>>>>>>>>>>>>>>>>>>>>>>>>>>
22:33:41   Mean positive scores: 21.130210876464844
22:33:41   Mean negative scores: 11.04451847076416
22:33:41   BPR loss: 0.005255192518234253
22:36:53   >>>>>>>>>>>>>>>>>>>>>>>>>>>>>>
22:36:54   Mean positive scores: 26.554153442382812
22:36:54   Mean negative scores: 17.994915008544922
22:36:54   BPR loss: 0.008620222099125385
22:40:06   >>>>>>>>>>>>>>>>>>>>>>>>>>>>>>
22:40:08   Mean positive scores: 25.530384063720703
22:40:08   Mean negative scores: 16.777114868164062
22:40:08   BPR loss: 0.013550947420299053
22:43:19   >>>>>>>>>>>>>>>>>>>>>>>>>>>>>>
22:43:21   Mean positive scores: 29.381933212280273
22:43:21   Mean negative scores: 18.75724983215332
22:43:21   BPR loss: 0.007097919005900621
22:46:33   >>>>>>>>>>>>>>>>>>>>>>>>>>>>>>
22:46:34   Mean positive scores: 28.18509292602539
22:46:34   Mean negative scores: 14.892382621765137
22:46:34   BPR loss: 0.004914924968034029
22:49:46   >>>>>>>>>>>>>>>>>>>>>>>>>>>>>>
22:49:48   Mean positive scores: 17.365142822265625
22:49:48   Mean negative scores: 4.1369099617004395
22:49:48   BPR loss: 0.004689302295446396
22:53:00   >>>>>>>>>>>>>>>>>>>>>>>>>>>>>>
22:53:02   Mean positive scores: 21.13824462890625
22:53:02   Mean negative scores: 11.909282684326172
22:53:02   BPR loss: 0.04321305826306343
22:56:14   >>>>>>>>>>>>>>>>>>>>>>>>>>>>>>
22:56:15   Mean positive scores: 24.30266761779785
22:56:15   Mean negative scores: 13.04033374786377
22:56:15   BPR loss: 0.019882269203662872
22:59:27   >>>>>>>>>>>>>>>>>>>>>>>>>>>>>>
22:59:29   Mean positive scores: 25.096738815307617
22:59:29   Mean negative scores: 14.959295272827148
22:59:29   BPR loss: 0.0118512948974967
23:02:41   >>>>>>>>>>>>>>>>>>>>>>>>>>>>>>
23:02:43   Mean positive scores: 27.951171875
23:02:43   Mean negative scores: 18.422077178955078
23:02:43   BPR loss: 0.4334997236728668
23:05:55   >>>>>>>>>>>>>>>>>>>>>>>>>>>>>>
23:05:56   Mean positive scores: 29.228322982788086
23:05:56   Mean negative scores: 18.577411651611328
23:05:56   BPR loss: 0.016443978995084763
23:09:08   >>>>>>>>>>>>>>>>>>>>>>>>>>>>>>
23:09:10   Mean positive scores: 23.983367919921875
23:09:10   Mean negative scores: 16.598875045776367
23:09:10   BPR loss: 0.004780062939971685
23:12:22   >>>>>>>>>>>>>>>>>>>>>>>>>>>>>>
23:12:24   Mean positive scores: 28.20050048828125
23:12:24   Mean negative scores: 16.418506622314453
23:12:24   BPR loss: 0.0026326507795602083
23:15:36   >>>>>>>>>>>>>>>>>>>>>>>>>>>>>>
23:15:38   Mean positive scores: 27.037193298339844
23:15:38   Mean negative scores: 17.355079650878906
23:15:38   BPR loss: 0.007450357545167208
23:18:50   >>>>>>>>>>>>>>>>>>>>>>>>>>>>>>
23:18:52   Mean positive scores: 24.455982208251953
23:18:52   Mean negative scores: 13.511685371398926
23:18:52   BPR loss: 0.008592532947659492
23:22:04   >>>>>>>>>>>>>>>>>>>>>>>>>>>>>>
23:22:06   Mean positive scores: 23.883878707885742
23:22:06   Mean negative scores: 13.622387886047363
23:22:06   BPR loss: 0.048434510827064514
23:25:18   >>>>>>>>>>>>>>>>>>>>>>>>>>>>>>
23:25:20   Mean positive scores: 16.38690948486328
23:25:20   Mean negative scores: 7.546675682067871
23:25:20   BPR loss: 0.0020428590942174196
23:28:32   >>>>>>>>>>>>>>>>>>>>>>>>>>>>>>
23:28:34   Mean positive scores: 16.455419540405273
23:28:34   Mean negative scores: 8.348831176757812
23:28:34   BPR loss: 0.0050653936341404915
23:31:46   >>>>>>>>>>>>>>>>>>>>>>>>>>>>>>
23:31:47   Mean positive scores: 16.7923526763916
23:31:47   Mean negative scores: 4.008530139923096
23:31:47   BPR loss: 0.0008524818695150316
23:34:59   >>>>>>>>>>>>>>>>>>>>>>>>>>>>>>
23:35:01   Mean positive scores: 22.518138885498047
23:35:01   Mean negative scores: 6.2283172607421875
23:35:01   BPR loss: 3.186907997587696e-05
23:38:13   >>>>>>>>>>>>>>>>>>>>>>>>>>>>>>
23:38:15   Mean positive scores: 27.147117614746094
23:38:15   Mean negative scores: 16.278202056884766
23:38:15   BPR loss: 0.0011423778487369418
23:41:26   >>>>>>>>>>>>>>>>>>>>>>>>>>>>>>
23:41:28   Mean positive scores: 26.002933502197266
23:41:28   Mean negative scores: 15.577190399169922
23:41:28   BPR loss: 0.0016754952957853675
23:44:40   >>>>>>>>>>>>>>>>>>>>>>>>>>>>>>
23:44:42   Mean positive scores: 23.139589309692383
23:44:42   Mean negative scores: 11.794723510742188
23:44:42   BPR loss: 0.007921635173261166
23:47:53   >>>>>>>>>>>>>>>>>>>>>>>>>>>>>>
23:47:55   Mean positive scores: 15.171442985534668
23:47:55   Mean negative scores: 4.355415344238281
23:47:55   BPR loss: 0.011923272162675858
23:51:07   >>>>>>>>>>>>>>>>>>>>>>>>>>>>>>
23:51:08   Mean positive scores: 20.496814727783203
23:51:08   Mean negative scores: 8.50735092163086
23:51:08   BPR loss: 0.0018414400983601809
23:54:20   >>>>>>>>>>>>>>>>>>>>>>>>>>>>>>
23:54:22   Mean positive scores: 21.47018051147461
23:54:22   Mean negative scores: 12.202651977539062
23:54:22   BPR loss: 0.002431540284305811
23:57:33   >>>>>>>>>>>>>>>>>>>>>>>>>>>>>>
23:57:35   Mean positive scores: 27.17660903930664
23:57:35   Mean negative scores: 17.750629425048828
23:57:35   BPR loss: 0.003569766180589795
00:00:46   >>>>>>>>>>>>>>>>>>>>>>>>>>>>>>
00:00:48   Mean positive scores: 25.133251190185547
00:00:48   Mean negative scores: 14.685206413269043
00:00:48   BPR loss: 0.002346887718886137
00:04:00   >>>>>>>>>>>>>>>>>>>>>>>>>>>>>>
00:04:01   Mean positive scores: 30.616687774658203
00:04:01   Mean negative scores: 16.905237197875977
00:04:01   BPR loss: 0.0002832746831700206
00:07:13   >>>>>>>>>>>>>>>>>>>>>>>>>>>>>>
00:07:15   Mean positive scores: 26.194141387939453
00:07:15   Mean negative scores: 15.282377243041992
00:07:15   BPR loss: 0.025778193026781082
00:10:26   >>>>>>>>>>>>>>>>>>>>>>>>>>>>>>
00:10:28   Mean positive scores: 19.505355834960938
00:10:28   Mean negative scores: 11.166803359985352
00:10:28   BPR loss: 0.01845378428697586
00:13:40   >>>>>>>>>>>>>>>>>>>>>>>>>>>>>>
00:13:41   Mean positive scores: 24.00763702392578
00:13:41   Mean negative scores: 13.452709197998047
00:13:41   BPR loss: 0.0016639975365251303
00:16:53   >>>>>>>>>>>>>>>>>>>>>>>>>>>>>>
00:16:55   Mean positive scores: 28.6500301361084
00:16:55   Mean negative scores: 16.68596649169922
00:16:55   BPR loss: 0.010145656764507294
00:20:06   >>>>>>>>>>>>>>>>>>>>>>>>>>>>>>
00:20:08   Mean positive scores: 30.455875396728516
00:20:08   Mean negative scores: 19.692676544189453
00:20:08   BPR loss: 0.11341934651136398
00:23:20   >>>>>>>>>>>>>>>>>>>>>>>>>>>>>>
00:23:21   Mean positive scores: 32.005699157714844
00:23:21   Mean negative scores: 22.641469955444336
00:23:21   BPR loss: 0.011457765474915504
00:26:33   >>>>>>>>>>>>>>>>>>>>>>>>>>>>>>
00:26:35   Mean positive scores: 31.079856872558594
00:26:35   Mean negative scores: 20.46761703491211
00:26:35   BPR loss: 0.0018371319165453315
00:29:46   >>>>>>>>>>>>>>>>>>>>>>>>>>>>>>
00:29:48   Mean positive scores: 27.131023406982422
00:29:48   Mean negative scores: 16.8560733795166
00:29:48   BPR loss: 0.06803292036056519
00:32:59   >>>>>>>>>>>>>>>>>>>>>>>>>>>>>>
00:33:01   Mean positive scores: 28.527896881103516
00:33:01   Mean negative scores: 18.69136619567871
00:33:01   BPR loss: 0.0022250600159168243
00:36:13   >>>>>>>>>>>>>>>>>>>>>>>>>>>>>>
00:36:14   Mean positive scores: 31.24407196044922
00:36:14   Mean negative scores: 22.496261596679688
00:36:14   BPR loss: 0.011405345983803272
00:39:26   >>>>>>>>>>>>>>>>>>>>>>>>>>>>>>
00:39:28   Mean positive scores: 34.30311965942383
00:39:28   Mean negative scores: 26.13788604736328
00:39:28   BPR loss: 0.014517530798912048
00:42:40   >>>>>>>>>>>>>>>>>>>>>>>>>>>>>>
00:42:41   Mean positive scores: 31.41183853149414
00:42:41   Mean negative scores: 18.323009490966797
00:42:41   BPR loss: 0.0001908282283693552
00:45:53   >>>>>>>>>>>>>>>>>>>>>>>>>>>>>>
00:45:55   Mean positive scores: 32.95368194580078
00:45:55   Mean negative scores: 23.381580352783203
00:45:55   BPR loss: 0.04230458661913872
00:49:08   >>>>>>>>>>>>>>>>>>>>>>>>>>>>>>
00:49:09   Mean positive scores: 27.813880920410156
00:49:09   Mean negative scores: 15.88840389251709
00:49:09   BPR loss: 0.04550207406282425
00:52:22   >>>>>>>>>>>>>>>>>>>>>>>>>>>>>>
00:52:23   Mean positive scores: 30.292293548583984
00:52:23   Mean negative scores: 16.587650299072266
00:52:23   BPR loss: 0.0012283368268981576
00:55:36   >>>>>>>>>>>>>>>>>>>>>>>>>>>>>>
00:55:37   Mean positive scores: 29.31192970275879
00:55:37   Mean negative scores: 21.796924591064453
00:55:37   BPR loss: 0.02985905483365059
00:58:50   >>>>>>>>>>>>>>>>>>>>>>>>>>>>>>
00:58:52   Mean positive scores: 32.889617919921875
00:58:52   Mean negative scores: 25.940387725830078
00:58:52   BPR loss: 0.012028536759316921
01:02:04   >>>>>>>>>>>>>>>>>>>>>>>>>>>>>>
01:02:06   Mean positive scores: 31.81324577331543
01:02:06   Mean negative scores: 20.564891815185547
01:02:06   BPR loss: 0.0012628206750378013
01:05:18   >>>>>>>>>>>>>>>>>>>>>>>>>>>>>>
01:05:20   Mean positive scores: 38.160552978515625
01:05:20   Mean negative scores: 22.697784423828125
01:05:20   BPR loss: 0.0002602219465188682
01:08:32   >>>>>>>>>>>>>>>>>>>>>>>>>>>>>>
01:08:34   Mean positive scores: 33.638694763183594
01:08:34   Mean negative scores: 26.53081512451172
01:08:34   BPR loss: 0.06012146919965744
01:11:47   >>>>>>>>>>>>>>>>>>>>>>>>>>>>>>
01:11:48   Mean positive scores: 36.402252197265625
01:11:48   Mean negative scores: 25.276342391967773
01:11:48   BPR loss: 0.0008410452865064144
01:15:01   >>>>>>>>>>>>>>>>>>>>>>>>>>>>>>
01:15:03   Mean positive scores: 35.96424102783203
01:15:03   Mean negative scores: 24.614377975463867
01:15:03   BPR loss: 0.00430179201066494
01:18:15   >>>>>>>>>>>>>>>>>>>>>>>>>>>>>>
01:18:17   Mean positive scores: 36.542999267578125
01:18:17   Mean negative scores: 23.84539222717285
01:18:17   BPR loss: 0.00035254424437880516
01:21:30   >>>>>>>>>>>>>>>>>>>>>>>>>>>>>>
01:21:32   Mean positive scores: 34.69316864013672
01:21:32   Mean negative scores: 22.003849029541016
01:21:32   BPR loss: 0.002763989847153425
01:24:44   >>>>>>>>>>>>>>>>>>>>>>>>>>>>>>
01:24:46   Mean positive scores: 31.66079330444336
01:24:46   Mean negative scores: 20.132190704345703
01:24:46   BPR loss: 0.0017493877094238997
01:27:59   >>>>>>>>>>>>>>>>>>>>>>>>>>>>>>
01:28:00   Mean positive scores: 25.2669677734375
01:28:00   Mean negative scores: 15.974651336669922
01:28:00   BPR loss: 0.0019766795448958874
01:31:13   >>>>>>>>>>>>>>>>>>>>>>>>>>>>>>
01:31:15   Mean positive scores: 29.327861785888672
01:31:15   Mean negative scores: 13.918717384338379
01:31:15   BPR loss: 0.05257396772503853
01:34:27   >>>>>>>>>>>>>>>>>>>>>>>>>>>>>>
01:34:29   Mean positive scores: 32.088233947753906
01:34:29   Mean negative scores: 24.528263092041016
01:34:29   BPR loss: 0.04236646369099617
01:37:41   >>>>>>>>>>>>>>>>>>>>>>>>>>>>>>
01:37:42   Mean positive scores: 36.179481506347656
01:37:42   Mean negative scores: 26.73662567138672
01:37:42   BPR loss: 0.00637726578861475
01:40:55   >>>>>>>>>>>>>>>>>>>>>>>>>>>>>>
01:40:57   Mean positive scores: 33.80497741699219
01:40:57   Mean negative scores: 21.921737670898438
01:40:57   BPR loss: 0.0020040522795170546
01:44:09   >>>>>>>>>>>>>>>>>>>>>>>>>>>>>>
01:44:11   Mean positive scores: 34.115081787109375
01:44:11   Mean negative scores: 18.156797409057617
01:44:11   BPR loss: 0.02323037013411522
01:47:23   >>>>>>>>>>>>>>>>>>>>>>>>>>>>>>
01:47:25   Mean positive scores: 32.51597213745117
01:47:25   Mean negative scores: 23.01068115234375
01:47:25   BPR loss: 0.13353446125984192
01:50:37   >>>>>>>>>>>>>>>>>>>>>>>>>>>>>>
01:50:39   Mean positive scores: 39.524818420410156
01:50:39   Mean negative scores: 27.954492568969727
01:50:39   BPR loss: 0.0013719518901780248
01:53:52   >>>>>>>>>>>>>>>>>>>>>>>>>>>>>>
01:53:53   Mean positive scores: 37.96320343017578
01:53:53   Mean negative scores: 28.67339324951172
01:53:53   BPR loss: 0.0025333610828965902
01:57:06   >>>>>>>>>>>>>>>>>>>>>>>>>>>>>>
01:57:07   Mean positive scores: 31.43197250366211
01:57:07   Mean negative scores: 24.218547821044922
01:57:07   BPR loss: 0.029538117349147797
02:00:20   >>>>>>>>>>>>>>>>>>>>>>>>>>>>>>
02:00:22   Mean positive scores: 35.452945709228516
02:00:22   Mean negative scores: 27.33837890625
02:00:22   BPR loss: 0.27028125524520874
02:03:34   >>>>>>>>>>>>>>>>>>>>>>>>>>>>>>
02:03:36   Mean positive scores: 39.722808837890625
02:03:36   Mean negative scores: 23.769424438476562
02:03:36   BPR loss: 0.0009708416182547808
02:06:48   >>>>>>>>>>>>>>>>>>>>>>>>>>>>>>
02:06:50   Mean positive scores: 37.35763931274414
02:06:50   Mean negative scores: 26.19573974609375
02:06:50   BPR loss: 0.0019065254600718617
02:10:03   >>>>>>>>>>>>>>>>>>>>>>>>>>>>>>
02:10:04   Mean positive scores: 35.513099670410156
02:10:04   Mean negative scores: 28.543621063232422
02:10:04   BPR loss: 0.01829935982823372
02:13:17   >>>>>>>>>>>>>>>>>>>>>>>>>>>>>>
02:13:19   Mean positive scores: 35.635154724121094
02:13:19   Mean negative scores: 25.552242279052734
02:13:19   BPR loss: 0.2646510899066925
02:16:31   >>>>>>>>>>>>>>>>>>>>>>>>>>>>>>
02:16:33   Mean positive scores: 38.68279266357422
02:16:33   Mean negative scores: 26.53531837463379
02:16:33   BPR loss: 0.04500347003340721
02:19:45   >>>>>>>>>>>>>>>>>>>>>>>>>>>>>>
02:19:47   Mean positive scores: 39.502132415771484
02:19:47   Mean negative scores: 22.915916442871094
02:19:47   BPR loss: 0.005814261734485626
02:22:59   >>>>>>>>>>>>>>>>>>>>>>>>>>>>>>
02:23:01   Mean positive scores: 36.379817962646484
02:23:01   Mean negative scores: 24.502059936523438
02:23:01   BPR loss: 0.0015357544180005789
02:26:14   >>>>>>>>>>>>>>>>>>>>>>>>>>>>>>
02:26:15   Mean positive scores: 33.12672424316406
02:26:15   Mean negative scores: 25.505477905273438
02:26:15   BPR loss: 0.013413378968834877
02:29:28   >>>>>>>>>>>>>>>>>>>>>>>>>>>>>>
02:29:29   Mean positive scores: 33.688194274902344
02:29:29   Mean negative scores: 24.421955108642578
02:29:29   BPR loss: 0.00676976703107357
02:32:42   >>>>>>>>>>>>>>>>>>>>>>>>>>>>>>
02:32:43   Mean positive scores: 31.720230102539062
02:32:43   Mean negative scores: 22.552371978759766
02:32:43   BPR loss: 0.0035137603990733624
02:35:56   >>>>>>>>>>>>>>>>>>>>>>>>>>>>>>
02:35:58   Mean positive scores: 29.556072235107422
02:35:58   Mean negative scores: 24.223495483398438
02:35:58   BPR loss: 0.07020639628171921
02:39:10   >>>>>>>>>>>>>>>>>>>>>>>>>>>>>>
02:39:12   Mean positive scores: 28.581560134887695
02:39:12   Mean negative scores: 21.994354248046875
02:39:12   BPR loss: 0.049792226403951645
02:42:24   >>>>>>>>>>>>>>>>>>>>>>>>>>>>>>
02:42:26   Mean positive scores: 37.169307708740234
02:42:26   Mean negative scores: 27.075374603271484
02:42:26   BPR loss: 0.001946752890944481
02:45:39   >>>>>>>>>>>>>>>>>>>>>>>>>>>>>>
02:45:40   Mean positive scores: 26.889053344726562
02:45:40   Mean negative scores: 22.38194465637207
02:45:40   BPR loss: 0.12484529614448547
02:48:53   >>>>>>>>>>>>>>>>>>>>>>>>>>>>>>
02:48:55   Mean positive scores: 32.34880065917969
02:48:55   Mean negative scores: 23.085403442382812
02:48:55   BPR loss: 0.0027547921054065228
02:52:07   >>>>>>>>>>>>>>>>>>>>>>>>>>>>>>
02:52:09   Mean positive scores: 31.546890258789062
02:52:09   Mean negative scores: 23.273651123046875
02:52:09   BPR loss: 0.1108984723687172
02:55:21   >>>>>>>>>>>>>>>>>>>>>>>>>>>>>>
02:55:23   Mean positive scores: 34.03741455078125
02:55:23   Mean negative scores: 19.569976806640625
02:55:23   BPR loss: 0.3079257011413574
02:58:35   >>>>>>>>>>>>>>>>>>>>>>>>>>>>>>
02:58:37   Mean positive scores: 34.7254638671875
02:58:37   Mean negative scores: 21.960922241210938
02:58:37   BPR loss: 0.007017964497208595
03:01:49   >>>>>>>>>>>>>>>>>>>>>>>>>>>>>>
03:01:51   Mean positive scores: 30.196460723876953
03:01:51   Mean negative scores: 20.834613800048828
03:01:51   BPR loss: 0.01220504380762577
03:05:03   >>>>>>>>>>>>>>>>>>>>>>>>>>>>>>
03:05:05   Mean positive scores: 28.001781463623047
03:05:05   Mean negative scores: 19.988494873046875
03:05:05   BPR loss: 0.02036104165017605
03:08:17   >>>>>>>>>>>>>>>>>>>>>>>>>>>>>>
03:08:19   Mean positive scores: 32.47336196899414
03:08:19   Mean negative scores: 24.741966247558594
03:08:19   BPR loss: 0.003927528392523527
03:11:31   >>>>>>>>>>>>>>>>>>>>>>>>>>>>>>
03:11:33   Mean positive scores: 34.33182907104492
03:11:33   Mean negative scores: 23.026111602783203
03:11:33   BPR loss: 0.00045755974133498967
03:14:46   >>>>>>>>>>>>>>>>>>>>>>>>>>>>>>
03:14:47   Mean positive scores: 32.14740753173828
03:14:47   Mean negative scores: 20.954936981201172
03:14:47   BPR loss: 0.029048334807157516
03:18:00   >>>>>>>>>>>>>>>>>>>>>>>>>>>>>>
03:18:02   Mean positive scores: 28.181621551513672
03:18:02   Mean negative scores: 20.52663803100586
03:18:02   BPR loss: 0.006800759583711624
03:21:14   >>>>>>>>>>>>>>>>>>>>>>>>>>>>>>
03:21:16   Mean positive scores: 32.326271057128906
03:21:16   Mean negative scores: 20.8856258392334
03:21:16   BPR loss: 0.07219748198986053
03:24:28   >>>>>>>>>>>>>>>>>>>>>>>>>>>>>>
03:24:30   Mean positive scores: 32.75885009765625
03:24:30   Mean negative scores: 19.88827133178711
03:24:30   BPR loss: 0.008673847652971745
03:27:42   >>>>>>>>>>>>>>>>>>>>>>>>>>>>>>
03:27:44   Mean positive scores: 31.054288864135742
03:27:44   Mean negative scores: 21.967662811279297
03:27:44   BPR loss: 0.0060582468286156654
03:30:57   >>>>>>>>>>>>>>>>>>>>>>>>>>>>>>
03:30:58   Mean positive scores: 32.90387725830078
03:30:58   Mean negative scores: 22.31295394897461
03:30:58   BPR loss: 0.0008204266778193414
03:34:11   >>>>>>>>>>>>>>>>>>>>>>>>>>>>>>
03:34:13   Mean positive scores: 28.606483459472656
03:34:13   Mean negative scores: 12.944682121276855
03:34:13   BPR loss: 0.00859267357736826
03:37:25   >>>>>>>>>>>>>>>>>>>>>>>>>>>>>>
03:37:27   Mean positive scores: 25.56735610961914
03:37:27   Mean negative scores: 17.390869140625
03:37:27   BPR loss: 0.15295490622520447
03:40:39   >>>>>>>>>>>>>>>>>>>>>>>>>>>>>>
03:40:41   Mean positive scores: 29.314599990844727
03:40:41   Mean negative scores: 14.908504486083984
03:40:41   BPR loss: 0.00015323652769438922
03:43:54   >>>>>>>>>>>>>>>>>>>>>>>>>>>>>>
03:43:55   Mean positive scores: 28.60311508178711
03:43:55   Mean negative scores: 14.391336441040039
03:43:55   BPR loss: 0.008128580637276173
03:47:08   >>>>>>>>>>>>>>>>>>>>>>>>>>>>>>
03:47:10   Mean positive scores: 21.851308822631836
03:47:10   Mean negative scores: 12.849651336669922
03:47:10   BPR loss: 0.0016305589815601707
03:50:22   >>>>>>>>>>>>>>>>>>>>>>>>>>>>>>
03:50:24   Mean positive scores: 21.055879592895508
03:50:24   Mean negative scores: 13.110696792602539
03:50:24   BPR loss: 0.00904004741460085
03:53:36   >>>>>>>>>>>>>>>>>>>>>>>>>>>>>>
03:53:38   Mean positive scores: 34.723358154296875
03:53:38   Mean negative scores: 16.005075454711914
03:53:38   BPR loss: 0.1827654093503952
03:56:51   >>>>>>>>>>>>>>>>>>>>>>>>>>>>>>
03:56:53   Mean positive scores: 26.924571990966797
03:56:53   Mean negative scores: 17.942089080810547
03:56:53   BPR loss: 0.005829286761581898
04:00:05   >>>>>>>>>>>>>>>>>>>>>>>>>>>>>>
04:00:07   Mean positive scores: 30.512157440185547
04:00:07   Mean negative scores: 22.883827209472656
04:00:07   BPR loss: 0.003617682494223118
04:03:20   >>>>>>>>>>>>>>>>>>>>>>>>>>>>>>
04:03:22   Mean positive scores: 35.148902893066406
04:03:22   Mean negative scores: 25.192825317382812
04:03:22   BPR loss: 0.0008707819506525993
04:06:34   >>>>>>>>>>>>>>>>>>>>>>>>>>>>>>
04:06:36   Mean positive scores: 32.25235366821289
04:06:36   Mean negative scores: 23.27069664001465
04:06:36   BPR loss: 0.09508179128170013
04:09:49   >>>>>>>>>>>>>>>>>>>>>>>>>>>>>>
04:09:50   Mean positive scores: 29.73064422607422
04:09:50   Mean negative scores: 19.186681747436523
04:09:50   BPR loss: 0.01416628248989582
04:13:02   >>>>>>>>>>>>>>>>>>>>>>>>>>>>>>
04:13:04   Mean positive scores: 20.361919403076172
04:13:04   Mean negative scores: 14.647143363952637
04:13:04   BPR loss: 0.0987786278128624
04:16:16   >>>>>>>>>>>>>>>>>>>>>>>>>>>>>>
04:16:18   Mean positive scores: 26.289005279541016
04:16:18   Mean negative scores: 15.285102844238281
04:16:18   BPR loss: 0.002987995045259595
04:19:30   >>>>>>>>>>>>>>>>>>>>>>>>>>>>>>
04:19:32   Mean positive scores: 26.323463439941406
04:19:32   Mean negative scores: 15.648950576782227
04:19:32   BPR loss: 0.01265892293304205
04:22:44   >>>>>>>>>>>>>>>>>>>>>>>>>>>>>>
04:22:46   Mean positive scores: 27.059173583984375
04:22:46   Mean negative scores: 16.12648582458496
04:22:46   BPR loss: 0.006078170146793127
04:25:58   >>>>>>>>>>>>>>>>>>>>>>>>>>>>>>
04:26:00   Mean positive scores: 21.90058135986328
04:26:00   Mean negative scores: 12.397558212280273
04:26:00   BPR loss: 0.2572316527366638
04:29:12   >>>>>>>>>>>>>>>>>>>>>>>>>>>>>>
04:29:14   Mean positive scores: 24.234085083007812
04:29:14   Mean negative scores: 13.833297729492188
04:29:14   BPR loss: 0.18615664541721344
04:32:26   >>>>>>>>>>>>>>>>>>>>>>>>>>>>>>
04:32:28   Mean positive scores: 26.140522003173828
04:32:28   Mean negative scores: 16.746278762817383
04:32:28   BPR loss: 0.05952300876379013
04:35:40   >>>>>>>>>>>>>>>>>>>>>>>>>>>>>>
04:35:42   Mean positive scores: 28.2261905670166
04:35:42   Mean negative scores: 19.012466430664062
04:35:42   BPR loss: 0.06125357374548912
04:38:54   >>>>>>>>>>>>>>>>>>>>>>>>>>>>>>
04:38:56   Mean positive scores: 24.91006088256836
04:38:56   Mean negative scores: 16.75037384033203
04:38:56   BPR loss: 0.04269944503903389
04:42:08   >>>>>>>>>>>>>>>>>>>>>>>>>>>>>>
04:42:10   Mean positive scores: 27.75347137451172
04:42:10   Mean negative scores: 18.90263557434082
04:42:10   BPR loss: 0.014211377128958702
04:45:23   >>>>>>>>>>>>>>>>>>>>>>>>>>>>>>
04:45:24   Mean positive scores: 23.90841293334961
04:45:24   Mean negative scores: 13.853309631347656
04:45:24   BPR loss: 0.019510680809617043
04:48:37   >>>>>>>>>>>>>>>>>>>>>>>>>>>>>>
04:48:38   Mean positive scores: 23.483497619628906
04:48:38   Mean negative scores: 12.73046875
04:48:38   BPR loss: 0.022050317376852036
04:51:51   >>>>>>>>>>>>>>>>>>>>>>>>>>>>>>
04:51:52   Mean positive scores: 30.881134033203125
04:51:52   Mean negative scores: 19.97433853149414
04:51:52   BPR loss: 0.00047921302029863
04:55:05   >>>>>>>>>>>>>>>>>>>>>>>>>>>>>>
04:55:07   Mean positive scores: 27.598886489868164
04:55:07   Mean negative scores: 18.971691131591797
04:55:07   BPR loss: 0.07548079639673233
04:58:19   >>>>>>>>>>>>>>>>>>>>>>>>>>>>>>
04:58:21   Mean positive scores: 26.88095474243164
04:58:21   Mean negative scores: 18.634098052978516
04:58:21   BPR loss: 0.11025487631559372
05:01:33   >>>>>>>>>>>>>>>>>>>>>>>>>>>>>>
05:01:35   Mean positive scores: 24.402355194091797
05:01:35   Mean negative scores: 16.50534439086914
05:01:35   BPR loss: 0.15941698849201202
05:04:47   >>>>>>>>>>>>>>>>>>>>>>>>>>>>>>
05:04:49   Mean positive scores: 25.852848052978516
05:04:49   Mean negative scores: 14.150186538696289
05:04:49   BPR loss: 0.009940426796674728
05:08:01   >>>>>>>>>>>>>>>>>>>>>>>>>>>>>>
05:08:03   Mean positive scores: 28.853403091430664
05:08:03   Mean negative scores: 19.00727081298828
05:08:03   BPR loss: 0.0019253459759056568
05:11:15   >>>>>>>>>>>>>>>>>>>>>>>>>>>>>>
05:11:17   Mean positive scores: 24.903072357177734
05:11:17   Mean negative scores: 14.039525985717773
05:11:17   BPR loss: 0.006507334299385548
05:14:29   >>>>>>>>>>>>>>>>>>>>>>>>>>>>>>
05:14:31   Mean positive scores: 26.66352081298828
05:14:31   Mean negative scores: 17.608306884765625
05:14:31   BPR loss: 0.00386538403108716
05:17:43   >>>>>>>>>>>>>>>>>>>>>>>>>>>>>>
05:17:45   Mean positive scores: 28.151517868041992
05:17:45   Mean negative scores: 20.79637908935547
05:17:45   BPR loss: 0.07591985166072845
05:20:57   >>>>>>>>>>>>>>>>>>>>>>>>>>>>>>
05:20:59   Mean positive scores: 29.002941131591797
05:20:59   Mean negative scores: 21.657421112060547
05:20:59   BPR loss: 0.1439572274684906
05:24:12   >>>>>>>>>>>>>>>>>>>>>>>>>>>>>>
05:24:14   Mean positive scores: 32.573081970214844
05:24:14   Mean negative scores: 23.257007598876953
05:24:14   BPR loss: 0.015976570546627045
05:27:26   >>>>>>>>>>>>>>>>>>>>>>>>>>>>>>
05:27:28   Mean positive scores: 35.15147018432617
05:27:28   Mean negative scores: 27.143321990966797
05:27:28   BPR loss: 0.010730372741818428
05:30:40   >>>>>>>>>>>>>>>>>>>>>>>>>>>>>>
05:30:42   Mean positive scores: 30.079139709472656
05:30:42   Mean negative scores: 19.367908477783203
05:30:42   BPR loss: 0.0003689563018269837
05:33:55   >>>>>>>>>>>>>>>>>>>>>>>>>>>>>>
05:33:57   Mean positive scores: 34.930938720703125
05:33:57   Mean negative scores: 23.63341522216797
05:33:57   BPR loss: 0.00119781366083771
05:37:09   >>>>>>>>>>>>>>>>>>>>>>>>>>>>>>
05:37:11   Mean positive scores: 35.29931640625
05:37:11   Mean negative scores: 23.66519546508789
05:37:11   BPR loss: 0.0013319605495780706
05:40:23   >>>>>>>>>>>>>>>>>>>>>>>>>>>>>>
05:40:25   Mean positive scores: 26.935028076171875
05:40:25   Mean negative scores: 17.596508026123047
05:40:25   BPR loss: 0.019849097356200218
05:43:37   >>>>>>>>>>>>>>>>>>>>>>>>>>>>>>
05:43:39   Mean positive scores: 24.93231201171875
05:43:39   Mean negative scores: 16.847244262695312
05:43:39   BPR loss: 0.13045436143875122
05:46:51   >>>>>>>>>>>>>>>>>>>>>>>>>>>>>>
05:46:53   Mean positive scores: 26.985801696777344
05:46:53   Mean negative scores: 18.06275177001953
05:46:53   BPR loss: 0.006050972267985344
05:50:05   >>>>>>>>>>>>>>>>>>>>>>>>>>>>>>
05:50:06   Mean positive scores: 28.17719268798828
05:50:06   Mean negative scores: 17.106708526611328
05:50:06   BPR loss: 0.06850715726613998
05:53:19   >>>>>>>>>>>>>>>>>>>>>>>>>>>>>>
05:53:20   Mean positive scores: 27.151344299316406
05:53:20   Mean negative scores: 17.889419555664062
05:53:20   BPR loss: 0.010698437690734863
05:56:33   >>>>>>>>>>>>>>>>>>>>>>>>>>>>>>
05:56:35   Mean positive scores: 29.111366271972656
05:56:35   Mean negative scores: 20.065767288208008
05:56:35   BPR loss: 0.003438564483076334
05:59:47   >>>>>>>>>>>>>>>>>>>>>>>>>>>>>>
05:59:49   Mean positive scores: 25.45763397216797
05:59:49   Mean negative scores: 17.1843204498291
05:59:49   BPR loss: 0.01767224632203579
06:03:01   >>>>>>>>>>>>>>>>>>>>>>>>>>>>>>
06:03:03   Mean positive scores: 21.396018981933594
06:03:03   Mean negative scores: 13.462345123291016
06:03:03   BPR loss: 0.020938090980052948
06:06:15   >>>>>>>>>>>>>>>>>>>>>>>>>>>>>>
06:06:17   Mean positive scores: 26.470321655273438
06:06:17   Mean negative scores: 15.520389556884766
06:06:17   BPR loss: 0.009005353786051273
06:09:29   >>>>>>>>>>>>>>>>>>>>>>>>>>>>>>
06:09:31   Mean positive scores: 20.53974151611328
06:09:31   Mean negative scores: 10.462911605834961
06:09:31   BPR loss: 0.0015249998541548848
06:12:42   >>>>>>>>>>>>>>>>>>>>>>>>>>>>>>
06:12:44   Mean positive scores: 19.433853149414062
06:12:44   Mean negative scores: 8.042387008666992
06:12:44   BPR loss: 0.007977025583386421
06:15:56   >>>>>>>>>>>>>>>>>>>>>>>>>>>>>>
06:15:57   Mean positive scores: 21.357145309448242
06:15:57   Mean negative scores: 9.901159286499023
06:15:57   BPR loss: 0.0009063280886039138
06:19:09   >>>>>>>>>>>>>>>>>>>>>>>>>>>>>>
06:19:11   Mean positive scores: 24.216737747192383
06:19:11   Mean negative scores: 13.766622543334961
06:19:11   BPR loss: 0.02364378236234188
06:22:22   >>>>>>>>>>>>>>>>>>>>>>>>>>>>>>
06:22:24   Mean positive scores: 23.780359268188477
06:22:24   Mean negative scores: 13.610856056213379
06:22:24   BPR loss: 0.001330323051661253
06:25:35   >>>>>>>>>>>>>>>>>>>>>>>>>>>>>>
06:25:37   Mean positive scores: 25.374404907226562
06:25:37   Mean negative scores: 12.372203826904297
06:25:37   BPR loss: 0.0005704138893634081
06:28:48   >>>>>>>>>>>>>>>>>>>>>>>>>>>>>>
06:28:50   Mean positive scores: 22.93907928466797
06:28:50   Mean negative scores: 10.61380672454834
06:28:50   BPR loss: 0.016680032014846802
06:32:01   >>>>>>>>>>>>>>>>>>>>>>>>>>>>>>
06:32:03   Mean positive scores: 24.82462501525879
06:32:03   Mean negative scores: 13.480636596679688
06:32:03   BPR loss: 0.000277666375041008
06:35:15   >>>>>>>>>>>>>>>>>>>>>>>>>>>>>>
06:35:16   Mean positive scores: 19.33055877685547
06:35:16   Mean negative scores: 8.505276679992676
06:35:16   BPR loss: 0.002586026443168521
06:38:28   >>>>>>>>>>>>>>>>>>>>>>>>>>>>>>
06:38:29   Mean positive scores: 13.227033615112305
06:38:29   Mean negative scores: 4.745661735534668
06:38:29   BPR loss: 0.04500181972980499
06:41:41   >>>>>>>>>>>>>>>>>>>>>>>>>>>>>>
06:41:43   Mean positive scores: 22.62974739074707
06:41:43   Mean negative scores: 9.432308197021484
06:41:43   BPR loss: 0.0075446744449436665
06:44:54   >>>>>>>>>>>>>>>>>>>>>>>>>>>>>>
06:44:56   Mean positive scores: 13.370901107788086
06:44:56   Mean negative scores: 4.675306797027588
06:44:56   BPR loss: 0.04351643845438957
06:48:07   >>>>>>>>>>>>>>>>>>>>>>>>>>>>>>
06:48:09   Mean positive scores: 16.124542236328125
06:48:09   Mean negative scores: 7.905796051025391
06:48:09   BPR loss: 0.006645820569247007
06:51:20   >>>>>>>>>>>>>>>>>>>>>>>>>>>>>>
06:51:22   Mean positive scores: 21.630184173583984
06:51:22   Mean negative scores: 11.02565860748291
06:51:22   BPR loss: 0.044964611530303955
06:54:33   >>>>>>>>>>>>>>>>>>>>>>>>>>>>>>
06:54:35   Mean positive scores: 14.820497512817383
06:54:35   Mean negative scores: 2.8431873321533203
06:54:35   BPR loss: 0.01676493138074875
06:57:46   >>>>>>>>>>>>>>>>>>>>>>>>>>>>>>
06:57:48   Mean positive scores: 17.625865936279297
06:57:48   Mean negative scores: 6.712656497955322
06:57:48   BPR loss: 0.04719581827521324
07:01:00   >>>>>>>>>>>>>>>>>>>>>>>>>>>>>>
07:01:01   Mean positive scores: 20.783180236816406
07:01:01   Mean negative scores: 9.946962356567383
07:01:01   BPR loss: 0.003948556259274483
07:04:13   >>>>>>>>>>>>>>>>>>>>>>>>>>>>>>
07:04:14   Mean positive scores: 21.083953857421875
07:04:14   Mean negative scores: 10.691509246826172
07:04:14   BPR loss: 0.37309539318084717
07:07:26   >>>>>>>>>>>>>>>>>>>>>>>>>>>>>>
07:07:28   Mean positive scores: 24.3795223236084
07:07:28   Mean negative scores: 13.387710571289062
07:07:28   BPR loss: 0.028778869658708572
07:10:39   >>>>>>>>>>>>>>>>>>>>>>>>>>>>>>
07:10:41   Mean positive scores: 22.862438201904297
07:10:41   Mean negative scores: 11.979921340942383
07:10:41   BPR loss: 0.0005760323256254196
07:13:16   >>>>>>>>>>>>>>>>>>>>>>>>>>>>>>
07:13:16   Epoch 0 end
07:13:16   ------------------------------
07:13:16   average loss: 0.0388796
07:13:16   >>>>>>>>>>>>>>>>>>>>>>>>>>>>>>
07:13:16   Epoch 1 begin
07:13:51   >>>>>>>>>>>>>>>>>>>>>>>>>>>>>>
07:13:53   Mean positive scores: 28.324378967285156
07:13:53   Mean negative scores: 13.60117244720459
07:13:53   BPR loss: 0.0014516229275614023
07:17:04   >>>>>>>>>>>>>>>>>>>>>>>>>>>>>>
07:17:06   Mean positive scores: 21.15377426147461
07:17:06   Mean negative scores: 12.714914321899414
07:17:06   BPR loss: 0.004296179860830307
07:20:17   >>>>>>>>>>>>>>>>>>>>>>>>>>>>>>
07:20:19   Mean positive scores: 22.636600494384766
07:20:19   Mean negative scores: 14.100127220153809
07:20:19   BPR loss: 0.004532391671091318
07:23:31   >>>>>>>>>>>>>>>>>>>>>>>>>>>>>>
07:23:32   Mean positive scores: 26.441326141357422
07:23:32   Mean negative scores: 17.902315139770508
07:23:32   BPR loss: 0.004771218169480562
07:26:44   >>>>>>>>>>>>>>>>>>>>>>>>>>>>>>
07:26:46   Mean positive scores: 28.4611873626709
07:26:46   Mean negative scores: 18.261198043823242
07:26:46   BPR loss: 0.001809360459446907
07:29:57   >>>>>>>>>>>>>>>>>>>>>>>>>>>>>>
07:29:59   Mean positive scores: 27.363540649414062
07:29:59   Mean negative scores: 18.950632095336914
07:29:59   BPR loss: 0.013292957097291946
07:33:10   >>>>>>>>>>>>>>>>>>>>>>>>>>>>>>
07:33:12   Mean positive scores: 32.733089447021484
07:33:12   Mean negative scores: 18.945697784423828
07:33:12   BPR loss: 0.0009992963168770075
07:36:24   >>>>>>>>>>>>>>>>>>>>>>>>>>>>>>
07:36:25   Mean positive scores: 23.414134979248047
07:36:25   Mean negative scores: 10.225720405578613
07:36:25   BPR loss: 0.0005569322383962572
07:39:37   >>>>>>>>>>>>>>>>>>>>>>>>>>>>>>
07:39:39   Mean positive scores: 22.269115447998047
07:39:39   Mean negative scores: 11.682931900024414
07:39:39   BPR loss: 0.001621323055587709
07:42:50   >>>>>>>>>>>>>>>>>>>>>>>>>>>>>>
07:42:52   Mean positive scores: 18.25510597229004
07:42:52   Mean negative scores: 7.899765968322754
07:42:52   BPR loss: 0.002757098525762558
07:46:03   >>>>>>>>>>>>>>>>>>>>>>>>>>>>>>
07:46:05   Mean positive scores: 19.046764373779297
07:46:05   Mean negative scores: 8.922134399414062
07:46:05   BPR loss: 0.003312615677714348
07:49:17   >>>>>>>>>>>>>>>>>>>>>>>>>>>>>>
07:49:19   Mean positive scores: 19.686294555664062
07:49:19   Mean negative scores: 9.594109535217285
07:49:19   BPR loss: 0.0025198599323630333
07:52:31   >>>>>>>>>>>>>>>>>>>>>>>>>>>>>>
07:52:32   Mean positive scores: 19.137235641479492
07:52:32   Mean negative scores: 8.961755752563477
07:52:32   BPR loss: 0.0009337475057691336
07:55:44   >>>>>>>>>>>>>>>>>>>>>>>>>>>>>>
07:55:46   Mean positive scores: 26.105682373046875
07:55:46   Mean negative scores: 12.192428588867188
07:55:46   BPR loss: 3.851867586490698e-05
07:58:58   >>>>>>>>>>>>>>>>>>>>>>>>>>>>>>
07:58:59   Mean positive scores: 25.130069732666016
07:58:59   Mean negative scores: 9.776510238647461
07:58:59   BPR loss: 5.239589881966822e-05
08:02:11   >>>>>>>>>>>>>>>>>>>>>>>>>>>>>>
08:02:13   Mean positive scores: 21.624462127685547
08:02:13   Mean negative scores: 10.133807182312012
08:02:13   BPR loss: 0.00920179858803749
08:05:24   >>>>>>>>>>>>>>>>>>>>>>>>>>>>>>
08:05:26   Mean positive scores: 18.33668327331543
08:05:26   Mean negative scores: 7.684030532836914
08:05:26   BPR loss: 0.013019880279898643
08:08:37   >>>>>>>>>>>>>>>>>>>>>>>>>>>>>>
08:08:39   Mean positive scores: 16.783283233642578
08:08:39   Mean negative scores: 3.7686798572540283
08:08:39   BPR loss: 0.00033558299764990807
08:11:50   >>>>>>>>>>>>>>>>>>>>>>>>>>>>>>
08:11:52   Mean positive scores: 18.320951461791992
08:11:52   Mean negative scores: 5.158898830413818
08:11:52   BPR loss: 0.0020457766950130463
08:15:03   >>>>>>>>>>>>>>>>>>>>>>>>>>>>>>
08:15:05   Mean positive scores: 19.092836380004883
08:15:05   Mean negative scores: 6.110903263092041
08:15:05   BPR loss: 0.004893122706562281
08:18:16   >>>>>>>>>>>>>>>>>>>>>>>>>>>>>>
08:18:18   Mean positive scores: 16.141712188720703
08:18:18   Mean negative scores: 5.077574729919434
08:18:18   BPR loss: 0.0006848012562841177
08:21:29   >>>>>>>>>>>>>>>>>>>>>>>>>>>>>>
08:21:31   Mean positive scores: 15.60986614227295
08:21:31   Mean negative scores: 5.482158660888672
08:21:31   BPR loss: 0.0012752132024616003
08:24:43   >>>>>>>>>>>>>>>>>>>>>>>>>>>>>>
08:24:44   Mean positive scores: 18.59592056274414
08:24:44   Mean negative scores: 8.719236373901367
08:24:44   BPR loss: 0.0025984239764511585
08:27:56   >>>>>>>>>>>>>>>>>>>>>>>>>>>>>>
08:27:57   Mean positive scores: 25.62382698059082
08:27:57   Mean negative scores: 12.383138656616211
08:27:57   BPR loss: 0.00010040517372544855
08:31:09   >>>>>>>>>>>>>>>>>>>>>>>>>>>>>>
08:31:11   Mean positive scores: 22.02263641357422
08:31:11   Mean negative scores: 11.501506805419922
08:31:11   BPR loss: 0.13662715256214142
08:34:22   >>>>>>>>>>>>>>>>>>>>>>>>>>>>>>
08:34:24   Mean positive scores: 21.7828369140625
08:34:24   Mean negative scores: 9.996463775634766
08:34:24   BPR loss: 0.00034767191391438246
08:37:35   >>>>>>>>>>>>>>>>>>>>>>>>>>>>>>
08:37:37   Mean positive scores: 20.77980613708496
08:37:37   Mean negative scores: 8.609176635742188
08:37:37   BPR loss: 0.2933621406555176
08:40:48   >>>>>>>>>>>>>>>>>>>>>>>>>>>>>>
08:40:50   Mean positive scores: 22.47325325012207
08:40:50   Mean negative scores: 10.48826789855957
08:40:50   BPR loss: 0.02134254015982151
08:44:01   >>>>>>>>>>>>>>>>>>>>>>>>>>>>>>
08:44:03   Mean positive scores: 28.066600799560547
08:44:03   Mean negative scores: 15.600571632385254
08:44:03   BPR loss: 0.005267666652798653
08:47:14   >>>>>>>>>>>>>>>>>>>>>>>>>>>>>>
08:47:16   Mean positive scores: 23.094497680664062
08:47:16   Mean negative scores: 10.152032852172852
08:47:16   BPR loss: 0.05143969878554344
08:50:27   >>>>>>>>>>>>>>>>>>>>>>>>>>>>>>
08:50:29   Mean positive scores: 21.213581085205078
08:50:29   Mean negative scores: 11.422277450561523
08:50:29   BPR loss: 0.0011797953629866242
08:53:40   >>>>>>>>>>>>>>>>>>>>>>>>>>>>>>
08:53:42   Mean positive scores: 20.48076057434082
08:53:42   Mean negative scores: 8.201923370361328
08:53:42   BPR loss: 0.005643198266625404
08:56:53   >>>>>>>>>>>>>>>>>>>>>>>>>>>>>>
08:56:55   Mean positive scores: 23.462221145629883
08:56:55   Mean negative scores: 9.739396095275879
08:56:55   BPR loss: 0.012461653910577297
09:00:06   >>>>>>>>>>>>>>>>>>>>>>>>>>>>>>
09:00:08   Mean positive scores: 20.871932983398438
09:00:08   Mean negative scores: 5.678242206573486
09:00:08   BPR loss: 0.5205950736999512
09:03:19   >>>>>>>>>>>>>>>>>>>>>>>>>>>>>>
09:03:21   Mean positive scores: 26.946584701538086
09:03:21   Mean negative scores: 15.413122177124023
09:03:21   BPR loss: 0.0015924624167382717
09:06:32   >>>>>>>>>>>>>>>>>>>>>>>>>>>>>>
09:06:34   Mean positive scores: 28.636962890625
09:06:34   Mean negative scores: 14.128747940063477
09:06:34   BPR loss: 0.01232143398374319
09:09:45   >>>>>>>>>>>>>>>>>>>>>>>>>>>>>>
09:09:47   Mean positive scores: 18.82608985900879
09:09:47   Mean negative scores: 9.68366527557373
09:09:47   BPR loss: 0.004999910946935415
09:12:58   >>>>>>>>>>>>>>>>>>>>>>>>>>>>>>
09:13:00   Mean positive scores: 23.027034759521484
09:13:00   Mean negative scores: 12.638971328735352
09:13:00   BPR loss: 0.005814313422888517
09:16:11   >>>>>>>>>>>>>>>>>>>>>>>>>>>>>>
09:16:13   Mean positive scores: 19.922008514404297
09:16:13   Mean negative scores: 3.344696283340454
09:16:13   BPR loss: 0.0009442814625799656
09:19:24   >>>>>>>>>>>>>>>>>>>>>>>>>>>>>>
09:19:26   Mean positive scores: 13.763814926147461
09:19:26   Mean negative scores: 4.315351486206055
09:19:26   BPR loss: 0.104845330119133
09:22:37   >>>>>>>>>>>>>>>>>>>>>>>>>>>>>>
09:22:39   Mean positive scores: 17.286746978759766
09:22:39   Mean negative scores: 10.249704360961914
09:22:39   BPR loss: 0.09253304451704025
09:25:50   >>>>>>>>>>>>>>>>>>>>>>>>>>>>>>
09:25:52   Mean positive scores: 28.9682674407959
09:25:52   Mean negative scores: 16.759178161621094
09:25:52   BPR loss: 0.0005067357560619712
09:29:03   >>>>>>>>>>>>>>>>>>>>>>>>>>>>>>
09:29:05   Mean positive scores: 29.3046875
09:29:05   Mean negative scores: 16.612720489501953
09:29:05   BPR loss: 0.00273902527987957
09:32:16   >>>>>>>>>>>>>>>>>>>>>>>>>>>>>>
09:32:18   Mean positive scores: 28.495948791503906
09:32:18   Mean negative scores: 18.207443237304688
09:32:18   BPR loss: 0.011634591966867447
09:35:29   >>>>>>>>>>>>>>>>>>>>>>>>>>>>>>
09:35:31   Mean positive scores: 21.77301597595215
09:35:31   Mean negative scores: 12.684127807617188
09:35:31   BPR loss: 0.02207953669130802
09:38:42   >>>>>>>>>>>>>>>>>>>>>>>>>>>>>>
09:38:44   Mean positive scores: 23.8382568359375
09:38:44   Mean negative scores: 14.649652481079102
09:38:44   BPR loss: 0.21145887672901154
09:41:55   >>>>>>>>>>>>>>>>>>>>>>>>>>>>>>
09:41:57   Mean positive scores: 21.442413330078125
09:41:57   Mean negative scores: 10.574666976928711
09:41:57   BPR loss: 0.004381607286632061
09:45:09   >>>>>>>>>>>>>>>>>>>>>>>>>>>>>>
09:45:10   Mean positive scores: 23.65427017211914
09:45:10   Mean negative scores: 11.54155445098877
09:45:10   BPR loss: 0.008203702978789806
09:48:22   >>>>>>>>>>>>>>>>>>>>>>>>>>>>>>
09:48:24   Mean positive scores: 20.24707794189453
09:48:24   Mean negative scores: -0.32970094680786133
09:48:24   BPR loss: 0.0037633089814335108
09:51:35   >>>>>>>>>>>>>>>>>>>>>>>>>>>>>>
09:51:37   Mean positive scores: 12.88372802734375
09:51:37   Mean negative scores: 3.129101276397705
09:51:37   BPR loss: 0.0682673454284668
09:54:48   >>>>>>>>>>>>>>>>>>>>>>>>>>>>>>
09:54:50   Mean positive scores: 13.198707580566406
09:54:50   Mean negative scores: 5.05999231338501
09:54:50   BPR loss: 0.005697012413293123
09:58:02   >>>>>>>>>>>>>>>>>>>>>>>>>>>>>>
09:58:03   Mean positive scores: 18.529151916503906
09:58:03   Mean negative scores: 8.725062370300293
09:58:03   BPR loss: 0.13213375210762024
10:01:15   >>>>>>>>>>>>>>>>>>>>>>>>>>>>>>
10:01:17   Mean positive scores: 22.97738265991211
10:01:17   Mean negative scores: 13.418031692504883
10:01:17   BPR loss: 0.0019162010867148638
10:04:28   >>>>>>>>>>>>>>>>>>>>>>>>>>>>>>
10:04:30   Mean positive scores: 19.112701416015625
10:04:30   Mean negative scores: 9.67448616027832
10:04:30   BPR loss: 0.07746582478284836
10:07:41   >>>>>>>>>>>>>>>>>>>>>>>>>>>>>>
10:07:43   Mean positive scores: 23.995269775390625
10:07:43   Mean negative scores: 14.036703109741211
10:07:43   BPR loss: 0.001414865953847766
10:10:54   >>>>>>>>>>>>>>>>>>>>>>>>>>>>>>
10:10:56   Mean positive scores: 21.861446380615234
10:10:56   Mean negative scores: 9.298508644104004
10:10:56   BPR loss: 0.0024145832285284996
10:14:08   >>>>>>>>>>>>>>>>>>>>>>>>>>>>>>
10:14:09   Mean positive scores: 20.351499557495117
10:14:09   Mean negative scores: 9.507004737854004
10:14:09   BPR loss: 0.009578022174537182
10:17:21   >>>>>>>>>>>>>>>>>>>>>>>>>>>>>>
10:17:23   Mean positive scores: 22.081565856933594
10:17:23   Mean negative scores: 10.80853271484375
10:17:23   BPR loss: 0.0017983249854296446
10:20:34   >>>>>>>>>>>>>>>>>>>>>>>>>>>>>>
10:20:36   Mean positive scores: 22.37024688720703
10:20:36   Mean negative scores: 9.685734748840332
10:20:36   BPR loss: 0.011287138797342777
10:23:47   >>>>>>>>>>>>>>>>>>>>>>>>>>>>>>
10:23:49   Mean positive scores: 15.885108947753906
10:23:49   Mean negative scores: 6.784440994262695
10:23:49   BPR loss: 0.0019138287752866745
10:27:00   >>>>>>>>>>>>>>>>>>>>>>>>>>>>>>
10:27:02   Mean positive scores: 20.210739135742188
10:27:02   Mean negative scores: 9.923746109008789
10:27:02   BPR loss: 0.0148206427693367
10:30:14   >>>>>>>>>>>>>>>>>>>>>>>>>>>>>>
10:30:15   Mean positive scores: 16.31169891357422
10:30:15   Mean negative scores: 7.877462387084961
10:30:15   BPR loss: 0.0048966011963784695
10:33:27   >>>>>>>>>>>>>>>>>>>>>>>>>>>>>>
10:33:28   Mean positive scores: 18.486515045166016
10:33:28   Mean negative scores: 9.63784408569336
10:33:28   BPR loss: 0.0026721241883933544
10:36:40   >>>>>>>>>>>>>>>>>>>>>>>>>>>>>>
10:36:42   Mean positive scores: 21.76549530029297
10:36:42   Mean negative scores: 12.278494834899902
10:36:42   BPR loss: 0.07823194563388824
10:39:53   >>>>>>>>>>>>>>>>>>>>>>>>>>>>>>
10:39:55   Mean positive scores: 17.556793212890625
10:39:55   Mean negative scores: 7.1990556716918945
10:39:55   BPR loss: 0.0024973091203719378
10:43:06   >>>>>>>>>>>>>>>>>>>>>>>>>>>>>>
10:43:08   Mean positive scores: 12.536262512207031
10:43:08   Mean negative scores: 1.627492904663086
10:43:08   BPR loss: 0.2110472470521927
10:46:20   >>>>>>>>>>>>>>>>>>>>>>>>>>>>>>
10:46:22   Mean positive scores: 21.52536392211914
10:46:22   Mean negative scores: 9.105415344238281
10:46:22   BPR loss: 0.0012367619201540947
10:49:33   >>>>>>>>>>>>>>>>>>>>>>>>>>>>>>
10:49:35   Mean positive scores: 22.162738800048828
10:49:35   Mean negative scores: 8.114562034606934
10:49:35   BPR loss: 0.004225101787596941
10:52:46   >>>>>>>>>>>>>>>>>>>>>>>>>>>>>>
10:52:48   Mean positive scores: 19.701030731201172
10:52:48   Mean negative scores: 8.686859130859375
10:52:48   BPR loss: 0.0037757272366434336
10:56:00   >>>>>>>>>>>>>>>>>>>>>>>>>>>>>>
10:56:01   Mean positive scores: 18.991065979003906
10:56:01   Mean negative scores: 9.218916893005371
10:56:01   BPR loss: 0.012476440519094467
10:59:13   >>>>>>>>>>>>>>>>>>>>>>>>>>>>>>
10:59:15   Mean positive scores: 18.55994987487793
10:59:15   Mean negative scores: 5.763914585113525
10:59:15   BPR loss: 0.0038629716727882624
11:02:26   >>>>>>>>>>>>>>>>>>>>>>>>>>>>>>
11:02:28   Mean positive scores: 15.619213104248047
11:02:28   Mean negative scores: 6.933867454528809
11:02:28   BPR loss: 0.01874464750289917
11:05:39   >>>>>>>>>>>>>>>>>>>>>>>>>>>>>>
11:05:41   Mean positive scores: 19.959089279174805
11:05:41   Mean negative scores: 9.461458206176758
11:05:41   BPR loss: 0.0012422417057678103
11:08:53   >>>>>>>>>>>>>>>>>>>>>>>>>>>>>>
11:08:55   Mean positive scores: 21.701791763305664
11:08:55   Mean negative scores: 7.512042999267578
11:08:55   BPR loss: 0.001664132927544415
11:12:06   >>>>>>>>>>>>>>>>>>>>>>>>>>>>>>
11:12:08   Mean positive scores: 24.224136352539062
11:12:08   Mean negative scores: 12.389240264892578
11:12:08   BPR loss: 0.0028166635893285275
11:15:19   >>>>>>>>>>>>>>>>>>>>>>>>>>>>>>
11:15:21   Mean positive scores: 12.189613342285156
11:15:21   Mean negative scores: 0.2095593810081482
11:15:21   BPR loss: 0.02141280472278595
11:18:32   >>>>>>>>>>>>>>>>>>>>>>>>>>>>>>
11:18:34   Mean positive scores: 11.045413970947266
11:18:34   Mean negative scores: -1.750483512878418
11:18:34   BPR loss: 0.003454068675637245
11:21:46   >>>>>>>>>>>>>>>>>>>>>>>>>>>>>>
11:21:47   Mean positive scores: 7.9369659423828125
11:21:47   Mean negative scores: -2.331617832183838
11:21:47   BPR loss: 0.0077431160025298595
11:24:59   >>>>>>>>>>>>>>>>>>>>>>>>>>>>>>
11:25:00   Mean positive scores: 8.482449531555176
11:25:00   Mean negative scores: -0.9889975786209106
11:25:00   BPR loss: 0.13284091651439667
11:28:12   >>>>>>>>>>>>>>>>>>>>>>>>>>>>>>
11:28:14   Mean positive scores: 9.236157417297363
11:28:14   Mean negative scores: -0.2394237518310547
11:28:14   BPR loss: 0.028448153287172318
11:31:25   >>>>>>>>>>>>>>>>>>>>>>>>>>>>>>
11:31:27   Mean positive scores: 14.62468433380127
11:31:27   Mean negative scores: 4.6472249031066895
11:31:27   BPR loss: 0.008848167955875397
11:34:38   >>>>>>>>>>>>>>>>>>>>>>>>>>>>>>
11:34:40   Mean positive scores: 14.227103233337402
11:34:40   Mean negative scores: 4.6840972900390625
11:34:40   BPR loss: 0.0007841011974960566
11:37:52   >>>>>>>>>>>>>>>>>>>>>>>>>>>>>>
11:37:53   Mean positive scores: 12.442014694213867
11:37:53   Mean negative scores: 2.6332082748413086
11:37:53   BPR loss: 0.0007443723734468222
11:41:05   >>>>>>>>>>>>>>>>>>>>>>>>>>>>>>
11:41:07   Mean positive scores: 12.070825576782227
11:41:07   Mean negative scores: 1.9091962575912476
11:41:07   BPR loss: 0.0017337671015411615
11:44:18   >>>>>>>>>>>>>>>>>>>>>>>>>>>>>>
11:44:20   Mean positive scores: 7.215706825256348
11:44:20   Mean negative scores: -3.510258436203003
11:44:20   BPR loss: 0.0021794214844703674
11:47:31   >>>>>>>>>>>>>>>>>>>>>>>>>>>>>>
11:47:33   Mean positive scores: 14.020336151123047
11:47:33   Mean negative scores: 3.9910223484039307
11:47:33   BPR loss: 0.0047802855260670185
11:50:45   >>>>>>>>>>>>>>>>>>>>>>>>>>>>>>
11:50:46   Mean positive scores: 11.607739448547363
11:50:46   Mean negative scores: 3.104557991027832
11:50:46   BPR loss: 0.07256913930177689
11:53:58   >>>>>>>>>>>>>>>>>>>>>>>>>>>>>>
11:54:00   Mean positive scores: 0.6653143167495728
11:54:00   Mean negative scores: -8.466876983642578
11:54:00   BPR loss: 0.012121353298425674
11:57:11   >>>>>>>>>>>>>>>>>>>>>>>>>>>>>>
11:57:13   Mean positive scores: 7.25782585144043
11:57:13   Mean negative scores: -5.328393936157227
11:57:13   BPR loss: 0.11046820133924484
12:00:24   >>>>>>>>>>>>>>>>>>>>>>>>>>>>>>
12:00:26   Mean positive scores: 10.326045989990234
12:00:26   Mean negative scores: 0.12724220752716064
12:00:26   BPR loss: 0.0016214431961998343
12:03:38   >>>>>>>>>>>>>>>>>>>>>>>>>>>>>>
12:03:39   Mean positive scores: 7.491701126098633
12:03:39   Mean negative scores: -1.5489336252212524
12:03:39   BPR loss: 0.0034302507992833853
12:06:51   >>>>>>>>>>>>>>>>>>>>>>>>>>>>>>
12:06:53   Mean positive scores: 8.236091613769531
12:06:53   Mean negative scores: 0.3856503367424011
12:06:53   BPR loss: 0.008219482377171516
12:10:04   >>>>>>>>>>>>>>>>>>>>>>>>>>>>>>
12:10:06   Mean positive scores: 20.367229461669922
12:10:06   Mean negative scores: 9.2207612991333
12:10:06   BPR loss: 0.0037759270053356886
12:13:18   >>>>>>>>>>>>>>>>>>>>>>>>>>>>>>
12:13:19   Mean positive scores: 19.46993637084961
12:13:19   Mean negative scores: 8.597099304199219
12:13:19   BPR loss: 0.0028747902251780033
