/itet-stor/trachsele/net_scratch/conda/lib/python3.12/site-packages/conda/base/context.py:982: FutureWarning: Adding 'defaults' to the channel list implicitly is deprecated and will be removed in 25.3. 

To remove this warning, please choose a default channel explicitly via 'conda config --add channels <name>', e.g. 'conda config --add channels defaults'.
  deprecated.topic(
09:29:30   Random seed: 1024
09:29:30   Config file: config/recommender/slurm_cfg.yaml
09:29:30   {'checkpoint': None,
 'dataset': {'class': 'Amazon_Beauty',
             'root': '/itet-stor/trachsele/net_scratch/tl4rec/model_outputs/data'},
 'model': {'class': 'Ultra',
           'embedding_item': {'hidden_dims': [32, 32]},
           'embedding_user': {'hidden_dims': [32, 32]},
           'entity_model': {'aggregate_func': 'sum',
                            'class': 'EntityNBFNet',
                            'hidden_dims': [32, 32, 32, 32, 32],
                            'input_dim': 32,
                            'layer_norm': True,
                            'message_func': 'distmult',
                            'short_cut': True},
           'relation_model': {'aggregate_func': 'sum',
                              'class': 'RelNBFNet',
                              'hidden_dims': [8, 8],
                              'input_dim': 8,
                              'layer_norm': True,
                              'message_func': 'distmult',
                              'short_cut': True},
           'simple_model': {'aggregate_func': 'sum',
                            'class': 'SimpleNBFNet',
                            'hidden_dims': [40, 40, 40, 40],
                            'input_dim': 40,
                            'layer_norm': True,
                            'message_func': 'distmult',
                            'short_cut': True}},
 'model_type': 'Ultra',
 'optimizer': {'class': 'AdamW', 'lr': 0.005},
 'output_dir': '/itet-stor/trachsele/net_scratch/tl4rec/model_outputs/logs',
 'task': {'adversarial_temperature': 0,
          'metric': ['mr', 'mrr', 'hits@1', 'hits@3', 'hits@10', 'ndcg@20'],
          'name': 'TransductiveInference',
          'num_negative': 8,
          'strict_negative': True},
 'train': {'batch_per_epoch': 73478,
           'batch_size': 8,
           'gpus': [0],
           'gradient_clip': False,
           'init_linear_weights': False,
           'log_interval': 100,
           'loss': 'bce',
           'num_epoch': 15,
           'num_evals': 10,
           'target_metric': 'ndcg@20',
           'test_batch_size': 8,
           'wandb': True}}
wandb: Using wandb-core as the SDK backend. Please refer to https://wandb.me/wandb-core for more information.
wandb: Currently logged in as: pitri (pitri-eth-z-rich). Use `wandb login --relogin` to force relogin
wandb: Tracking run with wandb version 0.18.5
wandb: Run data is saved locally in /usr/itetnas04/data-scratch-01/trachsele/data/tl4rec/model_outputs/logs/Ultra/Amazon_Beauty/2025-01-03-09-29-30/wandb/run-20250103_092931-mig5jann
wandb: Run `wandb offline` to turn off syncing.
wandb: Syncing run run-Amazon_Beauty-2025-01-03_09-29
wandb: ⭐️ View project at https://wandb.ai/pitri-eth-z-rich/tl4rec
wandb: 🚀 View run at https://wandb.ai/pitri-eth-z-rich/tl4rec/runs/mig5jann
09:29:33   Amazon_Beauty dataset
09:29:33   #train: 293912, #valid: 50498, #test: 50498
09:29:34   ------------------------------
09:29:34   Number of parameters: 54001
09:29:34   >>>>>>>>>>>>>>>>>>>>>>>>>>>>>>
09:29:34   Epoch 0 begin
09:29:39   >>>>>>>>>>>>>>>>>>>>>>>>>>>>>>
09:29:39   binary cross entropy: 0.713196
09:30:00   >>>>>>>>>>>>>>>>>>>>>>>>>>>>>>
09:30:00   binary cross entropy: 0.648953
09:30:20   >>>>>>>>>>>>>>>>>>>>>>>>>>>>>>
09:30:20   binary cross entropy: 0.724026
09:30:40   >>>>>>>>>>>>>>>>>>>>>>>>>>>>>>
09:30:40   binary cross entropy: 0.604581
09:31:01   >>>>>>>>>>>>>>>>>>>>>>>>>>>>>>
09:31:01   binary cross entropy: 0.585599
09:31:21   >>>>>>>>>>>>>>>>>>>>>>>>>>>>>>
09:31:21   binary cross entropy: 0.708286
09:31:42   >>>>>>>>>>>>>>>>>>>>>>>>>>>>>>
09:31:42   binary cross entropy: 0.619804
09:32:02   >>>>>>>>>>>>>>>>>>>>>>>>>>>>>>
09:32:02   binary cross entropy: 0.781247
09:32:23   >>>>>>>>>>>>>>>>>>>>>>>>>>>>>>
09:32:23   binary cross entropy: 0.580007
09:32:43   >>>>>>>>>>>>>>>>>>>>>>>>>>>>>>
09:32:43   binary cross entropy: 0.48597
09:33:04   >>>>>>>>>>>>>>>>>>>>>>>>>>>>>>
09:33:04   binary cross entropy: 0.564769
09:33:24   >>>>>>>>>>>>>>>>>>>>>>>>>>>>>>
09:33:24   binary cross entropy: 0.753016
09:33:45   >>>>>>>>>>>>>>>>>>>>>>>>>>>>>>
09:33:45   binary cross entropy: 0.509288
09:34:06   >>>>>>>>>>>>>>>>>>>>>>>>>>>>>>
09:34:06   binary cross entropy: 0.525067
09:34:26   >>>>>>>>>>>>>>>>>>>>>>>>>>>>>>
09:34:26   binary cross entropy: 0.41365
09:34:47   >>>>>>>>>>>>>>>>>>>>>>>>>>>>>>
09:34:47   binary cross entropy: 0.597565
09:35:07   >>>>>>>>>>>>>>>>>>>>>>>>>>>>>>
09:35:08   binary cross entropy: 0.48919
09:35:28   >>>>>>>>>>>>>>>>>>>>>>>>>>>>>>
09:35:28   binary cross entropy: 0.508952
09:35:49   >>>>>>>>>>>>>>>>>>>>>>>>>>>>>>
09:35:49   binary cross entropy: 0.539427
09:36:09   >>>>>>>>>>>>>>>>>>>>>>>>>>>>>>
09:36:10   binary cross entropy: 0.505742
09:36:30   >>>>>>>>>>>>>>>>>>>>>>>>>>>>>>
09:36:30   binary cross entropy: 0.519876
09:36:51   >>>>>>>>>>>>>>>>>>>>>>>>>>>>>>
09:36:51   binary cross entropy: 0.481139
09:37:11   >>>>>>>>>>>>>>>>>>>>>>>>>>>>>>
09:37:11   binary cross entropy: 0.704372
09:37:32   >>>>>>>>>>>>>>>>>>>>>>>>>>>>>>
09:37:32   binary cross entropy: 0.521874
09:37:53   >>>>>>>>>>>>>>>>>>>>>>>>>>>>>>
09:37:53   binary cross entropy: 0.518555
09:38:13   >>>>>>>>>>>>>>>>>>>>>>>>>>>>>>
09:38:13   binary cross entropy: 0.471871
09:38:34   >>>>>>>>>>>>>>>>>>>>>>>>>>>>>>
09:38:34   binary cross entropy: 0.423448
09:38:55   >>>>>>>>>>>>>>>>>>>>>>>>>>>>>>
09:38:55   binary cross entropy: 0.538443
09:39:15   >>>>>>>>>>>>>>>>>>>>>>>>>>>>>>
09:39:15   binary cross entropy: 0.464221
09:39:36   >>>>>>>>>>>>>>>>>>>>>>>>>>>>>>
09:39:36   binary cross entropy: 0.502494
09:39:56   >>>>>>>>>>>>>>>>>>>>>>>>>>>>>>
09:39:57   binary cross entropy: 0.59476
09:40:17   >>>>>>>>>>>>>>>>>>>>>>>>>>>>>>
09:40:17   binary cross entropy: 0.556825
09:40:38   >>>>>>>>>>>>>>>>>>>>>>>>>>>>>>
09:40:38   binary cross entropy: 0.538589
09:40:58   >>>>>>>>>>>>>>>>>>>>>>>>>>>>>>
09:40:59   binary cross entropy: 0.63123
09:41:19   >>>>>>>>>>>>>>>>>>>>>>>>>>>>>>
09:41:19   binary cross entropy: 0.430309
09:41:40   >>>>>>>>>>>>>>>>>>>>>>>>>>>>>>
09:41:40   binary cross entropy: 0.542262
09:42:00   >>>>>>>>>>>>>>>>>>>>>>>>>>>>>>
09:42:00   binary cross entropy: 0.478552
09:42:21   >>>>>>>>>>>>>>>>>>>>>>>>>>>>>>
09:42:21   binary cross entropy: 0.409798
09:42:42   >>>>>>>>>>>>>>>>>>>>>>>>>>>>>>
09:42:42   binary cross entropy: 0.508838
09:43:02   >>>>>>>>>>>>>>>>>>>>>>>>>>>>>>
09:43:02   binary cross entropy: 0.591703
09:43:23   >>>>>>>>>>>>>>>>>>>>>>>>>>>>>>
09:43:23   binary cross entropy: 0.384977
09:43:43   >>>>>>>>>>>>>>>>>>>>>>>>>>>>>>
09:43:44   binary cross entropy: 0.474324
09:44:04   >>>>>>>>>>>>>>>>>>>>>>>>>>>>>>
09:44:04   binary cross entropy: 0.573837
09:44:25   >>>>>>>>>>>>>>>>>>>>>>>>>>>>>>
09:44:25   binary cross entropy: 0.486676
09:44:45   >>>>>>>>>>>>>>>>>>>>>>>>>>>>>>
09:44:46   binary cross entropy: 0.533381
09:45:06   >>>>>>>>>>>>>>>>>>>>>>>>>>>>>>
09:45:06   binary cross entropy: 0.424276
09:45:27   >>>>>>>>>>>>>>>>>>>>>>>>>>>>>>
09:45:27   binary cross entropy: 0.530992
09:45:47   >>>>>>>>>>>>>>>>>>>>>>>>>>>>>>
09:45:47   binary cross entropy: 0.556788
09:46:08   >>>>>>>>>>>>>>>>>>>>>>>>>>>>>>
09:46:08   binary cross entropy: 0.438623
09:46:29   >>>>>>>>>>>>>>>>>>>>>>>>>>>>>>
09:46:29   binary cross entropy: 0.720378
09:46:49   >>>>>>>>>>>>>>>>>>>>>>>>>>>>>>
09:46:49   binary cross entropy: 0.484623
09:47:10   >>>>>>>>>>>>>>>>>>>>>>>>>>>>>>
09:47:10   binary cross entropy: 0.616624
09:47:31   >>>>>>>>>>>>>>>>>>>>>>>>>>>>>>
09:47:31   binary cross entropy: 0.551447
09:47:51   >>>>>>>>>>>>>>>>>>>>>>>>>>>>>>
09:47:51   binary cross entropy: 0.505769
09:48:12   >>>>>>>>>>>>>>>>>>>>>>>>>>>>>>
09:48:12   binary cross entropy: 0.527836
09:48:32   >>>>>>>>>>>>>>>>>>>>>>>>>>>>>>
09:48:33   binary cross entropy: 0.623219
09:48:53   >>>>>>>>>>>>>>>>>>>>>>>>>>>>>>
09:48:53   binary cross entropy: 0.630915
09:49:14   >>>>>>>>>>>>>>>>>>>>>>>>>>>>>>
09:49:14   binary cross entropy: 0.393195
09:49:34   >>>>>>>>>>>>>>>>>>>>>>>>>>>>>>
09:49:34   binary cross entropy: 0.509847
09:49:55   >>>>>>>>>>>>>>>>>>>>>>>>>>>>>>
09:49:55   binary cross entropy: 0.747991
09:50:16   >>>>>>>>>>>>>>>>>>>>>>>>>>>>>>
09:50:16   binary cross entropy: 0.564102
09:50:36   >>>>>>>>>>>>>>>>>>>>>>>>>>>>>>
09:50:36   binary cross entropy: 0.524865
09:50:57   >>>>>>>>>>>>>>>>>>>>>>>>>>>>>>
09:50:57   binary cross entropy: 0.627892
09:51:18   >>>>>>>>>>>>>>>>>>>>>>>>>>>>>>
09:51:18   binary cross entropy: 0.660536
09:51:38   >>>>>>>>>>>>>>>>>>>>>>>>>>>>>>
09:51:38   binary cross entropy: 0.652044
09:51:59   >>>>>>>>>>>>>>>>>>>>>>>>>>>>>>
09:51:59   binary cross entropy: 0.638257
09:52:19   >>>>>>>>>>>>>>>>>>>>>>>>>>>>>>
09:52:20   binary cross entropy: 0.591092
09:52:40   >>>>>>>>>>>>>>>>>>>>>>>>>>>>>>
09:52:40   binary cross entropy: 0.600913
09:53:01   >>>>>>>>>>>>>>>>>>>>>>>>>>>>>>
09:53:01   binary cross entropy: 0.53879
09:53:21   >>>>>>>>>>>>>>>>>>>>>>>>>>>>>>
09:53:22   binary cross entropy: 0.543241
09:53:42   >>>>>>>>>>>>>>>>>>>>>>>>>>>>>>
09:53:42   binary cross entropy: 0.609875
09:54:03   >>>>>>>>>>>>>>>>>>>>>>>>>>>>>>
09:54:03   binary cross entropy: 0.610219
09:54:23   >>>>>>>>>>>>>>>>>>>>>>>>>>>>>>
09:54:23   binary cross entropy: 0.682464
09:54:44   >>>>>>>>>>>>>>>>>>>>>>>>>>>>>>
09:54:44   binary cross entropy: 0.717158
09:55:05   >>>>>>>>>>>>>>>>>>>>>>>>>>>>>>
09:55:05   binary cross entropy: 0.553394
09:55:25   >>>>>>>>>>>>>>>>>>>>>>>>>>>>>>
09:55:25   binary cross entropy: 0.561467
09:55:46   >>>>>>>>>>>>>>>>>>>>>>>>>>>>>>
09:55:46   binary cross entropy: 0.534182
09:56:06   >>>>>>>>>>>>>>>>>>>>>>>>>>>>>>
09:56:07   binary cross entropy: 0.47968
09:56:27   >>>>>>>>>>>>>>>>>>>>>>>>>>>>>>
09:56:27   binary cross entropy: 0.372171
09:56:48   >>>>>>>>>>>>>>>>>>>>>>>>>>>>>>
09:56:48   binary cross entropy: 0.434661
09:57:08   >>>>>>>>>>>>>>>>>>>>>>>>>>>>>>
09:57:09   binary cross entropy: 0.580324
09:57:29   >>>>>>>>>>>>>>>>>>>>>>>>>>>>>>
09:57:29   binary cross entropy: 0.404616
09:57:50   >>>>>>>>>>>>>>>>>>>>>>>>>>>>>>
09:57:50   binary cross entropy: 0.452219
09:58:10   >>>>>>>>>>>>>>>>>>>>>>>>>>>>>>
09:58:10   binary cross entropy: 0.557567
09:58:31   >>>>>>>>>>>>>>>>>>>>>>>>>>>>>>
09:58:31   binary cross entropy: 0.657753
09:58:52   >>>>>>>>>>>>>>>>>>>>>>>>>>>>>>
09:58:52   binary cross entropy: 0.681045
09:59:12   >>>>>>>>>>>>>>>>>>>>>>>>>>>>>>
09:59:12   binary cross entropy: 0.414107
09:59:33   >>>>>>>>>>>>>>>>>>>>>>>>>>>>>>
09:59:33   binary cross entropy: 0.582044
09:59:53   >>>>>>>>>>>>>>>>>>>>>>>>>>>>>>
09:59:54   binary cross entropy: 0.387446
10:00:14   >>>>>>>>>>>>>>>>>>>>>>>>>>>>>>
10:00:14   binary cross entropy: 0.579673
10:00:35   >>>>>>>>>>>>>>>>>>>>>>>>>>>>>>
10:00:35   binary cross entropy: 0.465695
10:00:55   >>>>>>>>>>>>>>>>>>>>>>>>>>>>>>
10:00:56   binary cross entropy: 0.519706
10:01:16   >>>>>>>>>>>>>>>>>>>>>>>>>>>>>>
10:01:16   binary cross entropy: 0.689257
10:01:37   >>>>>>>>>>>>>>>>>>>>>>>>>>>>>>
10:01:37   binary cross entropy: 0.486022
10:01:57   >>>>>>>>>>>>>>>>>>>>>>>>>>>>>>
10:01:57   binary cross entropy: 0.56109
10:02:18   >>>>>>>>>>>>>>>>>>>>>>>>>>>>>>
10:02:18   binary cross entropy: 0.532844
10:02:39   >>>>>>>>>>>>>>>>>>>>>>>>>>>>>>
10:02:39   binary cross entropy: 0.555869
10:02:59   >>>>>>>>>>>>>>>>>>>>>>>>>>>>>>
10:02:59   binary cross entropy: 0.459432
10:03:20   >>>>>>>>>>>>>>>>>>>>>>>>>>>>>>
10:03:20   binary cross entropy: 0.497316
10:03:40   >>>>>>>>>>>>>>>>>>>>>>>>>>>>>>
10:03:41   binary cross entropy: 0.62676
10:04:01   >>>>>>>>>>>>>>>>>>>>>>>>>>>>>>
10:04:01   binary cross entropy: 0.601499
10:04:22   >>>>>>>>>>>>>>>>>>>>>>>>>>>>>>
10:04:22   binary cross entropy: 0.770987
10:04:42   >>>>>>>>>>>>>>>>>>>>>>>>>>>>>>
10:04:43   binary cross entropy: 0.431485
10:05:03   >>>>>>>>>>>>>>>>>>>>>>>>>>>>>>
10:05:03   binary cross entropy: 0.426462
10:05:24   >>>>>>>>>>>>>>>>>>>>>>>>>>>>>>
10:05:24   binary cross entropy: 0.636595
10:05:44   >>>>>>>>>>>>>>>>>>>>>>>>>>>>>>
10:05:44   binary cross entropy: 0.513998
10:06:05   >>>>>>>>>>>>>>>>>>>>>>>>>>>>>>
10:06:05   binary cross entropy: 0.596531
10:06:26   >>>>>>>>>>>>>>>>>>>>>>>>>>>>>>
10:06:26   binary cross entropy: 0.539108
10:06:46   >>>>>>>>>>>>>>>>>>>>>>>>>>>>>>
10:06:46   binary cross entropy: 0.521796
10:07:07   >>>>>>>>>>>>>>>>>>>>>>>>>>>>>>
10:07:07   binary cross entropy: 0.508125
10:07:28   >>>>>>>>>>>>>>>>>>>>>>>>>>>>>>
10:07:28   binary cross entropy: 0.547745
10:07:49   >>>>>>>>>>>>>>>>>>>>>>>>>>>>>>
10:07:49   binary cross entropy: 0.691922
10:08:09   >>>>>>>>>>>>>>>>>>>>>>>>>>>>>>
10:08:09   binary cross entropy: 0.4972
10:08:30   >>>>>>>>>>>>>>>>>>>>>>>>>>>>>>
10:08:30   binary cross entropy: 0.568419
10:08:50   >>>>>>>>>>>>>>>>>>>>>>>>>>>>>>
10:08:51   binary cross entropy: 0.69985
10:09:11   >>>>>>>>>>>>>>>>>>>>>>>>>>>>>>
10:09:11   binary cross entropy: 0.452944
10:09:32   >>>>>>>>>>>>>>>>>>>>>>>>>>>>>>
10:09:32   binary cross entropy: 0.476323
10:09:52   >>>>>>>>>>>>>>>>>>>>>>>>>>>>>>
10:09:52   binary cross entropy: 0.574752
10:10:13   >>>>>>>>>>>>>>>>>>>>>>>>>>>>>>
10:10:13   binary cross entropy: 0.64831
10:10:34   >>>>>>>>>>>>>>>>>>>>>>>>>>>>>>
10:10:34   binary cross entropy: 0.490688
10:10:54   >>>>>>>>>>>>>>>>>>>>>>>>>>>>>>
10:10:54   binary cross entropy: 0.58407
10:11:15   >>>>>>>>>>>>>>>>>>>>>>>>>>>>>>
10:11:15   binary cross entropy: 0.588469
10:11:36   >>>>>>>>>>>>>>>>>>>>>>>>>>>>>>
10:11:36   binary cross entropy: 0.440362
10:11:56   >>>>>>>>>>>>>>>>>>>>>>>>>>>>>>
10:11:56   binary cross entropy: 0.548628
10:12:17   >>>>>>>>>>>>>>>>>>>>>>>>>>>>>>
10:12:17   binary cross entropy: 0.598796
10:12:37   >>>>>>>>>>>>>>>>>>>>>>>>>>>>>>
10:12:38   binary cross entropy: 0.667775
10:12:58   >>>>>>>>>>>>>>>>>>>>>>>>>>>>>>
10:12:58   binary cross entropy: 0.538908
10:13:19   >>>>>>>>>>>>>>>>>>>>>>>>>>>>>>
10:13:19   binary cross entropy: 0.548929
10:13:39   >>>>>>>>>>>>>>>>>>>>>>>>>>>>>>
10:13:40   binary cross entropy: 0.552758
10:14:00   >>>>>>>>>>>>>>>>>>>>>>>>>>>>>>
10:14:00   binary cross entropy: 0.456759
10:14:21   >>>>>>>>>>>>>>>>>>>>>>>>>>>>>>
10:14:21   binary cross entropy: 0.583023
10:14:41   >>>>>>>>>>>>>>>>>>>>>>>>>>>>>>
10:14:41   binary cross entropy: 0.619609
10:15:02   >>>>>>>>>>>>>>>>>>>>>>>>>>>>>>
10:15:02   binary cross entropy: 0.60937
10:15:23   >>>>>>>>>>>>>>>>>>>>>>>>>>>>>>
10:15:23   binary cross entropy: 0.533707
10:15:43   >>>>>>>>>>>>>>>>>>>>>>>>>>>>>>
10:15:43   binary cross entropy: 0.396088
10:16:04   >>>>>>>>>>>>>>>>>>>>>>>>>>>>>>
10:16:04   binary cross entropy: 0.610243
10:16:24   >>>>>>>>>>>>>>>>>>>>>>>>>>>>>>
10:16:25   binary cross entropy: 0.586915
10:16:45   >>>>>>>>>>>>>>>>>>>>>>>>>>>>>>
10:16:45   binary cross entropy: 0.53245
10:17:06   >>>>>>>>>>>>>>>>>>>>>>>>>>>>>>
10:17:06   binary cross entropy: 0.564866
10:17:26   >>>>>>>>>>>>>>>>>>>>>>>>>>>>>>
10:17:27   binary cross entropy: 0.489612
10:17:47   >>>>>>>>>>>>>>>>>>>>>>>>>>>>>>
10:17:47   binary cross entropy: 0.526191
10:18:08   >>>>>>>>>>>>>>>>>>>>>>>>>>>>>>
10:18:08   binary cross entropy: 0.574987
10:18:28   >>>>>>>>>>>>>>>>>>>>>>>>>>>>>>
10:18:28   binary cross entropy: 0.42728
10:18:49   >>>>>>>>>>>>>>>>>>>>>>>>>>>>>>
10:18:49   binary cross entropy: 0.344897
10:19:10   >>>>>>>>>>>>>>>>>>>>>>>>>>>>>>
10:19:10   binary cross entropy: 0.639178
10:19:30   >>>>>>>>>>>>>>>>>>>>>>>>>>>>>>
10:19:30   binary cross entropy: 0.433028
10:19:51   >>>>>>>>>>>>>>>>>>>>>>>>>>>>>>
10:19:51   binary cross entropy: 0.634459
10:20:11   >>>>>>>>>>>>>>>>>>>>>>>>>>>>>>
10:20:12   binary cross entropy: 0.659821
10:20:32   >>>>>>>>>>>>>>>>>>>>>>>>>>>>>>
10:20:32   binary cross entropy: 0.475072
10:20:53   >>>>>>>>>>>>>>>>>>>>>>>>>>>>>>
10:20:53   binary cross entropy: 0.499775
10:21:13   >>>>>>>>>>>>>>>>>>>>>>>>>>>>>>
10:21:14   binary cross entropy: 0.556756
10:21:34   >>>>>>>>>>>>>>>>>>>>>>>>>>>>>>
10:21:34   binary cross entropy: 0.490805
10:21:55   >>>>>>>>>>>>>>>>>>>>>>>>>>>>>>
10:21:55   binary cross entropy: 0.472671
10:22:15   >>>>>>>>>>>>>>>>>>>>>>>>>>>>>>
10:22:15   binary cross entropy: 0.507517
10:22:36   >>>>>>>>>>>>>>>>>>>>>>>>>>>>>>
10:22:36   binary cross entropy: 0.569187
10:22:57   >>>>>>>>>>>>>>>>>>>>>>>>>>>>>>
10:22:57   binary cross entropy: 0.542395
10:23:17   >>>>>>>>>>>>>>>>>>>>>>>>>>>>>>
10:23:17   binary cross entropy: 0.498204
10:23:38   >>>>>>>>>>>>>>>>>>>>>>>>>>>>>>
10:23:38   binary cross entropy: 0.626402
10:23:58   >>>>>>>>>>>>>>>>>>>>>>>>>>>>>>
10:23:59   binary cross entropy: 0.46345
10:24:19   >>>>>>>>>>>>>>>>>>>>>>>>>>>>>>
10:24:19   binary cross entropy: 0.462098
10:24:40   >>>>>>>>>>>>>>>>>>>>>>>>>>>>>>
10:24:40   binary cross entropy: 0.466156
10:25:00   >>>>>>>>>>>>>>>>>>>>>>>>>>>>>>
10:25:01   binary cross entropy: 0.552028
10:25:21   >>>>>>>>>>>>>>>>>>>>>>>>>>>>>>
10:25:21   binary cross entropy: 0.599362
10:25:42   >>>>>>>>>>>>>>>>>>>>>>>>>>>>>>
10:25:42   binary cross entropy: 0.545724
10:26:02   >>>>>>>>>>>>>>>>>>>>>>>>>>>>>>
10:26:02   binary cross entropy: 0.408043
10:26:23   >>>>>>>>>>>>>>>>>>>>>>>>>>>>>>
10:26:23   binary cross entropy: 0.526564
10:26:44   >>>>>>>>>>>>>>>>>>>>>>>>>>>>>>
10:26:44   binary cross entropy: 0.539149
10:27:04   >>>>>>>>>>>>>>>>>>>>>>>>>>>>>>
10:27:04   binary cross entropy: 0.585642
10:27:25   >>>>>>>>>>>>>>>>>>>>>>>>>>>>>>
10:27:25   binary cross entropy: 0.747857
10:27:45   >>>>>>>>>>>>>>>>>>>>>>>>>>>>>>
10:27:46   binary cross entropy: 0.566053
10:28:06   >>>>>>>>>>>>>>>>>>>>>>>>>>>>>>
10:28:06   binary cross entropy: 0.632762
10:28:27   >>>>>>>>>>>>>>>>>>>>>>>>>>>>>>
10:28:27   binary cross entropy: 0.469911
10:28:47   >>>>>>>>>>>>>>>>>>>>>>>>>>>>>>
10:28:48   binary cross entropy: 0.65048
10:29:08   >>>>>>>>>>>>>>>>>>>>>>>>>>>>>>
10:29:08   binary cross entropy: 0.517489
10:29:29   >>>>>>>>>>>>>>>>>>>>>>>>>>>>>>
10:29:29   binary cross entropy: 0.459289
10:29:49   >>>>>>>>>>>>>>>>>>>>>>>>>>>>>>
10:29:49   binary cross entropy: 0.593356
10:30:10   >>>>>>>>>>>>>>>>>>>>>>>>>>>>>>
10:30:10   binary cross entropy: 0.410167
10:30:31   >>>>>>>>>>>>>>>>>>>>>>>>>>>>>>
10:30:31   binary cross entropy: 0.666674
10:30:51   >>>>>>>>>>>>>>>>>>>>>>>>>>>>>>
10:30:51   binary cross entropy: 0.562961
10:31:12   >>>>>>>>>>>>>>>>>>>>>>>>>>>>>>
10:31:12   binary cross entropy: 0.492505
10:31:32   >>>>>>>>>>>>>>>>>>>>>>>>>>>>>>
10:31:33   binary cross entropy: 0.58937
10:31:53   >>>>>>>>>>>>>>>>>>>>>>>>>>>>>>
10:31:53   binary cross entropy: 0.531477
10:32:14   >>>>>>>>>>>>>>>>>>>>>>>>>>>>>>
10:32:14   binary cross entropy: 0.44755
10:32:34   >>>>>>>>>>>>>>>>>>>>>>>>>>>>>>
10:32:35   binary cross entropy: 0.605239
10:32:55   >>>>>>>>>>>>>>>>>>>>>>>>>>>>>>
10:32:55   binary cross entropy: 0.556538
10:33:16   >>>>>>>>>>>>>>>>>>>>>>>>>>>>>>
10:33:16   binary cross entropy: 0.551362
10:33:36   >>>>>>>>>>>>>>>>>>>>>>>>>>>>>>
10:33:36   binary cross entropy: 0.327251
10:33:57   >>>>>>>>>>>>>>>>>>>>>>>>>>>>>>
10:33:57   binary cross entropy: 0.733163
10:34:18   >>>>>>>>>>>>>>>>>>>>>>>>>>>>>>
10:34:18   binary cross entropy: 0.544187
10:34:38   >>>>>>>>>>>>>>>>>>>>>>>>>>>>>>
10:34:38   binary cross entropy: 0.427219
10:34:59   >>>>>>>>>>>>>>>>>>>>>>>>>>>>>>
10:34:59   binary cross entropy: 0.544825
10:35:19   >>>>>>>>>>>>>>>>>>>>>>>>>>>>>>
10:35:20   binary cross entropy: 0.712848
10:35:40   >>>>>>>>>>>>>>>>>>>>>>>>>>>>>>
10:35:40   binary cross entropy: 0.61161
10:36:01   >>>>>>>>>>>>>>>>>>>>>>>>>>>>>>
10:36:01   binary cross entropy: 0.560172
10:36:21   >>>>>>>>>>>>>>>>>>>>>>>>>>>>>>
10:36:22   binary cross entropy: 0.603381
10:36:42   >>>>>>>>>>>>>>>>>>>>>>>>>>>>>>
10:36:42   binary cross entropy: 0.604418
10:37:03   >>>>>>>>>>>>>>>>>>>>>>>>>>>>>>
10:37:03   binary cross entropy: 0.373276
10:37:23   >>>>>>>>>>>>>>>>>>>>>>>>>>>>>>
10:37:23   binary cross entropy: 0.542121
10:37:44   >>>>>>>>>>>>>>>>>>>>>>>>>>>>>>
10:37:44   binary cross entropy: 0.577734
10:38:05   >>>>>>>>>>>>>>>>>>>>>>>>>>>>>>
10:38:05   binary cross entropy: 0.629855
10:38:25   >>>>>>>>>>>>>>>>>>>>>>>>>>>>>>
10:38:25   binary cross entropy: 0.514827
10:38:46   >>>>>>>>>>>>>>>>>>>>>>>>>>>>>>
10:38:46   binary cross entropy: 0.610415
10:39:07   >>>>>>>>>>>>>>>>>>>>>>>>>>>>>>
10:39:07   binary cross entropy: 0.582865
10:39:27   >>>>>>>>>>>>>>>>>>>>>>>>>>>>>>
10:39:27   binary cross entropy: 0.551419
10:39:48   >>>>>>>>>>>>>>>>>>>>>>>>>>>>>>
10:39:48   binary cross entropy: 0.352901
10:40:08   >>>>>>>>>>>>>>>>>>>>>>>>>>>>>>
10:40:09   binary cross entropy: 0.626944
10:40:29   >>>>>>>>>>>>>>>>>>>>>>>>>>>>>>
10:40:29   binary cross entropy: 0.65315
10:40:50   >>>>>>>>>>>>>>>>>>>>>>>>>>>>>>
10:40:50   binary cross entropy: 0.696909
10:41:10   >>>>>>>>>>>>>>>>>>>>>>>>>>>>>>
10:41:11   binary cross entropy: 0.431478
10:41:31   >>>>>>>>>>>>>>>>>>>>>>>>>>>>>>
10:41:31   binary cross entropy: 0.400397
10:41:52   >>>>>>>>>>>>>>>>>>>>>>>>>>>>>>
10:41:52   binary cross entropy: 0.564271
10:42:12   >>>>>>>>>>>>>>>>>>>>>>>>>>>>>>
10:42:12   binary cross entropy: 0.563621
10:42:33   >>>>>>>>>>>>>>>>>>>>>>>>>>>>>>
10:42:33   binary cross entropy: 0.580931
10:42:54   >>>>>>>>>>>>>>>>>>>>>>>>>>>>>>
10:42:54   binary cross entropy: 0.552037
10:43:14   >>>>>>>>>>>>>>>>>>>>>>>>>>>>>>
10:43:14   binary cross entropy: 0.658089
10:43:35   >>>>>>>>>>>>>>>>>>>>>>>>>>>>>>
10:43:35   binary cross entropy: 0.581625
10:43:55   >>>>>>>>>>>>>>>>>>>>>>>>>>>>>>
10:43:56   binary cross entropy: 0.401625
10:44:16   >>>>>>>>>>>>>>>>>>>>>>>>>>>>>>
10:44:16   binary cross entropy: 0.617385
10:44:37   >>>>>>>>>>>>>>>>>>>>>>>>>>>>>>
10:44:37   binary cross entropy: 0.394539
10:44:57   >>>>>>>>>>>>>>>>>>>>>>>>>>>>>>
10:44:58   binary cross entropy: 0.592193
10:45:18   >>>>>>>>>>>>>>>>>>>>>>>>>>>>>>
10:45:18   binary cross entropy: 0.694991
10:45:39   >>>>>>>>>>>>>>>>>>>>>>>>>>>>>>
10:45:39   binary cross entropy: 0.494452
10:45:59   >>>>>>>>>>>>>>>>>>>>>>>>>>>>>>
10:45:59   binary cross entropy: 0.557088
10:46:20   >>>>>>>>>>>>>>>>>>>>>>>>>>>>>>
10:46:20   binary cross entropy: 0.654898
10:46:41   >>>>>>>>>>>>>>>>>>>>>>>>>>>>>>
10:46:41   binary cross entropy: 0.616679
10:47:01   >>>>>>>>>>>>>>>>>>>>>>>>>>>>>>
10:47:01   binary cross entropy: 0.47637
10:47:22   >>>>>>>>>>>>>>>>>>>>>>>>>>>>>>
10:47:22   binary cross entropy: 0.637659
10:47:42   >>>>>>>>>>>>>>>>>>>>>>>>>>>>>>
10:47:43   binary cross entropy: 0.414416
10:48:03   >>>>>>>>>>>>>>>>>>>>>>>>>>>>>>
10:48:03   binary cross entropy: 0.551635
10:48:24   >>>>>>>>>>>>>>>>>>>>>>>>>>>>>>
10:48:24   binary cross entropy: 0.481735
10:48:44   >>>>>>>>>>>>>>>>>>>>>>>>>>>>>>
10:48:45   binary cross entropy: 0.483998
10:49:05   >>>>>>>>>>>>>>>>>>>>>>>>>>>>>>
10:49:05   binary cross entropy: 0.607201
10:49:26   >>>>>>>>>>>>>>>>>>>>>>>>>>>>>>
10:49:26   binary cross entropy: 0.39161
10:49:46   >>>>>>>>>>>>>>>>>>>>>>>>>>>>>>
10:49:46   binary cross entropy: 0.684283
10:50:07   >>>>>>>>>>>>>>>>>>>>>>>>>>>>>>
10:50:07   binary cross entropy: 0.442921
10:50:28   >>>>>>>>>>>>>>>>>>>>>>>>>>>>>>
10:50:28   binary cross entropy: 0.416622
10:50:48   >>>>>>>>>>>>>>>>>>>>>>>>>>>>>>
10:50:48   binary cross entropy: 0.61171
10:51:09   >>>>>>>>>>>>>>>>>>>>>>>>>>>>>>
10:51:09   binary cross entropy: 0.550504
10:51:29   >>>>>>>>>>>>>>>>>>>>>>>>>>>>>>
10:51:30   binary cross entropy: 0.638698
10:51:50   >>>>>>>>>>>>>>>>>>>>>>>>>>>>>>
10:51:50   binary cross entropy: 0.490482
10:52:11   >>>>>>>>>>>>>>>>>>>>>>>>>>>>>>
10:52:11   binary cross entropy: 0.526758
10:52:31   >>>>>>>>>>>>>>>>>>>>>>>>>>>>>>
10:52:32   binary cross entropy: 0.557366
10:52:52   >>>>>>>>>>>>>>>>>>>>>>>>>>>>>>
10:52:52   binary cross entropy: 0.717105
10:53:13   >>>>>>>>>>>>>>>>>>>>>>>>>>>>>>
10:53:13   binary cross entropy: 0.547504
10:53:33   >>>>>>>>>>>>>>>>>>>>>>>>>>>>>>
10:53:33   binary cross entropy: 0.524095
10:53:54   >>>>>>>>>>>>>>>>>>>>>>>>>>>>>>
10:53:54   binary cross entropy: 0.481717
10:54:15   >>>>>>>>>>>>>>>>>>>>>>>>>>>>>>
10:54:15   binary cross entropy: 0.51404
10:54:35   >>>>>>>>>>>>>>>>>>>>>>>>>>>>>>
10:54:35   binary cross entropy: 0.503745
10:54:56   >>>>>>>>>>>>>>>>>>>>>>>>>>>>>>
10:54:56   binary cross entropy: 0.542439
10:55:16   >>>>>>>>>>>>>>>>>>>>>>>>>>>>>>
10:55:17   binary cross entropy: 0.54605
10:55:37   >>>>>>>>>>>>>>>>>>>>>>>>>>>>>>
10:55:37   binary cross entropy: 0.585385
10:55:58   >>>>>>>>>>>>>>>>>>>>>>>>>>>>>>
10:55:58   binary cross entropy: 0.626157
10:56:18   >>>>>>>>>>>>>>>>>>>>>>>>>>>>>>
10:56:19   binary cross entropy: 0.651084
10:56:39   >>>>>>>>>>>>>>>>>>>>>>>>>>>>>>
10:56:39   binary cross entropy: 0.488
10:57:00   >>>>>>>>>>>>>>>>>>>>>>>>>>>>>>
10:57:00   binary cross entropy: 0.472315
10:57:20   >>>>>>>>>>>>>>>>>>>>>>>>>>>>>>
10:57:20   binary cross entropy: 0.445009
10:57:41   >>>>>>>>>>>>>>>>>>>>>>>>>>>>>>
10:57:41   binary cross entropy: 0.475538
10:58:02   >>>>>>>>>>>>>>>>>>>>>>>>>>>>>>
10:58:02   binary cross entropy: 0.554735
10:58:22   >>>>>>>>>>>>>>>>>>>>>>>>>>>>>>
10:58:22   binary cross entropy: 0.445048
10:58:43   >>>>>>>>>>>>>>>>>>>>>>>>>>>>>>
10:58:43   binary cross entropy: 0.367469
10:59:03   >>>>>>>>>>>>>>>>>>>>>>>>>>>>>>
10:59:04   binary cross entropy: 0.711929
10:59:24   >>>>>>>>>>>>>>>>>>>>>>>>>>>>>>
10:59:24   binary cross entropy: 0.678077
10:59:45   >>>>>>>>>>>>>>>>>>>>>>>>>>>>>>
10:59:45   binary cross entropy: 0.576728
11:00:05   >>>>>>>>>>>>>>>>>>>>>>>>>>>>>>
11:00:06   binary cross entropy: 0.721114
11:00:26   >>>>>>>>>>>>>>>>>>>>>>>>>>>>>>
11:00:26   binary cross entropy: 0.620186
11:00:47   >>>>>>>>>>>>>>>>>>>>>>>>>>>>>>
11:00:47   binary cross entropy: 0.581343
11:01:07   >>>>>>>>>>>>>>>>>>>>>>>>>>>>>>
11:01:07   binary cross entropy: 0.479623
11:01:28   >>>>>>>>>>>>>>>>>>>>>>>>>>>>>>
11:01:28   binary cross entropy: 0.487067
11:01:49   >>>>>>>>>>>>>>>>>>>>>>>>>>>>>>
11:01:49   binary cross entropy: 0.544249
11:02:09   >>>>>>>>>>>>>>>>>>>>>>>>>>>>>>
11:02:09   binary cross entropy: 0.443684
11:02:30   >>>>>>>>>>>>>>>>>>>>>>>>>>>>>>
11:02:30   binary cross entropy: 0.571343
11:02:50   >>>>>>>>>>>>>>>>>>>>>>>>>>>>>>
11:02:51   binary cross entropy: 0.464646
11:03:11   >>>>>>>>>>>>>>>>>>>>>>>>>>>>>>
11:03:11   binary cross entropy: 0.578035
11:03:32   >>>>>>>>>>>>>>>>>>>>>>>>>>>>>>
11:03:32   binary cross entropy: 0.251835
11:03:52   >>>>>>>>>>>>>>>>>>>>>>>>>>>>>>
11:03:53   binary cross entropy: 0.453887
11:04:13   >>>>>>>>>>>>>>>>>>>>>>>>>>>>>>
11:04:13   binary cross entropy: 0.581843
11:04:34   >>>>>>>>>>>>>>>>>>>>>>>>>>>>>>
11:04:34   binary cross entropy: 0.572208
11:04:54   >>>>>>>>>>>>>>>>>>>>>>>>>>>>>>
11:04:54   binary cross entropy: 0.579815
11:05:15   >>>>>>>>>>>>>>>>>>>>>>>>>>>>>>
11:05:15   binary cross entropy: 0.591658
11:05:36   >>>>>>>>>>>>>>>>>>>>>>>>>>>>>>
11:05:36   binary cross entropy: 0.570856
11:05:56   >>>>>>>>>>>>>>>>>>>>>>>>>>>>>>
11:05:56   binary cross entropy: 0.52173
11:06:17   >>>>>>>>>>>>>>>>>>>>>>>>>>>>>>
11:06:17   binary cross entropy: 0.584445
11:06:37   >>>>>>>>>>>>>>>>>>>>>>>>>>>>>>
11:06:38   binary cross entropy: 0.421364
11:06:58   >>>>>>>>>>>>>>>>>>>>>>>>>>>>>>
11:06:58   binary cross entropy: 0.534062
11:07:19   >>>>>>>>>>>>>>>>>>>>>>>>>>>>>>
11:07:19   binary cross entropy: 0.489281
11:07:39   >>>>>>>>>>>>>>>>>>>>>>>>>>>>>>
11:07:40   binary cross entropy: 0.629177
11:08:00   >>>>>>>>>>>>>>>>>>>>>>>>>>>>>>
11:08:00   binary cross entropy: 0.522245
11:08:21   >>>>>>>>>>>>>>>>>>>>>>>>>>>>>>
11:08:21   binary cross entropy: 0.572669
11:08:41   >>>>>>>>>>>>>>>>>>>>>>>>>>>>>>
11:08:41   binary cross entropy: 0.54176
11:09:02   >>>>>>>>>>>>>>>>>>>>>>>>>>>>>>
11:09:02   binary cross entropy: 0.477981
11:09:23   >>>>>>>>>>>>>>>>>>>>>>>>>>>>>>
11:09:23   binary cross entropy: 0.478394
11:09:43   >>>>>>>>>>>>>>>>>>>>>>>>>>>>>>
11:09:43   binary cross entropy: 0.512395
11:10:04   >>>>>>>>>>>>>>>>>>>>>>>>>>>>>>
11:10:04   binary cross entropy: 0.563702
11:10:24   >>>>>>>>>>>>>>>>>>>>>>>>>>>>>>
11:10:25   binary cross entropy: 0.442141
11:10:45   >>>>>>>>>>>>>>>>>>>>>>>>>>>>>>
11:10:45   binary cross entropy: 0.444688
11:11:06   >>>>>>>>>>>>>>>>>>>>>>>>>>>>>>
11:11:06   binary cross entropy: 0.549941
11:11:26   >>>>>>>>>>>>>>>>>>>>>>>>>>>>>>
11:11:27   binary cross entropy: 0.637259
11:11:47   >>>>>>>>>>>>>>>>>>>>>>>>>>>>>>
11:11:47   binary cross entropy: 0.424073
11:12:08   >>>>>>>>>>>>>>>>>>>>>>>>>>>>>>
11:12:08   binary cross entropy: 0.526654
11:12:28   >>>>>>>>>>>>>>>>>>>>>>>>>>>>>>
11:12:28   binary cross entropy: 0.457122
11:12:49   >>>>>>>>>>>>>>>>>>>>>>>>>>>>>>
11:12:49   binary cross entropy: 0.445861
11:13:10   >>>>>>>>>>>>>>>>>>>>>>>>>>>>>>
11:13:10   binary cross entropy: 0.730294
11:13:30   >>>>>>>>>>>>>>>>>>>>>>>>>>>>>>
11:13:30   binary cross entropy: 0.553428
11:13:51   >>>>>>>>>>>>>>>>>>>>>>>>>>>>>>
11:13:51   binary cross entropy: 0.554161
11:14:11   >>>>>>>>>>>>>>>>>>>>>>>>>>>>>>
11:14:12   binary cross entropy: 0.531273
11:14:32   >>>>>>>>>>>>>>>>>>>>>>>>>>>>>>
11:14:32   binary cross entropy: 0.521581
11:14:53   >>>>>>>>>>>>>>>>>>>>>>>>>>>>>>
11:14:53   binary cross entropy: 0.717602
11:15:13   >>>>>>>>>>>>>>>>>>>>>>>>>>>>>>
11:15:14   binary cross entropy: 0.542723
11:15:34   >>>>>>>>>>>>>>>>>>>>>>>>>>>>>>
11:15:34   binary cross entropy: 0.530253
11:15:55   >>>>>>>>>>>>>>>>>>>>>>>>>>>>>>
11:15:55   binary cross entropy: 0.567989
